

================================================================
== Vitis HLS Report for 'cnn_Pipeline_10'
================================================================
* Date:           Thu Apr 20 15:58:24 2023

* Version:        2022.2 (Build 3670227 on Oct 13 2022)
* Project:        Project
* Solution:       solution1 (Vivado IP Flow Target)
* Product family: artix7
* Target device:  xc7a200t-fbg484-1


================================================================
== Performance Estimates
================================================================
+ Timing: 
    * Summary: 
    +--------+----------+----------+------------+
    |  Clock |  Target  | Estimated| Uncertainty|
    +--------+----------+----------+------------+
    |ap_clk  |  10.00 ns|  6.095 ns|     2.70 ns|
    +--------+----------+----------+------------+

+ Latency: 
    * Summary: 
    +---------+---------+----------+----------+-----+-----+---------+
    |  Latency (cycles) |  Latency (absolute) |  Interval | Pipeline|
    |   min   |   max   |    min   |    max   | min | max |   Type  |
    +---------+---------+----------+----------+-----+-----+---------+
    |       12|       12|  0.120 us|  0.120 us|   12|   12|       no|
    +---------+---------+----------+----------+-----+-----+---------+

    + Detail: 
        * Instance: 
        N/A

        * Loop: 
        +----------+---------+---------+----------+-----------+-----------+------+----------+
        |          |  Latency (cycles) | Iteration|  Initiation Interval  | Trip |          |
        | Loop Name|   min   |   max   |  Latency |  achieved |   target  | Count| Pipelined|
        +----------+---------+---------+----------+-----------+-----------+------+----------+
        |- Loop 1  |       10|       10|         3|          1|          1|     9|       yes|
        +----------+---------+---------+----------+-----------+-----------+------+----------+

============================================================
+ Verbose Summary: Synthesis Manager
============================================================
InlineROM: 1
ExposeGlobal: 0
============================================================
+ Verbose Summary: CDFG Model
============================================================
IsTopModel: 0
ResetActiveHigh: 1
IsCombinational: 0
IsDatapathOnly: 0
HasWiredReturn: 1
HasMFsm: 2
HasVarLatency: 1
IsPipeline: 0
IsRtlPipelined: 0
IsInstanceOverlapped: 0
IsDontTouch: 0
HasImplIP: 0
IsGatedGlobalClock: 0

+ Individual pipeline summary: 
  * Pipeline-0: initiation interval (II) = 1, depth = 3


============================================================
+ Verbose Summary: Schedule
============================================================
* Number of FSM states : 3
* Pipeline : 1
  Pipeline-0 : II = 1, D = 3, States = { 1 2 3 }
* Dataflow Pipeline: 0

* FSM state transitions: 
1 --> 2 
2 --> 3 
3 --> 

* FSM state operations: 

State 1 <SV = 0> <Delay = 6.09>
ST_1 : Operation 6 [1/1] (0.00ns)   --->   "%phi_urem74 = alloca i32 1"   --->   Operation 6 'alloca' 'phi_urem74' <Predicate = true> <Delay = 0.00>
ST_1 : Operation 7 [1/1] (0.00ns)   --->   "%phi_mul72 = alloca i32 1"   --->   Operation 7 'alloca' 'phi_mul72' <Predicate = true> <Delay = 0.00>
ST_1 : Operation 8 [1/1] (0.00ns)   --->   "%loop_index = alloca i32 1"   --->   Operation 8 'alloca' 'loop_index' <Predicate = true> <Delay = 0.00>
ST_1 : Operation 9 [1/1] (0.00ns)   --->   "%specinterface_ln0 = specinterface void @_ssdm_op_SpecInterface, i32 %weight_buf, void @empty_3, i32 0, i32 0, void @empty_0, i32 4294967295, i32 0, void @empty_0, void @empty_0, void @empty_0, i32 0, i32 0, i32 0, i32 0, void @empty_0, void @empty_0, i32 4294967295, i32 0"   --->   Operation 9 'specinterface' 'specinterface_ln0' <Predicate = true> <Delay = 0.00>
ST_1 : Operation 10 [1/1] (1.61ns)   --->   "%store_ln0 = store i4 0, i4 %loop_index"   --->   Operation 10 'store' 'store_ln0' <Predicate = true> <Delay = 1.61>
ST_1 : Operation 11 [1/1] (1.61ns)   --->   "%store_ln0 = store i8 0, i8 %phi_mul72"   --->   Operation 11 'store' 'store_ln0' <Predicate = true> <Delay = 1.61>
ST_1 : Operation 12 [1/1] (1.61ns)   --->   "%store_ln0 = store i4 0, i4 %phi_urem74"   --->   Operation 12 'store' 'store_ln0' <Predicate = true> <Delay = 1.61>
ST_1 : Operation 13 [1/1] (0.00ns)   --->   "%br_ln0 = br void %load-store-loop"   --->   Operation 13 'br' 'br_ln0' <Predicate = true> <Delay = 0.00>
ST_1 : Operation 14 [1/1] (0.00ns)   --->   "%loop_index_load = load i4 %loop_index"   --->   Operation 14 'load' 'loop_index_load' <Predicate = true> <Delay = 0.00>
ST_1 : Operation 15 [1/1] (0.00ns)   --->   "%specpipeline_ln0 = specpipeline void @_ssdm_op_SpecPipeline, i32 4294967295, i32 0, i32 1, i32 0, void @p_str"   --->   Operation 15 'specpipeline' 'specpipeline_ln0' <Predicate = true> <Delay = 0.00>
ST_1 : Operation 16 [1/1] (1.44ns)   --->   "%exitcond1 = icmp_eq  i4 %loop_index_load, i4 9"   --->   Operation 16 'icmp' 'exitcond1' <Predicate = true> <Delay = 1.44> <CoreInst = "Cmp">   --->   Core 9 'Cmp' <Latency = 0> <II = 1> <Delay = 1.44> <FuncUnit> <Opcode : 'icmp'> <InPorts = 2> <OutPorts = 1>
ST_1 : Operation 17 [1/1] (0.00ns)   --->   "%empty = speclooptripcount i32 @_ssdm_op_SpecLoopTripCount, i64 9, i64 9, i64 9"   --->   Operation 17 'speclooptripcount' 'empty' <Predicate = true> <Delay = 0.00>
ST_1 : Operation 18 [1/1] (1.77ns)   --->   "%empty_153 = add i4 %loop_index_load, i4 1"   --->   Operation 18 'add' 'empty_153' <Predicate = true> <Delay = 1.77> <CoreInst = "Adder">   --->   Core 1 'Adder' <Latency = 0> <II = 1> <Delay = 1.77> <FuncUnit> <Opcode : 'add' 'sub'> <InPorts = 2> <OutPorts = 1>
ST_1 : Operation 19 [1/1] (0.00ns)   --->   "%br_ln0 = br i1 %exitcond1, void %load-store-loop.split, void %memcpy-split.exitStub"   --->   Operation 19 'br' 'br_ln0' <Predicate = true> <Delay = 0.00>
ST_1 : Operation 20 [1/1] (0.00ns)   --->   "%phi_urem74_load = load i4 %phi_urem74"   --->   Operation 20 'load' 'phi_urem74_load' <Predicate = (!exitcond1)> <Delay = 0.00>
ST_1 : Operation 21 [1/1] (0.00ns)   --->   "%phi_mul72_load = load i8 %phi_mul72"   --->   Operation 21 'load' 'phi_mul72_load' <Predicate = (!exitcond1)> <Delay = 0.00>
ST_1 : Operation 22 [1/1] (1.77ns)   --->   "%next_urem75 = add i4 %phi_urem74_load, i4 1"   --->   Operation 22 'add' 'next_urem75' <Predicate = (!exitcond1)> <Delay = 1.77> <CoreInst = "Adder">   --->   Core 1 'Adder' <Latency = 0> <II = 1> <Delay = 1.77> <FuncUnit> <Opcode : 'add' 'sub'> <InPorts = 2> <OutPorts = 1>
ST_1 : Operation 23 [1/1] (1.44ns)   --->   "%empty_154 = icmp_ult  i4 %next_urem75, i4 3"   --->   Operation 23 'icmp' 'empty_154' <Predicate = (!exitcond1)> <Delay = 1.44> <CoreInst = "Cmp">   --->   Core 9 'Cmp' <Latency = 0> <II = 1> <Delay = 1.44> <FuncUnit> <Opcode : 'icmp'> <InPorts = 2> <OutPorts = 1>
ST_1 : Operation 24 [1/1] (0.99ns)   --->   "%idx_urem76 = select i1 %empty_154, i4 %next_urem75, i4 0"   --->   Operation 24 'select' 'idx_urem76' <Predicate = (!exitcond1)> <Delay = 0.99> <CoreInst = "Sel">   --->   Core 73 'Sel' <Latency = 0> <II = 1> <Delay = 0.99> <FuncUnit> <Opcode : 'select'> <InPorts = 3> <OutPorts = 1>
ST_1 : Operation 25 [1/1] (2.11ns)   --->   "%next_mul73 = add i8 %phi_mul72_load, i8 22"   --->   Operation 25 'add' 'next_mul73' <Predicate = (!exitcond1)> <Delay = 2.11> <CoreInst = "Adder">   --->   Core 1 'Adder' <Latency = 0> <II = 1> <Delay = 2.11> <FuncUnit> <Opcode : 'add' 'sub'> <InPorts = 2> <OutPorts = 1>
ST_1 : Operation 26 [1/1] (0.00ns)   --->   "%tmp_s = partselect i2 @_ssdm_op_PartSelect.i2.i8.i32.i32, i8 %phi_mul72_load, i32 6, i32 7"   --->   Operation 26 'partselect' 'tmp_s' <Predicate = (!exitcond1)> <Delay = 0.00>
ST_1 : Operation 27 [1/1] (0.00ns)   --->   "%p_shl = bitconcatenate i6 @_ssdm_op_BitConcatenate.i6.i2.i4, i2 %tmp_s, i4 0"   --->   Operation 27 'bitconcatenate' 'p_shl' <Predicate = (!exitcond1)> <Delay = 0.00>
ST_1 : Operation 28 [1/1] (0.00ns)   --->   "%p_shl14_cast = zext i6 %p_shl"   --->   Operation 28 'zext' 'p_shl14_cast' <Predicate = (!exitcond1)> <Delay = 0.00>
ST_1 : Operation 29 [1/1] (0.00ns)   --->   "%p_shl3 = bitconcatenate i4 @_ssdm_op_BitConcatenate.i4.i2.i2, i2 %tmp_s, i2 0"   --->   Operation 29 'bitconcatenate' 'p_shl3' <Predicate = (!exitcond1)> <Delay = 0.00>
ST_1 : Operation 30 [1/1] (0.00ns)   --->   "%p_shl15_cast = zext i4 %p_shl3"   --->   Operation 30 'zext' 'p_shl15_cast' <Predicate = (!exitcond1)> <Delay = 0.00>
ST_1 : Operation 31 [1/1] (1.94ns)   --->   "%empty_155 = sub i7 %p_shl14_cast, i7 %p_shl15_cast"   --->   Operation 31 'sub' 'empty_155' <Predicate = (!exitcond1)> <Delay = 1.94> <CoreInst = "Adder">   --->   Core 1 'Adder' <Latency = 0> <II = 1> <Delay = 1.94> <FuncUnit> <Opcode : 'add' 'sub'> <InPorts = 2> <OutPorts = 1>
ST_1 : Operation 32 [1/1] (0.00ns) (grouped into LUT with out node tmp5)   --->   "%p_cast10 = sext i7 %empty_155"   --->   Operation 32 'sext' 'p_cast10' <Predicate = (!exitcond1)> <Delay = 0.00>
ST_1 : Operation 33 [1/1] (0.00ns) (grouped into LUT with out node tmp5)   --->   "%empty_156 = shl i4 %phi_urem74_load, i4 2"   --->   Operation 33 'shl' 'empty_156' <Predicate = (!exitcond1)> <Delay = 0.00>
ST_1 : Operation 34 [1/1] (0.00ns) (grouped into LUT with out node tmp5)   --->   "%p_cast11 = zext i4 %empty_156"   --->   Operation 34 'zext' 'p_cast11' <Predicate = (!exitcond1)> <Delay = 0.00>
ST_1 : Operation 35 [1/1] (2.03ns) (out node of the LUT)   --->   "%tmp5 = add i8 %p_cast10, i8 %p_cast11"   --->   Operation 35 'add' 'tmp5' <Predicate = (!exitcond1)> <Delay = 2.03> <CoreInst = "Adder">   --->   Core 1 'Adder' <Latency = 0> <II = 1> <Delay = 2.03> <FuncUnit> <Opcode : 'add' 'sub'> <InPorts = 2> <OutPorts = 1>
ST_1 : Operation 36 [1/1] (0.00ns)   --->   "%tmp5_cast = sext i8 %tmp5"   --->   Operation 36 'sext' 'tmp5_cast' <Predicate = (!exitcond1)> <Delay = 0.00>
ST_1 : Operation 37 [1/1] (2.11ns)   --->   "%empty_157 = add i9 %tmp5_cast, i9 252"   --->   Operation 37 'add' 'empty_157' <Predicate = (!exitcond1)> <Delay = 2.11> <CoreInst = "Adder">   --->   Core 1 'Adder' <Latency = 0> <II = 1> <Delay = 2.11> <FuncUnit> <Opcode : 'add' 'sub'> <InPorts = 2> <OutPorts = 1>
ST_1 : Operation 38 [1/1] (0.00ns)   --->   "%tmp_60 = partselect i7 @_ssdm_op_PartSelect.i7.i9.i32.i32, i9 %empty_157, i32 2, i32 8"   --->   Operation 38 'partselect' 'tmp_60' <Predicate = (!exitcond1)> <Delay = 0.00>
ST_1 : Operation 39 [1/1] (1.61ns)   --->   "%store_ln0 = store i4 %empty_153, i4 %loop_index"   --->   Operation 39 'store' 'store_ln0' <Predicate = (!exitcond1)> <Delay = 1.61>
ST_1 : Operation 40 [1/1] (1.61ns)   --->   "%store_ln0 = store i8 %next_mul73, i8 %phi_mul72"   --->   Operation 40 'store' 'store_ln0' <Predicate = (!exitcond1)> <Delay = 1.61>
ST_1 : Operation 41 [1/1] (1.61ns)   --->   "%store_ln0 = store i4 %idx_urem76, i4 %phi_urem74"   --->   Operation 41 'store' 'store_ln0' <Predicate = (!exitcond1)> <Delay = 1.61>

State 2 <SV = 1> <Delay = 3.25>
ST_2 : Operation 42 [1/1] (0.00ns)   --->   "%p_cast63 = zext i7 %tmp_60"   --->   Operation 42 'zext' 'p_cast63' <Predicate = true> <Delay = 0.00>
ST_2 : Operation 43 [1/1] (0.00ns)   --->   "%weight_buf_addr = getelementptr i32 %weight_buf, i64 0, i64 %p_cast63"   --->   Operation 43 'getelementptr' 'weight_buf_addr' <Predicate = true> <Delay = 0.00>
ST_2 : Operation 44 [2/2] (3.25ns)   --->   "%weight_buf_load = load i7 %weight_buf_addr"   --->   Operation 44 'load' 'weight_buf_load' <Predicate = true> <Delay = 3.25> <CoreInst = "RAM">   --->   Core 82 'RAM' <Latency = 1> <II = 1> <Delay = 3.25> <Storage> <Opcode : 'load' 'store'> <Ports = 2> <Width = 32> <Depth = 72> <RAM>
ST_2 : Operation 50 [1/1] (0.00ns)   --->   "%ret_ln0 = ret"   --->   Operation 50 'ret' 'ret_ln0' <Predicate = (exitcond1)> <Delay = 0.00>

State 3 <SV = 2> <Delay = 5.40>
ST_3 : Operation 45 [1/1] (0.00ns)   --->   "%loop_index_cast = zext i4 %loop_index_load"   --->   Operation 45 'zext' 'loop_index_cast' <Predicate = true> <Delay = 0.00>
ST_3 : Operation 46 [1/1] (0.00ns)   --->   "%weight_buf_7_addr = getelementptr i32 %weight_buf_7, i64 0, i64 %loop_index_cast"   --->   Operation 46 'getelementptr' 'weight_buf_7_addr' <Predicate = true> <Delay = 0.00>
ST_3 : Operation 47 [1/2] (3.25ns)   --->   "%weight_buf_load = load i7 %weight_buf_addr"   --->   Operation 47 'load' 'weight_buf_load' <Predicate = true> <Delay = 3.25> <CoreInst = "RAM">   --->   Core 82 'RAM' <Latency = 1> <II = 1> <Delay = 3.25> <Storage> <Opcode : 'load' 'store'> <Ports = 2> <Width = 32> <Depth = 72> <RAM>
ST_3 : Operation 48 [1/1] (2.15ns)   --->   "%store_ln0 = store i32 %weight_buf_load, i4 %weight_buf_7_addr"   --->   Operation 48 'store' 'store_ln0' <Predicate = true> <Delay = 2.15> <CoreInst = "RAM">   --->   Core 82 'RAM' <Latency = 1> <II = 1> <Delay = 2.15> <Storage> <Opcode : 'load' 'store'> <Ports = 2> <Width = 32> <Depth = 9> <RAM>
ST_3 : Operation 49 [1/1] (0.00ns)   --->   "%br_ln0 = br void %load-store-loop"   --->   Operation 49 'br' 'br_ln0' <Predicate = true> <Delay = 0.00>


============================================================
+ Verbose Summary: Binding
============================================================
STG Binding: 
---------------- STG Properties BEGIN ----------------
- Is combinational: 0
- Is one-state seq: 0
- Is datapath-only: 0
- Is pipelined: 0
- Is top level: 0
Port [ Return ] is wired: 1; IO mode=ap_ctrl_hs:ce=0
Port [ weight_buf_7]:  wired=1; compound=1; hidden=0; nouse=0; global=0; static=0; extern=0; dir=1; type=1; pingpong=0; private_global=0; MemPort=[03]; IO mode=ap_memory:ce=0
Port [ weight_buf]:  wired=1; compound=1; hidden=0; nouse=0; global=0; static=0; extern=0; dir=0; type=1; pingpong=0; private_global=0; MemPort=[13]; IO mode=ap_memory:ce=0
---------------- STG Properties END ------------------

---------------- Datapath Model BEGIN ----------------

<LifeTime>
<method=bitvector/>
phi_urem74        (alloca           ) [ 0100]
phi_mul72         (alloca           ) [ 0100]
loop_index        (alloca           ) [ 0100]
specinterface_ln0 (specinterface    ) [ 0000]
store_ln0         (store            ) [ 0000]
store_ln0         (store            ) [ 0000]
store_ln0         (store            ) [ 0000]
br_ln0            (br               ) [ 0000]
loop_index_load   (load             ) [ 0111]
specpipeline_ln0  (specpipeline     ) [ 0000]
exitcond1         (icmp             ) [ 0110]
empty             (speclooptripcount) [ 0000]
empty_153         (add              ) [ 0000]
br_ln0            (br               ) [ 0000]
phi_urem74_load   (load             ) [ 0000]
phi_mul72_load    (load             ) [ 0000]
next_urem75       (add              ) [ 0000]
empty_154         (icmp             ) [ 0000]
idx_urem76        (select           ) [ 0000]
next_mul73        (add              ) [ 0000]
tmp_s             (partselect       ) [ 0000]
p_shl             (bitconcatenate   ) [ 0000]
p_shl14_cast      (zext             ) [ 0000]
p_shl3            (bitconcatenate   ) [ 0000]
p_shl15_cast      (zext             ) [ 0000]
empty_155         (sub              ) [ 0000]
p_cast10          (sext             ) [ 0000]
empty_156         (shl              ) [ 0000]
p_cast11          (zext             ) [ 0000]
tmp5              (add              ) [ 0000]
tmp5_cast         (sext             ) [ 0000]
empty_157         (add              ) [ 0000]
tmp_60            (partselect       ) [ 0110]
store_ln0         (store            ) [ 0000]
store_ln0         (store            ) [ 0000]
store_ln0         (store            ) [ 0000]
p_cast63          (zext             ) [ 0000]
weight_buf_addr   (getelementptr    ) [ 0101]
loop_index_cast   (zext             ) [ 0000]
weight_buf_7_addr (getelementptr    ) [ 0000]
weight_buf_load   (load             ) [ 0000]
store_ln0         (store            ) [ 0000]
br_ln0            (br               ) [ 0000]
ret_ln0           (ret              ) [ 0000]
</LifeTime>

<model>

<comp_list>
<comp id="0" class="1000" name="weight_buf_7">
<pin_list>
<pin id="1" dir="1" index="0" bw="1" slack="0"/>
</pin_list>
<bind>
<StgValue><ssdm name="weight_buf_7"/><MemPortTyVec>0 3 </MemPortTyVec>
</StgValue>
</bind>
</comp>

<comp id="2" class="1000" name="weight_buf">
<pin_list>
<pin id="3" dir="1" index="0" bw="1" slack="0"/>
</pin_list>
<bind>
<StgValue><ssdm name="weight_buf"/><MemPortTyVec>1 3 </MemPortTyVec>
</StgValue>
</bind>
</comp>

<comp id="4" class="1001" name="const_4">
<pin_list>
<pin id="5" dir="1" index="0" bw="1" slack="0"/>
</pin_list>
<bind>
<StgValue><ssdm name=""/></StgValue>
</bind>
</comp>

<comp id="6" class="1001" name="const_6">
<pin_list>
<pin id="7" dir="1" index="0" bw="1" slack="2147483647"/>
</pin_list>
<bind>
<StgValue><ssdm name="_ssdm_op_SpecInterface"/></StgValue>
</bind>
</comp>

<comp id="8" class="1001" name="const_8">
<pin_list>
<pin id="9" dir="1" index="0" bw="1" slack="2147483647"/>
</pin_list>
<bind>
<StgValue><ssdm name="empty_3"/></StgValue>
</bind>
</comp>

<comp id="10" class="1001" name="const_10">
<pin_list>
<pin id="11" dir="1" index="0" bw="1" slack="2147483647"/>
</pin_list>
<bind>
<StgValue><ssdm name=""/></StgValue>
</bind>
</comp>

<comp id="12" class="1001" name="const_12">
<pin_list>
<pin id="13" dir="1" index="0" bw="1" slack="2147483647"/>
</pin_list>
<bind>
<StgValue><ssdm name="empty_0"/></StgValue>
</bind>
</comp>

<comp id="14" class="1001" name="const_14">
<pin_list>
<pin id="15" dir="1" index="0" bw="1" slack="2147483647"/>
</pin_list>
<bind>
<StgValue><ssdm name=""/></StgValue>
</bind>
</comp>

<comp id="16" class="1001" name="const_16">
<pin_list>
<pin id="17" dir="1" index="0" bw="1" slack="0"/>
</pin_list>
<bind>
<StgValue><ssdm name=""/></StgValue>
</bind>
</comp>

<comp id="18" class="1001" name="const_18">
<pin_list>
<pin id="19" dir="1" index="0" bw="1" slack="0"/>
</pin_list>
<bind>
<StgValue><ssdm name=""/></StgValue>
</bind>
</comp>

<comp id="20" class="1001" name="const_20">
<pin_list>
<pin id="21" dir="1" index="0" bw="1" slack="2147483647"/>
</pin_list>
<bind>
<StgValue><ssdm name="_ssdm_op_SpecPipeline"/></StgValue>
</bind>
</comp>

<comp id="22" class="1001" name="const_22">
<pin_list>
<pin id="23" dir="1" index="0" bw="1" slack="2147483647"/>
</pin_list>
<bind>
<StgValue><ssdm name="p_str"/></StgValue>
</bind>
</comp>

<comp id="24" class="1001" name="const_24">
<pin_list>
<pin id="25" dir="1" index="0" bw="1" slack="0"/>
</pin_list>
<bind>
<StgValue><ssdm name=""/></StgValue>
</bind>
</comp>

<comp id="26" class="1001" name="const_26">
<pin_list>
<pin id="27" dir="1" index="0" bw="1" slack="2147483647"/>
</pin_list>
<bind>
<StgValue><ssdm name="_ssdm_op_SpecLoopTripCount"/></StgValue>
</bind>
</comp>

<comp id="28" class="1001" name="const_28">
<pin_list>
<pin id="29" dir="1" index="0" bw="1" slack="2147483647"/>
</pin_list>
<bind>
<StgValue><ssdm name=""/></StgValue>
</bind>
</comp>

<comp id="30" class="1001" name="const_30">
<pin_list>
<pin id="31" dir="1" index="0" bw="1" slack="0"/>
</pin_list>
<bind>
<StgValue><ssdm name=""/></StgValue>
</bind>
</comp>

<comp id="32" class="1001" name="const_32">
<pin_list>
<pin id="33" dir="1" index="0" bw="1" slack="0"/>
</pin_list>
<bind>
<StgValue><ssdm name=""/></StgValue>
</bind>
</comp>

<comp id="34" class="1001" name="const_34">
<pin_list>
<pin id="35" dir="1" index="0" bw="1" slack="0"/>
</pin_list>
<bind>
<StgValue><ssdm name=""/></StgValue>
</bind>
</comp>

<comp id="36" class="1001" name="const_36">
<pin_list>
<pin id="37" dir="1" index="0" bw="1" slack="0"/>
</pin_list>
<bind>
<StgValue><ssdm name="_ssdm_op_PartSelect.i2.i8.i32.i32"/></StgValue>
</bind>
</comp>

<comp id="38" class="1001" name="const_38">
<pin_list>
<pin id="39" dir="1" index="0" bw="1" slack="0"/>
</pin_list>
<bind>
<StgValue><ssdm name=""/></StgValue>
</bind>
</comp>

<comp id="40" class="1001" name="const_40">
<pin_list>
<pin id="41" dir="1" index="0" bw="1" slack="0"/>
</pin_list>
<bind>
<StgValue><ssdm name=""/></StgValue>
</bind>
</comp>

<comp id="42" class="1001" name="const_42">
<pin_list>
<pin id="43" dir="1" index="0" bw="1" slack="0"/>
</pin_list>
<bind>
<StgValue><ssdm name="_ssdm_op_BitConcatenate.i6.i2.i4"/></StgValue>
</bind>
</comp>

<comp id="44" class="1001" name="const_44">
<pin_list>
<pin id="45" dir="1" index="0" bw="1" slack="0"/>
</pin_list>
<bind>
<StgValue><ssdm name="_ssdm_op_BitConcatenate.i4.i2.i2"/></StgValue>
</bind>
</comp>

<comp id="46" class="1001" name="const_46">
<pin_list>
<pin id="47" dir="1" index="0" bw="1" slack="0"/>
</pin_list>
<bind>
<StgValue><ssdm name=""/></StgValue>
</bind>
</comp>

<comp id="48" class="1001" name="const_48">
<pin_list>
<pin id="49" dir="1" index="0" bw="1" slack="0"/>
</pin_list>
<bind>
<StgValue><ssdm name=""/></StgValue>
</bind>
</comp>

<comp id="50" class="1001" name="const_50">
<pin_list>
<pin id="51" dir="1" index="0" bw="1" slack="0"/>
</pin_list>
<bind>
<StgValue><ssdm name=""/></StgValue>
</bind>
</comp>

<comp id="52" class="1001" name="const_52">
<pin_list>
<pin id="53" dir="1" index="0" bw="1" slack="0"/>
</pin_list>
<bind>
<StgValue><ssdm name="_ssdm_op_PartSelect.i7.i9.i32.i32"/></StgValue>
</bind>
</comp>

<comp id="54" class="1001" name="const_54">
<pin_list>
<pin id="55" dir="1" index="0" bw="1" slack="0"/>
</pin_list>
<bind>
<StgValue><ssdm name=""/></StgValue>
</bind>
</comp>

<comp id="56" class="1001" name="const_56">
<pin_list>
<pin id="57" dir="1" index="0" bw="1" slack="0"/>
</pin_list>
<bind>
<StgValue><ssdm name=""/></StgValue>
</bind>
</comp>

<comp id="58" class="1001" name="const_58">
<pin_list>
<pin id="59" dir="1" index="0" bw="1" slack="0"/>
</pin_list>
<bind>
<StgValue><ssdm name=""/></StgValue>
</bind>
</comp>

<comp id="60" class="1004" name="phi_urem74_fu_60">
<pin_list>
<pin id="61" dir="0" index="0" bw="1" slack="0"/>
<pin id="62" dir="1" index="1" bw="4" slack="0"/>
</pin_list>
<bind>
<opcode="alloca(26) " fcode="alloca"/>
<opset="phi_urem74/1 "/>
</bind>
</comp>

<comp id="64" class="1004" name="phi_mul72_fu_64">
<pin_list>
<pin id="65" dir="0" index="0" bw="1" slack="0"/>
<pin id="66" dir="1" index="1" bw="8" slack="0"/>
</pin_list>
<bind>
<opcode="alloca(26) " fcode="alloca"/>
<opset="phi_mul72/1 "/>
</bind>
</comp>

<comp id="68" class="1004" name="loop_index_fu_68">
<pin_list>
<pin id="69" dir="0" index="0" bw="1" slack="0"/>
<pin id="70" dir="1" index="1" bw="4" slack="0"/>
</pin_list>
<bind>
<opcode="alloca(26) " fcode="alloca"/>
<opset="loop_index/1 "/>
</bind>
</comp>

<comp id="72" class="1004" name="weight_buf_addr_gep_fu_72">
<pin_list>
<pin id="73" dir="0" index="0" bw="32" slack="0"/>
<pin id="74" dir="0" index="1" bw="1" slack="0"/>
<pin id="75" dir="0" index="2" bw="7" slack="0"/>
<pin id="76" dir="1" index="3" bw="7" slack="0"/>
</pin_list>
<bind>
<opcode="getelementptr(29) " fcode="getelementptr"/>
<opset="weight_buf_addr/2 "/>
</bind>
</comp>

<comp id="79" class="1004" name="grp_access_fu_79">
<pin_list>
<pin id="80" dir="0" index="0" bw="7" slack="0"/>
<pin id="81" dir="0" index="1" bw="32" slack="2147483647"/>
<pin id="82" dir="0" index="2" bw="0" slack="2147483647"/>
<pin id="83" dir="1" index="3" bw="32" slack="0"/>
</pin_list>
<bind>
<opcode="load(27) " fcode="load"/>
<opset="weight_buf_load/2 "/>
</bind>
</comp>

<comp id="85" class="1004" name="weight_buf_7_addr_gep_fu_85">
<pin_list>
<pin id="86" dir="0" index="0" bw="32" slack="0"/>
<pin id="87" dir="0" index="1" bw="1" slack="0"/>
<pin id="88" dir="0" index="2" bw="4" slack="0"/>
<pin id="89" dir="1" index="3" bw="4" slack="0"/>
</pin_list>
<bind>
<opcode="getelementptr(29) " fcode="getelementptr"/>
<opset="weight_buf_7_addr/3 "/>
</bind>
</comp>

<comp id="92" class="1004" name="store_ln0_access_fu_92">
<pin_list>
<pin id="93" dir="0" index="0" bw="4" slack="0"/>
<pin id="94" dir="0" index="1" bw="32" slack="0"/>
<pin id="95" dir="0" index="2" bw="0" slack="2147483647"/>
<pin id="96" dir="1" index="3" bw="32" slack="2147483647"/>
</pin_list>
<bind>
<opcode="store(28) " fcode="store"/>
<opset="store_ln0/3 "/>
</bind>
</comp>

<comp id="99" class="1004" name="store_ln0_store_fu_99">
<pin_list>
<pin id="100" dir="0" index="0" bw="1" slack="0"/>
<pin id="101" dir="0" index="1" bw="4" slack="0"/>
<pin id="102" dir="1" index="2" bw="0" slack="2147483647"/>
</pin_list>
<bind>
<opcode="store(28) " fcode="store"/>
<opset="store_ln0/1 "/>
</bind>
</comp>

<comp id="104" class="1004" name="store_ln0_store_fu_104">
<pin_list>
<pin id="105" dir="0" index="0" bw="1" slack="0"/>
<pin id="106" dir="0" index="1" bw="8" slack="0"/>
<pin id="107" dir="1" index="2" bw="0" slack="2147483647"/>
</pin_list>
<bind>
<opcode="store(28) " fcode="store"/>
<opset="store_ln0/1 "/>
</bind>
</comp>

<comp id="109" class="1004" name="store_ln0_store_fu_109">
<pin_list>
<pin id="110" dir="0" index="0" bw="1" slack="0"/>
<pin id="111" dir="0" index="1" bw="4" slack="0"/>
<pin id="112" dir="1" index="2" bw="0" slack="2147483647"/>
</pin_list>
<bind>
<opcode="store(28) " fcode="store"/>
<opset="store_ln0/1 "/>
</bind>
</comp>

<comp id="114" class="1004" name="loop_index_load_load_fu_114">
<pin_list>
<pin id="115" dir="0" index="0" bw="4" slack="0"/>
<pin id="116" dir="1" index="1" bw="4" slack="0"/>
</pin_list>
<bind>
<opcode="load(27) " fcode="load"/>
<opset="loop_index_load/1 "/>
</bind>
</comp>

<comp id="117" class="1004" name="exitcond1_fu_117">
<pin_list>
<pin id="118" dir="0" index="0" bw="4" slack="0"/>
<pin id="119" dir="0" index="1" bw="4" slack="0"/>
<pin id="120" dir="1" index="2" bw="1" slack="1"/>
</pin_list>
<bind>
<opcode="icmp(45) " fcode="icmp"/>
<opset="exitcond1/1 "/>
</bind>
</comp>

<comp id="123" class="1004" name="empty_153_fu_123">
<pin_list>
<pin id="124" dir="0" index="0" bw="4" slack="0"/>
<pin id="125" dir="0" index="1" bw="1" slack="0"/>
<pin id="126" dir="1" index="2" bw="4" slack="0"/>
</pin_list>
<bind>
<opcode="add(8) " fcode="add"/>
<opset="empty_153/1 "/>
</bind>
</comp>

<comp id="129" class="1004" name="phi_urem74_load_load_fu_129">
<pin_list>
<pin id="130" dir="0" index="0" bw="4" slack="0"/>
<pin id="131" dir="1" index="1" bw="4" slack="0"/>
</pin_list>
<bind>
<opcode="load(27) " fcode="load"/>
<opset="phi_urem74_load/1 "/>
</bind>
</comp>

<comp id="132" class="1004" name="phi_mul72_load_load_fu_132">
<pin_list>
<pin id="133" dir="0" index="0" bw="8" slack="0"/>
<pin id="134" dir="1" index="1" bw="8" slack="0"/>
</pin_list>
<bind>
<opcode="load(27) " fcode="load"/>
<opset="phi_mul72_load/1 "/>
</bind>
</comp>

<comp id="135" class="1004" name="next_urem75_fu_135">
<pin_list>
<pin id="136" dir="0" index="0" bw="4" slack="0"/>
<pin id="137" dir="0" index="1" bw="1" slack="0"/>
<pin id="138" dir="1" index="2" bw="4" slack="0"/>
</pin_list>
<bind>
<opcode="add(8) " fcode="add"/>
<opset="next_urem75/1 "/>
</bind>
</comp>

<comp id="141" class="1004" name="empty_154_fu_141">
<pin_list>
<pin id="142" dir="0" index="0" bw="4" slack="0"/>
<pin id="143" dir="0" index="1" bw="3" slack="0"/>
<pin id="144" dir="1" index="2" bw="1" slack="0"/>
</pin_list>
<bind>
<opcode="icmp(45) " fcode="icmp"/>
<opset="empty_154/1 "/>
</bind>
</comp>

<comp id="147" class="1004" name="idx_urem76_fu_147">
<pin_list>
<pin id="148" dir="0" index="0" bw="1" slack="0"/>
<pin id="149" dir="0" index="1" bw="4" slack="0"/>
<pin id="150" dir="0" index="2" bw="1" slack="0"/>
<pin id="151" dir="1" index="3" bw="4" slack="0"/>
</pin_list>
<bind>
<opcode="select(49) " fcode="select"/>
<opset="idx_urem76/1 "/>
</bind>
</comp>

<comp id="155" class="1004" name="next_mul73_fu_155">
<pin_list>
<pin id="156" dir="0" index="0" bw="8" slack="0"/>
<pin id="157" dir="0" index="1" bw="6" slack="0"/>
<pin id="158" dir="1" index="2" bw="8" slack="0"/>
</pin_list>
<bind>
<opcode="add(8) " fcode="add"/>
<opset="next_mul73/1 "/>
</bind>
</comp>

<comp id="161" class="1004" name="tmp_s_fu_161">
<pin_list>
<pin id="162" dir="0" index="0" bw="2" slack="0"/>
<pin id="163" dir="0" index="1" bw="8" slack="0"/>
<pin id="164" dir="0" index="2" bw="4" slack="0"/>
<pin id="165" dir="0" index="3" bw="4" slack="0"/>
<pin id="166" dir="1" index="4" bw="2" slack="0"/>
</pin_list>
<bind>
<opcode="partselect(1002) " fcode="partselect"/>
<opset="tmp_s/1 "/>
</bind>
</comp>

<comp id="171" class="1004" name="p_shl_fu_171">
<pin_list>
<pin id="172" dir="0" index="0" bw="6" slack="0"/>
<pin id="173" dir="0" index="1" bw="2" slack="0"/>
<pin id="174" dir="0" index="2" bw="1" slack="0"/>
<pin id="175" dir="1" index="3" bw="6" slack="0"/>
</pin_list>
<bind>
<opcode="bitconcatenate(1004) " fcode="bitconcatenate"/>
<opset="p_shl/1 "/>
</bind>
</comp>

<comp id="179" class="1004" name="p_shl14_cast_fu_179">
<pin_list>
<pin id="180" dir="0" index="0" bw="6" slack="0"/>
<pin id="181" dir="1" index="1" bw="7" slack="0"/>
</pin_list>
<bind>
<opcode="zext(34) " fcode="zext"/>
<opset="p_shl14_cast/1 "/>
</bind>
</comp>

<comp id="183" class="1004" name="p_shl3_fu_183">
<pin_list>
<pin id="184" dir="0" index="0" bw="4" slack="0"/>
<pin id="185" dir="0" index="1" bw="2" slack="0"/>
<pin id="186" dir="0" index="2" bw="1" slack="0"/>
<pin id="187" dir="1" index="3" bw="4" slack="0"/>
</pin_list>
<bind>
<opcode="bitconcatenate(1004) " fcode="bitconcatenate"/>
<opset="p_shl3/1 "/>
</bind>
</comp>

<comp id="191" class="1004" name="p_shl15_cast_fu_191">
<pin_list>
<pin id="192" dir="0" index="0" bw="4" slack="0"/>
<pin id="193" dir="1" index="1" bw="7" slack="0"/>
</pin_list>
<bind>
<opcode="zext(34) " fcode="zext"/>
<opset="p_shl15_cast/1 "/>
</bind>
</comp>

<comp id="195" class="1004" name="empty_155_fu_195">
<pin_list>
<pin id="196" dir="0" index="0" bw="6" slack="0"/>
<pin id="197" dir="0" index="1" bw="4" slack="0"/>
<pin id="198" dir="1" index="2" bw="7" slack="0"/>
</pin_list>
<bind>
<opcode="sub(10) " fcode="sub"/>
<opset="empty_155/1 "/>
</bind>
</comp>

<comp id="201" class="1004" name="p_cast10_fu_201">
<pin_list>
<pin id="202" dir="0" index="0" bw="7" slack="0"/>
<pin id="203" dir="1" index="1" bw="8" slack="0"/>
</pin_list>
<bind>
<opcode="sext(35) " fcode="sext"/>
<opset="p_cast10/1 "/>
</bind>
</comp>

<comp id="205" class="1004" name="empty_156_fu_205">
<pin_list>
<pin id="206" dir="0" index="0" bw="4" slack="0"/>
<pin id="207" dir="0" index="1" bw="3" slack="0"/>
<pin id="208" dir="1" index="2" bw="4" slack="0"/>
</pin_list>
<bind>
<opcode="shl(20) " fcode="shl"/>
<opset="empty_156/1 "/>
</bind>
</comp>

<comp id="211" class="1004" name="p_cast11_fu_211">
<pin_list>
<pin id="212" dir="0" index="0" bw="4" slack="0"/>
<pin id="213" dir="1" index="1" bw="8" slack="0"/>
</pin_list>
<bind>
<opcode="zext(34) " fcode="zext"/>
<opset="p_cast11/1 "/>
</bind>
</comp>

<comp id="215" class="1004" name="tmp5_fu_215">
<pin_list>
<pin id="216" dir="0" index="0" bw="7" slack="0"/>
<pin id="217" dir="0" index="1" bw="4" slack="0"/>
<pin id="218" dir="1" index="2" bw="8" slack="0"/>
</pin_list>
<bind>
<opcode="add(8) " fcode="add"/>
<opset="tmp5/1 "/>
</bind>
</comp>

<comp id="221" class="1004" name="tmp5_cast_fu_221">
<pin_list>
<pin id="222" dir="0" index="0" bw="8" slack="0"/>
<pin id="223" dir="1" index="1" bw="9" slack="0"/>
</pin_list>
<bind>
<opcode="sext(35) " fcode="sext"/>
<opset="tmp5_cast/1 "/>
</bind>
</comp>

<comp id="225" class="1004" name="empty_157_fu_225">
<pin_list>
<pin id="226" dir="0" index="0" bw="8" slack="0"/>
<pin id="227" dir="0" index="1" bw="9" slack="0"/>
<pin id="228" dir="1" index="2" bw="9" slack="0"/>
</pin_list>
<bind>
<opcode="add(8) " fcode="add"/>
<opset="empty_157/1 "/>
</bind>
</comp>

<comp id="231" class="1004" name="tmp_60_fu_231">
<pin_list>
<pin id="232" dir="0" index="0" bw="7" slack="0"/>
<pin id="233" dir="0" index="1" bw="9" slack="0"/>
<pin id="234" dir="0" index="2" bw="3" slack="0"/>
<pin id="235" dir="0" index="3" bw="5" slack="0"/>
<pin id="236" dir="1" index="4" bw="7" slack="1"/>
</pin_list>
<bind>
<opcode="partselect(1002) " fcode="partselect"/>
<opset="tmp_60/1 "/>
</bind>
</comp>

<comp id="241" class="1004" name="store_ln0_store_fu_241">
<pin_list>
<pin id="242" dir="0" index="0" bw="4" slack="0"/>
<pin id="243" dir="0" index="1" bw="4" slack="0"/>
<pin id="244" dir="1" index="2" bw="0" slack="2147483647"/>
</pin_list>
<bind>
<opcode="store(28) " fcode="store"/>
<opset="store_ln0/1 "/>
</bind>
</comp>

<comp id="246" class="1004" name="store_ln0_store_fu_246">
<pin_list>
<pin id="247" dir="0" index="0" bw="8" slack="0"/>
<pin id="248" dir="0" index="1" bw="8" slack="0"/>
<pin id="249" dir="1" index="2" bw="0" slack="2147483647"/>
</pin_list>
<bind>
<opcode="store(28) " fcode="store"/>
<opset="store_ln0/1 "/>
</bind>
</comp>

<comp id="251" class="1004" name="store_ln0_store_fu_251">
<pin_list>
<pin id="252" dir="0" index="0" bw="4" slack="0"/>
<pin id="253" dir="0" index="1" bw="4" slack="0"/>
<pin id="254" dir="1" index="2" bw="0" slack="2147483647"/>
</pin_list>
<bind>
<opcode="store(28) " fcode="store"/>
<opset="store_ln0/1 "/>
</bind>
</comp>

<comp id="256" class="1004" name="p_cast63_fu_256">
<pin_list>
<pin id="257" dir="0" index="0" bw="7" slack="1"/>
<pin id="258" dir="1" index="1" bw="64" slack="0"/>
</pin_list>
<bind>
<opcode="zext(34) " fcode="zext"/>
<opset="p_cast63/2 "/>
</bind>
</comp>

<comp id="260" class="1004" name="loop_index_cast_fu_260">
<pin_list>
<pin id="261" dir="0" index="0" bw="4" slack="2"/>
<pin id="262" dir="1" index="1" bw="64" slack="0"/>
</pin_list>
<bind>
<opcode="zext(34) " fcode="zext"/>
<opset="loop_index_cast/3 "/>
</bind>
</comp>

<comp id="264" class="1005" name="phi_urem74_reg_264">
<pin_list>
<pin id="265" dir="0" index="0" bw="4" slack="0"/>
<pin id="266" dir="1" index="1" bw="4" slack="0"/>
</pin_list>
<bind>
<opset="phi_urem74 "/>
</bind>
</comp>

<comp id="271" class="1005" name="phi_mul72_reg_271">
<pin_list>
<pin id="272" dir="0" index="0" bw="8" slack="0"/>
<pin id="273" dir="1" index="1" bw="8" slack="0"/>
</pin_list>
<bind>
<opset="phi_mul72 "/>
</bind>
</comp>

<comp id="278" class="1005" name="loop_index_reg_278">
<pin_list>
<pin id="279" dir="0" index="0" bw="4" slack="0"/>
<pin id="280" dir="1" index="1" bw="4" slack="0"/>
</pin_list>
<bind>
<opset="loop_index "/>
</bind>
</comp>

<comp id="285" class="1005" name="loop_index_load_reg_285">
<pin_list>
<pin id="286" dir="0" index="0" bw="4" slack="2"/>
<pin id="287" dir="1" index="1" bw="4" slack="2"/>
</pin_list>
<bind>
<opset="loop_index_load "/>
</bind>
</comp>

<comp id="290" class="1005" name="exitcond1_reg_290">
<pin_list>
<pin id="291" dir="0" index="0" bw="1" slack="1"/>
<pin id="292" dir="1" index="1" bw="1" slack="2147483647"/>
</pin_list>
<bind>
<opset="exitcond1 "/>
</bind>
</comp>

<comp id="294" class="1005" name="tmp_60_reg_294">
<pin_list>
<pin id="295" dir="0" index="0" bw="7" slack="1"/>
<pin id="296" dir="1" index="1" bw="7" slack="1"/>
</pin_list>
<bind>
<opset="tmp_60 "/>
</bind>
</comp>

<comp id="299" class="1005" name="weight_buf_addr_reg_299">
<pin_list>
<pin id="300" dir="0" index="0" bw="7" slack="1"/>
<pin id="301" dir="1" index="1" bw="7" slack="1"/>
</pin_list>
<bind>
<opset="weight_buf_addr "/>
</bind>
</comp>

</comp_list>

<net_list>
<net id="63"><net_src comp="4" pin="0"/><net_sink comp="60" pin=0"/></net>

<net id="67"><net_src comp="4" pin="0"/><net_sink comp="64" pin=0"/></net>

<net id="71"><net_src comp="4" pin="0"/><net_sink comp="68" pin=0"/></net>

<net id="77"><net_src comp="2" pin="0"/><net_sink comp="72" pin=0"/></net>

<net id="78"><net_src comp="58" pin="0"/><net_sink comp="72" pin=1"/></net>

<net id="84"><net_src comp="72" pin="3"/><net_sink comp="79" pin=0"/></net>

<net id="90"><net_src comp="0" pin="0"/><net_sink comp="85" pin=0"/></net>

<net id="91"><net_src comp="58" pin="0"/><net_sink comp="85" pin=1"/></net>

<net id="97"><net_src comp="79" pin="3"/><net_sink comp="92" pin=1"/></net>

<net id="98"><net_src comp="85" pin="3"/><net_sink comp="92" pin=0"/></net>

<net id="103"><net_src comp="16" pin="0"/><net_sink comp="99" pin=0"/></net>

<net id="108"><net_src comp="18" pin="0"/><net_sink comp="104" pin=0"/></net>

<net id="113"><net_src comp="16" pin="0"/><net_sink comp="109" pin=0"/></net>

<net id="121"><net_src comp="114" pin="1"/><net_sink comp="117" pin=0"/></net>

<net id="122"><net_src comp="24" pin="0"/><net_sink comp="117" pin=1"/></net>

<net id="127"><net_src comp="114" pin="1"/><net_sink comp="123" pin=0"/></net>

<net id="128"><net_src comp="30" pin="0"/><net_sink comp="123" pin=1"/></net>

<net id="139"><net_src comp="129" pin="1"/><net_sink comp="135" pin=0"/></net>

<net id="140"><net_src comp="30" pin="0"/><net_sink comp="135" pin=1"/></net>

<net id="145"><net_src comp="135" pin="2"/><net_sink comp="141" pin=0"/></net>

<net id="146"><net_src comp="32" pin="0"/><net_sink comp="141" pin=1"/></net>

<net id="152"><net_src comp="141" pin="2"/><net_sink comp="147" pin=0"/></net>

<net id="153"><net_src comp="135" pin="2"/><net_sink comp="147" pin=1"/></net>

<net id="154"><net_src comp="16" pin="0"/><net_sink comp="147" pin=2"/></net>

<net id="159"><net_src comp="132" pin="1"/><net_sink comp="155" pin=0"/></net>

<net id="160"><net_src comp="34" pin="0"/><net_sink comp="155" pin=1"/></net>

<net id="167"><net_src comp="36" pin="0"/><net_sink comp="161" pin=0"/></net>

<net id="168"><net_src comp="132" pin="1"/><net_sink comp="161" pin=1"/></net>

<net id="169"><net_src comp="38" pin="0"/><net_sink comp="161" pin=2"/></net>

<net id="170"><net_src comp="40" pin="0"/><net_sink comp="161" pin=3"/></net>

<net id="176"><net_src comp="42" pin="0"/><net_sink comp="171" pin=0"/></net>

<net id="177"><net_src comp="161" pin="4"/><net_sink comp="171" pin=1"/></net>

<net id="178"><net_src comp="16" pin="0"/><net_sink comp="171" pin=2"/></net>

<net id="182"><net_src comp="171" pin="3"/><net_sink comp="179" pin=0"/></net>

<net id="188"><net_src comp="44" pin="0"/><net_sink comp="183" pin=0"/></net>

<net id="189"><net_src comp="161" pin="4"/><net_sink comp="183" pin=1"/></net>

<net id="190"><net_src comp="46" pin="0"/><net_sink comp="183" pin=2"/></net>

<net id="194"><net_src comp="183" pin="3"/><net_sink comp="191" pin=0"/></net>

<net id="199"><net_src comp="179" pin="1"/><net_sink comp="195" pin=0"/></net>

<net id="200"><net_src comp="191" pin="1"/><net_sink comp="195" pin=1"/></net>

<net id="204"><net_src comp="195" pin="2"/><net_sink comp="201" pin=0"/></net>

<net id="209"><net_src comp="129" pin="1"/><net_sink comp="205" pin=0"/></net>

<net id="210"><net_src comp="48" pin="0"/><net_sink comp="205" pin=1"/></net>

<net id="214"><net_src comp="205" pin="2"/><net_sink comp="211" pin=0"/></net>

<net id="219"><net_src comp="201" pin="1"/><net_sink comp="215" pin=0"/></net>

<net id="220"><net_src comp="211" pin="1"/><net_sink comp="215" pin=1"/></net>

<net id="224"><net_src comp="215" pin="2"/><net_sink comp="221" pin=0"/></net>

<net id="229"><net_src comp="221" pin="1"/><net_sink comp="225" pin=0"/></net>

<net id="230"><net_src comp="50" pin="0"/><net_sink comp="225" pin=1"/></net>

<net id="237"><net_src comp="52" pin="0"/><net_sink comp="231" pin=0"/></net>

<net id="238"><net_src comp="225" pin="2"/><net_sink comp="231" pin=1"/></net>

<net id="239"><net_src comp="54" pin="0"/><net_sink comp="231" pin=2"/></net>

<net id="240"><net_src comp="56" pin="0"/><net_sink comp="231" pin=3"/></net>

<net id="245"><net_src comp="123" pin="2"/><net_sink comp="241" pin=0"/></net>

<net id="250"><net_src comp="155" pin="2"/><net_sink comp="246" pin=0"/></net>

<net id="255"><net_src comp="147" pin="3"/><net_sink comp="251" pin=0"/></net>

<net id="259"><net_src comp="256" pin="1"/><net_sink comp="72" pin=2"/></net>

<net id="263"><net_src comp="260" pin="1"/><net_sink comp="85" pin=2"/></net>

<net id="267"><net_src comp="60" pin="1"/><net_sink comp="264" pin=0"/></net>

<net id="268"><net_src comp="264" pin="1"/><net_sink comp="109" pin=1"/></net>

<net id="269"><net_src comp="264" pin="1"/><net_sink comp="129" pin=0"/></net>

<net id="270"><net_src comp="264" pin="1"/><net_sink comp="251" pin=1"/></net>

<net id="274"><net_src comp="64" pin="1"/><net_sink comp="271" pin=0"/></net>

<net id="275"><net_src comp="271" pin="1"/><net_sink comp="104" pin=1"/></net>

<net id="276"><net_src comp="271" pin="1"/><net_sink comp="132" pin=0"/></net>

<net id="277"><net_src comp="271" pin="1"/><net_sink comp="246" pin=1"/></net>

<net id="281"><net_src comp="68" pin="1"/><net_sink comp="278" pin=0"/></net>

<net id="282"><net_src comp="278" pin="1"/><net_sink comp="99" pin=1"/></net>

<net id="283"><net_src comp="278" pin="1"/><net_sink comp="114" pin=0"/></net>

<net id="284"><net_src comp="278" pin="1"/><net_sink comp="241" pin=1"/></net>

<net id="288"><net_src comp="114" pin="1"/><net_sink comp="285" pin=0"/></net>

<net id="289"><net_src comp="285" pin="1"/><net_sink comp="260" pin=0"/></net>

<net id="293"><net_src comp="117" pin="2"/><net_sink comp="290" pin=0"/></net>

<net id="297"><net_src comp="231" pin="4"/><net_sink comp="294" pin=0"/></net>

<net id="298"><net_src comp="294" pin="1"/><net_sink comp="256" pin=0"/></net>

<net id="302"><net_src comp="72" pin="3"/><net_sink comp="299" pin=0"/></net>

<net id="303"><net_src comp="299" pin="1"/><net_sink comp="79" pin=0"/></net>

</net_list>

</model> 
---------------- Datapath Model END ------------------

* FSMD analyzer results:
  - Output states:
	Port: weight_buf_7 | {3 }
 - Input state : 
	Port: cnn_Pipeline_10 : weight_buf | {2 3 }
  - Chain level:
	State 1
		store_ln0 : 1
		store_ln0 : 1
		store_ln0 : 1
		loop_index_load : 1
		exitcond1 : 2
		empty_153 : 2
		br_ln0 : 3
		phi_urem74_load : 1
		phi_mul72_load : 1
		next_urem75 : 2
		empty_154 : 3
		idx_urem76 : 4
		next_mul73 : 2
		tmp_s : 2
		p_shl : 3
		p_shl14_cast : 4
		p_shl3 : 3
		p_shl15_cast : 4
		empty_155 : 5
		p_cast10 : 6
		empty_156 : 2
		p_cast11 : 2
		tmp5 : 7
		tmp5_cast : 8
		empty_157 : 9
		tmp_60 : 10
		store_ln0 : 3
		store_ln0 : 3
		store_ln0 : 5
	State 2
		weight_buf_addr : 1
		weight_buf_load : 2
	State 3
		weight_buf_7_addr : 1
		store_ln0 : 2


============================================================
+ Verbose Summary: Datapath Resource usage 
============================================================

* Functional unit list:
|----------|------------------------|---------|---------|
| Operation|     Functional Unit    |    FF   |   LUT   |
|----------|------------------------|---------|---------|
|          |    empty_153_fu_123    |    0    |    13   |
|          |   next_urem75_fu_135   |    0    |    13   |
|    add   |    next_mul73_fu_155   |    0    |    15   |
|          |       tmp5_fu_215      |    0    |    14   |
|          |    empty_157_fu_225    |    0    |    16   |
|----------|------------------------|---------|---------|
|   icmp   |    exitcond1_fu_117    |    0    |    9    |
|          |    empty_154_fu_141    |    0    |    9    |
|----------|------------------------|---------|---------|
|    sub   |    empty_155_fu_195    |    0    |    14   |
|----------|------------------------|---------|---------|
|  select  |    idx_urem76_fu_147   |    0    |    4    |
|----------|------------------------|---------|---------|
|partselect|      tmp_s_fu_161      |    0    |    0    |
|          |      tmp_60_fu_231     |    0    |    0    |
|----------|------------------------|---------|---------|
|bitconcatenate|      p_shl_fu_171      |    0    |    0    |
|          |      p_shl3_fu_183     |    0    |    0    |
|----------|------------------------|---------|---------|
|          |   p_shl14_cast_fu_179  |    0    |    0    |
|          |   p_shl15_cast_fu_191  |    0    |    0    |
|   zext   |     p_cast11_fu_211    |    0    |    0    |
|          |     p_cast63_fu_256    |    0    |    0    |
|          | loop_index_cast_fu_260 |    0    |    0    |
|----------|------------------------|---------|---------|
|   sext   |     p_cast10_fu_201    |    0    |    0    |
|          |    tmp5_cast_fu_221    |    0    |    0    |
|----------|------------------------|---------|---------|
|    shl   |    empty_156_fu_205    |    0    |    0    |
|----------|------------------------|---------|---------|
|   Total  |                        |    0    |   107   |
|----------|------------------------|---------|---------|

Memories:
N/A

* Register list:
+-----------------------+--------+
|                       |   FF   |
+-----------------------+--------+
|   exitcond1_reg_290   |    1   |
|loop_index_load_reg_285|    4   |
|   loop_index_reg_278  |    4   |
|   phi_mul72_reg_271   |    8   |
|   phi_urem74_reg_264  |    4   |
|     tmp_60_reg_294    |    7   |
|weight_buf_addr_reg_299|    7   |
+-----------------------+--------+
|         Total         |   35   |
+-----------------------+--------+

* Multiplexer (MUX) list: 
|------------------|------|------|------|--------||---------||---------|
|       Comp       |  Pin | Size |  BW  | S x BW ||  Delay  ||   LUT   |
|------------------|------|------|------|--------||---------||---------|
| grp_access_fu_79 |  p0  |   2  |   7  |   14   ||    9    |
|------------------|------|------|------|--------||---------||---------|
|       Total      |      |      |      |   14   ||   1.61  ||    9    |
|------------------|------|------|------|--------||---------||---------|



* Summary:
+-----------+--------+--------+--------+
|           |  Delay |   FF   |   LUT  |
+-----------+--------+--------+--------+
|  Function |    -   |    0   |   107  |
|   Memory  |    -   |    -   |    -   |
|Multiplexer|    1   |    -   |    9   |
|  Register |    -   |   35   |    -   |
+-----------+--------+--------+--------+
|   Total   |    1   |   35   |   116  |
+-----------+--------+--------+--------+
