

================================================================
== Vitis HLS Report for 'cnn_Pipeline_5'
================================================================
* Date:           Mon Mar 27 10:48:09 2023

* Version:        2022.2 (Build 3670227 on Oct 13 2022)
* Project:        Project
* Solution:       solution1 (Vivado IP Flow Target)
* Product family: artix7
* Target device:  xc7a200t-fbg484-1


================================================================
== Performance Estimates
================================================================
+ Timing: 
    * Summary: 
    +--------+----------+----------+------------+
    |  Clock |  Target  | Estimated| Uncertainty|
    +--------+----------+----------+------------+
    |ap_clk  |  10.00 ns|  5.817 ns|     2.70 ns|
    +--------+----------+----------+------------+

+ Latency: 
    * Summary: 
    +---------+---------+----------+----------+-----+-----+---------+
    |  Latency (cycles) |  Latency (absolute) |  Interval | Pipeline|
    |   min   |   max   |    min   |    max   | min | max |   Type  |
    +---------+---------+----------+----------+-----+-----+---------+
    |       12|       12|  0.120 us|  0.120 us|   12|   12|       no|
    +---------+---------+----------+----------+-----+-----+---------+

    + Detail: 
        * Instance: 
        N/A

        * Loop: 
        +----------+---------+---------+----------+-----------+-----------+------+----------+
        |          |  Latency (cycles) | Iteration|  Initiation Interval  | Trip |          |
        | Loop Name|   min   |   max   |  Latency |  achieved |   target  | Count| Pipelined|
        +----------+---------+---------+----------+-----------+-----------+------+----------+
        |- Loop 1  |       10|       10|         3|          1|          1|     9|       yes|
        +----------+---------+---------+----------+-----------+-----------+------+----------+

============================================================
+ Verbose Summary: Synthesis Manager
============================================================
InlineROM: 1
ExposeGlobal: 0
============================================================
+ Verbose Summary: CDFG Model
============================================================
IsTopModel: 0
ResetActiveHigh: 1
IsCombinational: 0
IsDatapathOnly: 0
HasWiredReturn: 1
HasMFsm: 2
HasVarLatency: 1
IsPipeline: 0
IsRtlPipelined: 0
IsInstanceOverlapped: 0
IsDontTouch: 0
HasImplIP: 0
IsGatedGlobalClock: 0

+ Individual pipeline summary: 
  * Pipeline-0: initiation interval (II) = 1, depth = 3


============================================================
+ Verbose Summary: Schedule
============================================================
* Number of FSM states : 3
* Pipeline : 1
  Pipeline-0 : II = 1, D = 3, States = { 1 2 3 }
* Dataflow Pipeline: 0

* FSM state transitions: 
1 --> 2 
2 --> 3 
3 --> 

* FSM state operations: 

State 1 <SV = 0> <Delay = 5.81>
ST_1 : Operation 6 [1/1] (0.00ns)   --->   "%phi_urem49 = alloca i32 1"   --->   Operation 6 'alloca' 'phi_urem49' <Predicate = true> <Delay = 0.00>
ST_1 : Operation 7 [1/1] (0.00ns)   --->   "%phi_mul47 = alloca i32 1"   --->   Operation 7 'alloca' 'phi_mul47' <Predicate = true> <Delay = 0.00>
ST_1 : Operation 8 [1/1] (0.00ns)   --->   "%loop_index32 = alloca i32 1"   --->   Operation 8 'alloca' 'loop_index32' <Predicate = true> <Delay = 0.00>
ST_1 : Operation 9 [1/1] (0.00ns)   --->   "%specinterface_ln0 = specinterface void @_ssdm_op_SpecInterface, i32 %weight_buf, void @empty_3, i32 0, i32 0, void @empty_0, i32 4294967295, i32 0, void @empty_0, void @empty_0, void @empty_0, i32 0, i32 0, i32 0, i32 0, void @empty_0, void @empty_0, i32 4294967295, i32 0"   --->   Operation 9 'specinterface' 'specinterface_ln0' <Predicate = true> <Delay = 0.00>
ST_1 : Operation 10 [1/1] (1.61ns)   --->   "%store_ln0 = store i4 0, i4 %loop_index32"   --->   Operation 10 'store' 'store_ln0' <Predicate = true> <Delay = 1.61>
ST_1 : Operation 11 [1/1] (1.61ns)   --->   "%store_ln0 = store i8 0, i8 %phi_mul47"   --->   Operation 11 'store' 'store_ln0' <Predicate = true> <Delay = 1.61>
ST_1 : Operation 12 [1/1] (1.61ns)   --->   "%store_ln0 = store i4 0, i4 %phi_urem49"   --->   Operation 12 'store' 'store_ln0' <Predicate = true> <Delay = 1.61>
ST_1 : Operation 13 [1/1] (0.00ns)   --->   "%br_ln0 = br void %load-store-loop31"   --->   Operation 13 'br' 'br_ln0' <Predicate = true> <Delay = 0.00>
ST_1 : Operation 14 [1/1] (0.00ns)   --->   "%loop_index32_load = load i4 %loop_index32"   --->   Operation 14 'load' 'loop_index32_load' <Predicate = true> <Delay = 0.00>
ST_1 : Operation 15 [1/1] (0.00ns)   --->   "%specpipeline_ln0 = specpipeline void @_ssdm_op_SpecPipeline, i32 4294967295, i32 0, i32 1, i32 0, void @p_str"   --->   Operation 15 'specpipeline' 'specpipeline_ln0' <Predicate = true> <Delay = 0.00>
ST_1 : Operation 16 [1/1] (1.44ns)   --->   "%exitcond486 = icmp_eq  i4 %loop_index32_load, i4 9"   --->   Operation 16 'icmp' 'exitcond486' <Predicate = true> <Delay = 1.44> <CoreInst = "Cmp">   --->   Core 9 'Cmp' <Latency = 0> <II = 1> <Delay = 1.44> <FuncUnit> <Opcode : 'icmp'> <InPorts = 2> <OutPorts = 1>
ST_1 : Operation 17 [1/1] (0.00ns)   --->   "%empty = speclooptripcount i32 @_ssdm_op_SpecLoopTripCount, i64 9, i64 9, i64 9"   --->   Operation 17 'speclooptripcount' 'empty' <Predicate = true> <Delay = 0.00>
ST_1 : Operation 18 [1/1] (1.77ns)   --->   "%empty_142 = add i4 %loop_index32_load, i4 1"   --->   Operation 18 'add' 'empty_142' <Predicate = true> <Delay = 1.77> <CoreInst = "Adder">   --->   Core 1 'Adder' <Latency = 0> <II = 1> <Delay = 1.77> <FuncUnit> <Opcode : 'add' 'sub'> <InPorts = 2> <OutPorts = 1>
ST_1 : Operation 19 [1/1] (0.00ns)   --->   "%br_ln0 = br i1 %exitcond486, void %load-store-loop31.split, void %load-store-loop28.preheader.exitStub"   --->   Operation 19 'br' 'br_ln0' <Predicate = true> <Delay = 0.00>
ST_1 : Operation 20 [1/1] (0.00ns)   --->   "%phi_urem49_load = load i4 %phi_urem49"   --->   Operation 20 'load' 'phi_urem49_load' <Predicate = (!exitcond486)> <Delay = 0.00>
ST_1 : Operation 21 [1/1] (0.00ns)   --->   "%phi_mul47_load = load i8 %phi_mul47"   --->   Operation 21 'load' 'phi_mul47_load' <Predicate = (!exitcond486)> <Delay = 0.00>
ST_1 : Operation 22 [1/1] (1.77ns)   --->   "%next_urem50 = add i4 %phi_urem49_load, i4 1"   --->   Operation 22 'add' 'next_urem50' <Predicate = (!exitcond486)> <Delay = 1.77> <CoreInst = "Adder">   --->   Core 1 'Adder' <Latency = 0> <II = 1> <Delay = 1.77> <FuncUnit> <Opcode : 'add' 'sub'> <InPorts = 2> <OutPorts = 1>
ST_1 : Operation 23 [1/1] (1.44ns)   --->   "%empty_143 = icmp_ult  i4 %next_urem50, i4 3"   --->   Operation 23 'icmp' 'empty_143' <Predicate = (!exitcond486)> <Delay = 1.44> <CoreInst = "Cmp">   --->   Core 9 'Cmp' <Latency = 0> <II = 1> <Delay = 1.44> <FuncUnit> <Opcode : 'icmp'> <InPorts = 2> <OutPorts = 1>
ST_1 : Operation 24 [1/1] (0.99ns)   --->   "%idx_urem51 = select i1 %empty_143, i4 %next_urem50, i4 0"   --->   Operation 24 'select' 'idx_urem51' <Predicate = (!exitcond486)> <Delay = 0.99> <CoreInst = "Sel">   --->   Core 73 'Sel' <Latency = 0> <II = 1> <Delay = 0.99> <FuncUnit> <Opcode : 'select'> <InPorts = 3> <OutPorts = 1>
ST_1 : Operation 25 [1/1] (2.11ns)   --->   "%next_mul48 = add i8 %phi_mul47_load, i8 22"   --->   Operation 25 'add' 'next_mul48' <Predicate = (!exitcond486)> <Delay = 2.11> <CoreInst = "Adder">   --->   Core 1 'Adder' <Latency = 0> <II = 1> <Delay = 2.11> <FuncUnit> <Opcode : 'add' 'sub'> <InPorts = 2> <OutPorts = 1>
ST_1 : Operation 26 [1/1] (0.00ns)   --->   "%tmp_s = partselect i2 @_ssdm_op_PartSelect.i2.i8.i32.i32, i8 %phi_mul47_load, i32 6, i32 7"   --->   Operation 26 'partselect' 'tmp_s' <Predicate = (!exitcond486)> <Delay = 0.00>
ST_1 : Operation 27 [1/1] (0.00ns)   --->   "%p_shl4 = bitconcatenate i6 @_ssdm_op_BitConcatenate.i6.i2.i4, i2 %tmp_s, i4 0"   --->   Operation 27 'bitconcatenate' 'p_shl4' <Predicate = (!exitcond486)> <Delay = 0.00>
ST_1 : Operation 28 [1/1] (0.00ns)   --->   "%p_shl4_cast = zext i6 %p_shl4"   --->   Operation 28 'zext' 'p_shl4_cast' <Predicate = (!exitcond486)> <Delay = 0.00>
ST_1 : Operation 29 [1/1] (0.00ns)   --->   "%p_shl5 = bitconcatenate i4 @_ssdm_op_BitConcatenate.i4.i2.i2, i2 %tmp_s, i2 0"   --->   Operation 29 'bitconcatenate' 'p_shl5' <Predicate = (!exitcond486)> <Delay = 0.00>
ST_1 : Operation 30 [1/1] (0.00ns)   --->   "%p_shl5_cast = zext i4 %p_shl5"   --->   Operation 30 'zext' 'p_shl5_cast' <Predicate = (!exitcond486)> <Delay = 0.00>
ST_1 : Operation 31 [1/1] (1.94ns)   --->   "%empty_144 = sub i7 %p_shl4_cast, i7 %p_shl5_cast"   --->   Operation 31 'sub' 'empty_144' <Predicate = (!exitcond486)> <Delay = 1.94> <CoreInst = "Adder">   --->   Core 1 'Adder' <Latency = 0> <II = 1> <Delay = 1.94> <FuncUnit> <Opcode : 'add' 'sub'> <InPorts = 2> <OutPorts = 1>
ST_1 : Operation 32 [1/1] (0.00ns)   --->   "%empty_145 = shl i4 %phi_urem49_load, i4 2"   --->   Operation 32 'shl' 'empty_145' <Predicate = (!exitcond486)> <Delay = 0.00>
ST_1 : Operation 33 [1/1] (0.00ns)   --->   "%p_cast22 = zext i4 %empty_145"   --->   Operation 33 'zext' 'p_cast22' <Predicate = (!exitcond486)> <Delay = 0.00>
ST_1 : Operation 34 [1/1] (0.00ns) (grouped into TernaryAdder)   --->   "%tmp1 = add i7 %p_cast22, i7 72"   --->   Operation 34 'add' 'tmp1' <Predicate = (!exitcond486)> <Delay = 0.00> <CoreInst = "TAddSub">   --->   Core 10 'TAddSub' <Latency = 0> <II = 1> <Delay = 1.77> <IPBlock> <Opcode : 'add' 'sub'> <InPorts = 3> <OutPorts = 1> <Sync> <CReg>
ST_1 : Operation 35 [1/1] (3.54ns) (root node of TernaryAdder)   --->   "%empty_146 = add i7 %tmp1, i7 %empty_144"   --->   Operation 35 'add' 'empty_146' <Predicate = (!exitcond486)> <Delay = 3.54> <CoreInst = "TAddSub">   --->   Core 10 'TAddSub' <Latency = 0> <II = 1> <Delay = 1.77> <IPBlock> <Opcode : 'add' 'sub'> <InPorts = 3> <OutPorts = 1> <Sync> <CReg>
ST_1 : Operation 36 [1/1] (0.00ns)   --->   "%tmp_59 = partselect i5 @_ssdm_op_PartSelect.i5.i7.i32.i32, i7 %empty_146, i32 2, i32 6"   --->   Operation 36 'partselect' 'tmp_59' <Predicate = (!exitcond486)> <Delay = 0.00>
ST_1 : Operation 37 [1/1] (1.61ns)   --->   "%store_ln0 = store i4 %empty_142, i4 %loop_index32"   --->   Operation 37 'store' 'store_ln0' <Predicate = (!exitcond486)> <Delay = 1.61>
ST_1 : Operation 38 [1/1] (1.61ns)   --->   "%store_ln0 = store i8 %next_mul48, i8 %phi_mul47"   --->   Operation 38 'store' 'store_ln0' <Predicate = (!exitcond486)> <Delay = 1.61>
ST_1 : Operation 39 [1/1] (1.61ns)   --->   "%store_ln0 = store i4 %idx_urem51, i4 %phi_urem49"   --->   Operation 39 'store' 'store_ln0' <Predicate = (!exitcond486)> <Delay = 1.61>

State 2 <SV = 1> <Delay = 3.25>
ST_2 : Operation 40 [1/1] (0.00ns)   --->   "%p_cast48 = zext i5 %tmp_59"   --->   Operation 40 'zext' 'p_cast48' <Predicate = true> <Delay = 0.00>
ST_2 : Operation 41 [1/1] (0.00ns)   --->   "%weight_buf_addr = getelementptr i32 %weight_buf, i64 0, i64 %p_cast48"   --->   Operation 41 'getelementptr' 'weight_buf_addr' <Predicate = true> <Delay = 0.00>
ST_2 : Operation 42 [2/2] (3.25ns)   --->   "%weight_buf_load = load i7 %weight_buf_addr"   --->   Operation 42 'load' 'weight_buf_load' <Predicate = true> <Delay = 3.25> <CoreInst = "RAM">   --->   Core 82 'RAM' <Latency = 1> <II = 1> <Delay = 3.25> <Storage> <Opcode : 'load' 'store'> <Ports = 2> <Width = 32> <Depth = 72> <RAM>
ST_2 : Operation 49 [1/1] (0.00ns)   --->   "%ret_ln0 = ret"   --->   Operation 49 'ret' 'ret_ln0' <Predicate = (exitcond486)> <Delay = 0.00>

State 3 <SV = 2> <Delay = 5.40>
ST_3 : Operation 43 [1/1] (0.00ns)   --->   "%loop_index32_cast = zext i4 %loop_index32_load"   --->   Operation 43 'zext' 'loop_index32_cast' <Predicate = true> <Delay = 0.00>
ST_3 : Operation 44 [1/1] (0.00ns)   --->   "%weight_buf_2_addr = getelementptr i32 %weight_buf_2, i64 0, i64 %loop_index32_cast"   --->   Operation 44 'getelementptr' 'weight_buf_2_addr' <Predicate = true> <Delay = 0.00>
ST_3 : Operation 45 [1/2] (3.25ns)   --->   "%weight_buf_load = load i7 %weight_buf_addr"   --->   Operation 45 'load' 'weight_buf_load' <Predicate = true> <Delay = 3.25> <CoreInst = "RAM">   --->   Core 82 'RAM' <Latency = 1> <II = 1> <Delay = 3.25> <Storage> <Opcode : 'load' 'store'> <Ports = 2> <Width = 32> <Depth = 72> <RAM>
ST_3 : Operation 46 [1/1] (0.00ns)   --->   "%empty_147 = bitcast i32 %weight_buf_load"   --->   Operation 46 'bitcast' 'empty_147' <Predicate = true> <Delay = 0.00>
ST_3 : Operation 47 [1/1] (2.15ns)   --->   "%store_ln0 = store i32 %empty_147, i4 %weight_buf_2_addr"   --->   Operation 47 'store' 'store_ln0' <Predicate = true> <Delay = 2.15> <CoreInst = "RAM">   --->   Core 82 'RAM' <Latency = 1> <II = 1> <Delay = 2.15> <Storage> <Opcode : 'load' 'store'> <Ports = 2> <Width = 32> <Depth = 9> <RAM>
ST_3 : Operation 48 [1/1] (0.00ns)   --->   "%br_ln0 = br void %load-store-loop31"   --->   Operation 48 'br' 'br_ln0' <Predicate = true> <Delay = 0.00>


============================================================
+ Verbose Summary: Timing violations
============================================================
Target clock period: 10ns, clock uncertainty: 2.7ns.

 <State 1>: 5.82ns
The critical path consists of the following:
	'alloca' operation ('phi_urem49') [3]  (0 ns)
	'load' operation ('phi_urem49_load') on local variable 'phi_urem49' [19]  (0 ns)
	'add' operation ('next_urem50') [21]  (1.78 ns)
	'icmp' operation ('empty_143') [22]  (1.44 ns)
	'select' operation ('idx_urem51') [23]  (0.99 ns)
	'store' operation ('store_ln0') of variable 'idx_urem51' on local variable 'phi_urem49' [45]  (1.61 ns)

 <State 2>: 3.26ns
The critical path consists of the following:
	'getelementptr' operation ('weight_buf_addr') [39]  (0 ns)
	'load' operation ('weight_buf_load') on array 'weight_buf' [40]  (3.26 ns)

 <State 3>: 5.41ns
The critical path consists of the following:
	'load' operation ('weight_buf_load') on array 'weight_buf' [40]  (3.26 ns)
	'store' operation ('store_ln0') of variable 'empty_147' on array 'weight_buf_2' [42]  (2.15 ns)


============================================================
+ Verbose Summary: Binding
============================================================
N/A
* FSMD analyzer results:
  - Output states:
 - Input state : 
  - Chain level:
	State 1
	State 2
	State 3


============================================================
+ Verbose Summary: Datapath Resource usage 
============================================================
N/A
