

================================================================
== Vitis HLS Report for 'cnn_Pipeline_clone_for_rows_clone_for_cols'
================================================================
* Date:           Thu Apr 20 17:57:19 2023

* Version:        2022.2 (Build 3670227 on Oct 13 2022)
* Project:        Project
* Solution:       solution1 (Vivado IP Flow Target)
* Product family: artix7
* Target device:  xc7a200t-fbg484-1


================================================================
== Performance Estimates
================================================================
+ Timing: 
    * Summary: 
    +--------+----------+----------+------------+
    |  Clock |  Target  | Estimated| Uncertainty|
    +--------+----------+----------+------------+
    |ap_clk  |  10.00 ns|  6.846 ns|     2.70 ns|
    +--------+----------+----------+------------+

+ Latency: 
    * Summary: 
    +---------+---------+----------+----------+-----+-----+---------+
    |  Latency (cycles) |  Latency (absolute) |  Interval | Pipeline|
    |   min   |   max   |    min   |    max   | min | max |   Type  |
    +---------+---------+----------+----------+-----+-----+---------+
    |      903|      903|  9.030 us|  9.030 us|  903|  903|       no|
    +---------+---------+----------+----------+-----+-----+---------+

    + Detail: 
        * Instance: 
        N/A

        * Loop: 
        +---------------------------------+---------+---------+----------+-----------+-----------+------+----------+
        |                                 |  Latency (cycles) | Iteration|  Initiation Interval  | Trip |          |
        |            Loop Name            |   min   |   max   |  Latency |  achieved |   target  | Count| Pipelined|
        +---------------------------------+---------+---------+----------+-----------+-----------+------+----------+
        |- clone_for_rows_clone_for_cols  |      901|      901|         3|          1|          1|   900|       yes|
        +---------------------------------+---------+---------+----------+-----------+-----------+------+----------+

============================================================
+ Verbose Summary: Synthesis Manager
============================================================
InlineROM: 1
ExposeGlobal: 0
============================================================
+ Verbose Summary: CDFG Model
============================================================
IsTopModel: 0
ResetActiveHigh: 1
IsCombinational: 0
IsDatapathOnly: 0
HasWiredReturn: 1
HasMFsm: 2
HasVarLatency: 1
IsPipeline: 0
IsRtlPipelined: 0
IsInstanceOverlapped: 0
IsDontTouch: 0
HasImplIP: 0
IsGatedGlobalClock: 0

+ Individual pipeline summary: 
  * Pipeline-0: initiation interval (II) = 1, depth = 3


============================================================
+ Verbose Summary: Schedule
============================================================
* Number of FSM states : 3
* Pipeline : 1
  Pipeline-0 : II = 1, D = 3, States = { 1 2 3 }
* Dataflow Pipeline: 0

* FSM state transitions: 
1 --> 2 
2 --> 3 
3 --> 

* FSM state operations: 

State 1 <SV = 0> <Delay = 6.84>
ST_1 : Operation 6 [1/1] (0.00ns)   --->   "%j = alloca i32 1"   --->   Operation 6 'alloca' 'j' <Predicate = true> <Delay = 0.00>
ST_1 : Operation 7 [1/1] (0.00ns)   --->   "%i = alloca i32 1"   --->   Operation 7 'alloca' 'i' <Predicate = true> <Delay = 0.00>
ST_1 : Operation 8 [1/1] (0.00ns)   --->   "%indvar_flatten6 = alloca i32 1"   --->   Operation 8 'alloca' 'indvar_flatten6' <Predicate = true> <Delay = 0.00>
ST_1 : Operation 9 [1/1] (1.61ns)   --->   "%store_ln0 = store i10 0, i10 %indvar_flatten6"   --->   Operation 9 'store' 'store_ln0' <Predicate = true> <Delay = 1.61>
ST_1 : Operation 10 [1/1] (1.61ns)   --->   "%store_ln0 = store i5 0, i5 %i"   --->   Operation 10 'store' 'store_ln0' <Predicate = true> <Delay = 1.61>
ST_1 : Operation 11 [1/1] (1.61ns)   --->   "%store_ln0 = store i5 0, i5 %j"   --->   Operation 11 'store' 'store_ln0' <Predicate = true> <Delay = 1.61>
ST_1 : Operation 12 [1/1] (0.00ns)   --->   "%br_ln0 = br void %for.inc"   --->   Operation 12 'br' 'br_ln0' <Predicate = true> <Delay = 0.00>
ST_1 : Operation 13 [1/1] (0.00ns)   --->   "%indvar_flatten6_load = load i10 %indvar_flatten6" [cnn.cc:146]   --->   Operation 13 'load' 'indvar_flatten6_load' <Predicate = true> <Delay = 0.00>
ST_1 : Operation 14 [1/1] (0.00ns)   --->   "%specpipeline_ln0 = specpipeline void @_ssdm_op_SpecPipeline, i32 4294967295, i32 0, i32 1, i32 0, void @p_str"   --->   Operation 14 'specpipeline' 'specpipeline_ln0' <Predicate = true> <Delay = 0.00>
ST_1 : Operation 15 [1/1] (1.70ns)   --->   "%icmp_ln146 = icmp_eq  i10 %indvar_flatten6_load, i10 900" [cnn.cc:146]   --->   Operation 15 'icmp' 'icmp_ln146' <Predicate = true> <Delay = 1.70> <CoreInst = "Cmp">   --->   Core 9 'Cmp' <Latency = 0> <II = 1> <Delay = 1.70> <FuncUnit> <Opcode : 'icmp'> <InPorts = 2> <OutPorts = 1>
ST_1 : Operation 16 [1/1] (2.12ns)   --->   "%add_ln146_1 = add i10 %indvar_flatten6_load, i10 1" [cnn.cc:146]   --->   Operation 16 'add' 'add_ln146_1' <Predicate = true> <Delay = 2.12> <CoreInst = "Adder">   --->   Core 1 'Adder' <Latency = 0> <II = 1> <Delay = 2.12> <FuncUnit> <Opcode : 'add' 'sub'> <InPorts = 2> <OutPorts = 1>
ST_1 : Operation 17 [1/1] (0.00ns)   --->   "%br_ln146 = br i1 %icmp_ln146, void %for.inc35, void %load-store-loop37.preheader.exitStub" [cnn.cc:146]   --->   Operation 17 'br' 'br_ln146' <Predicate = true> <Delay = 0.00>
ST_1 : Operation 18 [1/1] (0.00ns)   --->   "%j_load = load i5 %j" [cnn.cc:148]   --->   Operation 18 'load' 'j_load' <Predicate = (!icmp_ln146)> <Delay = 0.00>
ST_1 : Operation 19 [1/1] (0.00ns)   --->   "%i_load = load i5 %i" [cnn.cc:146]   --->   Operation 19 'load' 'i_load' <Predicate = (!icmp_ln146)> <Delay = 0.00>
ST_1 : Operation 20 [1/1] (1.86ns)   --->   "%add_ln146 = add i5 %i_load, i5 1" [cnn.cc:146]   --->   Operation 20 'add' 'add_ln146' <Predicate = (!icmp_ln146)> <Delay = 1.86> <CoreInst = "Adder">   --->   Core 1 'Adder' <Latency = 0> <II = 1> <Delay = 1.86> <FuncUnit> <Opcode : 'add' 'sub'> <InPorts = 2> <OutPorts = 1>
ST_1 : Operation 21 [1/1] (1.44ns)   --->   "%icmp_ln148 = icmp_eq  i5 %j_load, i5 30" [cnn.cc:148]   --->   Operation 21 'icmp' 'icmp_ln148' <Predicate = (!icmp_ln146)> <Delay = 1.44> <CoreInst = "Cmp">   --->   Core 9 'Cmp' <Latency = 0> <II = 1> <Delay = 1.44> <FuncUnit> <Opcode : 'icmp'> <InPorts = 2> <OutPorts = 1>
ST_1 : Operation 22 [1/1] (1.21ns)   --->   "%select_ln146 = select i1 %icmp_ln148, i5 0, i5 %j_load" [cnn.cc:146]   --->   Operation 22 'select' 'select_ln146' <Predicate = (!icmp_ln146)> <Delay = 1.21> <CoreInst = "Sel">   --->   Core 73 'Sel' <Latency = 0> <II = 1> <Delay = 1.21> <FuncUnit> <Opcode : 'select'> <InPorts = 3> <OutPorts = 1>
ST_1 : Operation 23 [1/1] (1.21ns)   --->   "%select_ln146_1 = select i1 %icmp_ln148, i5 %add_ln146, i5 %i_load" [cnn.cc:146]   --->   Operation 23 'select' 'select_ln146_1' <Predicate = (!icmp_ln146)> <Delay = 1.21> <CoreInst = "Sel">   --->   Core 73 'Sel' <Latency = 0> <II = 1> <Delay = 1.21> <FuncUnit> <Opcode : 'select'> <InPorts = 3> <OutPorts = 1>
ST_1 : Operation 24 [1/1] (0.00ns)   --->   "%tmp_53 = bitconcatenate i10 @_ssdm_op_BitConcatenate.i10.i5.i5, i5 %select_ln146_1, i5 0" [cnn.cc:150]   --->   Operation 24 'bitconcatenate' 'tmp_53' <Predicate = (!icmp_ln146)> <Delay = 0.00>
ST_1 : Operation 25 [1/1] (0.00ns)   --->   "%tmp_54 = bitconcatenate i6 @_ssdm_op_BitConcatenate.i6.i5.i1, i5 %select_ln146_1, i1 0" [cnn.cc:150]   --->   Operation 25 'bitconcatenate' 'tmp_54' <Predicate = (!icmp_ln146)> <Delay = 0.00>
ST_1 : Operation 26 [1/1] (0.00ns)   --->   "%zext_ln150 = zext i6 %tmp_54" [cnn.cc:150]   --->   Operation 26 'zext' 'zext_ln150' <Predicate = (!icmp_ln146)> <Delay = 0.00>
ST_1 : Operation 27 [1/1] (0.00ns) (grouped into TernaryAdder)   --->   "%sub_ln150 = sub i10 %tmp_53, i10 %zext_ln150" [cnn.cc:150]   --->   Operation 27 'sub' 'sub_ln150' <Predicate = (!icmp_ln146)> <Delay = 0.00> <CoreInst = "TAddSub">   --->   Core 10 'TAddSub' <Latency = 0> <II = 1> <Delay = 1.88> <IPBlock> <Opcode : 'add' 'sub'> <InPorts = 3> <OutPorts = 1> <Sync> <CReg>
ST_1 : Operation 28 [1/1] (0.00ns)   --->   "%zext_ln150_1 = zext i5 %select_ln146" [cnn.cc:150]   --->   Operation 28 'zext' 'zext_ln150_1' <Predicate = (!icmp_ln146)> <Delay = 0.00>
ST_1 : Operation 29 [1/1] (3.76ns) (root node of TernaryAdder)   --->   "%add_ln150 = add i10 %sub_ln150, i10 %zext_ln150_1" [cnn.cc:150]   --->   Operation 29 'add' 'add_ln150' <Predicate = (!icmp_ln146)> <Delay = 3.76> <CoreInst = "TAddSub">   --->   Core 10 'TAddSub' <Latency = 0> <II = 1> <Delay = 1.88> <IPBlock> <Opcode : 'add' 'sub'> <InPorts = 3> <OutPorts = 1> <Sync> <CReg>
ST_1 : Operation 30 [1/1] (1.86ns)   --->   "%add_ln148 = add i5 %select_ln146, i5 1" [cnn.cc:148]   --->   Operation 30 'add' 'add_ln148' <Predicate = (!icmp_ln146)> <Delay = 1.86> <CoreInst = "Adder">   --->   Core 1 'Adder' <Latency = 0> <II = 1> <Delay = 1.86> <FuncUnit> <Opcode : 'add' 'sub'> <InPorts = 2> <OutPorts = 1>
ST_1 : Operation 31 [1/1] (1.61ns)   --->   "%store_ln148 = store i10 %add_ln146_1, i10 %indvar_flatten6" [cnn.cc:148]   --->   Operation 31 'store' 'store_ln148' <Predicate = (!icmp_ln146)> <Delay = 1.61>
ST_1 : Operation 32 [1/1] (1.61ns)   --->   "%store_ln148 = store i5 %select_ln146_1, i5 %i" [cnn.cc:148]   --->   Operation 32 'store' 'store_ln148' <Predicate = (!icmp_ln146)> <Delay = 1.61>
ST_1 : Operation 33 [1/1] (1.61ns)   --->   "%store_ln148 = store i5 %add_ln148, i5 %j" [cnn.cc:148]   --->   Operation 33 'store' 'store_ln148' <Predicate = (!icmp_ln146)> <Delay = 1.61>

State 2 <SV = 1> <Delay = 3.25>
ST_2 : Operation 34 [1/1] (0.00ns)   --->   "%zext_ln150_2 = zext i10 %add_ln150" [cnn.cc:150]   --->   Operation 34 'zext' 'zext_ln150_2' <Predicate = true> <Delay = 0.00>
ST_2 : Operation 35 [1/1] (0.00ns)   --->   "%pad_img_addr = getelementptr i32 %pad_img, i64 0, i64 %zext_ln150_2" [cnn.cc:150]   --->   Operation 35 'getelementptr' 'pad_img_addr' <Predicate = true> <Delay = 0.00>
ST_2 : Operation 36 [2/2] (3.25ns)   --->   "%value = load i10 %pad_img_addr" [cnn.cc:150]   --->   Operation 36 'load' 'value' <Predicate = true> <Delay = 3.25> <CoreInst = "RAM_1WnR">   --->   Core 83 'RAM_1WnR' <Latency = 1> <II = 1> <Delay = 3.25> <Storage> <Opcode : 'load' 'store'> <Ports = 17> <Width = 32> <Depth = 900> <RAM>
ST_2 : Operation 57 [1/1] (0.00ns)   --->   "%ret_ln0 = ret"   --->   Operation 57 'ret' 'ret_ln0' <Predicate = (icmp_ln146)> <Delay = 0.00>

State 3 <SV = 2> <Delay = 6.51>
ST_3 : Operation 37 [1/1] (0.00ns)   --->   "%specloopname_ln0 = specloopname void @_ssdm_op_SpecLoopName, void @clone_for_rows_clone_for_cols_str"   --->   Operation 37 'specloopname' 'specloopname_ln0' <Predicate = true> <Delay = 0.00>
ST_3 : Operation 38 [1/1] (0.00ns)   --->   "%empty = speclooptripcount i32 @_ssdm_op_SpecLoopTripCount, i64 900, i64 900, i64 900"   --->   Operation 38 'speclooptripcount' 'empty' <Predicate = true> <Delay = 0.00>
ST_3 : Operation 39 [1/1] (0.00ns)   --->   "%specpipeline_ln0 = specpipeline void @_ssdm_op_SpecPipeline, i32 4294967295, i32 0, i32 1, i32 0, void @p_str"   --->   Operation 39 'specpipeline' 'specpipeline_ln0' <Predicate = true> <Delay = 0.00>
ST_3 : Operation 40 [1/1] (0.00ns)   --->   "%pad_img1_addr = getelementptr i32 %pad_img1, i64 0, i64 %zext_ln150_2" [cnn.cc:151]   --->   Operation 40 'getelementptr' 'pad_img1_addr' <Predicate = true> <Delay = 0.00>
ST_3 : Operation 41 [1/1] (0.00ns)   --->   "%pad_img2_addr = getelementptr i32 %pad_img2, i64 0, i64 %zext_ln150_2" [cnn.cc:152]   --->   Operation 41 'getelementptr' 'pad_img2_addr' <Predicate = true> <Delay = 0.00>
ST_3 : Operation 42 [1/1] (0.00ns)   --->   "%pad_img3_addr = getelementptr i32 %pad_img3, i64 0, i64 %zext_ln150_2" [cnn.cc:153]   --->   Operation 42 'getelementptr' 'pad_img3_addr' <Predicate = true> <Delay = 0.00>
ST_3 : Operation 43 [1/1] (0.00ns)   --->   "%pad_img4_addr = getelementptr i32 %pad_img4, i64 0, i64 %zext_ln150_2" [cnn.cc:154]   --->   Operation 43 'getelementptr' 'pad_img4_addr' <Predicate = true> <Delay = 0.00>
ST_3 : Operation 44 [1/1] (0.00ns)   --->   "%pad_img5_addr = getelementptr i32 %pad_img5, i64 0, i64 %zext_ln150_2" [cnn.cc:155]   --->   Operation 44 'getelementptr' 'pad_img5_addr' <Predicate = true> <Delay = 0.00>
ST_3 : Operation 45 [1/1] (0.00ns)   --->   "%pad_img6_addr = getelementptr i32 %pad_img6, i64 0, i64 %zext_ln150_2" [cnn.cc:156]   --->   Operation 45 'getelementptr' 'pad_img6_addr' <Predicate = true> <Delay = 0.00>
ST_3 : Operation 46 [1/1] (0.00ns)   --->   "%pad_img7_addr = getelementptr i32 %pad_img7, i64 0, i64 %zext_ln150_2" [cnn.cc:157]   --->   Operation 46 'getelementptr' 'pad_img7_addr' <Predicate = true> <Delay = 0.00>
ST_3 : Operation 47 [1/1] (0.00ns)   --->   "%specloopname_ln148 = specloopname void @_ssdm_op_SpecLoopName, void @empty_6" [cnn.cc:148]   --->   Operation 47 'specloopname' 'specloopname_ln148' <Predicate = true> <Delay = 0.00>
ST_3 : Operation 48 [1/2] (3.25ns)   --->   "%value = load i10 %pad_img_addr" [cnn.cc:150]   --->   Operation 48 'load' 'value' <Predicate = true> <Delay = 3.25> <CoreInst = "RAM_1WnR">   --->   Core 83 'RAM_1WnR' <Latency = 1> <II = 1> <Delay = 3.25> <Storage> <Opcode : 'load' 'store'> <Ports = 17> <Width = 32> <Depth = 900> <RAM>
ST_3 : Operation 49 [1/1] (3.25ns)   --->   "%store_ln151 = store i32 %value, i10 %pad_img1_addr" [cnn.cc:151]   --->   Operation 49 'store' 'store_ln151' <Predicate = true> <Delay = 3.25> <CoreInst = "RAM_1WnR">   --->   Core 83 'RAM_1WnR' <Latency = 1> <II = 1> <Delay = 3.25> <Storage> <Opcode : 'load' 'store'> <Ports = 17> <Width = 32> <Depth = 900> <RAM>
ST_3 : Operation 50 [1/1] (3.25ns)   --->   "%store_ln152 = store i32 %value, i10 %pad_img2_addr" [cnn.cc:152]   --->   Operation 50 'store' 'store_ln152' <Predicate = true> <Delay = 3.25> <CoreInst = "RAM_1WnR">   --->   Core 83 'RAM_1WnR' <Latency = 1> <II = 1> <Delay = 3.25> <Storage> <Opcode : 'load' 'store'> <Ports = 17> <Width = 32> <Depth = 900> <RAM>
ST_3 : Operation 51 [1/1] (3.25ns)   --->   "%store_ln153 = store i32 %value, i10 %pad_img3_addr" [cnn.cc:153]   --->   Operation 51 'store' 'store_ln153' <Predicate = true> <Delay = 3.25> <CoreInst = "RAM_1WnR">   --->   Core 83 'RAM_1WnR' <Latency = 1> <II = 1> <Delay = 3.25> <Storage> <Opcode : 'load' 'store'> <Ports = 17> <Width = 32> <Depth = 900> <RAM>
ST_3 : Operation 52 [1/1] (3.25ns)   --->   "%store_ln154 = store i32 %value, i10 %pad_img4_addr" [cnn.cc:154]   --->   Operation 52 'store' 'store_ln154' <Predicate = true> <Delay = 3.25> <CoreInst = "RAM_1WnR">   --->   Core 83 'RAM_1WnR' <Latency = 1> <II = 1> <Delay = 3.25> <Storage> <Opcode : 'load' 'store'> <Ports = 17> <Width = 32> <Depth = 900> <RAM>
ST_3 : Operation 53 [1/1] (3.25ns)   --->   "%store_ln155 = store i32 %value, i10 %pad_img5_addr" [cnn.cc:155]   --->   Operation 53 'store' 'store_ln155' <Predicate = true> <Delay = 3.25> <CoreInst = "RAM_1WnR">   --->   Core 83 'RAM_1WnR' <Latency = 1> <II = 1> <Delay = 3.25> <Storage> <Opcode : 'load' 'store'> <Ports = 17> <Width = 32> <Depth = 900> <RAM>
ST_3 : Operation 54 [1/1] (3.25ns)   --->   "%store_ln156 = store i32 %value, i10 %pad_img6_addr" [cnn.cc:156]   --->   Operation 54 'store' 'store_ln156' <Predicate = true> <Delay = 3.25> <CoreInst = "RAM_1WnR">   --->   Core 83 'RAM_1WnR' <Latency = 1> <II = 1> <Delay = 3.25> <Storage> <Opcode : 'load' 'store'> <Ports = 17> <Width = 32> <Depth = 900> <RAM>
ST_3 : Operation 55 [1/1] (3.25ns)   --->   "%store_ln157 = store i32 %value, i10 %pad_img7_addr" [cnn.cc:157]   --->   Operation 55 'store' 'store_ln157' <Predicate = true> <Delay = 3.25> <CoreInst = "RAM_1WnR">   --->   Core 83 'RAM_1WnR' <Latency = 1> <II = 1> <Delay = 3.25> <Storage> <Opcode : 'load' 'store'> <Ports = 17> <Width = 32> <Depth = 900> <RAM>
ST_3 : Operation 56 [1/1] (0.00ns)   --->   "%br_ln148 = br void %for.inc" [cnn.cc:148]   --->   Operation 56 'br' 'br_ln148' <Predicate = true> <Delay = 0.00>


============================================================
+ Verbose Summary: Binding
============================================================
STG Binding: 
---------------- STG Properties BEGIN ----------------
- Is combinational: 0
- Is one-state seq: 0
- Is datapath-only: 0
- Is pipelined: 0
- Is top level: 0
Port [ Return ] is wired: 1; IO mode=ap_ctrl_hs:ce=0
Port [ pad_img]:  wired=1; compound=1; hidden=0; nouse=0; global=0; static=0; extern=0; dir=0; type=1; pingpong=0; private_global=0; MemPort=[13333333333333333]; IO mode=ap_memory:ce=0
Port [ pad_img1]:  wired=1; compound=1; hidden=0; nouse=0; global=0; static=0; extern=0; dir=1; type=1; pingpong=0; private_global=0; MemPort=[03333333333333333]; IO mode=ap_memory:ce=0
Port [ pad_img2]:  wired=1; compound=1; hidden=0; nouse=0; global=0; static=0; extern=0; dir=1; type=1; pingpong=0; private_global=0; MemPort=[03333333333333333]; IO mode=ap_memory:ce=0
Port [ pad_img3]:  wired=1; compound=1; hidden=0; nouse=0; global=0; static=0; extern=0; dir=1; type=1; pingpong=0; private_global=0; MemPort=[03333333333333333]; IO mode=ap_memory:ce=0
Port [ pad_img4]:  wired=1; compound=1; hidden=0; nouse=0; global=0; static=0; extern=0; dir=1; type=1; pingpong=0; private_global=0; MemPort=[03333333333333333]; IO mode=ap_memory:ce=0
Port [ pad_img5]:  wired=1; compound=1; hidden=0; nouse=0; global=0; static=0; extern=0; dir=1; type=1; pingpong=0; private_global=0; MemPort=[03333333333333333]; IO mode=ap_memory:ce=0
Port [ pad_img6]:  wired=1; compound=1; hidden=0; nouse=0; global=0; static=0; extern=0; dir=1; type=1; pingpong=0; private_global=0; MemPort=[03333333333333333]; IO mode=ap_memory:ce=0
Port [ pad_img7]:  wired=1; compound=1; hidden=0; nouse=0; global=0; static=0; extern=0; dir=1; type=1; pingpong=0; private_global=0; MemPort=[03333333333333333]; IO mode=ap_memory:ce=0
---------------- STG Properties END ------------------

---------------- Datapath Model BEGIN ----------------

<LifeTime>
<method=bitvector/>
j                    (alloca           ) [ 0100]
i                    (alloca           ) [ 0100]
indvar_flatten6      (alloca           ) [ 0100]
store_ln0            (store            ) [ 0000]
store_ln0            (store            ) [ 0000]
store_ln0            (store            ) [ 0000]
br_ln0               (br               ) [ 0000]
indvar_flatten6_load (load             ) [ 0000]
specpipeline_ln0     (specpipeline     ) [ 0000]
icmp_ln146           (icmp             ) [ 0110]
add_ln146_1          (add              ) [ 0000]
br_ln146             (br               ) [ 0000]
j_load               (load             ) [ 0000]
i_load               (load             ) [ 0000]
add_ln146            (add              ) [ 0000]
icmp_ln148           (icmp             ) [ 0000]
select_ln146         (select           ) [ 0000]
select_ln146_1       (select           ) [ 0000]
tmp_53               (bitconcatenate   ) [ 0000]
tmp_54               (bitconcatenate   ) [ 0000]
zext_ln150           (zext             ) [ 0000]
sub_ln150            (sub              ) [ 0000]
zext_ln150_1         (zext             ) [ 0000]
add_ln150            (add              ) [ 0110]
add_ln148            (add              ) [ 0000]
store_ln148          (store            ) [ 0000]
store_ln148          (store            ) [ 0000]
store_ln148          (store            ) [ 0000]
zext_ln150_2         (zext             ) [ 0101]
pad_img_addr         (getelementptr    ) [ 0101]
specloopname_ln0     (specloopname     ) [ 0000]
empty                (speclooptripcount) [ 0000]
specpipeline_ln0     (specpipeline     ) [ 0000]
pad_img1_addr        (getelementptr    ) [ 0000]
pad_img2_addr        (getelementptr    ) [ 0000]
pad_img3_addr        (getelementptr    ) [ 0000]
pad_img4_addr        (getelementptr    ) [ 0000]
pad_img5_addr        (getelementptr    ) [ 0000]
pad_img6_addr        (getelementptr    ) [ 0000]
pad_img7_addr        (getelementptr    ) [ 0000]
specloopname_ln148   (specloopname     ) [ 0000]
value                (load             ) [ 0000]
store_ln151          (store            ) [ 0000]
store_ln152          (store            ) [ 0000]
store_ln153          (store            ) [ 0000]
store_ln154          (store            ) [ 0000]
store_ln155          (store            ) [ 0000]
store_ln156          (store            ) [ 0000]
store_ln157          (store            ) [ 0000]
br_ln148             (br               ) [ 0000]
ret_ln0              (ret              ) [ 0000]
</LifeTime>

<model>

<comp_list>
<comp id="0" class="1000" name="pad_img">
<pin_list>
<pin id="1" dir="1" index="0" bw="1" slack="0"/>
</pin_list>
<bind>
<StgValue><ssdm name="pad_img"/><MemPortTyVec>1 3 3 3 3 3 3 3 3 3 3 3 3 3 3 3 3 </MemPortTyVec>
</StgValue>
</bind>
</comp>

<comp id="2" class="1000" name="pad_img1">
<pin_list>
<pin id="3" dir="1" index="0" bw="1" slack="0"/>
</pin_list>
<bind>
<StgValue><ssdm name="pad_img1"/><MemPortTyVec>0 3 3 3 3 3 3 3 3 3 3 3 3 3 3 3 3 </MemPortTyVec>
</StgValue>
</bind>
</comp>

<comp id="4" class="1000" name="pad_img2">
<pin_list>
<pin id="5" dir="1" index="0" bw="1" slack="0"/>
</pin_list>
<bind>
<StgValue><ssdm name="pad_img2"/><MemPortTyVec>0 3 3 3 3 3 3 3 3 3 3 3 3 3 3 3 3 </MemPortTyVec>
</StgValue>
</bind>
</comp>

<comp id="6" class="1000" name="pad_img3">
<pin_list>
<pin id="7" dir="1" index="0" bw="1" slack="0"/>
</pin_list>
<bind>
<StgValue><ssdm name="pad_img3"/><MemPortTyVec>0 3 3 3 3 3 3 3 3 3 3 3 3 3 3 3 3 </MemPortTyVec>
</StgValue>
</bind>
</comp>

<comp id="8" class="1000" name="pad_img4">
<pin_list>
<pin id="9" dir="1" index="0" bw="1" slack="0"/>
</pin_list>
<bind>
<StgValue><ssdm name="pad_img4"/><MemPortTyVec>0 3 3 3 3 3 3 3 3 3 3 3 3 3 3 3 3 </MemPortTyVec>
</StgValue>
</bind>
</comp>

<comp id="10" class="1000" name="pad_img5">
<pin_list>
<pin id="11" dir="1" index="0" bw="1" slack="0"/>
</pin_list>
<bind>
<StgValue><ssdm name="pad_img5"/><MemPortTyVec>0 3 3 3 3 3 3 3 3 3 3 3 3 3 3 3 3 </MemPortTyVec>
</StgValue>
</bind>
</comp>

<comp id="12" class="1000" name="pad_img6">
<pin_list>
<pin id="13" dir="1" index="0" bw="1" slack="0"/>
</pin_list>
<bind>
<StgValue><ssdm name="pad_img6"/><MemPortTyVec>0 3 3 3 3 3 3 3 3 3 3 3 3 3 3 3 3 </MemPortTyVec>
</StgValue>
</bind>
</comp>

<comp id="14" class="1000" name="pad_img7">
<pin_list>
<pin id="15" dir="1" index="0" bw="1" slack="0"/>
</pin_list>
<bind>
<StgValue><ssdm name="pad_img7"/><MemPortTyVec>0 3 3 3 3 3 3 3 3 3 3 3 3 3 3 3 3 </MemPortTyVec>
</StgValue>
</bind>
</comp>

<comp id="16" class="1001" name="const_16">
<pin_list>
<pin id="17" dir="1" index="0" bw="1" slack="0"/>
</pin_list>
<bind>
<StgValue><ssdm name=""/></StgValue>
</bind>
</comp>

<comp id="18" class="1001" name="const_18">
<pin_list>
<pin id="19" dir="1" index="0" bw="1" slack="0"/>
</pin_list>
<bind>
<StgValue><ssdm name=""/></StgValue>
</bind>
</comp>

<comp id="20" class="1001" name="const_20">
<pin_list>
<pin id="21" dir="1" index="0" bw="1" slack="0"/>
</pin_list>
<bind>
<StgValue><ssdm name=""/></StgValue>
</bind>
</comp>

<comp id="22" class="1001" name="const_22">
<pin_list>
<pin id="23" dir="1" index="0" bw="1" slack="2147483647"/>
</pin_list>
<bind>
<StgValue><ssdm name="_ssdm_op_SpecPipeline"/></StgValue>
</bind>
</comp>

<comp id="24" class="1001" name="const_24">
<pin_list>
<pin id="25" dir="1" index="0" bw="1" slack="2147483647"/>
</pin_list>
<bind>
<StgValue><ssdm name=""/></StgValue>
</bind>
</comp>

<comp id="26" class="1001" name="const_26">
<pin_list>
<pin id="27" dir="1" index="0" bw="1" slack="2147483647"/>
</pin_list>
<bind>
<StgValue><ssdm name=""/></StgValue>
</bind>
</comp>

<comp id="28" class="1001" name="const_28">
<pin_list>
<pin id="29" dir="1" index="0" bw="1" slack="2147483647"/>
</pin_list>
<bind>
<StgValue><ssdm name="p_str"/></StgValue>
</bind>
</comp>

<comp id="30" class="1001" name="const_30">
<pin_list>
<pin id="31" dir="1" index="0" bw="1" slack="0"/>
</pin_list>
<bind>
<StgValue><ssdm name=""/></StgValue>
</bind>
</comp>

<comp id="32" class="1001" name="const_32">
<pin_list>
<pin id="33" dir="1" index="0" bw="1" slack="0"/>
</pin_list>
<bind>
<StgValue><ssdm name=""/></StgValue>
</bind>
</comp>

<comp id="34" class="1001" name="const_34">
<pin_list>
<pin id="35" dir="1" index="0" bw="1" slack="0"/>
</pin_list>
<bind>
<StgValue><ssdm name=""/></StgValue>
</bind>
</comp>

<comp id="36" class="1001" name="const_36">
<pin_list>
<pin id="37" dir="1" index="0" bw="1" slack="0"/>
</pin_list>
<bind>
<StgValue><ssdm name=""/></StgValue>
</bind>
</comp>

<comp id="38" class="1001" name="const_38">
<pin_list>
<pin id="39" dir="1" index="0" bw="1" slack="0"/>
</pin_list>
<bind>
<StgValue><ssdm name="_ssdm_op_BitConcatenate.i10.i5.i5"/></StgValue>
</bind>
</comp>

<comp id="40" class="1001" name="const_40">
<pin_list>
<pin id="41" dir="1" index="0" bw="1" slack="0"/>
</pin_list>
<bind>
<StgValue><ssdm name="_ssdm_op_BitConcatenate.i6.i5.i1"/></StgValue>
</bind>
</comp>

<comp id="42" class="1001" name="const_42">
<pin_list>
<pin id="43" dir="1" index="0" bw="1" slack="0"/>
</pin_list>
<bind>
<StgValue><ssdm name=""/></StgValue>
</bind>
</comp>

<comp id="44" class="1001" name="const_44">
<pin_list>
<pin id="45" dir="1" index="0" bw="1" slack="0"/>
</pin_list>
<bind>
<StgValue><ssdm name=""/></StgValue>
</bind>
</comp>

<comp id="46" class="1001" name="const_46">
<pin_list>
<pin id="47" dir="1" index="0" bw="1" slack="2147483647"/>
</pin_list>
<bind>
<StgValue><ssdm name="_ssdm_op_SpecLoopName"/></StgValue>
</bind>
</comp>

<comp id="48" class="1001" name="const_48">
<pin_list>
<pin id="49" dir="1" index="0" bw="1" slack="2147483647"/>
</pin_list>
<bind>
<StgValue><ssdm name="clone_for_rows_clone_for_cols_str"/></StgValue>
</bind>
</comp>

<comp id="50" class="1001" name="const_50">
<pin_list>
<pin id="51" dir="1" index="0" bw="1" slack="2147483647"/>
</pin_list>
<bind>
<StgValue><ssdm name="_ssdm_op_SpecLoopTripCount"/></StgValue>
</bind>
</comp>

<comp id="52" class="1001" name="const_52">
<pin_list>
<pin id="53" dir="1" index="0" bw="1" slack="2147483647"/>
</pin_list>
<bind>
<StgValue><ssdm name=""/></StgValue>
</bind>
</comp>

<comp id="54" class="1001" name="const_54">
<pin_list>
<pin id="55" dir="1" index="0" bw="1" slack="2147483647"/>
</pin_list>
<bind>
<StgValue><ssdm name="empty_6"/></StgValue>
</bind>
</comp>

<comp id="56" class="1004" name="j_fu_56">
<pin_list>
<pin id="57" dir="0" index="0" bw="1" slack="0"/>
<pin id="58" dir="1" index="1" bw="5" slack="0"/>
</pin_list>
<bind>
<opcode="alloca(26) " fcode="alloca"/>
<opset="j/1 "/>
</bind>
</comp>

<comp id="60" class="1004" name="i_fu_60">
<pin_list>
<pin id="61" dir="0" index="0" bw="1" slack="0"/>
<pin id="62" dir="1" index="1" bw="5" slack="0"/>
</pin_list>
<bind>
<opcode="alloca(26) " fcode="alloca"/>
<opset="i/1 "/>
</bind>
</comp>

<comp id="64" class="1004" name="indvar_flatten6_fu_64">
<pin_list>
<pin id="65" dir="0" index="0" bw="1" slack="0"/>
<pin id="66" dir="1" index="1" bw="10" slack="0"/>
</pin_list>
<bind>
<opcode="alloca(26) " fcode="alloca"/>
<opset="indvar_flatten6/1 "/>
</bind>
</comp>

<comp id="68" class="1004" name="pad_img_addr_gep_fu_68">
<pin_list>
<pin id="69" dir="0" index="0" bw="32" slack="0"/>
<pin id="70" dir="0" index="1" bw="1" slack="0"/>
<pin id="71" dir="0" index="2" bw="10" slack="0"/>
<pin id="72" dir="1" index="3" bw="10" slack="0"/>
</pin_list>
<bind>
<opcode="getelementptr(29) " fcode="getelementptr"/>
<opset="pad_img_addr/2 "/>
</bind>
</comp>

<comp id="75" class="1004" name="grp_access_fu_75">
<pin_list>
<pin id="76" dir="0" index="0" bw="10" slack="0"/>
<pin id="77" dir="0" index="1" bw="32" slack="2147483647"/>
<pin id="78" dir="0" index="2" bw="0" slack="2147483647"/>
<pin id="79" dir="1" index="3" bw="32" slack="0"/>
</pin_list>
<bind>
<opcode="load(27) " fcode="load"/>
<opset="value/2 "/>
</bind>
</comp>

<comp id="81" class="1004" name="pad_img1_addr_gep_fu_81">
<pin_list>
<pin id="82" dir="0" index="0" bw="32" slack="0"/>
<pin id="83" dir="0" index="1" bw="1" slack="0"/>
<pin id="84" dir="0" index="2" bw="10" slack="1"/>
<pin id="85" dir="1" index="3" bw="10" slack="0"/>
</pin_list>
<bind>
<opcode="getelementptr(29) " fcode="getelementptr"/>
<opset="pad_img1_addr/3 "/>
</bind>
</comp>

<comp id="88" class="1004" name="pad_img2_addr_gep_fu_88">
<pin_list>
<pin id="89" dir="0" index="0" bw="32" slack="0"/>
<pin id="90" dir="0" index="1" bw="1" slack="0"/>
<pin id="91" dir="0" index="2" bw="10" slack="1"/>
<pin id="92" dir="1" index="3" bw="10" slack="0"/>
</pin_list>
<bind>
<opcode="getelementptr(29) " fcode="getelementptr"/>
<opset="pad_img2_addr/3 "/>
</bind>
</comp>

<comp id="95" class="1004" name="pad_img3_addr_gep_fu_95">
<pin_list>
<pin id="96" dir="0" index="0" bw="32" slack="0"/>
<pin id="97" dir="0" index="1" bw="1" slack="0"/>
<pin id="98" dir="0" index="2" bw="10" slack="1"/>
<pin id="99" dir="1" index="3" bw="10" slack="0"/>
</pin_list>
<bind>
<opcode="getelementptr(29) " fcode="getelementptr"/>
<opset="pad_img3_addr/3 "/>
</bind>
</comp>

<comp id="102" class="1004" name="pad_img4_addr_gep_fu_102">
<pin_list>
<pin id="103" dir="0" index="0" bw="32" slack="0"/>
<pin id="104" dir="0" index="1" bw="1" slack="0"/>
<pin id="105" dir="0" index="2" bw="10" slack="1"/>
<pin id="106" dir="1" index="3" bw="10" slack="0"/>
</pin_list>
<bind>
<opcode="getelementptr(29) " fcode="getelementptr"/>
<opset="pad_img4_addr/3 "/>
</bind>
</comp>

<comp id="109" class="1004" name="pad_img5_addr_gep_fu_109">
<pin_list>
<pin id="110" dir="0" index="0" bw="32" slack="0"/>
<pin id="111" dir="0" index="1" bw="1" slack="0"/>
<pin id="112" dir="0" index="2" bw="10" slack="1"/>
<pin id="113" dir="1" index="3" bw="10" slack="0"/>
</pin_list>
<bind>
<opcode="getelementptr(29) " fcode="getelementptr"/>
<opset="pad_img5_addr/3 "/>
</bind>
</comp>

<comp id="116" class="1004" name="pad_img6_addr_gep_fu_116">
<pin_list>
<pin id="117" dir="0" index="0" bw="32" slack="0"/>
<pin id="118" dir="0" index="1" bw="1" slack="0"/>
<pin id="119" dir="0" index="2" bw="10" slack="1"/>
<pin id="120" dir="1" index="3" bw="10" slack="0"/>
</pin_list>
<bind>
<opcode="getelementptr(29) " fcode="getelementptr"/>
<opset="pad_img6_addr/3 "/>
</bind>
</comp>

<comp id="123" class="1004" name="pad_img7_addr_gep_fu_123">
<pin_list>
<pin id="124" dir="0" index="0" bw="32" slack="0"/>
<pin id="125" dir="0" index="1" bw="1" slack="0"/>
<pin id="126" dir="0" index="2" bw="10" slack="1"/>
<pin id="127" dir="1" index="3" bw="10" slack="0"/>
</pin_list>
<bind>
<opcode="getelementptr(29) " fcode="getelementptr"/>
<opset="pad_img7_addr/3 "/>
</bind>
</comp>

<comp id="130" class="1004" name="store_ln151_access_fu_130">
<pin_list>
<pin id="131" dir="0" index="0" bw="10" slack="0"/>
<pin id="132" dir="0" index="1" bw="32" slack="0"/>
<pin id="133" dir="0" index="2" bw="0" slack="2147483647"/>
<pin id="134" dir="1" index="3" bw="32" slack="2147483647"/>
</pin_list>
<bind>
<opcode="store(28) " fcode="store"/>
<opset="store_ln151/3 "/>
</bind>
</comp>

<comp id="137" class="1004" name="store_ln152_access_fu_137">
<pin_list>
<pin id="138" dir="0" index="0" bw="10" slack="0"/>
<pin id="139" dir="0" index="1" bw="32" slack="0"/>
<pin id="140" dir="0" index="2" bw="0" slack="2147483647"/>
<pin id="141" dir="1" index="3" bw="32" slack="2147483647"/>
</pin_list>
<bind>
<opcode="store(28) " fcode="store"/>
<opset="store_ln152/3 "/>
</bind>
</comp>

<comp id="144" class="1004" name="store_ln153_access_fu_144">
<pin_list>
<pin id="145" dir="0" index="0" bw="10" slack="0"/>
<pin id="146" dir="0" index="1" bw="32" slack="0"/>
<pin id="147" dir="0" index="2" bw="0" slack="2147483647"/>
<pin id="148" dir="1" index="3" bw="32" slack="2147483647"/>
</pin_list>
<bind>
<opcode="store(28) " fcode="store"/>
<opset="store_ln153/3 "/>
</bind>
</comp>

<comp id="151" class="1004" name="store_ln154_access_fu_151">
<pin_list>
<pin id="152" dir="0" index="0" bw="10" slack="0"/>
<pin id="153" dir="0" index="1" bw="32" slack="0"/>
<pin id="154" dir="0" index="2" bw="0" slack="2147483647"/>
<pin id="155" dir="1" index="3" bw="32" slack="2147483647"/>
</pin_list>
<bind>
<opcode="store(28) " fcode="store"/>
<opset="store_ln154/3 "/>
</bind>
</comp>

<comp id="158" class="1004" name="store_ln155_access_fu_158">
<pin_list>
<pin id="159" dir="0" index="0" bw="10" slack="0"/>
<pin id="160" dir="0" index="1" bw="32" slack="0"/>
<pin id="161" dir="0" index="2" bw="0" slack="2147483647"/>
<pin id="162" dir="1" index="3" bw="32" slack="2147483647"/>
</pin_list>
<bind>
<opcode="store(28) " fcode="store"/>
<opset="store_ln155/3 "/>
</bind>
</comp>

<comp id="165" class="1004" name="store_ln156_access_fu_165">
<pin_list>
<pin id="166" dir="0" index="0" bw="10" slack="0"/>
<pin id="167" dir="0" index="1" bw="32" slack="0"/>
<pin id="168" dir="0" index="2" bw="0" slack="2147483647"/>
<pin id="169" dir="1" index="3" bw="32" slack="2147483647"/>
</pin_list>
<bind>
<opcode="store(28) " fcode="store"/>
<opset="store_ln156/3 "/>
</bind>
</comp>

<comp id="172" class="1004" name="store_ln157_access_fu_172">
<pin_list>
<pin id="173" dir="0" index="0" bw="10" slack="0"/>
<pin id="174" dir="0" index="1" bw="32" slack="0"/>
<pin id="175" dir="0" index="2" bw="0" slack="2147483647"/>
<pin id="176" dir="1" index="3" bw="32" slack="2147483647"/>
</pin_list>
<bind>
<opcode="store(28) " fcode="store"/>
<opset="store_ln157/3 "/>
</bind>
</comp>

<comp id="179" class="1004" name="store_ln0_store_fu_179">
<pin_list>
<pin id="180" dir="0" index="0" bw="1" slack="0"/>
<pin id="181" dir="0" index="1" bw="10" slack="0"/>
<pin id="182" dir="1" index="2" bw="0" slack="2147483647"/>
</pin_list>
<bind>
<opcode="store(28) " fcode="store"/>
<opset="store_ln0/1 "/>
</bind>
</comp>

<comp id="184" class="1004" name="store_ln0_store_fu_184">
<pin_list>
<pin id="185" dir="0" index="0" bw="1" slack="0"/>
<pin id="186" dir="0" index="1" bw="5" slack="0"/>
<pin id="187" dir="1" index="2" bw="0" slack="2147483647"/>
</pin_list>
<bind>
<opcode="store(28) " fcode="store"/>
<opset="store_ln0/1 "/>
</bind>
</comp>

<comp id="189" class="1004" name="store_ln0_store_fu_189">
<pin_list>
<pin id="190" dir="0" index="0" bw="1" slack="0"/>
<pin id="191" dir="0" index="1" bw="5" slack="0"/>
<pin id="192" dir="1" index="2" bw="0" slack="2147483647"/>
</pin_list>
<bind>
<opcode="store(28) " fcode="store"/>
<opset="store_ln0/1 "/>
</bind>
</comp>

<comp id="194" class="1004" name="indvar_flatten6_load_load_fu_194">
<pin_list>
<pin id="195" dir="0" index="0" bw="10" slack="0"/>
<pin id="196" dir="1" index="1" bw="10" slack="0"/>
</pin_list>
<bind>
<opcode="load(27) " fcode="load"/>
<opset="indvar_flatten6_load/1 "/>
</bind>
</comp>

<comp id="197" class="1004" name="icmp_ln146_fu_197">
<pin_list>
<pin id="198" dir="0" index="0" bw="10" slack="0"/>
<pin id="199" dir="0" index="1" bw="8" slack="0"/>
<pin id="200" dir="1" index="2" bw="1" slack="1"/>
</pin_list>
<bind>
<opcode="icmp(45) " fcode="icmp"/>
<opset="icmp_ln146/1 "/>
</bind>
</comp>

<comp id="203" class="1004" name="add_ln146_1_fu_203">
<pin_list>
<pin id="204" dir="0" index="0" bw="10" slack="0"/>
<pin id="205" dir="0" index="1" bw="1" slack="0"/>
<pin id="206" dir="1" index="2" bw="10" slack="0"/>
</pin_list>
<bind>
<opcode="add(8) " fcode="add"/>
<opset="add_ln146_1/1 "/>
</bind>
</comp>

<comp id="209" class="1004" name="j_load_load_fu_209">
<pin_list>
<pin id="210" dir="0" index="0" bw="5" slack="0"/>
<pin id="211" dir="1" index="1" bw="5" slack="0"/>
</pin_list>
<bind>
<opcode="load(27) " fcode="load"/>
<opset="j_load/1 "/>
</bind>
</comp>

<comp id="212" class="1004" name="i_load_load_fu_212">
<pin_list>
<pin id="213" dir="0" index="0" bw="5" slack="0"/>
<pin id="214" dir="1" index="1" bw="5" slack="0"/>
</pin_list>
<bind>
<opcode="load(27) " fcode="load"/>
<opset="i_load/1 "/>
</bind>
</comp>

<comp id="215" class="1004" name="add_ln146_fu_215">
<pin_list>
<pin id="216" dir="0" index="0" bw="5" slack="0"/>
<pin id="217" dir="0" index="1" bw="1" slack="0"/>
<pin id="218" dir="1" index="2" bw="5" slack="0"/>
</pin_list>
<bind>
<opcode="add(8) " fcode="add"/>
<opset="add_ln146/1 "/>
</bind>
</comp>

<comp id="221" class="1004" name="icmp_ln148_fu_221">
<pin_list>
<pin id="222" dir="0" index="0" bw="5" slack="0"/>
<pin id="223" dir="0" index="1" bw="2" slack="0"/>
<pin id="224" dir="1" index="2" bw="1" slack="0"/>
</pin_list>
<bind>
<opcode="icmp(45) " fcode="icmp"/>
<opset="icmp_ln148/1 "/>
</bind>
</comp>

<comp id="227" class="1004" name="select_ln146_fu_227">
<pin_list>
<pin id="228" dir="0" index="0" bw="1" slack="0"/>
<pin id="229" dir="0" index="1" bw="1" slack="0"/>
<pin id="230" dir="0" index="2" bw="5" slack="0"/>
<pin id="231" dir="1" index="3" bw="5" slack="0"/>
</pin_list>
<bind>
<opcode="select(49) " fcode="select"/>
<opset="select_ln146/1 "/>
</bind>
</comp>

<comp id="235" class="1004" name="select_ln146_1_fu_235">
<pin_list>
<pin id="236" dir="0" index="0" bw="1" slack="0"/>
<pin id="237" dir="0" index="1" bw="5" slack="0"/>
<pin id="238" dir="0" index="2" bw="5" slack="0"/>
<pin id="239" dir="1" index="3" bw="5" slack="0"/>
</pin_list>
<bind>
<opcode="select(49) " fcode="select"/>
<opset="select_ln146_1/1 "/>
</bind>
</comp>

<comp id="243" class="1004" name="tmp_53_fu_243">
<pin_list>
<pin id="244" dir="0" index="0" bw="10" slack="0"/>
<pin id="245" dir="0" index="1" bw="5" slack="0"/>
<pin id="246" dir="0" index="2" bw="1" slack="0"/>
<pin id="247" dir="1" index="3" bw="10" slack="0"/>
</pin_list>
<bind>
<opcode="bitconcatenate(1004) " fcode="bitconcatenate"/>
<opset="tmp_53/1 "/>
</bind>
</comp>

<comp id="251" class="1004" name="tmp_54_fu_251">
<pin_list>
<pin id="252" dir="0" index="0" bw="6" slack="0"/>
<pin id="253" dir="0" index="1" bw="5" slack="0"/>
<pin id="254" dir="0" index="2" bw="1" slack="0"/>
<pin id="255" dir="1" index="3" bw="6" slack="0"/>
</pin_list>
<bind>
<opcode="bitconcatenate(1004) " fcode="bitconcatenate"/>
<opset="tmp_54/1 "/>
</bind>
</comp>

<comp id="259" class="1004" name="zext_ln150_fu_259">
<pin_list>
<pin id="260" dir="0" index="0" bw="6" slack="0"/>
<pin id="261" dir="1" index="1" bw="10" slack="0"/>
</pin_list>
<bind>
<opcode="zext(34) " fcode="zext"/>
<opset="zext_ln150/1 "/>
</bind>
</comp>

<comp id="263" class="1004" name="sub_ln150_fu_263">
<pin_list>
<pin id="264" dir="0" index="0" bw="10" slack="0"/>
<pin id="265" dir="0" index="1" bw="6" slack="0"/>
<pin id="266" dir="1" index="2" bw="10" slack="0"/>
</pin_list>
<bind>
<opcode="sub(10) " fcode="sub"/>
<opset="sub_ln150/1 "/>
</bind>
</comp>

<comp id="269" class="1004" name="zext_ln150_1_fu_269">
<pin_list>
<pin id="270" dir="0" index="0" bw="5" slack="0"/>
<pin id="271" dir="1" index="1" bw="10" slack="0"/>
</pin_list>
<bind>
<opcode="zext(34) " fcode="zext"/>
<opset="zext_ln150_1/1 "/>
</bind>
</comp>

<comp id="273" class="1004" name="add_ln150_fu_273">
<pin_list>
<pin id="274" dir="0" index="0" bw="10" slack="0"/>
<pin id="275" dir="0" index="1" bw="5" slack="0"/>
<pin id="276" dir="1" index="2" bw="10" slack="1"/>
</pin_list>
<bind>
<opcode="add(8) " fcode="add"/>
<opset="add_ln150/1 "/>
</bind>
</comp>

<comp id="279" class="1004" name="add_ln148_fu_279">
<pin_list>
<pin id="280" dir="0" index="0" bw="5" slack="0"/>
<pin id="281" dir="0" index="1" bw="1" slack="0"/>
<pin id="282" dir="1" index="2" bw="5" slack="0"/>
</pin_list>
<bind>
<opcode="add(8) " fcode="add"/>
<opset="add_ln148/1 "/>
</bind>
</comp>

<comp id="285" class="1004" name="store_ln148_store_fu_285">
<pin_list>
<pin id="286" dir="0" index="0" bw="10" slack="0"/>
<pin id="287" dir="0" index="1" bw="10" slack="0"/>
<pin id="288" dir="1" index="2" bw="0" slack="2147483647"/>
</pin_list>
<bind>
<opcode="store(28) " fcode="store"/>
<opset="store_ln148/1 "/>
</bind>
</comp>

<comp id="290" class="1004" name="store_ln148_store_fu_290">
<pin_list>
<pin id="291" dir="0" index="0" bw="5" slack="0"/>
<pin id="292" dir="0" index="1" bw="5" slack="0"/>
<pin id="293" dir="1" index="2" bw="0" slack="2147483647"/>
</pin_list>
<bind>
<opcode="store(28) " fcode="store"/>
<opset="store_ln148/1 "/>
</bind>
</comp>

<comp id="295" class="1004" name="store_ln148_store_fu_295">
<pin_list>
<pin id="296" dir="0" index="0" bw="5" slack="0"/>
<pin id="297" dir="0" index="1" bw="5" slack="0"/>
<pin id="298" dir="1" index="2" bw="0" slack="2147483647"/>
</pin_list>
<bind>
<opcode="store(28) " fcode="store"/>
<opset="store_ln148/1 "/>
</bind>
</comp>

<comp id="300" class="1004" name="zext_ln150_2_fu_300">
<pin_list>
<pin id="301" dir="0" index="0" bw="10" slack="1"/>
<pin id="302" dir="1" index="1" bw="64" slack="0"/>
</pin_list>
<bind>
<opcode="zext(34) " fcode="zext"/>
<opset="zext_ln150_2/2 "/>
</bind>
</comp>

<comp id="304" class="1005" name="j_reg_304">
<pin_list>
<pin id="305" dir="0" index="0" bw="5" slack="0"/>
<pin id="306" dir="1" index="1" bw="5" slack="0"/>
</pin_list>
<bind>
<opset="j "/>
</bind>
</comp>

<comp id="311" class="1005" name="i_reg_311">
<pin_list>
<pin id="312" dir="0" index="0" bw="5" slack="0"/>
<pin id="313" dir="1" index="1" bw="5" slack="0"/>
</pin_list>
<bind>
<opset="i "/>
</bind>
</comp>

<comp id="318" class="1005" name="indvar_flatten6_reg_318">
<pin_list>
<pin id="319" dir="0" index="0" bw="10" slack="0"/>
<pin id="320" dir="1" index="1" bw="10" slack="0"/>
</pin_list>
<bind>
<opset="indvar_flatten6 "/>
</bind>
</comp>

<comp id="325" class="1005" name="icmp_ln146_reg_325">
<pin_list>
<pin id="326" dir="0" index="0" bw="1" slack="1"/>
<pin id="327" dir="1" index="1" bw="1" slack="2147483647"/>
</pin_list>
<bind>
<opset="icmp_ln146 "/>
</bind>
</comp>

<comp id="329" class="1005" name="add_ln150_reg_329">
<pin_list>
<pin id="330" dir="0" index="0" bw="10" slack="1"/>
<pin id="331" dir="1" index="1" bw="10" slack="1"/>
</pin_list>
<bind>
<opset="add_ln150 "/>
</bind>
</comp>

<comp id="334" class="1005" name="zext_ln150_2_reg_334">
<pin_list>
<pin id="335" dir="0" index="0" bw="64" slack="1"/>
<pin id="336" dir="1" index="1" bw="64" slack="1"/>
</pin_list>
<bind>
<opset="zext_ln150_2 "/>
</bind>
</comp>

<comp id="345" class="1005" name="pad_img_addr_reg_345">
<pin_list>
<pin id="346" dir="0" index="0" bw="10" slack="1"/>
<pin id="347" dir="1" index="1" bw="10" slack="1"/>
</pin_list>
<bind>
<opset="pad_img_addr "/>
</bind>
</comp>

</comp_list>

<net_list>
<net id="59"><net_src comp="16" pin="0"/><net_sink comp="56" pin=0"/></net>

<net id="63"><net_src comp="16" pin="0"/><net_sink comp="60" pin=0"/></net>

<net id="67"><net_src comp="16" pin="0"/><net_sink comp="64" pin=0"/></net>

<net id="73"><net_src comp="0" pin="0"/><net_sink comp="68" pin=0"/></net>

<net id="74"><net_src comp="44" pin="0"/><net_sink comp="68" pin=1"/></net>

<net id="80"><net_src comp="68" pin="3"/><net_sink comp="75" pin=0"/></net>

<net id="86"><net_src comp="2" pin="0"/><net_sink comp="81" pin=0"/></net>

<net id="87"><net_src comp="44" pin="0"/><net_sink comp="81" pin=1"/></net>

<net id="93"><net_src comp="4" pin="0"/><net_sink comp="88" pin=0"/></net>

<net id="94"><net_src comp="44" pin="0"/><net_sink comp="88" pin=1"/></net>

<net id="100"><net_src comp="6" pin="0"/><net_sink comp="95" pin=0"/></net>

<net id="101"><net_src comp="44" pin="0"/><net_sink comp="95" pin=1"/></net>

<net id="107"><net_src comp="8" pin="0"/><net_sink comp="102" pin=0"/></net>

<net id="108"><net_src comp="44" pin="0"/><net_sink comp="102" pin=1"/></net>

<net id="114"><net_src comp="10" pin="0"/><net_sink comp="109" pin=0"/></net>

<net id="115"><net_src comp="44" pin="0"/><net_sink comp="109" pin=1"/></net>

<net id="121"><net_src comp="12" pin="0"/><net_sink comp="116" pin=0"/></net>

<net id="122"><net_src comp="44" pin="0"/><net_sink comp="116" pin=1"/></net>

<net id="128"><net_src comp="14" pin="0"/><net_sink comp="123" pin=0"/></net>

<net id="129"><net_src comp="44" pin="0"/><net_sink comp="123" pin=1"/></net>

<net id="135"><net_src comp="75" pin="3"/><net_sink comp="130" pin=1"/></net>

<net id="136"><net_src comp="81" pin="3"/><net_sink comp="130" pin=0"/></net>

<net id="142"><net_src comp="75" pin="3"/><net_sink comp="137" pin=1"/></net>

<net id="143"><net_src comp="88" pin="3"/><net_sink comp="137" pin=0"/></net>

<net id="149"><net_src comp="75" pin="3"/><net_sink comp="144" pin=1"/></net>

<net id="150"><net_src comp="95" pin="3"/><net_sink comp="144" pin=0"/></net>

<net id="156"><net_src comp="75" pin="3"/><net_sink comp="151" pin=1"/></net>

<net id="157"><net_src comp="102" pin="3"/><net_sink comp="151" pin=0"/></net>

<net id="163"><net_src comp="75" pin="3"/><net_sink comp="158" pin=1"/></net>

<net id="164"><net_src comp="109" pin="3"/><net_sink comp="158" pin=0"/></net>

<net id="170"><net_src comp="75" pin="3"/><net_sink comp="165" pin=1"/></net>

<net id="171"><net_src comp="116" pin="3"/><net_sink comp="165" pin=0"/></net>

<net id="177"><net_src comp="75" pin="3"/><net_sink comp="172" pin=1"/></net>

<net id="178"><net_src comp="123" pin="3"/><net_sink comp="172" pin=0"/></net>

<net id="183"><net_src comp="18" pin="0"/><net_sink comp="179" pin=0"/></net>

<net id="188"><net_src comp="20" pin="0"/><net_sink comp="184" pin=0"/></net>

<net id="193"><net_src comp="20" pin="0"/><net_sink comp="189" pin=0"/></net>

<net id="201"><net_src comp="194" pin="1"/><net_sink comp="197" pin=0"/></net>

<net id="202"><net_src comp="30" pin="0"/><net_sink comp="197" pin=1"/></net>

<net id="207"><net_src comp="194" pin="1"/><net_sink comp="203" pin=0"/></net>

<net id="208"><net_src comp="32" pin="0"/><net_sink comp="203" pin=1"/></net>

<net id="219"><net_src comp="212" pin="1"/><net_sink comp="215" pin=0"/></net>

<net id="220"><net_src comp="34" pin="0"/><net_sink comp="215" pin=1"/></net>

<net id="225"><net_src comp="209" pin="1"/><net_sink comp="221" pin=0"/></net>

<net id="226"><net_src comp="36" pin="0"/><net_sink comp="221" pin=1"/></net>

<net id="232"><net_src comp="221" pin="2"/><net_sink comp="227" pin=0"/></net>

<net id="233"><net_src comp="20" pin="0"/><net_sink comp="227" pin=1"/></net>

<net id="234"><net_src comp="209" pin="1"/><net_sink comp="227" pin=2"/></net>

<net id="240"><net_src comp="221" pin="2"/><net_sink comp="235" pin=0"/></net>

<net id="241"><net_src comp="215" pin="2"/><net_sink comp="235" pin=1"/></net>

<net id="242"><net_src comp="212" pin="1"/><net_sink comp="235" pin=2"/></net>

<net id="248"><net_src comp="38" pin="0"/><net_sink comp="243" pin=0"/></net>

<net id="249"><net_src comp="235" pin="3"/><net_sink comp="243" pin=1"/></net>

<net id="250"><net_src comp="20" pin="0"/><net_sink comp="243" pin=2"/></net>

<net id="256"><net_src comp="40" pin="0"/><net_sink comp="251" pin=0"/></net>

<net id="257"><net_src comp="235" pin="3"/><net_sink comp="251" pin=1"/></net>

<net id="258"><net_src comp="42" pin="0"/><net_sink comp="251" pin=2"/></net>

<net id="262"><net_src comp="251" pin="3"/><net_sink comp="259" pin=0"/></net>

<net id="267"><net_src comp="243" pin="3"/><net_sink comp="263" pin=0"/></net>

<net id="268"><net_src comp="259" pin="1"/><net_sink comp="263" pin=1"/></net>

<net id="272"><net_src comp="227" pin="3"/><net_sink comp="269" pin=0"/></net>

<net id="277"><net_src comp="263" pin="2"/><net_sink comp="273" pin=0"/></net>

<net id="278"><net_src comp="269" pin="1"/><net_sink comp="273" pin=1"/></net>

<net id="283"><net_src comp="227" pin="3"/><net_sink comp="279" pin=0"/></net>

<net id="284"><net_src comp="34" pin="0"/><net_sink comp="279" pin=1"/></net>

<net id="289"><net_src comp="203" pin="2"/><net_sink comp="285" pin=0"/></net>

<net id="294"><net_src comp="235" pin="3"/><net_sink comp="290" pin=0"/></net>

<net id="299"><net_src comp="279" pin="2"/><net_sink comp="295" pin=0"/></net>

<net id="303"><net_src comp="300" pin="1"/><net_sink comp="68" pin=2"/></net>

<net id="307"><net_src comp="56" pin="1"/><net_sink comp="304" pin=0"/></net>

<net id="308"><net_src comp="304" pin="1"/><net_sink comp="189" pin=1"/></net>

<net id="309"><net_src comp="304" pin="1"/><net_sink comp="209" pin=0"/></net>

<net id="310"><net_src comp="304" pin="1"/><net_sink comp="295" pin=1"/></net>

<net id="314"><net_src comp="60" pin="1"/><net_sink comp="311" pin=0"/></net>

<net id="315"><net_src comp="311" pin="1"/><net_sink comp="184" pin=1"/></net>

<net id="316"><net_src comp="311" pin="1"/><net_sink comp="212" pin=0"/></net>

<net id="317"><net_src comp="311" pin="1"/><net_sink comp="290" pin=1"/></net>

<net id="321"><net_src comp="64" pin="1"/><net_sink comp="318" pin=0"/></net>

<net id="322"><net_src comp="318" pin="1"/><net_sink comp="179" pin=1"/></net>

<net id="323"><net_src comp="318" pin="1"/><net_sink comp="194" pin=0"/></net>

<net id="324"><net_src comp="318" pin="1"/><net_sink comp="285" pin=1"/></net>

<net id="328"><net_src comp="197" pin="2"/><net_sink comp="325" pin=0"/></net>

<net id="332"><net_src comp="273" pin="2"/><net_sink comp="329" pin=0"/></net>

<net id="333"><net_src comp="329" pin="1"/><net_sink comp="300" pin=0"/></net>

<net id="337"><net_src comp="300" pin="1"/><net_sink comp="334" pin=0"/></net>

<net id="338"><net_src comp="334" pin="1"/><net_sink comp="81" pin=2"/></net>

<net id="339"><net_src comp="334" pin="1"/><net_sink comp="88" pin=2"/></net>

<net id="340"><net_src comp="334" pin="1"/><net_sink comp="95" pin=2"/></net>

<net id="341"><net_src comp="334" pin="1"/><net_sink comp="102" pin=2"/></net>

<net id="342"><net_src comp="334" pin="1"/><net_sink comp="109" pin=2"/></net>

<net id="343"><net_src comp="334" pin="1"/><net_sink comp="116" pin=2"/></net>

<net id="344"><net_src comp="334" pin="1"/><net_sink comp="123" pin=2"/></net>

<net id="348"><net_src comp="68" pin="3"/><net_sink comp="345" pin=0"/></net>

<net id="349"><net_src comp="345" pin="1"/><net_sink comp="75" pin=0"/></net>

</net_list>

</model> 
---------------- Datapath Model END ------------------

* FSMD analyzer results:
  - Output states:
	Port: pad_img1 | {3 }
	Port: pad_img2 | {3 }
	Port: pad_img3 | {3 }
	Port: pad_img4 | {3 }
	Port: pad_img5 | {3 }
	Port: pad_img6 | {3 }
	Port: pad_img7 | {3 }
 - Input state : 
	Port: cnn_Pipeline_clone_for_rows_clone_for_cols : pad_img | {2 3 }
  - Chain level:
	State 1
		store_ln0 : 1
		store_ln0 : 1
		store_ln0 : 1
		indvar_flatten6_load : 1
		icmp_ln146 : 2
		add_ln146_1 : 2
		br_ln146 : 3
		j_load : 1
		i_load : 1
		add_ln146 : 2
		icmp_ln148 : 2
		select_ln146 : 3
		select_ln146_1 : 3
		tmp_53 : 4
		tmp_54 : 4
		zext_ln150 : 5
		sub_ln150 : 6
		zext_ln150_1 : 4
		add_ln150 : 7
		add_ln148 : 4
		store_ln148 : 3
		store_ln148 : 4
		store_ln148 : 5
	State 2
		pad_img_addr : 1
		value : 2
	State 3
		store_ln151 : 1
		store_ln152 : 1
		store_ln153 : 1
		store_ln154 : 1
		store_ln155 : 1
		store_ln156 : 1
		store_ln157 : 1


============================================================
+ Verbose Summary: Datapath Resource usage 
============================================================

* Functional unit list:
|----------|-----------------------|---------|---------|
| Operation|    Functional Unit    |    FF   |   LUT   |
|----------|-----------------------|---------|---------|
|          |   add_ln146_1_fu_203  |    0    |    17   |
|    add   |    add_ln146_fu_215   |    0    |    13   |
|          |    add_ln150_fu_273   |    0    |    10   |
|          |    add_ln148_fu_279   |    0    |    13   |
|----------|-----------------------|---------|---------|
|   icmp   |   icmp_ln146_fu_197   |    0    |    11   |
|          |   icmp_ln148_fu_221   |    0    |    9    |
|----------|-----------------------|---------|---------|
|  select  |  select_ln146_fu_227  |    0    |    5    |
|          | select_ln146_1_fu_235 |    0    |    5    |
|----------|-----------------------|---------|---------|
|    sub   |    sub_ln150_fu_263   |    0    |    10   |
|----------|-----------------------|---------|---------|
|bitconcatenate|     tmp_53_fu_243     |    0    |    0    |
|          |     tmp_54_fu_251     |    0    |    0    |
|----------|-----------------------|---------|---------|
|          |   zext_ln150_fu_259   |    0    |    0    |
|   zext   |  zext_ln150_1_fu_269  |    0    |    0    |
|          |  zext_ln150_2_fu_300  |    0    |    0    |
|----------|-----------------------|---------|---------|
|   Total  |                       |    0    |    93   |
|----------|-----------------------|---------|---------|

Memories:
N/A

* Register list:
+-----------------------+--------+
|                       |   FF   |
+-----------------------+--------+
|   add_ln150_reg_329   |   10   |
|       i_reg_311       |    5   |
|   icmp_ln146_reg_325  |    1   |
|indvar_flatten6_reg_318|   10   |
|       j_reg_304       |    5   |
|  pad_img_addr_reg_345 |   10   |
|  zext_ln150_2_reg_334 |   64   |
+-----------------------+--------+
|         Total         |   105  |
+-----------------------+--------+

* Multiplexer (MUX) list: 
|------------------|------|------|------|--------||---------||---------|
|       Comp       |  Pin | Size |  BW  | S x BW ||  Delay  ||   LUT   |
|------------------|------|------|------|--------||---------||---------|
| grp_access_fu_75 |  p0  |   2  |  10  |   20   ||    9    |
|------------------|------|------|------|--------||---------||---------|
|       Total      |      |      |      |   20   ||   1.61  ||    9    |
|------------------|------|------|------|--------||---------||---------|



* Summary:
+-----------+--------+--------+--------+
|           |  Delay |   FF   |   LUT  |
+-----------+--------+--------+--------+
|  Function |    -   |    0   |   93   |
|   Memory  |    -   |    -   |    -   |
|Multiplexer|    1   |    -   |    9   |
|  Register |    -   |   105  |    -   |
+-----------+--------+--------+--------+
|   Total   |    1   |   105  |   102  |
+-----------+--------+--------+--------+
