

================================================================
== Vitis HLS Report for 'cnn_Pipeline_10'
================================================================
* Date:           Thu Apr 20 17:57:20 2023

* Version:        2022.2 (Build 3670227 on Oct 13 2022)
* Project:        Project
* Solution:       solution1 (Vivado IP Flow Target)
* Product family: artix7
* Target device:  xc7a200t-fbg484-1


================================================================
== Performance Estimates
================================================================
+ Timing: 
    * Summary: 
    +--------+----------+----------+------------+
    |  Clock |  Target  | Estimated| Uncertainty|
    +--------+----------+----------+------------+
    |ap_clk  |  10.00 ns|  6.095 ns|     2.70 ns|
    +--------+----------+----------+------------+

+ Latency: 
    * Summary: 
    +---------+---------+----------+----------+-----+-----+---------+
    |  Latency (cycles) |  Latency (absolute) |  Interval | Pipeline|
    |   min   |   max   |    min   |    max   | min | max |   Type  |
    +---------+---------+----------+----------+-----+-----+---------+
    |       12|       12|  0.120 us|  0.120 us|   12|   12|       no|
    +---------+---------+----------+----------+-----+-----+---------+

    + Detail: 
        * Instance: 
        N/A

        * Loop: 
        +----------+---------+---------+----------+-----------+-----------+------+----------+
        |          |  Latency (cycles) | Iteration|  Initiation Interval  | Trip |          |
        | Loop Name|   min   |   max   |  Latency |  achieved |   target  | Count| Pipelined|
        +----------+---------+---------+----------+-----------+-----------+------+----------+
        |- Loop 1  |       10|       10|         3|          1|          1|     9|       yes|
        +----------+---------+---------+----------+-----------+-----------+------+----------+

============================================================
+ Verbose Summary: Synthesis Manager
============================================================
InlineROM: 1
ExposeGlobal: 0
============================================================
+ Verbose Summary: CDFG Model
============================================================
IsTopModel: 0
ResetActiveHigh: 1
IsCombinational: 0
IsDatapathOnly: 0
HasWiredReturn: 1
HasMFsm: 2
HasVarLatency: 1
IsPipeline: 0
IsRtlPipelined: 0
IsInstanceOverlapped: 0
IsDontTouch: 0
HasImplIP: 0
IsGatedGlobalClock: 0

+ Individual pipeline summary: 
  * Pipeline-0: initiation interval (II) = 1, depth = 3


============================================================
+ Verbose Summary: Schedule
============================================================
* Number of FSM states : 3
* Pipeline : 1
  Pipeline-0 : II = 1, D = 3, States = { 1 2 3 }
* Dataflow Pipeline: 0

* FSM state transitions: 
1 --> 2 
2 --> 3 
3 --> 

* FSM state operations: 

State 1 <SV = 0> <Delay = 6.09>
ST_1 : Operation 6 [1/1] (0.00ns)   --->   "%phi_urem74 = alloca i32 1"   --->   Operation 6 'alloca' 'phi_urem74' <Predicate = true> <Delay = 0.00>
ST_1 : Operation 7 [1/1] (0.00ns)   --->   "%phi_mul72 = alloca i32 1"   --->   Operation 7 'alloca' 'phi_mul72' <Predicate = true> <Delay = 0.00>
ST_1 : Operation 8 [1/1] (0.00ns)   --->   "%loop_index = alloca i32 1"   --->   Operation 8 'alloca' 'loop_index' <Predicate = true> <Delay = 0.00>
ST_1 : Operation 9 [1/1] (0.00ns)   --->   "%specinterface_ln0 = specinterface void @_ssdm_op_SpecInterface, i32 %weight_buf, void @empty_3, i32 0, i32 0, void @empty_0, i32 4294967295, i32 0, void @empty_0, void @empty_0, void @empty_0, i32 0, i32 0, i32 0, i32 0, void @empty_0, void @empty_0, i32 4294967295, i32 0"   --->   Operation 9 'specinterface' 'specinterface_ln0' <Predicate = true> <Delay = 0.00>
ST_1 : Operation 10 [1/1] (1.61ns)   --->   "%store_ln0 = store i4 0, i4 %loop_index"   --->   Operation 10 'store' 'store_ln0' <Predicate = true> <Delay = 1.61>
ST_1 : Operation 11 [1/1] (1.61ns)   --->   "%store_ln0 = store i8 0, i8 %phi_mul72"   --->   Operation 11 'store' 'store_ln0' <Predicate = true> <Delay = 1.61>
ST_1 : Operation 12 [1/1] (1.61ns)   --->   "%store_ln0 = store i4 0, i4 %phi_urem74"   --->   Operation 12 'store' 'store_ln0' <Predicate = true> <Delay = 1.61>
ST_1 : Operation 13 [1/1] (0.00ns)   --->   "%br_ln0 = br void %load-store-loop"   --->   Operation 13 'br' 'br_ln0' <Predicate = true> <Delay = 0.00>
ST_1 : Operation 14 [1/1] (0.00ns)   --->   "%loop_index_load = load i4 %loop_index"   --->   Operation 14 'load' 'loop_index_load' <Predicate = true> <Delay = 0.00>
ST_1 : Operation 15 [1/1] (0.00ns)   --->   "%specpipeline_ln0 = specpipeline void @_ssdm_op_SpecPipeline, i32 4294967295, i32 0, i32 1, i32 0, void @p_str"   --->   Operation 15 'specpipeline' 'specpipeline_ln0' <Predicate = true> <Delay = 0.00>
ST_1 : Operation 16 [1/1] (1.44ns)   --->   "%exitcond1 = icmp_eq  i4 %loop_index_load, i4 9"   --->   Operation 16 'icmp' 'exitcond1' <Predicate = true> <Delay = 1.44> <CoreInst = "Cmp">   --->   Core 9 'Cmp' <Latency = 0> <II = 1> <Delay = 1.44> <FuncUnit> <Opcode : 'icmp'> <InPorts = 2> <OutPorts = 1>
ST_1 : Operation 17 [1/1] (0.00ns)   --->   "%empty = speclooptripcount i32 @_ssdm_op_SpecLoopTripCount, i64 9, i64 9, i64 9"   --->   Operation 17 'speclooptripcount' 'empty' <Predicate = true> <Delay = 0.00>
ST_1 : Operation 18 [1/1] (1.77ns)   --->   "%empty_160 = add i4 %loop_index_load, i4 1"   --->   Operation 18 'add' 'empty_160' <Predicate = true> <Delay = 1.77> <CoreInst = "Adder">   --->   Core 1 'Adder' <Latency = 0> <II = 1> <Delay = 1.77> <FuncUnit> <Opcode : 'add' 'sub'> <InPorts = 2> <OutPorts = 1>
ST_1 : Operation 19 [1/1] (0.00ns)   --->   "%br_ln0 = br i1 %exitcond1, void %load-store-loop.split, void %memcpy-split.exitStub"   --->   Operation 19 'br' 'br_ln0' <Predicate = true> <Delay = 0.00>
ST_1 : Operation 20 [1/1] (0.00ns)   --->   "%phi_urem74_load = load i4 %phi_urem74"   --->   Operation 20 'load' 'phi_urem74_load' <Predicate = (!exitcond1)> <Delay = 0.00>
ST_1 : Operation 21 [1/1] (0.00ns)   --->   "%phi_mul72_load = load i8 %phi_mul72"   --->   Operation 21 'load' 'phi_mul72_load' <Predicate = (!exitcond1)> <Delay = 0.00>
ST_1 : Operation 22 [1/1] (1.77ns)   --->   "%next_urem75 = add i4 %phi_urem74_load, i4 1"   --->   Operation 22 'add' 'next_urem75' <Predicate = (!exitcond1)> <Delay = 1.77> <CoreInst = "Adder">   --->   Core 1 'Adder' <Latency = 0> <II = 1> <Delay = 1.77> <FuncUnit> <Opcode : 'add' 'sub'> <InPorts = 2> <OutPorts = 1>
ST_1 : Operation 23 [1/1] (1.44ns)   --->   "%empty_161 = icmp_ult  i4 %next_urem75, i4 3"   --->   Operation 23 'icmp' 'empty_161' <Predicate = (!exitcond1)> <Delay = 1.44> <CoreInst = "Cmp">   --->   Core 9 'Cmp' <Latency = 0> <II = 1> <Delay = 1.44> <FuncUnit> <Opcode : 'icmp'> <InPorts = 2> <OutPorts = 1>
ST_1 : Operation 24 [1/1] (0.99ns)   --->   "%idx_urem76 = select i1 %empty_161, i4 %next_urem75, i4 0"   --->   Operation 24 'select' 'idx_urem76' <Predicate = (!exitcond1)> <Delay = 0.99> <CoreInst = "Sel">   --->   Core 73 'Sel' <Latency = 0> <II = 1> <Delay = 0.99> <FuncUnit> <Opcode : 'select'> <InPorts = 3> <OutPorts = 1>
ST_1 : Operation 25 [1/1] (2.11ns)   --->   "%next_mul73 = add i8 %phi_mul72_load, i8 22"   --->   Operation 25 'add' 'next_mul73' <Predicate = (!exitcond1)> <Delay = 2.11> <CoreInst = "Adder">   --->   Core 1 'Adder' <Latency = 0> <II = 1> <Delay = 2.11> <FuncUnit> <Opcode : 'add' 'sub'> <InPorts = 2> <OutPorts = 1>
ST_1 : Operation 26 [1/1] (0.00ns)   --->   "%tmp_s = partselect i2 @_ssdm_op_PartSelect.i2.i8.i32.i32, i8 %phi_mul72_load, i32 6, i32 7"   --->   Operation 26 'partselect' 'tmp_s' <Predicate = (!exitcond1)> <Delay = 0.00>
ST_1 : Operation 27 [1/1] (0.00ns)   --->   "%p_shl = bitconcatenate i6 @_ssdm_op_BitConcatenate.i6.i2.i4, i2 %tmp_s, i4 0"   --->   Operation 27 'bitconcatenate' 'p_shl' <Predicate = (!exitcond1)> <Delay = 0.00>
ST_1 : Operation 28 [1/1] (0.00ns)   --->   "%p_shl14_cast = zext i6 %p_shl"   --->   Operation 28 'zext' 'p_shl14_cast' <Predicate = (!exitcond1)> <Delay = 0.00>
ST_1 : Operation 29 [1/1] (0.00ns)   --->   "%p_shl3 = bitconcatenate i4 @_ssdm_op_BitConcatenate.i4.i2.i2, i2 %tmp_s, i2 0"   --->   Operation 29 'bitconcatenate' 'p_shl3' <Predicate = (!exitcond1)> <Delay = 0.00>
ST_1 : Operation 30 [1/1] (0.00ns)   --->   "%p_shl15_cast = zext i4 %p_shl3"   --->   Operation 30 'zext' 'p_shl15_cast' <Predicate = (!exitcond1)> <Delay = 0.00>
ST_1 : Operation 31 [1/1] (1.94ns)   --->   "%empty_162 = sub i7 %p_shl14_cast, i7 %p_shl15_cast"   --->   Operation 31 'sub' 'empty_162' <Predicate = (!exitcond1)> <Delay = 1.94> <CoreInst = "Adder">   --->   Core 1 'Adder' <Latency = 0> <II = 1> <Delay = 1.94> <FuncUnit> <Opcode : 'add' 'sub'> <InPorts = 2> <OutPorts = 1>
ST_1 : Operation 32 [1/1] (0.00ns) (grouped into LUT with out node tmp5)   --->   "%p_cast10 = sext i7 %empty_162"   --->   Operation 32 'sext' 'p_cast10' <Predicate = (!exitcond1)> <Delay = 0.00>
ST_1 : Operation 33 [1/1] (0.00ns) (grouped into LUT with out node tmp5)   --->   "%empty_163 = shl i4 %phi_urem74_load, i4 2"   --->   Operation 33 'shl' 'empty_163' <Predicate = (!exitcond1)> <Delay = 0.00>
ST_1 : Operation 34 [1/1] (0.00ns) (grouped into LUT with out node tmp5)   --->   "%p_cast11 = zext i4 %empty_163"   --->   Operation 34 'zext' 'p_cast11' <Predicate = (!exitcond1)> <Delay = 0.00>
ST_1 : Operation 35 [1/1] (2.03ns) (out node of the LUT)   --->   "%tmp5 = add i8 %p_cast10, i8 %p_cast11"   --->   Operation 35 'add' 'tmp5' <Predicate = (!exitcond1)> <Delay = 2.03> <CoreInst = "Adder">   --->   Core 1 'Adder' <Latency = 0> <II = 1> <Delay = 2.03> <FuncUnit> <Opcode : 'add' 'sub'> <InPorts = 2> <OutPorts = 1>
ST_1 : Operation 36 [1/1] (0.00ns)   --->   "%tmp5_cast = sext i8 %tmp5"   --->   Operation 36 'sext' 'tmp5_cast' <Predicate = (!exitcond1)> <Delay = 0.00>
ST_1 : Operation 37 [1/1] (2.11ns)   --->   "%empty_164 = add i9 %tmp5_cast, i9 252"   --->   Operation 37 'add' 'empty_164' <Predicate = (!exitcond1)> <Delay = 2.11> <CoreInst = "Adder">   --->   Core 1 'Adder' <Latency = 0> <II = 1> <Delay = 2.11> <FuncUnit> <Opcode : 'add' 'sub'> <InPorts = 2> <OutPorts = 1>
ST_1 : Operation 38 [1/1] (0.00ns)   --->   "%tmp_60 = partselect i7 @_ssdm_op_PartSelect.i7.i9.i32.i32, i9 %empty_164, i32 2, i32 8"   --->   Operation 38 'partselect' 'tmp_60' <Predicate = (!exitcond1)> <Delay = 0.00>
ST_1 : Operation 39 [1/1] (1.61ns)   --->   "%store_ln0 = store i4 %empty_160, i4 %loop_index"   --->   Operation 39 'store' 'store_ln0' <Predicate = (!exitcond1)> <Delay = 1.61>
ST_1 : Operation 40 [1/1] (1.61ns)   --->   "%store_ln0 = store i8 %next_mul73, i8 %phi_mul72"   --->   Operation 40 'store' 'store_ln0' <Predicate = (!exitcond1)> <Delay = 1.61>
ST_1 : Operation 41 [1/1] (1.61ns)   --->   "%store_ln0 = store i4 %idx_urem76, i4 %phi_urem74"   --->   Operation 41 'store' 'store_ln0' <Predicate = (!exitcond1)> <Delay = 1.61>

State 2 <SV = 1> <Delay = 3.25>
ST_2 : Operation 42 [1/1] (0.00ns)   --->   "%p_cast63 = zext i7 %tmp_60"   --->   Operation 42 'zext' 'p_cast63' <Predicate = true> <Delay = 0.00>
ST_2 : Operation 43 [1/1] (0.00ns)   --->   "%weight_buf_addr = getelementptr i32 %weight_buf, i64 0, i64 %p_cast63"   --->   Operation 43 'getelementptr' 'weight_buf_addr' <Predicate = true> <Delay = 0.00>
ST_2 : Operation 44 [2/2] (3.25ns)   --->   "%weight_buf_load = load i7 %weight_buf_addr"   --->   Operation 44 'load' 'weight_buf_load' <Predicate = true> <Delay = 3.25> <CoreInst = "RAM">   --->   Core 82 'RAM' <Latency = 1> <II = 1> <Delay = 3.25> <Storage> <Opcode : 'load' 'store'> <Ports = 2> <Width = 32> <Depth = 72> <RAM>
ST_2 : Operation 51 [1/1] (0.00ns)   --->   "%ret_ln0 = ret"   --->   Operation 51 'ret' 'ret_ln0' <Predicate = (exitcond1)> <Delay = 0.00>

State 3 <SV = 2> <Delay = 5.40>
ST_3 : Operation 45 [1/1] (0.00ns)   --->   "%loop_index_cast = zext i4 %loop_index_load"   --->   Operation 45 'zext' 'loop_index_cast' <Predicate = true> <Delay = 0.00>
ST_3 : Operation 46 [1/1] (0.00ns)   --->   "%weight_buf_7_addr = getelementptr i32 %weight_buf_7, i64 0, i64 %loop_index_cast"   --->   Operation 46 'getelementptr' 'weight_buf_7_addr' <Predicate = true> <Delay = 0.00>
ST_3 : Operation 47 [1/2] (3.25ns)   --->   "%weight_buf_load = load i7 %weight_buf_addr"   --->   Operation 47 'load' 'weight_buf_load' <Predicate = true> <Delay = 3.25> <CoreInst = "RAM">   --->   Core 82 'RAM' <Latency = 1> <II = 1> <Delay = 3.25> <Storage> <Opcode : 'load' 'store'> <Ports = 2> <Width = 32> <Depth = 72> <RAM>
ST_3 : Operation 48 [1/1] (0.00ns)   --->   "%empty_165 = bitcast i32 %weight_buf_load"   --->   Operation 48 'bitcast' 'empty_165' <Predicate = true> <Delay = 0.00>
ST_3 : Operation 49 [1/1] (2.15ns)   --->   "%store_ln0 = store i32 %empty_165, i4 %weight_buf_7_addr"   --->   Operation 49 'store' 'store_ln0' <Predicate = true> <Delay = 2.15> <CoreInst = "RAM">   --->   Core 82 'RAM' <Latency = 1> <II = 1> <Delay = 2.15> <Storage> <Opcode : 'load' 'store'> <Ports = 2> <Width = 32> <Depth = 9> <RAM>
ST_3 : Operation 50 [1/1] (0.00ns)   --->   "%br_ln0 = br void %load-store-loop"   --->   Operation 50 'br' 'br_ln0' <Predicate = true> <Delay = 0.00>


============================================================
+ Verbose Summary: Timing violations
============================================================
Target clock period: 10ns, clock uncertainty: 2.7ns.

 <State 1>: 6.1ns
The critical path consists of the following:
	'alloca' operation ('phi_mul72') [4]  (0 ns)
	'load' operation ('phi_mul72_load') on local variable 'phi_mul72' [20]  (0 ns)
	'sub' operation ('empty_162') [32]  (1.95 ns)
	'add' operation ('tmp5') [36]  (2.03 ns)
	'add' operation ('empty_164') [38]  (2.12 ns)

 <State 2>: 3.26ns
The critical path consists of the following:
	'getelementptr' operation ('weight_buf_addr') [41]  (0 ns)
	'load' operation ('weight_buf_load') on array 'weight_buf' [42]  (3.26 ns)

 <State 3>: 5.41ns
The critical path consists of the following:
	'load' operation ('weight_buf_load') on array 'weight_buf' [42]  (3.26 ns)
	'store' operation ('store_ln0') of variable 'empty_165' on array 'weight_buf_7' [44]  (2.15 ns)


============================================================
+ Verbose Summary: Binding
============================================================
N/A
* FSMD analyzer results:
  - Output states:
 - Input state : 
  - Chain level:
	State 1
	State 2
	State 3


============================================================
+ Verbose Summary: Datapath Resource usage 
============================================================
N/A
