

================================================================
== Vitis HLS Report for 'cnn_Pipeline_9'
================================================================
* Date:           Fri Apr 21 17:46:11 2023

* Version:        2022.2 (Build 3670227 on Oct 13 2022)
* Project:        Project
* Solution:       solution1 (Vivado IP Flow Target)
* Product family: artix7
* Target device:  xc7a200t-fbg484-1


================================================================
== Performance Estimates
================================================================
+ Timing: 
    * Summary: 
    +--------+----------+----------+------------+
    |  Clock |  Target  | Estimated| Uncertainty|
    +--------+----------+----------+------------+
    |ap_clk  |  10.00 ns|  5.817 ns|     2.70 ns|
    +--------+----------+----------+------------+

+ Latency: 
    * Summary: 
    +---------+---------+----------+----------+-----+-----+---------+
    |  Latency (cycles) |  Latency (absolute) |  Interval | Pipeline|
    |   min   |   max   |    min   |    max   | min | max |   Type  |
    +---------+---------+----------+----------+-----+-----+---------+
    |       12|       12|  0.120 us|  0.120 us|   12|   12|       no|
    +---------+---------+----------+----------+-----+-----+---------+

    + Detail: 
        * Instance: 
        N/A

        * Loop: 
        +----------+---------+---------+----------+-----------+-----------+------+----------+
        |          |  Latency (cycles) | Iteration|  Initiation Interval  | Trip |          |
        | Loop Name|   min   |   max   |  Latency |  achieved |   target  | Count| Pipelined|
        +----------+---------+---------+----------+-----------+-----------+------+----------+
        |- Loop 1  |       10|       10|         3|          1|          1|     9|       yes|
        +----------+---------+---------+----------+-----------+-----------+------+----------+

============================================================
+ Verbose Summary: Synthesis Manager
============================================================
InlineROM: 1
ExposeGlobal: 0
============================================================
+ Verbose Summary: CDFG Model
============================================================
IsTopModel: 0
ResetActiveHigh: 1
IsCombinational: 0
IsDatapathOnly: 0
HasWiredReturn: 1
HasMFsm: 2
HasVarLatency: 1
IsPipeline: 0
IsRtlPipelined: 0
IsInstanceOverlapped: 0
IsDontTouch: 0
HasImplIP: 0
IsGatedGlobalClock: 0

+ Individual pipeline summary: 
  * Pipeline-0: initiation interval (II) = 1, depth = 3


============================================================
+ Verbose Summary: Schedule
============================================================
* Number of FSM states : 3
* Pipeline : 1
  Pipeline-0 : II = 1, D = 3, States = { 1 2 3 }
* Dataflow Pipeline: 0

* FSM state transitions: 
1 --> 2 
2 --> 3 
3 --> 

* FSM state operations: 

State 1 <SV = 0> <Delay = 3.72>
ST_1 : Operation 6 [1/1] (0.00ns)   --->   "%phi_urem69 = alloca i32 1"   --->   Operation 6 'alloca' 'phi_urem69' <Predicate = true> <Delay = 0.00>
ST_1 : Operation 7 [1/1] (0.00ns)   --->   "%phi_mul67 = alloca i32 1"   --->   Operation 7 'alloca' 'phi_mul67' <Predicate = true> <Delay = 0.00>
ST_1 : Operation 8 [1/1] (0.00ns)   --->   "%loop_index20 = alloca i32 1"   --->   Operation 8 'alloca' 'loop_index20' <Predicate = true> <Delay = 0.00>
ST_1 : Operation 9 [1/1] (0.00ns)   --->   "%specinterface_ln0 = specinterface void @_ssdm_op_SpecInterface, i32 %weight_buf, void @empty_3, i32 0, i32 0, void @empty_0, i32 4294967295, i32 0, void @empty_0, void @empty_0, void @empty_0, i32 0, i32 0, i32 0, i32 0, void @empty_0, void @empty_0, i32 4294967295, i32 0"   --->   Operation 9 'specinterface' 'specinterface_ln0' <Predicate = true> <Delay = 0.00>
ST_1 : Operation 10 [1/1] (1.61ns)   --->   "%store_ln0 = store i4 0, i4 %loop_index20"   --->   Operation 10 'store' 'store_ln0' <Predicate = true> <Delay = 1.61>
ST_1 : Operation 11 [1/1] (1.61ns)   --->   "%store_ln0 = store i8 0, i8 %phi_mul67"   --->   Operation 11 'store' 'store_ln0' <Predicate = true> <Delay = 1.61>
ST_1 : Operation 12 [1/1] (1.61ns)   --->   "%store_ln0 = store i4 0, i4 %phi_urem69"   --->   Operation 12 'store' 'store_ln0' <Predicate = true> <Delay = 1.61>
ST_1 : Operation 13 [1/1] (0.00ns)   --->   "%br_ln0 = br void %load-store-loop19"   --->   Operation 13 'br' 'br_ln0' <Predicate = true> <Delay = 0.00>
ST_1 : Operation 14 [1/1] (0.00ns)   --->   "%loop_index20_load = load i4 %loop_index20"   --->   Operation 14 'load' 'loop_index20_load' <Predicate = true> <Delay = 0.00>
ST_1 : Operation 15 [1/1] (0.00ns)   --->   "%specpipeline_ln0 = specpipeline void @_ssdm_op_SpecPipeline, i32 4294967295, i32 0, i32 1, i32 0, void @p_str"   --->   Operation 15 'specpipeline' 'specpipeline_ln0' <Predicate = true> <Delay = 0.00>
ST_1 : Operation 16 [1/1] (1.44ns)   --->   "%exitcond442 = icmp_eq  i4 %loop_index20_load, i4 9"   --->   Operation 16 'icmp' 'exitcond442' <Predicate = true> <Delay = 1.44> <CoreInst = "Cmp">   --->   Core 9 'Cmp' <Latency = 0> <II = 1> <Delay = 1.44> <FuncUnit> <Opcode : 'icmp'> <InPorts = 2> <OutPorts = 1>
ST_1 : Operation 17 [1/1] (0.00ns)   --->   "%empty = speclooptripcount i32 @_ssdm_op_SpecLoopTripCount, i64 9, i64 9, i64 9"   --->   Operation 17 'speclooptripcount' 'empty' <Predicate = true> <Delay = 0.00>
ST_1 : Operation 18 [1/1] (1.77ns)   --->   "%empty_117 = add i4 %loop_index20_load, i4 1"   --->   Operation 18 'add' 'empty_117' <Predicate = true> <Delay = 1.77> <CoreInst = "Adder">   --->   Core 1 'Adder' <Latency = 0> <II = 1> <Delay = 1.77> <FuncUnit> <Opcode : 'add' 'sub'> <InPorts = 2> <OutPorts = 1>
ST_1 : Operation 19 [1/1] (0.00ns)   --->   "%br_ln0 = br i1 %exitcond442, void %load-store-loop19.split, void %load-store-loop.preheader.exitStub"   --->   Operation 19 'br' 'br_ln0' <Predicate = true> <Delay = 0.00>
ST_1 : Operation 20 [1/1] (0.00ns)   --->   "%phi_mul67_load = load i8 %phi_mul67"   --->   Operation 20 'load' 'phi_mul67_load' <Predicate = (!exitcond442)> <Delay = 0.00>
ST_1 : Operation 21 [1/1] (2.11ns)   --->   "%next_mul68 = add i8 %phi_mul67_load, i8 22"   --->   Operation 21 'add' 'next_mul68' <Predicate = (!exitcond442)> <Delay = 2.11> <CoreInst = "Adder">   --->   Core 1 'Adder' <Latency = 0> <II = 1> <Delay = 2.11> <FuncUnit> <Opcode : 'add' 'sub'> <InPorts = 2> <OutPorts = 1>
ST_1 : Operation 22 [1/1] (0.00ns)   --->   "%tmp_s = partselect i2 @_ssdm_op_PartSelect.i2.i8.i32.i32, i8 %phi_mul67_load, i32 6, i32 7"   --->   Operation 22 'partselect' 'tmp_s' <Predicate = (!exitcond442)> <Delay = 0.00>
ST_1 : Operation 23 [1/1] (0.00ns)   --->   "%p_shl = bitconcatenate i6 @_ssdm_op_BitConcatenate.i6.i2.i4, i2 %tmp_s, i4 0"   --->   Operation 23 'bitconcatenate' 'p_shl' <Predicate = (!exitcond442)> <Delay = 0.00>
ST_1 : Operation 24 [1/1] (0.00ns)   --->   "%p_shl12_cast = zext i6 %p_shl"   --->   Operation 24 'zext' 'p_shl12_cast' <Predicate = (!exitcond442)> <Delay = 0.00>
ST_1 : Operation 25 [1/1] (0.00ns)   --->   "%p_shl1 = bitconcatenate i4 @_ssdm_op_BitConcatenate.i4.i2.i2, i2 %tmp_s, i2 0"   --->   Operation 25 'bitconcatenate' 'p_shl1' <Predicate = (!exitcond442)> <Delay = 0.00>
ST_1 : Operation 26 [1/1] (0.00ns)   --->   "%p_shl13_cast = zext i4 %p_shl1"   --->   Operation 26 'zext' 'p_shl13_cast' <Predicate = (!exitcond442)> <Delay = 0.00>
ST_1 : Operation 27 [1/1] (0.00ns) (grouped into TernaryAdder)   --->   "%empty_119 = sub i7 %p_shl12_cast, i7 %p_shl13_cast"   --->   Operation 27 'sub' 'empty_119' <Predicate = (!exitcond442)> <Delay = 0.00> <CoreInst = "TAddSub">   --->   Core 10 'TAddSub' <Latency = 0> <II = 1> <Delay = 1.77> <IPBlock> <Opcode : 'add' 'sub'> <InPorts = 3> <OutPorts = 1> <Sync> <CReg>
ST_1 : Operation 28 [1/1] (3.54ns) (root node of TernaryAdder)   --->   "%empty_121 = add i7 %empty_119, i7 88"   --->   Operation 28 'add' 'empty_121' <Predicate = (!exitcond442)> <Delay = 3.54> <CoreInst = "TAddSub">   --->   Core 10 'TAddSub' <Latency = 0> <II = 1> <Delay = 1.77> <IPBlock> <Opcode : 'add' 'sub'> <InPorts = 3> <OutPorts = 1> <Sync> <CReg>
ST_1 : Operation 29 [1/1] (1.61ns)   --->   "%store_ln0 = store i4 %empty_117, i4 %loop_index20"   --->   Operation 29 'store' 'store_ln0' <Predicate = (!exitcond442)> <Delay = 1.61>
ST_1 : Operation 30 [1/1] (1.61ns)   --->   "%store_ln0 = store i8 %next_mul68, i8 %phi_mul67"   --->   Operation 30 'store' 'store_ln0' <Predicate = (!exitcond442)> <Delay = 1.61>

State 2 <SV = 1> <Delay = 5.81>
ST_2 : Operation 31 [1/1] (0.00ns)   --->   "%phi_urem69_load = load i4 %phi_urem69"   --->   Operation 31 'load' 'phi_urem69_load' <Predicate = true> <Delay = 0.00>
ST_2 : Operation 32 [1/1] (1.77ns)   --->   "%next_urem70 = add i4 %phi_urem69_load, i4 1"   --->   Operation 32 'add' 'next_urem70' <Predicate = true> <Delay = 1.77> <CoreInst = "Adder">   --->   Core 1 'Adder' <Latency = 0> <II = 1> <Delay = 1.77> <FuncUnit> <Opcode : 'add' 'sub'> <InPorts = 2> <OutPorts = 1>
ST_2 : Operation 33 [1/1] (1.44ns)   --->   "%empty_118 = icmp_ult  i4 %next_urem70, i4 3"   --->   Operation 33 'icmp' 'empty_118' <Predicate = true> <Delay = 1.44> <CoreInst = "Cmp">   --->   Core 9 'Cmp' <Latency = 0> <II = 1> <Delay = 1.44> <FuncUnit> <Opcode : 'icmp'> <InPorts = 2> <OutPorts = 1>
ST_2 : Operation 34 [1/1] (0.99ns)   --->   "%idx_urem71 = select i1 %empty_118, i4 %next_urem70, i4 0"   --->   Operation 34 'select' 'idx_urem71' <Predicate = true> <Delay = 0.99> <CoreInst = "Sel">   --->   Core 73 'Sel' <Latency = 0> <II = 1> <Delay = 0.99> <FuncUnit> <Opcode : 'select'> <InPorts = 3> <OutPorts = 1>
ST_2 : Operation 35 [1/1] (0.00ns) (grouped into LUT with out node empty_122)   --->   "%empty_120 = shl i4 %phi_urem69_load, i4 2"   --->   Operation 35 'shl' 'empty_120' <Predicate = true> <Delay = 0.00>
ST_2 : Operation 36 [1/1] (0.00ns) (grouped into LUT with out node empty_122)   --->   "%p_cast35 = zext i4 %empty_120"   --->   Operation 36 'zext' 'p_cast35' <Predicate = true> <Delay = 0.00>
ST_2 : Operation 37 [1/1] (0.00ns) (grouped into LUT with out node empty_122)   --->   "%p_cast34_cast_cast_cast_cast = sext i7 %empty_121"   --->   Operation 37 'sext' 'p_cast34_cast_cast_cast_cast' <Predicate = true> <Delay = 0.00>
ST_2 : Operation 38 [1/1] (0.00ns) (grouped into LUT with out node empty_122)   --->   "%p_cast34_cast_cast_cast_cast_cast = zext i8 %p_cast34_cast_cast_cast_cast"   --->   Operation 38 'zext' 'p_cast34_cast_cast_cast_cast_cast' <Predicate = true> <Delay = 0.00>
ST_2 : Operation 39 [1/1] (2.11ns) (out node of the LUT)   --->   "%empty_122 = add i9 %p_cast34_cast_cast_cast_cast_cast, i9 %p_cast35"   --->   Operation 39 'add' 'empty_122' <Predicate = true> <Delay = 2.11> <CoreInst = "Adder">   --->   Core 1 'Adder' <Latency = 0> <II = 1> <Delay = 2.11> <FuncUnit> <Opcode : 'add' 'sub'> <InPorts = 2> <OutPorts = 1>
ST_2 : Operation 40 [1/1] (0.00ns)   --->   "%tmp_55 = partselect i7 @_ssdm_op_PartSelect.i7.i9.i32.i32, i9 %empty_122, i32 2, i32 8"   --->   Operation 40 'partselect' 'tmp_55' <Predicate = true> <Delay = 0.00>
ST_2 : Operation 41 [1/1] (0.00ns)   --->   "%p_cast60 = zext i7 %tmp_55"   --->   Operation 41 'zext' 'p_cast60' <Predicate = true> <Delay = 0.00>
ST_2 : Operation 42 [1/1] (0.00ns)   --->   "%weight_buf_addr = getelementptr i32 %weight_buf, i64 0, i64 %p_cast60"   --->   Operation 42 'getelementptr' 'weight_buf_addr' <Predicate = true> <Delay = 0.00>
ST_2 : Operation 43 [2/2] (3.25ns)   --->   "%weight_buf_load = load i7 %weight_buf_addr"   --->   Operation 43 'load' 'weight_buf_load' <Predicate = true> <Delay = 3.25> <CoreInst = "RAM">   --->   Core 82 'RAM' <Latency = 1> <II = 1> <Delay = 3.25> <Storage> <Opcode : 'load' 'store'> <Ports = 2> <Width = 32> <Depth = 72> <RAM>
ST_2 : Operation 44 [1/1] (1.61ns)   --->   "%store_ln0 = store i4 %idx_urem71, i4 %phi_urem69"   --->   Operation 44 'store' 'store_ln0' <Predicate = true> <Delay = 1.61>
ST_2 : Operation 51 [1/1] (0.00ns)   --->   "%ret_ln0 = ret"   --->   Operation 51 'ret' 'ret_ln0' <Predicate = (exitcond442)> <Delay = 0.00>

State 3 <SV = 2> <Delay = 5.40>
ST_3 : Operation 45 [1/1] (0.00ns)   --->   "%loop_index20_cast = zext i4 %loop_index20_load"   --->   Operation 45 'zext' 'loop_index20_cast' <Predicate = true> <Delay = 0.00>
ST_3 : Operation 46 [1/1] (0.00ns)   --->   "%weight_buf_6_addr = getelementptr i32 %weight_buf_6, i64 0, i64 %loop_index20_cast"   --->   Operation 46 'getelementptr' 'weight_buf_6_addr' <Predicate = true> <Delay = 0.00>
ST_3 : Operation 47 [1/2] (3.25ns)   --->   "%weight_buf_load = load i7 %weight_buf_addr"   --->   Operation 47 'load' 'weight_buf_load' <Predicate = true> <Delay = 3.25> <CoreInst = "RAM">   --->   Core 82 'RAM' <Latency = 1> <II = 1> <Delay = 3.25> <Storage> <Opcode : 'load' 'store'> <Ports = 2> <Width = 32> <Depth = 72> <RAM>
ST_3 : Operation 48 [1/1] (0.00ns)   --->   "%empty_123 = bitcast i32 %weight_buf_load"   --->   Operation 48 'bitcast' 'empty_123' <Predicate = true> <Delay = 0.00>
ST_3 : Operation 49 [1/1] (2.15ns)   --->   "%store_ln0 = store i32 %empty_123, i4 %weight_buf_6_addr"   --->   Operation 49 'store' 'store_ln0' <Predicate = true> <Delay = 2.15> <CoreInst = "RAM">   --->   Core 82 'RAM' <Latency = 1> <II = 1> <Delay = 2.15> <Storage> <Opcode : 'load' 'store'> <Ports = 2> <Width = 32> <Depth = 9> <RAM>
ST_3 : Operation 50 [1/1] (0.00ns)   --->   "%br_ln0 = br void %load-store-loop19"   --->   Operation 50 'br' 'br_ln0' <Predicate = true> <Delay = 0.00>


============================================================
+ Verbose Summary: Timing violations
============================================================
Target clock period: 10ns, clock uncertainty: 2.7ns.

 <State 1>: 3.73ns
The critical path consists of the following:
	'alloca' operation ('phi_mul67') [4]  (0 ns)
	'load' operation ('phi_mul67_load') on local variable 'phi_mul67' [20]  (0 ns)
	'add' operation ('next_mul68') [24]  (2.12 ns)
	'store' operation ('store_ln0') of variable 'next_mul68' on local variable 'phi_mul67' [46]  (1.61 ns)

 <State 2>: 5.82ns
The critical path consists of the following:
	'load' operation ('phi_urem69_load') on local variable 'phi_urem69' [19]  (0 ns)
	'add' operation ('next_urem70') [21]  (1.78 ns)
	'icmp' operation ('empty_118') [22]  (1.44 ns)
	'select' operation ('idx_urem71') [23]  (0.99 ns)
	'store' operation ('store_ln0') of variable 'idx_urem71' on local variable 'phi_urem69' [47]  (1.61 ns)

 <State 3>: 5.41ns
The critical path consists of the following:
	'load' operation ('weight_buf_load') on array 'weight_buf' [42]  (3.26 ns)
	'store' operation ('store_ln0') of variable 'empty_123' on array 'weight_buf_6' [44]  (2.15 ns)


============================================================
+ Verbose Summary: Binding
============================================================
N/A
* FSMD analyzer results:
  - Output states:
 - Input state : 
  - Chain level:
	State 1
	State 2
	State 3


============================================================
+ Verbose Summary: Datapath Resource usage 
============================================================
N/A
