

================================================================
== Vitis HLS Report for 'convolution_3'
================================================================
* Date:           Thu Apr 20 15:58:30 2023

* Version:        2022.2 (Build 3670227 on Oct 13 2022)
* Project:        Project
* Solution:       solution1 (Vivado IP Flow Target)
* Product family: artix7
* Target device:  xc7a200t-fbg484-1


================================================================
== Performance Estimates
================================================================
+ Timing: 
    * Summary: 
    +--------+----------+----------+------------+
    |  Clock |  Target  | Estimated| Uncertainty|
    +--------+----------+----------+------------+
    |ap_clk  |  10.00 ns|  7.241 ns|     2.70 ns|
    +--------+----------+----------+------------+

+ Latency: 
    * Summary: 
    +---------+---------+-----------+-----------+------+------+---------+
    |  Latency (cycles) |   Latency (absolute)  |   Interval  | Pipeline|
    |   min   |   max   |    min    |    max    |  min |  max |   Type  |
    +---------+---------+-----------+-----------+------+------+---------+
    |     4009|     4009|  40.090 us|  40.090 us|  4009|  4009|       no|
    +---------+---------+-----------+-----------+------+------+---------+

    + Detail: 
        * Instance: 
        +---------------------------------------------------------------------------+----------------------------------------------------------------+---------+---------+-----------+-----------+------+------+---------+
        |                                                                           |                                                                |  Latency (cycles) |   Latency (absolute)  |   Interval  | Pipeline|
        |                                  Instance                                 |                             Module                             |   min   |   max   |    min    |    max    |  min |  max |   Type  |
        +---------------------------------------------------------------------------+----------------------------------------------------------------+---------+---------+-----------+-----------+------+------+---------+
        |grp_convolution_3_Pipeline_conv_for_rows_win_for_rows_win_for_cols_fu_138  |convolution_3_Pipeline_conv_for_rows_win_for_rows_win_for_cols  |     3997|     3997|  39.970 us|  39.970 us|  3997|  3997|       no|
        +---------------------------------------------------------------------------+----------------------------------------------------------------+---------+---------+-----------+-----------+------+------+---------+

        * Loop: 
        N/A

============================================================
+ Verbose Summary: Synthesis Manager
============================================================
InlineROM: 1
ExposeGlobal: 0
============================================================
+ Verbose Summary: CDFG Model
============================================================
IsTopModel: 0
ResetActiveHigh: 1
IsCombinational: 2
IsDatapathOnly: 0
HasWiredReturn: 1
HasMFsm: 0
HasVarLatency: 1
IsPipeline: 0
IsRtlPipelined: 0
IsInstanceOverlapped: 0
IsDontTouch: 0
HasImplIP: 0
IsGatedGlobalClock: 0


============================================================
+ Verbose Summary: Schedule
============================================================
* Number of FSM states : 13
* Pipeline : 0
* Dataflow Pipeline: 0

* FSM state transitions: 
1 --> 2 
2 --> 3 
3 --> 4 
4 --> 5 
5 --> 6 
6 --> 7 
7 --> 8 
8 --> 9 
9 --> 10 
10 --> 11 
11 --> 12 
12 --> 13 
13 --> 

* FSM state operations: 

State 1 <SV = 0> <Delay = 2.15>
ST_1 : Operation 14 [1/1] (0.00ns)   --->   "%weight_buf_addr = getelementptr i32 %weight_buf, i64 0, i64 0"   --->   Operation 14 'getelementptr' 'weight_buf_addr' <Predicate = true> <Delay = 0.00>
ST_1 : Operation 15 [2/2] (2.15ns)   --->   "%weight_buf_load = load i4 %weight_buf_addr"   --->   Operation 15 'load' 'weight_buf_load' <Predicate = true> <Delay = 2.15> <CoreInst = "RAM">   --->   Core 82 'RAM' <Latency = 1> <II = 1> <Delay = 2.15> <Storage> <Opcode : 'load' 'store'> <Ports = 2> <Width = 32> <Depth = 9> <RAM>

State 2 <SV = 1> <Delay = 2.15>
ST_2 : Operation 16 [1/1] (0.00ns)   --->   "%weight_buf_addr_31 = getelementptr i32 %weight_buf, i64 0, i64 1"   --->   Operation 16 'getelementptr' 'weight_buf_addr_31' <Predicate = true> <Delay = 0.00>
ST_2 : Operation 17 [1/1] (0.00ns)   --->   "%weight_buf_addr_32 = getelementptr i32 %weight_buf, i64 0, i64 2"   --->   Operation 17 'getelementptr' 'weight_buf_addr_32' <Predicate = true> <Delay = 0.00>
ST_2 : Operation 18 [1/2] (2.15ns)   --->   "%weight_buf_load = load i4 %weight_buf_addr"   --->   Operation 18 'load' 'weight_buf_load' <Predicate = true> <Delay = 2.15> <CoreInst = "RAM">   --->   Core 82 'RAM' <Latency = 1> <II = 1> <Delay = 2.15> <Storage> <Opcode : 'load' 'store'> <Ports = 2> <Width = 32> <Depth = 9> <RAM>
ST_2 : Operation 19 [2/2] (2.15ns)   --->   "%weight_buf_load_33 = load i4 %weight_buf_addr_31"   --->   Operation 19 'load' 'weight_buf_load_33' <Predicate = true> <Delay = 2.15> <CoreInst = "RAM">   --->   Core 82 'RAM' <Latency = 1> <II = 1> <Delay = 2.15> <Storage> <Opcode : 'load' 'store'> <Ports = 2> <Width = 32> <Depth = 9> <RAM>
ST_2 : Operation 20 [2/2] (2.15ns)   --->   "%weight_buf_load_34 = load i4 %weight_buf_addr_32"   --->   Operation 20 'load' 'weight_buf_load_34' <Predicate = true> <Delay = 2.15> <CoreInst = "RAM">   --->   Core 82 'RAM' <Latency = 1> <II = 1> <Delay = 2.15> <Storage> <Opcode : 'load' 'store'> <Ports = 2> <Width = 32> <Depth = 9> <RAM>

State 3 <SV = 2> <Delay = 2.15>
ST_3 : Operation 21 [1/1] (0.00ns)   --->   "%weight_buf_addr_33 = getelementptr i32 %weight_buf, i64 0, i64 3"   --->   Operation 21 'getelementptr' 'weight_buf_addr_33' <Predicate = true> <Delay = 0.00>
ST_3 : Operation 22 [1/1] (0.00ns)   --->   "%weight_buf_addr_34 = getelementptr i32 %weight_buf, i64 0, i64 4"   --->   Operation 22 'getelementptr' 'weight_buf_addr_34' <Predicate = true> <Delay = 0.00>
ST_3 : Operation 23 [1/2] (2.15ns)   --->   "%weight_buf_load_33 = load i4 %weight_buf_addr_31"   --->   Operation 23 'load' 'weight_buf_load_33' <Predicate = true> <Delay = 2.15> <CoreInst = "RAM">   --->   Core 82 'RAM' <Latency = 1> <II = 1> <Delay = 2.15> <Storage> <Opcode : 'load' 'store'> <Ports = 2> <Width = 32> <Depth = 9> <RAM>
ST_3 : Operation 24 [1/2] (2.15ns)   --->   "%weight_buf_load_34 = load i4 %weight_buf_addr_32"   --->   Operation 24 'load' 'weight_buf_load_34' <Predicate = true> <Delay = 2.15> <CoreInst = "RAM">   --->   Core 82 'RAM' <Latency = 1> <II = 1> <Delay = 2.15> <Storage> <Opcode : 'load' 'store'> <Ports = 2> <Width = 32> <Depth = 9> <RAM>
ST_3 : Operation 25 [2/2] (2.15ns)   --->   "%weight_buf_load_35 = load i4 %weight_buf_addr_33"   --->   Operation 25 'load' 'weight_buf_load_35' <Predicate = true> <Delay = 2.15> <CoreInst = "RAM">   --->   Core 82 'RAM' <Latency = 1> <II = 1> <Delay = 2.15> <Storage> <Opcode : 'load' 'store'> <Ports = 2> <Width = 32> <Depth = 9> <RAM>
ST_3 : Operation 26 [2/2] (2.15ns)   --->   "%weight_buf_load_36 = load i4 %weight_buf_addr_34"   --->   Operation 26 'load' 'weight_buf_load_36' <Predicate = true> <Delay = 2.15> <CoreInst = "RAM">   --->   Core 82 'RAM' <Latency = 1> <II = 1> <Delay = 2.15> <Storage> <Opcode : 'load' 'store'> <Ports = 2> <Width = 32> <Depth = 9> <RAM>

State 4 <SV = 3> <Delay = 2.15>
ST_4 : Operation 27 [1/1] (0.00ns)   --->   "%weight_buf_addr19 = getelementptr i32 %weight_buf, i64 0, i64 6"   --->   Operation 27 'getelementptr' 'weight_buf_addr19' <Predicate = true> <Delay = 0.00>
ST_4 : Operation 28 [1/1] (0.00ns)   --->   "%weight_buf_addr_35 = getelementptr i32 %weight_buf, i64 0, i64 5"   --->   Operation 28 'getelementptr' 'weight_buf_addr_35' <Predicate = true> <Delay = 0.00>
ST_4 : Operation 29 [1/2] (2.15ns)   --->   "%weight_buf_load_35 = load i4 %weight_buf_addr_33"   --->   Operation 29 'load' 'weight_buf_load_35' <Predicate = true> <Delay = 2.15> <CoreInst = "RAM">   --->   Core 82 'RAM' <Latency = 1> <II = 1> <Delay = 2.15> <Storage> <Opcode : 'load' 'store'> <Ports = 2> <Width = 32> <Depth = 9> <RAM>
ST_4 : Operation 30 [1/2] (2.15ns)   --->   "%weight_buf_load_36 = load i4 %weight_buf_addr_34"   --->   Operation 30 'load' 'weight_buf_load_36' <Predicate = true> <Delay = 2.15> <CoreInst = "RAM">   --->   Core 82 'RAM' <Latency = 1> <II = 1> <Delay = 2.15> <Storage> <Opcode : 'load' 'store'> <Ports = 2> <Width = 32> <Depth = 9> <RAM>
ST_4 : Operation 31 [2/2] (2.15ns)   --->   "%weight_buf_load_37 = load i4 %weight_buf_addr_35"   --->   Operation 31 'load' 'weight_buf_load_37' <Predicate = true> <Delay = 2.15> <CoreInst = "RAM">   --->   Core 82 'RAM' <Latency = 1> <II = 1> <Delay = 2.15> <Storage> <Opcode : 'load' 'store'> <Ports = 2> <Width = 32> <Depth = 9> <RAM>
ST_4 : Operation 32 [2/2] (2.15ns)   --->   "%weight_buf_load_38 = load i4 %weight_buf_addr19"   --->   Operation 32 'load' 'weight_buf_load_38' <Predicate = true> <Delay = 2.15> <CoreInst = "RAM">   --->   Core 82 'RAM' <Latency = 1> <II = 1> <Delay = 2.15> <Storage> <Opcode : 'load' 'store'> <Ports = 2> <Width = 32> <Depth = 9> <RAM>

State 5 <SV = 4> <Delay = 2.15>
ST_5 : Operation 33 [1/1] (0.00ns)   --->   "%weight_buf_addr_36 = getelementptr i32 %weight_buf, i64 0, i64 7"   --->   Operation 33 'getelementptr' 'weight_buf_addr_36' <Predicate = true> <Delay = 0.00>
ST_5 : Operation 34 [1/1] (0.00ns)   --->   "%weight_buf_addr_37 = getelementptr i32 %weight_buf, i64 0, i64 8"   --->   Operation 34 'getelementptr' 'weight_buf_addr_37' <Predicate = true> <Delay = 0.00>
ST_5 : Operation 35 [1/2] (2.15ns)   --->   "%weight_buf_load_37 = load i4 %weight_buf_addr_35"   --->   Operation 35 'load' 'weight_buf_load_37' <Predicate = true> <Delay = 2.15> <CoreInst = "RAM">   --->   Core 82 'RAM' <Latency = 1> <II = 1> <Delay = 2.15> <Storage> <Opcode : 'load' 'store'> <Ports = 2> <Width = 32> <Depth = 9> <RAM>
ST_5 : Operation 36 [1/2] (2.15ns)   --->   "%weight_buf_load_38 = load i4 %weight_buf_addr19"   --->   Operation 36 'load' 'weight_buf_load_38' <Predicate = true> <Delay = 2.15> <CoreInst = "RAM">   --->   Core 82 'RAM' <Latency = 1> <II = 1> <Delay = 2.15> <Storage> <Opcode : 'load' 'store'> <Ports = 2> <Width = 32> <Depth = 9> <RAM>
ST_5 : Operation 37 [2/2] (2.15ns)   --->   "%weight_buf_load_39 = load i4 %weight_buf_addr_36"   --->   Operation 37 'load' 'weight_buf_load_39' <Predicate = true> <Delay = 2.15> <CoreInst = "RAM">   --->   Core 82 'RAM' <Latency = 1> <II = 1> <Delay = 2.15> <Storage> <Opcode : 'load' 'store'> <Ports = 2> <Width = 32> <Depth = 9> <RAM>
ST_5 : Operation 38 [2/2] (2.15ns)   --->   "%weight_buf_load_40 = load i4 %weight_buf_addr_37"   --->   Operation 38 'load' 'weight_buf_load_40' <Predicate = true> <Delay = 2.15> <CoreInst = "RAM">   --->   Core 82 'RAM' <Latency = 1> <II = 1> <Delay = 2.15> <Storage> <Opcode : 'load' 'store'> <Ports = 2> <Width = 32> <Depth = 9> <RAM>

State 6 <SV = 5> <Delay = 2.15>
ST_6 : Operation 39 [1/2] (2.15ns)   --->   "%weight_buf_load_39 = load i4 %weight_buf_addr_36"   --->   Operation 39 'load' 'weight_buf_load_39' <Predicate = true> <Delay = 2.15> <CoreInst = "RAM">   --->   Core 82 'RAM' <Latency = 1> <II = 1> <Delay = 2.15> <Storage> <Opcode : 'load' 'store'> <Ports = 2> <Width = 32> <Depth = 9> <RAM>
ST_6 : Operation 40 [1/2] (2.15ns)   --->   "%weight_buf_load_40 = load i4 %weight_buf_addr_37"   --->   Operation 40 'load' 'weight_buf_load_40' <Predicate = true> <Delay = 2.15> <CoreInst = "RAM">   --->   Core 82 'RAM' <Latency = 1> <II = 1> <Delay = 2.15> <Storage> <Opcode : 'load' 'store'> <Ports = 2> <Width = 32> <Depth = 9> <RAM>

State 7 <SV = 6> <Delay = 6.18>
ST_7 : Operation 41 [1/1] (0.00ns)   --->   "%biases_buf_read = read i32 @_ssdm_op_Read.ap_auto.i32, i32 %biases_buf"   --->   Operation 41 'read' 'biases_buf_read' <Predicate = true> <Delay = 0.00>
ST_7 : Operation 42 [6/6] (6.18ns)   --->   "%conv5 = sitofp i32 %biases_buf_read"   --->   Operation 42 'sitofp' 'conv5' <Predicate = true> <Delay = 6.18> <CoreInst = "Int2Float">   --->   Core 62 'Int2Float' <Latency = 5> <II = 1> <Delay = 6.18> <FuncUnit> <Opcode : 'sitofp' 'uitofp'> <InPorts = 1> <OutPorts = 1>
ST_7 : Operation 43 [6/6] (6.18ns)   --->   "%w = sitofp i32 %weight_buf_load"   --->   Operation 43 'sitofp' 'w' <Predicate = true> <Delay = 6.18> <CoreInst = "Int2Float">   --->   Core 62 'Int2Float' <Latency = 5> <II = 1> <Delay = 6.18> <FuncUnit> <Opcode : 'sitofp' 'uitofp'> <InPorts = 1> <OutPorts = 1>
ST_7 : Operation 44 [6/6] (6.18ns)   --->   "%w_s = sitofp i32 %weight_buf_load_33"   --->   Operation 44 'sitofp' 'w_s' <Predicate = true> <Delay = 6.18> <CoreInst = "Int2Float">   --->   Core 62 'Int2Float' <Latency = 5> <II = 1> <Delay = 6.18> <FuncUnit> <Opcode : 'sitofp' 'uitofp'> <InPorts = 1> <OutPorts = 1>
ST_7 : Operation 45 [6/6] (6.18ns)   --->   "%w_3 = sitofp i32 %weight_buf_load_34"   --->   Operation 45 'sitofp' 'w_3' <Predicate = true> <Delay = 6.18> <CoreInst = "Int2Float">   --->   Core 62 'Int2Float' <Latency = 5> <II = 1> <Delay = 6.18> <FuncUnit> <Opcode : 'sitofp' 'uitofp'> <InPorts = 1> <OutPorts = 1>
ST_7 : Operation 46 [6/6] (6.18ns)   --->   "%w_4 = sitofp i32 %weight_buf_load_35"   --->   Operation 46 'sitofp' 'w_4' <Predicate = true> <Delay = 6.18> <CoreInst = "Int2Float">   --->   Core 62 'Int2Float' <Latency = 5> <II = 1> <Delay = 6.18> <FuncUnit> <Opcode : 'sitofp' 'uitofp'> <InPorts = 1> <OutPorts = 1>
ST_7 : Operation 47 [6/6] (6.18ns)   --->   "%w_5 = sitofp i32 %weight_buf_load_36"   --->   Operation 47 'sitofp' 'w_5' <Predicate = true> <Delay = 6.18> <CoreInst = "Int2Float">   --->   Core 62 'Int2Float' <Latency = 5> <II = 1> <Delay = 6.18> <FuncUnit> <Opcode : 'sitofp' 'uitofp'> <InPorts = 1> <OutPorts = 1>
ST_7 : Operation 48 [6/6] (6.18ns)   --->   "%w_6 = sitofp i32 %weight_buf_load_37"   --->   Operation 48 'sitofp' 'w_6' <Predicate = true> <Delay = 6.18> <CoreInst = "Int2Float">   --->   Core 62 'Int2Float' <Latency = 5> <II = 1> <Delay = 6.18> <FuncUnit> <Opcode : 'sitofp' 'uitofp'> <InPorts = 1> <OutPorts = 1>
ST_7 : Operation 49 [6/6] (6.18ns)   --->   "%w_7 = sitofp i32 %weight_buf_load_38"   --->   Operation 49 'sitofp' 'w_7' <Predicate = true> <Delay = 6.18> <CoreInst = "Int2Float">   --->   Core 62 'Int2Float' <Latency = 5> <II = 1> <Delay = 6.18> <FuncUnit> <Opcode : 'sitofp' 'uitofp'> <InPorts = 1> <OutPorts = 1>
ST_7 : Operation 50 [6/6] (6.18ns)   --->   "%w_8 = sitofp i32 %weight_buf_load_39"   --->   Operation 50 'sitofp' 'w_8' <Predicate = true> <Delay = 6.18> <CoreInst = "Int2Float">   --->   Core 62 'Int2Float' <Latency = 5> <II = 1> <Delay = 6.18> <FuncUnit> <Opcode : 'sitofp' 'uitofp'> <InPorts = 1> <OutPorts = 1>
ST_7 : Operation 51 [6/6] (6.18ns)   --->   "%w_9 = sitofp i32 %weight_buf_load_40"   --->   Operation 51 'sitofp' 'w_9' <Predicate = true> <Delay = 6.18> <CoreInst = "Int2Float">   --->   Core 62 'Int2Float' <Latency = 5> <II = 1> <Delay = 6.18> <FuncUnit> <Opcode : 'sitofp' 'uitofp'> <InPorts = 1> <OutPorts = 1>

State 8 <SV = 7> <Delay = 6.18>
ST_8 : Operation 52 [5/6] (6.18ns)   --->   "%conv5 = sitofp i32 %biases_buf_read"   --->   Operation 52 'sitofp' 'conv5' <Predicate = true> <Delay = 6.18> <CoreInst = "Int2Float">   --->   Core 62 'Int2Float' <Latency = 5> <II = 1> <Delay = 6.18> <FuncUnit> <Opcode : 'sitofp' 'uitofp'> <InPorts = 1> <OutPorts = 1>
ST_8 : Operation 53 [5/6] (6.18ns)   --->   "%w = sitofp i32 %weight_buf_load"   --->   Operation 53 'sitofp' 'w' <Predicate = true> <Delay = 6.18> <CoreInst = "Int2Float">   --->   Core 62 'Int2Float' <Latency = 5> <II = 1> <Delay = 6.18> <FuncUnit> <Opcode : 'sitofp' 'uitofp'> <InPorts = 1> <OutPorts = 1>
ST_8 : Operation 54 [5/6] (6.18ns)   --->   "%w_s = sitofp i32 %weight_buf_load_33"   --->   Operation 54 'sitofp' 'w_s' <Predicate = true> <Delay = 6.18> <CoreInst = "Int2Float">   --->   Core 62 'Int2Float' <Latency = 5> <II = 1> <Delay = 6.18> <FuncUnit> <Opcode : 'sitofp' 'uitofp'> <InPorts = 1> <OutPorts = 1>
ST_8 : Operation 55 [5/6] (6.18ns)   --->   "%w_3 = sitofp i32 %weight_buf_load_34"   --->   Operation 55 'sitofp' 'w_3' <Predicate = true> <Delay = 6.18> <CoreInst = "Int2Float">   --->   Core 62 'Int2Float' <Latency = 5> <II = 1> <Delay = 6.18> <FuncUnit> <Opcode : 'sitofp' 'uitofp'> <InPorts = 1> <OutPorts = 1>
ST_8 : Operation 56 [5/6] (6.18ns)   --->   "%w_4 = sitofp i32 %weight_buf_load_35"   --->   Operation 56 'sitofp' 'w_4' <Predicate = true> <Delay = 6.18> <CoreInst = "Int2Float">   --->   Core 62 'Int2Float' <Latency = 5> <II = 1> <Delay = 6.18> <FuncUnit> <Opcode : 'sitofp' 'uitofp'> <InPorts = 1> <OutPorts = 1>
ST_8 : Operation 57 [5/6] (6.18ns)   --->   "%w_5 = sitofp i32 %weight_buf_load_36"   --->   Operation 57 'sitofp' 'w_5' <Predicate = true> <Delay = 6.18> <CoreInst = "Int2Float">   --->   Core 62 'Int2Float' <Latency = 5> <II = 1> <Delay = 6.18> <FuncUnit> <Opcode : 'sitofp' 'uitofp'> <InPorts = 1> <OutPorts = 1>
ST_8 : Operation 58 [5/6] (6.18ns)   --->   "%w_6 = sitofp i32 %weight_buf_load_37"   --->   Operation 58 'sitofp' 'w_6' <Predicate = true> <Delay = 6.18> <CoreInst = "Int2Float">   --->   Core 62 'Int2Float' <Latency = 5> <II = 1> <Delay = 6.18> <FuncUnit> <Opcode : 'sitofp' 'uitofp'> <InPorts = 1> <OutPorts = 1>
ST_8 : Operation 59 [5/6] (6.18ns)   --->   "%w_7 = sitofp i32 %weight_buf_load_38"   --->   Operation 59 'sitofp' 'w_7' <Predicate = true> <Delay = 6.18> <CoreInst = "Int2Float">   --->   Core 62 'Int2Float' <Latency = 5> <II = 1> <Delay = 6.18> <FuncUnit> <Opcode : 'sitofp' 'uitofp'> <InPorts = 1> <OutPorts = 1>
ST_8 : Operation 60 [5/6] (6.18ns)   --->   "%w_8 = sitofp i32 %weight_buf_load_39"   --->   Operation 60 'sitofp' 'w_8' <Predicate = true> <Delay = 6.18> <CoreInst = "Int2Float">   --->   Core 62 'Int2Float' <Latency = 5> <II = 1> <Delay = 6.18> <FuncUnit> <Opcode : 'sitofp' 'uitofp'> <InPorts = 1> <OutPorts = 1>
ST_8 : Operation 61 [5/6] (6.18ns)   --->   "%w_9 = sitofp i32 %weight_buf_load_40"   --->   Operation 61 'sitofp' 'w_9' <Predicate = true> <Delay = 6.18> <CoreInst = "Int2Float">   --->   Core 62 'Int2Float' <Latency = 5> <II = 1> <Delay = 6.18> <FuncUnit> <Opcode : 'sitofp' 'uitofp'> <InPorts = 1> <OutPorts = 1>
ST_8 : Operation 62 [1/1] (0.00ns)   --->   "%empty = wait i32 @_ssdm_op_Wait"   --->   Operation 62 'wait' 'empty' <Predicate = true> <Delay = 0.00>

State 9 <SV = 8> <Delay = 6.18>
ST_9 : Operation 63 [4/6] (6.18ns)   --->   "%conv5 = sitofp i32 %biases_buf_read"   --->   Operation 63 'sitofp' 'conv5' <Predicate = true> <Delay = 6.18> <CoreInst = "Int2Float">   --->   Core 62 'Int2Float' <Latency = 5> <II = 1> <Delay = 6.18> <FuncUnit> <Opcode : 'sitofp' 'uitofp'> <InPorts = 1> <OutPorts = 1>
ST_9 : Operation 64 [4/6] (6.18ns)   --->   "%w = sitofp i32 %weight_buf_load"   --->   Operation 64 'sitofp' 'w' <Predicate = true> <Delay = 6.18> <CoreInst = "Int2Float">   --->   Core 62 'Int2Float' <Latency = 5> <II = 1> <Delay = 6.18> <FuncUnit> <Opcode : 'sitofp' 'uitofp'> <InPorts = 1> <OutPorts = 1>
ST_9 : Operation 65 [4/6] (6.18ns)   --->   "%w_s = sitofp i32 %weight_buf_load_33"   --->   Operation 65 'sitofp' 'w_s' <Predicate = true> <Delay = 6.18> <CoreInst = "Int2Float">   --->   Core 62 'Int2Float' <Latency = 5> <II = 1> <Delay = 6.18> <FuncUnit> <Opcode : 'sitofp' 'uitofp'> <InPorts = 1> <OutPorts = 1>
ST_9 : Operation 66 [4/6] (6.18ns)   --->   "%w_3 = sitofp i32 %weight_buf_load_34"   --->   Operation 66 'sitofp' 'w_3' <Predicate = true> <Delay = 6.18> <CoreInst = "Int2Float">   --->   Core 62 'Int2Float' <Latency = 5> <II = 1> <Delay = 6.18> <FuncUnit> <Opcode : 'sitofp' 'uitofp'> <InPorts = 1> <OutPorts = 1>
ST_9 : Operation 67 [4/6] (6.18ns)   --->   "%w_4 = sitofp i32 %weight_buf_load_35"   --->   Operation 67 'sitofp' 'w_4' <Predicate = true> <Delay = 6.18> <CoreInst = "Int2Float">   --->   Core 62 'Int2Float' <Latency = 5> <II = 1> <Delay = 6.18> <FuncUnit> <Opcode : 'sitofp' 'uitofp'> <InPorts = 1> <OutPorts = 1>
ST_9 : Operation 68 [4/6] (6.18ns)   --->   "%w_5 = sitofp i32 %weight_buf_load_36"   --->   Operation 68 'sitofp' 'w_5' <Predicate = true> <Delay = 6.18> <CoreInst = "Int2Float">   --->   Core 62 'Int2Float' <Latency = 5> <II = 1> <Delay = 6.18> <FuncUnit> <Opcode : 'sitofp' 'uitofp'> <InPorts = 1> <OutPorts = 1>
ST_9 : Operation 69 [4/6] (6.18ns)   --->   "%w_6 = sitofp i32 %weight_buf_load_37"   --->   Operation 69 'sitofp' 'w_6' <Predicate = true> <Delay = 6.18> <CoreInst = "Int2Float">   --->   Core 62 'Int2Float' <Latency = 5> <II = 1> <Delay = 6.18> <FuncUnit> <Opcode : 'sitofp' 'uitofp'> <InPorts = 1> <OutPorts = 1>
ST_9 : Operation 70 [4/6] (6.18ns)   --->   "%w_7 = sitofp i32 %weight_buf_load_38"   --->   Operation 70 'sitofp' 'w_7' <Predicate = true> <Delay = 6.18> <CoreInst = "Int2Float">   --->   Core 62 'Int2Float' <Latency = 5> <II = 1> <Delay = 6.18> <FuncUnit> <Opcode : 'sitofp' 'uitofp'> <InPorts = 1> <OutPorts = 1>
ST_9 : Operation 71 [4/6] (6.18ns)   --->   "%w_8 = sitofp i32 %weight_buf_load_39"   --->   Operation 71 'sitofp' 'w_8' <Predicate = true> <Delay = 6.18> <CoreInst = "Int2Float">   --->   Core 62 'Int2Float' <Latency = 5> <II = 1> <Delay = 6.18> <FuncUnit> <Opcode : 'sitofp' 'uitofp'> <InPorts = 1> <OutPorts = 1>
ST_9 : Operation 72 [4/6] (6.18ns)   --->   "%w_9 = sitofp i32 %weight_buf_load_40"   --->   Operation 72 'sitofp' 'w_9' <Predicate = true> <Delay = 6.18> <CoreInst = "Int2Float">   --->   Core 62 'Int2Float' <Latency = 5> <II = 1> <Delay = 6.18> <FuncUnit> <Opcode : 'sitofp' 'uitofp'> <InPorts = 1> <OutPorts = 1>

State 10 <SV = 9> <Delay = 6.18>
ST_10 : Operation 73 [3/6] (6.18ns)   --->   "%conv5 = sitofp i32 %biases_buf_read"   --->   Operation 73 'sitofp' 'conv5' <Predicate = true> <Delay = 6.18> <CoreInst = "Int2Float">   --->   Core 62 'Int2Float' <Latency = 5> <II = 1> <Delay = 6.18> <FuncUnit> <Opcode : 'sitofp' 'uitofp'> <InPorts = 1> <OutPorts = 1>
ST_10 : Operation 74 [3/6] (6.18ns)   --->   "%w = sitofp i32 %weight_buf_load"   --->   Operation 74 'sitofp' 'w' <Predicate = true> <Delay = 6.18> <CoreInst = "Int2Float">   --->   Core 62 'Int2Float' <Latency = 5> <II = 1> <Delay = 6.18> <FuncUnit> <Opcode : 'sitofp' 'uitofp'> <InPorts = 1> <OutPorts = 1>
ST_10 : Operation 75 [3/6] (6.18ns)   --->   "%w_s = sitofp i32 %weight_buf_load_33"   --->   Operation 75 'sitofp' 'w_s' <Predicate = true> <Delay = 6.18> <CoreInst = "Int2Float">   --->   Core 62 'Int2Float' <Latency = 5> <II = 1> <Delay = 6.18> <FuncUnit> <Opcode : 'sitofp' 'uitofp'> <InPorts = 1> <OutPorts = 1>
ST_10 : Operation 76 [3/6] (6.18ns)   --->   "%w_3 = sitofp i32 %weight_buf_load_34"   --->   Operation 76 'sitofp' 'w_3' <Predicate = true> <Delay = 6.18> <CoreInst = "Int2Float">   --->   Core 62 'Int2Float' <Latency = 5> <II = 1> <Delay = 6.18> <FuncUnit> <Opcode : 'sitofp' 'uitofp'> <InPorts = 1> <OutPorts = 1>
ST_10 : Operation 77 [3/6] (6.18ns)   --->   "%w_4 = sitofp i32 %weight_buf_load_35"   --->   Operation 77 'sitofp' 'w_4' <Predicate = true> <Delay = 6.18> <CoreInst = "Int2Float">   --->   Core 62 'Int2Float' <Latency = 5> <II = 1> <Delay = 6.18> <FuncUnit> <Opcode : 'sitofp' 'uitofp'> <InPorts = 1> <OutPorts = 1>
ST_10 : Operation 78 [3/6] (6.18ns)   --->   "%w_5 = sitofp i32 %weight_buf_load_36"   --->   Operation 78 'sitofp' 'w_5' <Predicate = true> <Delay = 6.18> <CoreInst = "Int2Float">   --->   Core 62 'Int2Float' <Latency = 5> <II = 1> <Delay = 6.18> <FuncUnit> <Opcode : 'sitofp' 'uitofp'> <InPorts = 1> <OutPorts = 1>
ST_10 : Operation 79 [3/6] (6.18ns)   --->   "%w_6 = sitofp i32 %weight_buf_load_37"   --->   Operation 79 'sitofp' 'w_6' <Predicate = true> <Delay = 6.18> <CoreInst = "Int2Float">   --->   Core 62 'Int2Float' <Latency = 5> <II = 1> <Delay = 6.18> <FuncUnit> <Opcode : 'sitofp' 'uitofp'> <InPorts = 1> <OutPorts = 1>
ST_10 : Operation 80 [3/6] (6.18ns)   --->   "%w_7 = sitofp i32 %weight_buf_load_38"   --->   Operation 80 'sitofp' 'w_7' <Predicate = true> <Delay = 6.18> <CoreInst = "Int2Float">   --->   Core 62 'Int2Float' <Latency = 5> <II = 1> <Delay = 6.18> <FuncUnit> <Opcode : 'sitofp' 'uitofp'> <InPorts = 1> <OutPorts = 1>
ST_10 : Operation 81 [3/6] (6.18ns)   --->   "%w_8 = sitofp i32 %weight_buf_load_39"   --->   Operation 81 'sitofp' 'w_8' <Predicate = true> <Delay = 6.18> <CoreInst = "Int2Float">   --->   Core 62 'Int2Float' <Latency = 5> <II = 1> <Delay = 6.18> <FuncUnit> <Opcode : 'sitofp' 'uitofp'> <InPorts = 1> <OutPorts = 1>
ST_10 : Operation 82 [3/6] (6.18ns)   --->   "%w_9 = sitofp i32 %weight_buf_load_40"   --->   Operation 82 'sitofp' 'w_9' <Predicate = true> <Delay = 6.18> <CoreInst = "Int2Float">   --->   Core 62 'Int2Float' <Latency = 5> <II = 1> <Delay = 6.18> <FuncUnit> <Opcode : 'sitofp' 'uitofp'> <InPorts = 1> <OutPorts = 1>

State 11 <SV = 10> <Delay = 6.18>
ST_11 : Operation 83 [2/6] (6.18ns)   --->   "%conv5 = sitofp i32 %biases_buf_read"   --->   Operation 83 'sitofp' 'conv5' <Predicate = true> <Delay = 6.18> <CoreInst = "Int2Float">   --->   Core 62 'Int2Float' <Latency = 5> <II = 1> <Delay = 6.18> <FuncUnit> <Opcode : 'sitofp' 'uitofp'> <InPorts = 1> <OutPorts = 1>
ST_11 : Operation 84 [2/6] (6.18ns)   --->   "%w = sitofp i32 %weight_buf_load"   --->   Operation 84 'sitofp' 'w' <Predicate = true> <Delay = 6.18> <CoreInst = "Int2Float">   --->   Core 62 'Int2Float' <Latency = 5> <II = 1> <Delay = 6.18> <FuncUnit> <Opcode : 'sitofp' 'uitofp'> <InPorts = 1> <OutPorts = 1>
ST_11 : Operation 85 [2/6] (6.18ns)   --->   "%w_s = sitofp i32 %weight_buf_load_33"   --->   Operation 85 'sitofp' 'w_s' <Predicate = true> <Delay = 6.18> <CoreInst = "Int2Float">   --->   Core 62 'Int2Float' <Latency = 5> <II = 1> <Delay = 6.18> <FuncUnit> <Opcode : 'sitofp' 'uitofp'> <InPorts = 1> <OutPorts = 1>
ST_11 : Operation 86 [2/6] (6.18ns)   --->   "%w_3 = sitofp i32 %weight_buf_load_34"   --->   Operation 86 'sitofp' 'w_3' <Predicate = true> <Delay = 6.18> <CoreInst = "Int2Float">   --->   Core 62 'Int2Float' <Latency = 5> <II = 1> <Delay = 6.18> <FuncUnit> <Opcode : 'sitofp' 'uitofp'> <InPorts = 1> <OutPorts = 1>
ST_11 : Operation 87 [2/6] (6.18ns)   --->   "%w_4 = sitofp i32 %weight_buf_load_35"   --->   Operation 87 'sitofp' 'w_4' <Predicate = true> <Delay = 6.18> <CoreInst = "Int2Float">   --->   Core 62 'Int2Float' <Latency = 5> <II = 1> <Delay = 6.18> <FuncUnit> <Opcode : 'sitofp' 'uitofp'> <InPorts = 1> <OutPorts = 1>
ST_11 : Operation 88 [2/6] (6.18ns)   --->   "%w_5 = sitofp i32 %weight_buf_load_36"   --->   Operation 88 'sitofp' 'w_5' <Predicate = true> <Delay = 6.18> <CoreInst = "Int2Float">   --->   Core 62 'Int2Float' <Latency = 5> <II = 1> <Delay = 6.18> <FuncUnit> <Opcode : 'sitofp' 'uitofp'> <InPorts = 1> <OutPorts = 1>
ST_11 : Operation 89 [2/6] (6.18ns)   --->   "%w_6 = sitofp i32 %weight_buf_load_37"   --->   Operation 89 'sitofp' 'w_6' <Predicate = true> <Delay = 6.18> <CoreInst = "Int2Float">   --->   Core 62 'Int2Float' <Latency = 5> <II = 1> <Delay = 6.18> <FuncUnit> <Opcode : 'sitofp' 'uitofp'> <InPorts = 1> <OutPorts = 1>
ST_11 : Operation 90 [2/6] (6.18ns)   --->   "%w_7 = sitofp i32 %weight_buf_load_38"   --->   Operation 90 'sitofp' 'w_7' <Predicate = true> <Delay = 6.18> <CoreInst = "Int2Float">   --->   Core 62 'Int2Float' <Latency = 5> <II = 1> <Delay = 6.18> <FuncUnit> <Opcode : 'sitofp' 'uitofp'> <InPorts = 1> <OutPorts = 1>
ST_11 : Operation 91 [2/6] (6.18ns)   --->   "%w_8 = sitofp i32 %weight_buf_load_39"   --->   Operation 91 'sitofp' 'w_8' <Predicate = true> <Delay = 6.18> <CoreInst = "Int2Float">   --->   Core 62 'Int2Float' <Latency = 5> <II = 1> <Delay = 6.18> <FuncUnit> <Opcode : 'sitofp' 'uitofp'> <InPorts = 1> <OutPorts = 1>
ST_11 : Operation 92 [2/6] (6.18ns)   --->   "%w_9 = sitofp i32 %weight_buf_load_40"   --->   Operation 92 'sitofp' 'w_9' <Predicate = true> <Delay = 6.18> <CoreInst = "Int2Float">   --->   Core 62 'Int2Float' <Latency = 5> <II = 1> <Delay = 6.18> <FuncUnit> <Opcode : 'sitofp' 'uitofp'> <InPorts = 1> <OutPorts = 1>

State 12 <SV = 11> <Delay = 6.18>
ST_12 : Operation 93 [1/6] (6.18ns)   --->   "%conv5 = sitofp i32 %biases_buf_read"   --->   Operation 93 'sitofp' 'conv5' <Predicate = true> <Delay = 6.18> <CoreInst = "Int2Float">   --->   Core 62 'Int2Float' <Latency = 5> <II = 1> <Delay = 6.18> <FuncUnit> <Opcode : 'sitofp' 'uitofp'> <InPorts = 1> <OutPorts = 1>
ST_12 : Operation 94 [1/6] (6.18ns)   --->   "%w = sitofp i32 %weight_buf_load"   --->   Operation 94 'sitofp' 'w' <Predicate = true> <Delay = 6.18> <CoreInst = "Int2Float">   --->   Core 62 'Int2Float' <Latency = 5> <II = 1> <Delay = 6.18> <FuncUnit> <Opcode : 'sitofp' 'uitofp'> <InPorts = 1> <OutPorts = 1>
ST_12 : Operation 95 [1/6] (6.18ns)   --->   "%w_s = sitofp i32 %weight_buf_load_33"   --->   Operation 95 'sitofp' 'w_s' <Predicate = true> <Delay = 6.18> <CoreInst = "Int2Float">   --->   Core 62 'Int2Float' <Latency = 5> <II = 1> <Delay = 6.18> <FuncUnit> <Opcode : 'sitofp' 'uitofp'> <InPorts = 1> <OutPorts = 1>
ST_12 : Operation 96 [1/6] (6.18ns)   --->   "%w_3 = sitofp i32 %weight_buf_load_34"   --->   Operation 96 'sitofp' 'w_3' <Predicate = true> <Delay = 6.18> <CoreInst = "Int2Float">   --->   Core 62 'Int2Float' <Latency = 5> <II = 1> <Delay = 6.18> <FuncUnit> <Opcode : 'sitofp' 'uitofp'> <InPorts = 1> <OutPorts = 1>
ST_12 : Operation 97 [1/6] (6.18ns)   --->   "%w_4 = sitofp i32 %weight_buf_load_35"   --->   Operation 97 'sitofp' 'w_4' <Predicate = true> <Delay = 6.18> <CoreInst = "Int2Float">   --->   Core 62 'Int2Float' <Latency = 5> <II = 1> <Delay = 6.18> <FuncUnit> <Opcode : 'sitofp' 'uitofp'> <InPorts = 1> <OutPorts = 1>
ST_12 : Operation 98 [1/6] (6.18ns)   --->   "%w_5 = sitofp i32 %weight_buf_load_36"   --->   Operation 98 'sitofp' 'w_5' <Predicate = true> <Delay = 6.18> <CoreInst = "Int2Float">   --->   Core 62 'Int2Float' <Latency = 5> <II = 1> <Delay = 6.18> <FuncUnit> <Opcode : 'sitofp' 'uitofp'> <InPorts = 1> <OutPorts = 1>
ST_12 : Operation 99 [1/6] (6.18ns)   --->   "%w_6 = sitofp i32 %weight_buf_load_37"   --->   Operation 99 'sitofp' 'w_6' <Predicate = true> <Delay = 6.18> <CoreInst = "Int2Float">   --->   Core 62 'Int2Float' <Latency = 5> <II = 1> <Delay = 6.18> <FuncUnit> <Opcode : 'sitofp' 'uitofp'> <InPorts = 1> <OutPorts = 1>
ST_12 : Operation 100 [1/6] (6.18ns)   --->   "%w_7 = sitofp i32 %weight_buf_load_38"   --->   Operation 100 'sitofp' 'w_7' <Predicate = true> <Delay = 6.18> <CoreInst = "Int2Float">   --->   Core 62 'Int2Float' <Latency = 5> <II = 1> <Delay = 6.18> <FuncUnit> <Opcode : 'sitofp' 'uitofp'> <InPorts = 1> <OutPorts = 1>
ST_12 : Operation 101 [1/6] (6.18ns)   --->   "%w_8 = sitofp i32 %weight_buf_load_39"   --->   Operation 101 'sitofp' 'w_8' <Predicate = true> <Delay = 6.18> <CoreInst = "Int2Float">   --->   Core 62 'Int2Float' <Latency = 5> <II = 1> <Delay = 6.18> <FuncUnit> <Opcode : 'sitofp' 'uitofp'> <InPorts = 1> <OutPorts = 1>
ST_12 : Operation 102 [1/6] (6.18ns)   --->   "%w_9 = sitofp i32 %weight_buf_load_40"   --->   Operation 102 'sitofp' 'w_9' <Predicate = true> <Delay = 6.18> <CoreInst = "Int2Float">   --->   Core 62 'Int2Float' <Latency = 5> <II = 1> <Delay = 6.18> <FuncUnit> <Opcode : 'sitofp' 'uitofp'> <InPorts = 1> <OutPorts = 1>
ST_12 : Operation 103 [2/2] (0.00ns)   --->   "%call_ln0 = call void @convolution.3_Pipeline_conv_for_rows_win_for_rows_win_for_cols, i32 %pad_img, i32 %w, i32 %w_s, i32 %w_3, i32 %w_4, i32 %w_5, i32 %w_6, i32 %w_7, i32 %w_8, i32 %w_9, i32 %conv5, i32 %conv_to_pool_streams_3"   --->   Operation 103 'call' 'call_ln0' <Predicate = true> <Delay = 0.00> <CoreType = "Generic">   --->   Core 0 '' <Latency = 0> <II = 1> <Delay = 1.00> <Generic> <Opcode : >

State 13 <SV = 12> <Delay = 0.00>
ST_13 : Operation 104 [1/1] (0.00ns)   --->   "%specinterface_ln0 = specinterface void @_ssdm_op_SpecInterface, i32 %conv_to_pool_streams_3, void @empty, i32 0, i32 0, void @empty_0, i32 0, i32 0, void @empty_0, void @empty_0, void @empty_0, i32 0, i32 0, i32 0, i32 0, void @empty_0, void @empty_0, i32 4294967295, i32 0"   --->   Operation 104 'specinterface' 'specinterface_ln0' <Predicate = true> <Delay = 0.00>
ST_13 : Operation 105 [1/2] (0.00ns)   --->   "%call_ln0 = call void @convolution.3_Pipeline_conv_for_rows_win_for_rows_win_for_cols, i32 %pad_img, i32 %w, i32 %w_s, i32 %w_3, i32 %w_4, i32 %w_5, i32 %w_6, i32 %w_7, i32 %w_8, i32 %w_9, i32 %conv5, i32 %conv_to_pool_streams_3"   --->   Operation 105 'call' 'call_ln0' <Predicate = true> <Delay = 0.00> <CoreType = "Generic">   --->   Core 0 '' <Latency = 0> <II = 1> <Delay = 1.00> <Generic> <Opcode : >
ST_13 : Operation 106 [1/1] (0.00ns)   --->   "%ret_ln81 = ret" [conv.cc:81]   --->   Operation 106 'ret' 'ret_ln81' <Predicate = true> <Delay = 0.00>


============================================================
+ Verbose Summary: Binding
============================================================
STG Binding: 
---------------- STG Properties BEGIN ----------------
- Is combinational: 0
- Is one-state seq: 0
- Is datapath-only: 0
- Is pipelined: 0
- Is top level: 0
Port [ Return ] is wired: 1; IO mode=ap_ctrl_hs:ce=0
Port [ pad_img]:  wired=1; compound=1; hidden=0; nouse=0; global=0; static=0; extern=0; dir=0; type=1; pingpong=0; private_global=0; MemPort=[11333333333333333]; IO mode=ap_memory:ce=0
Port [ weight_buf]:  wired=1; compound=1; hidden=0; nouse=0; global=0; static=0; extern=0; dir=0; type=1; pingpong=0; private_global=0; MemPort=[11]; IO mode=ap_memory:ce=0
Port [ biases_buf]:  wired=1; compound=0; hidden=0; nouse=0; global=0; static=0; extern=0; dir=0; type=0; pingpong=0; private_global=0; IO mode=ap_none:ce=0
Port [ conv_to_pool_streams_3]:  wired=1; compound=1; hidden=0; nouse=0; global=0; static=0; extern=0; dir=1; type=3; pingpong=0; private_global=0; IO mode=ap_fifo:ce=0
---------------- STG Properties END ------------------

---------------- Datapath Model BEGIN ----------------

<LifeTime>
<method=bitvector/>
weight_buf_addr    (getelementptr) [ 00100000000000]
weight_buf_addr_31 (getelementptr) [ 00010000000000]
weight_buf_addr_32 (getelementptr) [ 00010000000000]
weight_buf_load    (load         ) [ 00011111111110]
weight_buf_addr_33 (getelementptr) [ 00001000000000]
weight_buf_addr_34 (getelementptr) [ 00001000000000]
weight_buf_load_33 (load         ) [ 00001111111110]
weight_buf_load_34 (load         ) [ 00001111111110]
weight_buf_addr19  (getelementptr) [ 00000100000000]
weight_buf_addr_35 (getelementptr) [ 00000100000000]
weight_buf_load_35 (load         ) [ 00000111111110]
weight_buf_load_36 (load         ) [ 00000111111110]
weight_buf_addr_36 (getelementptr) [ 00000010000000]
weight_buf_addr_37 (getelementptr) [ 00000010000000]
weight_buf_load_37 (load         ) [ 00000011111110]
weight_buf_load_38 (load         ) [ 00000011111110]
weight_buf_load_39 (load         ) [ 00000001111110]
weight_buf_load_40 (load         ) [ 00000001111110]
biases_buf_read    (read         ) [ 00000000111110]
empty              (wait         ) [ 00000000000000]
conv5              (sitofp       ) [ 00000000000001]
w                  (sitofp       ) [ 00000000000001]
w_s                (sitofp       ) [ 00000000000001]
w_3                (sitofp       ) [ 00000000000001]
w_4                (sitofp       ) [ 00000000000001]
w_5                (sitofp       ) [ 00000000000001]
w_6                (sitofp       ) [ 00000000000001]
w_7                (sitofp       ) [ 00000000000001]
w_8                (sitofp       ) [ 00000000000001]
w_9                (sitofp       ) [ 00000000000001]
specinterface_ln0  (specinterface) [ 00000000000000]
call_ln0           (call         ) [ 00000000000000]
ret_ln81           (ret          ) [ 00000000000000]
</LifeTime>

<model>

<comp_list>
<comp id="0" class="1000" name="pad_img">
<pin_list>
<pin id="1" dir="1" index="0" bw="1" slack="0"/>
</pin_list>
<bind>
<StgValue><ssdm name="pad_img"/><MemPortTyVec>1 1 3 3 3 3 3 3 3 3 3 3 3 3 3 3 3 </MemPortTyVec>
</StgValue>
</bind>
</comp>

<comp id="2" class="1000" name="weight_buf">
<pin_list>
<pin id="3" dir="1" index="0" bw="1" slack="0"/>
</pin_list>
<bind>
<StgValue><ssdm name="weight_buf"/><MemPortTyVec>1 1 </MemPortTyVec>
</StgValue>
</bind>
</comp>

<comp id="4" class="1000" name="biases_buf">
<pin_list>
<pin id="5" dir="1" index="0" bw="1" slack="0"/>
</pin_list>
<bind>
<StgValue><ssdm name="biases_buf"/></StgValue>
</bind>
</comp>

<comp id="6" class="1000" name="conv_to_pool_streams_3">
<pin_list>
<pin id="7" dir="1" index="0" bw="1" slack="0"/>
</pin_list>
<bind>
<StgValue><ssdm name="conv_to_pool_streams_3"/></StgValue>
</bind>
</comp>

<comp id="8" class="1001" name="const_8">
<pin_list>
<pin id="9" dir="1" index="0" bw="1" slack="0"/>
</pin_list>
<bind>
<StgValue><ssdm name=""/></StgValue>
</bind>
</comp>

<comp id="10" class="1001" name="const_10">
<pin_list>
<pin id="11" dir="1" index="0" bw="1" slack="0"/>
</pin_list>
<bind>
<StgValue><ssdm name=""/></StgValue>
</bind>
</comp>

<comp id="12" class="1001" name="const_12">
<pin_list>
<pin id="13" dir="1" index="0" bw="1" slack="0"/>
</pin_list>
<bind>
<StgValue><ssdm name=""/></StgValue>
</bind>
</comp>

<comp id="14" class="1001" name="const_14">
<pin_list>
<pin id="15" dir="1" index="0" bw="1" slack="0"/>
</pin_list>
<bind>
<StgValue><ssdm name=""/></StgValue>
</bind>
</comp>

<comp id="16" class="1001" name="const_16">
<pin_list>
<pin id="17" dir="1" index="0" bw="1" slack="0"/>
</pin_list>
<bind>
<StgValue><ssdm name=""/></StgValue>
</bind>
</comp>

<comp id="18" class="1001" name="const_18">
<pin_list>
<pin id="19" dir="1" index="0" bw="1" slack="0"/>
</pin_list>
<bind>
<StgValue><ssdm name=""/></StgValue>
</bind>
</comp>

<comp id="20" class="1001" name="const_20">
<pin_list>
<pin id="21" dir="1" index="0" bw="1" slack="0"/>
</pin_list>
<bind>
<StgValue><ssdm name=""/></StgValue>
</bind>
</comp>

<comp id="22" class="1001" name="const_22">
<pin_list>
<pin id="23" dir="1" index="0" bw="1" slack="0"/>
</pin_list>
<bind>
<StgValue><ssdm name=""/></StgValue>
</bind>
</comp>

<comp id="24" class="1001" name="const_24">
<pin_list>
<pin id="25" dir="1" index="0" bw="1" slack="0"/>
</pin_list>
<bind>
<StgValue><ssdm name=""/></StgValue>
</bind>
</comp>

<comp id="26" class="1001" name="const_26">
<pin_list>
<pin id="27" dir="1" index="0" bw="1" slack="0"/>
</pin_list>
<bind>
<StgValue><ssdm name="_ssdm_op_Read.ap_auto.i32"/></StgValue>
</bind>
</comp>

<comp id="28" class="1001" name="const_28">
<pin_list>
<pin id="29" dir="1" index="0" bw="1" slack="2147483647"/>
</pin_list>
<bind>
<StgValue><ssdm name="_ssdm_op_Wait"/></StgValue>
</bind>
</comp>

<comp id="30" class="1001" name="const_30">
<pin_list>
<pin id="31" dir="1" index="0" bw="1" slack="0"/>
</pin_list>
<bind>
<StgValue><ssdm name="convolution.3_Pipeline_conv_for_rows_win_for_rows_win_for_cols"/></StgValue>
</bind>
</comp>

<comp id="32" class="1001" name="const_32">
<pin_list>
<pin id="33" dir="1" index="0" bw="1" slack="2147483647"/>
</pin_list>
<bind>
<StgValue><ssdm name="_ssdm_op_SpecInterface"/></StgValue>
</bind>
</comp>

<comp id="34" class="1001" name="const_34">
<pin_list>
<pin id="35" dir="1" index="0" bw="1" slack="2147483647"/>
</pin_list>
<bind>
<StgValue><ssdm name="empty"/></StgValue>
</bind>
</comp>

<comp id="36" class="1001" name="const_36">
<pin_list>
<pin id="37" dir="1" index="0" bw="1" slack="2147483647"/>
</pin_list>
<bind>
<StgValue><ssdm name=""/></StgValue>
</bind>
</comp>

<comp id="38" class="1001" name="const_38">
<pin_list>
<pin id="39" dir="1" index="0" bw="1" slack="2147483647"/>
</pin_list>
<bind>
<StgValue><ssdm name="empty_0"/></StgValue>
</bind>
</comp>

<comp id="40" class="1001" name="const_40">
<pin_list>
<pin id="41" dir="1" index="0" bw="1" slack="2147483647"/>
</pin_list>
<bind>
<StgValue><ssdm name=""/></StgValue>
</bind>
</comp>

<comp id="42" class="1004" name="biases_buf_read_read_fu_42">
<pin_list>
<pin id="43" dir="0" index="0" bw="32" slack="0"/>
<pin id="44" dir="0" index="1" bw="32" slack="0"/>
<pin id="45" dir="1" index="2" bw="32" slack="0"/>
</pin_list>
<bind>
<opcode="read(1150) " fcode="read"/>
<opset="biases_buf_read/7 "/>
</bind>
</comp>

<comp id="48" class="1004" name="weight_buf_addr_gep_fu_48">
<pin_list>
<pin id="49" dir="0" index="0" bw="32" slack="0"/>
<pin id="50" dir="0" index="1" bw="1" slack="0"/>
<pin id="51" dir="0" index="2" bw="1" slack="0"/>
<pin id="52" dir="1" index="3" bw="4" slack="0"/>
</pin_list>
<bind>
<opcode="getelementptr(29) " fcode="getelementptr"/>
<opset="weight_buf_addr/1 "/>
</bind>
</comp>

<comp id="56" class="1004" name="grp_access_fu_56">
<pin_list>
<pin id="57" dir="0" index="0" bw="4" slack="0"/>
<pin id="58" dir="0" index="1" bw="32" slack="2147483647"/>
<pin id="59" dir="0" index="2" bw="0" slack="0"/>
<pin id="78" dir="0" index="4" bw="4" slack="2147483647"/>
<pin id="79" dir="0" index="5" bw="32" slack="2147483647"/>
<pin id="80" dir="0" index="6" bw="0" slack="2147483647"/>
<pin id="60" dir="1" index="3" bw="32" slack="1"/>
<pin id="81" dir="1" index="7" bw="32" slack="1"/>
</pin_list>
<bind>
<opcode="load(27) " fcode="load"/>
<opset="weight_buf_load/1 weight_buf_load_33/2 weight_buf_load_34/2 weight_buf_load_35/3 weight_buf_load_36/3 weight_buf_load_37/4 weight_buf_load_38/4 weight_buf_load_39/5 weight_buf_load_40/5 "/>
</bind>
</comp>

<comp id="62" class="1004" name="weight_buf_addr_31_gep_fu_62">
<pin_list>
<pin id="63" dir="0" index="0" bw="32" slack="0"/>
<pin id="64" dir="0" index="1" bw="1" slack="0"/>
<pin id="65" dir="0" index="2" bw="1" slack="0"/>
<pin id="66" dir="1" index="3" bw="4" slack="0"/>
</pin_list>
<bind>
<opcode="getelementptr(29) " fcode="getelementptr"/>
<opset="weight_buf_addr_31/2 "/>
</bind>
</comp>

<comp id="70" class="1004" name="weight_buf_addr_32_gep_fu_70">
<pin_list>
<pin id="71" dir="0" index="0" bw="32" slack="0"/>
<pin id="72" dir="0" index="1" bw="1" slack="0"/>
<pin id="73" dir="0" index="2" bw="3" slack="0"/>
<pin id="74" dir="1" index="3" bw="4" slack="0"/>
</pin_list>
<bind>
<opcode="getelementptr(29) " fcode="getelementptr"/>
<opset="weight_buf_addr_32/2 "/>
</bind>
</comp>

<comp id="84" class="1004" name="weight_buf_addr_33_gep_fu_84">
<pin_list>
<pin id="85" dir="0" index="0" bw="32" slack="0"/>
<pin id="86" dir="0" index="1" bw="1" slack="0"/>
<pin id="87" dir="0" index="2" bw="3" slack="0"/>
<pin id="88" dir="1" index="3" bw="4" slack="0"/>
</pin_list>
<bind>
<opcode="getelementptr(29) " fcode="getelementptr"/>
<opset="weight_buf_addr_33/3 "/>
</bind>
</comp>

<comp id="92" class="1004" name="weight_buf_addr_34_gep_fu_92">
<pin_list>
<pin id="93" dir="0" index="0" bw="32" slack="0"/>
<pin id="94" dir="0" index="1" bw="1" slack="0"/>
<pin id="95" dir="0" index="2" bw="4" slack="0"/>
<pin id="96" dir="1" index="3" bw="4" slack="0"/>
</pin_list>
<bind>
<opcode="getelementptr(29) " fcode="getelementptr"/>
<opset="weight_buf_addr_34/3 "/>
</bind>
</comp>

<comp id="102" class="1004" name="weight_buf_addr19_gep_fu_102">
<pin_list>
<pin id="103" dir="0" index="0" bw="32" slack="0"/>
<pin id="104" dir="0" index="1" bw="1" slack="0"/>
<pin id="105" dir="0" index="2" bw="4" slack="0"/>
<pin id="106" dir="1" index="3" bw="4" slack="0"/>
</pin_list>
<bind>
<opcode="getelementptr(29) " fcode="getelementptr"/>
<opset="weight_buf_addr19/4 "/>
</bind>
</comp>

<comp id="110" class="1004" name="weight_buf_addr_35_gep_fu_110">
<pin_list>
<pin id="111" dir="0" index="0" bw="32" slack="0"/>
<pin id="112" dir="0" index="1" bw="1" slack="0"/>
<pin id="113" dir="0" index="2" bw="4" slack="0"/>
<pin id="114" dir="1" index="3" bw="4" slack="0"/>
</pin_list>
<bind>
<opcode="getelementptr(29) " fcode="getelementptr"/>
<opset="weight_buf_addr_35/4 "/>
</bind>
</comp>

<comp id="120" class="1004" name="weight_buf_addr_36_gep_fu_120">
<pin_list>
<pin id="121" dir="0" index="0" bw="32" slack="0"/>
<pin id="122" dir="0" index="1" bw="1" slack="0"/>
<pin id="123" dir="0" index="2" bw="4" slack="0"/>
<pin id="124" dir="1" index="3" bw="4" slack="0"/>
</pin_list>
<bind>
<opcode="getelementptr(29) " fcode="getelementptr"/>
<opset="weight_buf_addr_36/5 "/>
</bind>
</comp>

<comp id="128" class="1004" name="weight_buf_addr_37_gep_fu_128">
<pin_list>
<pin id="129" dir="0" index="0" bw="32" slack="0"/>
<pin id="130" dir="0" index="1" bw="1" slack="0"/>
<pin id="131" dir="0" index="2" bw="5" slack="0"/>
<pin id="132" dir="1" index="3" bw="4" slack="0"/>
</pin_list>
<bind>
<opcode="getelementptr(29) " fcode="getelementptr"/>
<opset="weight_buf_addr_37/5 "/>
</bind>
</comp>

<comp id="138" class="1004" name="grp_convolution_3_Pipeline_conv_for_rows_win_for_rows_win_for_cols_fu_138">
<pin_list>
<pin id="139" dir="0" index="0" bw="0" slack="0"/>
<pin id="140" dir="0" index="1" bw="32" slack="0"/>
<pin id="141" dir="0" index="2" bw="32" slack="0"/>
<pin id="142" dir="0" index="3" bw="32" slack="0"/>
<pin id="143" dir="0" index="4" bw="32" slack="0"/>
<pin id="144" dir="0" index="5" bw="32" slack="0"/>
<pin id="145" dir="0" index="6" bw="32" slack="0"/>
<pin id="146" dir="0" index="7" bw="32" slack="0"/>
<pin id="147" dir="0" index="8" bw="32" slack="0"/>
<pin id="148" dir="0" index="9" bw="32" slack="0"/>
<pin id="149" dir="0" index="10" bw="32" slack="0"/>
<pin id="150" dir="0" index="11" bw="32" slack="0"/>
<pin id="151" dir="0" index="12" bw="32" slack="0"/>
<pin id="152" dir="1" index="13" bw="0" slack="2147483647"/>
</pin_list>
<bind>
<opcode="call(48) " fcode="call"/>
<opset="call_ln0/12 "/>
</bind>
</comp>

<comp id="156" class="1004" name="grp_fu_156">
<pin_list>
<pin id="157" dir="0" index="0" bw="32" slack="0"/>
<pin id="158" dir="1" index="1" bw="32" slack="0"/>
</pin_list>
<bind>
<opcode="sitofp(39) " fcode="sitofp"/>
<opset="conv5/7 "/>
</bind>
</comp>

<comp id="161" class="1004" name="grp_fu_161">
<pin_list>
<pin id="162" dir="0" index="0" bw="32" slack="5"/>
<pin id="163" dir="1" index="1" bw="32" slack="0"/>
</pin_list>
<bind>
<opcode="sitofp(39) " fcode="sitofp"/>
<opset="w/7 "/>
</bind>
</comp>

<comp id="165" class="1004" name="grp_fu_165">
<pin_list>
<pin id="166" dir="0" index="0" bw="32" slack="4"/>
<pin id="167" dir="1" index="1" bw="32" slack="0"/>
</pin_list>
<bind>
<opcode="sitofp(39) " fcode="sitofp"/>
<opset="w_s/7 "/>
</bind>
</comp>

<comp id="169" class="1004" name="grp_fu_169">
<pin_list>
<pin id="170" dir="0" index="0" bw="32" slack="4"/>
<pin id="171" dir="1" index="1" bw="32" slack="0"/>
</pin_list>
<bind>
<opcode="sitofp(39) " fcode="sitofp"/>
<opset="w_3/7 "/>
</bind>
</comp>

<comp id="173" class="1004" name="grp_fu_173">
<pin_list>
<pin id="174" dir="0" index="0" bw="32" slack="3"/>
<pin id="175" dir="1" index="1" bw="32" slack="0"/>
</pin_list>
<bind>
<opcode="sitofp(39) " fcode="sitofp"/>
<opset="w_4/7 "/>
</bind>
</comp>

<comp id="177" class="1004" name="grp_fu_177">
<pin_list>
<pin id="178" dir="0" index="0" bw="32" slack="3"/>
<pin id="179" dir="1" index="1" bw="32" slack="0"/>
</pin_list>
<bind>
<opcode="sitofp(39) " fcode="sitofp"/>
<opset="w_5/7 "/>
</bind>
</comp>

<comp id="181" class="1004" name="grp_fu_181">
<pin_list>
<pin id="182" dir="0" index="0" bw="32" slack="2"/>
<pin id="183" dir="1" index="1" bw="32" slack="0"/>
</pin_list>
<bind>
<opcode="sitofp(39) " fcode="sitofp"/>
<opset="w_6/7 "/>
</bind>
</comp>

<comp id="185" class="1004" name="grp_fu_185">
<pin_list>
<pin id="186" dir="0" index="0" bw="32" slack="2"/>
<pin id="187" dir="1" index="1" bw="32" slack="0"/>
</pin_list>
<bind>
<opcode="sitofp(39) " fcode="sitofp"/>
<opset="w_7/7 "/>
</bind>
</comp>

<comp id="189" class="1004" name="grp_fu_189">
<pin_list>
<pin id="190" dir="0" index="0" bw="32" slack="1"/>
<pin id="191" dir="1" index="1" bw="32" slack="0"/>
</pin_list>
<bind>
<opcode="sitofp(39) " fcode="sitofp"/>
<opset="w_8/7 "/>
</bind>
</comp>

<comp id="193" class="1004" name="grp_fu_193">
<pin_list>
<pin id="194" dir="0" index="0" bw="32" slack="1"/>
<pin id="195" dir="1" index="1" bw="32" slack="0"/>
</pin_list>
<bind>
<opcode="sitofp(39) " fcode="sitofp"/>
<opset="w_9/7 "/>
</bind>
</comp>

<comp id="197" class="1005" name="weight_buf_addr_reg_197">
<pin_list>
<pin id="198" dir="0" index="0" bw="4" slack="1"/>
<pin id="199" dir="1" index="1" bw="4" slack="1"/>
</pin_list>
<bind>
<opset="weight_buf_addr "/>
</bind>
</comp>

<comp id="202" class="1005" name="weight_buf_addr_31_reg_202">
<pin_list>
<pin id="203" dir="0" index="0" bw="4" slack="1"/>
<pin id="204" dir="1" index="1" bw="4" slack="1"/>
</pin_list>
<bind>
<opset="weight_buf_addr_31 "/>
</bind>
</comp>

<comp id="207" class="1005" name="weight_buf_addr_32_reg_207">
<pin_list>
<pin id="208" dir="0" index="0" bw="4" slack="1"/>
<pin id="209" dir="1" index="1" bw="4" slack="1"/>
</pin_list>
<bind>
<opset="weight_buf_addr_32 "/>
</bind>
</comp>

<comp id="212" class="1005" name="weight_buf_load_reg_212">
<pin_list>
<pin id="213" dir="0" index="0" bw="32" slack="5"/>
<pin id="214" dir="1" index="1" bw="32" slack="5"/>
</pin_list>
<bind>
<opset="weight_buf_load "/>
</bind>
</comp>

<comp id="217" class="1005" name="weight_buf_addr_33_reg_217">
<pin_list>
<pin id="218" dir="0" index="0" bw="4" slack="1"/>
<pin id="219" dir="1" index="1" bw="4" slack="1"/>
</pin_list>
<bind>
<opset="weight_buf_addr_33 "/>
</bind>
</comp>

<comp id="222" class="1005" name="weight_buf_addr_34_reg_222">
<pin_list>
<pin id="223" dir="0" index="0" bw="4" slack="1"/>
<pin id="224" dir="1" index="1" bw="4" slack="1"/>
</pin_list>
<bind>
<opset="weight_buf_addr_34 "/>
</bind>
</comp>

<comp id="227" class="1005" name="weight_buf_load_33_reg_227">
<pin_list>
<pin id="228" dir="0" index="0" bw="32" slack="4"/>
<pin id="229" dir="1" index="1" bw="32" slack="4"/>
</pin_list>
<bind>
<opset="weight_buf_load_33 "/>
</bind>
</comp>

<comp id="232" class="1005" name="weight_buf_load_34_reg_232">
<pin_list>
<pin id="233" dir="0" index="0" bw="32" slack="4"/>
<pin id="234" dir="1" index="1" bw="32" slack="4"/>
</pin_list>
<bind>
<opset="weight_buf_load_34 "/>
</bind>
</comp>

<comp id="237" class="1005" name="weight_buf_addr19_reg_237">
<pin_list>
<pin id="238" dir="0" index="0" bw="4" slack="1"/>
<pin id="239" dir="1" index="1" bw="4" slack="1"/>
</pin_list>
<bind>
<opset="weight_buf_addr19 "/>
</bind>
</comp>

<comp id="242" class="1005" name="weight_buf_addr_35_reg_242">
<pin_list>
<pin id="243" dir="0" index="0" bw="4" slack="1"/>
<pin id="244" dir="1" index="1" bw="4" slack="1"/>
</pin_list>
<bind>
<opset="weight_buf_addr_35 "/>
</bind>
</comp>

<comp id="247" class="1005" name="weight_buf_load_35_reg_247">
<pin_list>
<pin id="248" dir="0" index="0" bw="32" slack="3"/>
<pin id="249" dir="1" index="1" bw="32" slack="3"/>
</pin_list>
<bind>
<opset="weight_buf_load_35 "/>
</bind>
</comp>

<comp id="252" class="1005" name="weight_buf_load_36_reg_252">
<pin_list>
<pin id="253" dir="0" index="0" bw="32" slack="3"/>
<pin id="254" dir="1" index="1" bw="32" slack="3"/>
</pin_list>
<bind>
<opset="weight_buf_load_36 "/>
</bind>
</comp>

<comp id="257" class="1005" name="weight_buf_addr_36_reg_257">
<pin_list>
<pin id="258" dir="0" index="0" bw="4" slack="1"/>
<pin id="259" dir="1" index="1" bw="4" slack="1"/>
</pin_list>
<bind>
<opset="weight_buf_addr_36 "/>
</bind>
</comp>

<comp id="262" class="1005" name="weight_buf_addr_37_reg_262">
<pin_list>
<pin id="263" dir="0" index="0" bw="4" slack="1"/>
<pin id="264" dir="1" index="1" bw="4" slack="1"/>
</pin_list>
<bind>
<opset="weight_buf_addr_37 "/>
</bind>
</comp>

<comp id="267" class="1005" name="weight_buf_load_37_reg_267">
<pin_list>
<pin id="268" dir="0" index="0" bw="32" slack="2"/>
<pin id="269" dir="1" index="1" bw="32" slack="2"/>
</pin_list>
<bind>
<opset="weight_buf_load_37 "/>
</bind>
</comp>

<comp id="272" class="1005" name="weight_buf_load_38_reg_272">
<pin_list>
<pin id="273" dir="0" index="0" bw="32" slack="2"/>
<pin id="274" dir="1" index="1" bw="32" slack="2"/>
</pin_list>
<bind>
<opset="weight_buf_load_38 "/>
</bind>
</comp>

<comp id="277" class="1005" name="weight_buf_load_39_reg_277">
<pin_list>
<pin id="278" dir="0" index="0" bw="32" slack="1"/>
<pin id="279" dir="1" index="1" bw="32" slack="1"/>
</pin_list>
<bind>
<opset="weight_buf_load_39 "/>
</bind>
</comp>

<comp id="282" class="1005" name="weight_buf_load_40_reg_282">
<pin_list>
<pin id="283" dir="0" index="0" bw="32" slack="1"/>
<pin id="284" dir="1" index="1" bw="32" slack="1"/>
</pin_list>
<bind>
<opset="weight_buf_load_40 "/>
</bind>
</comp>

<comp id="287" class="1005" name="biases_buf_read_reg_287">
<pin_list>
<pin id="288" dir="0" index="0" bw="32" slack="1"/>
<pin id="289" dir="1" index="1" bw="32" slack="1"/>
</pin_list>
<bind>
<opset="biases_buf_read "/>
</bind>
</comp>

<comp id="292" class="1005" name="conv5_reg_292">
<pin_list>
<pin id="293" dir="0" index="0" bw="32" slack="1"/>
<pin id="294" dir="1" index="1" bw="32" slack="1"/>
</pin_list>
<bind>
<opset="conv5 "/>
</bind>
</comp>

<comp id="297" class="1005" name="w_reg_297">
<pin_list>
<pin id="298" dir="0" index="0" bw="32" slack="1"/>
<pin id="299" dir="1" index="1" bw="32" slack="1"/>
</pin_list>
<bind>
<opset="w "/>
</bind>
</comp>

<comp id="302" class="1005" name="w_s_reg_302">
<pin_list>
<pin id="303" dir="0" index="0" bw="32" slack="1"/>
<pin id="304" dir="1" index="1" bw="32" slack="1"/>
</pin_list>
<bind>
<opset="w_s "/>
</bind>
</comp>

<comp id="307" class="1005" name="w_3_reg_307">
<pin_list>
<pin id="308" dir="0" index="0" bw="32" slack="1"/>
<pin id="309" dir="1" index="1" bw="32" slack="1"/>
</pin_list>
<bind>
<opset="w_3 "/>
</bind>
</comp>

<comp id="312" class="1005" name="w_4_reg_312">
<pin_list>
<pin id="313" dir="0" index="0" bw="32" slack="1"/>
<pin id="314" dir="1" index="1" bw="32" slack="1"/>
</pin_list>
<bind>
<opset="w_4 "/>
</bind>
</comp>

<comp id="317" class="1005" name="w_5_reg_317">
<pin_list>
<pin id="318" dir="0" index="0" bw="32" slack="1"/>
<pin id="319" dir="1" index="1" bw="32" slack="1"/>
</pin_list>
<bind>
<opset="w_5 "/>
</bind>
</comp>

<comp id="322" class="1005" name="w_6_reg_322">
<pin_list>
<pin id="323" dir="0" index="0" bw="32" slack="1"/>
<pin id="324" dir="1" index="1" bw="32" slack="1"/>
</pin_list>
<bind>
<opset="w_6 "/>
</bind>
</comp>

<comp id="327" class="1005" name="w_7_reg_327">
<pin_list>
<pin id="328" dir="0" index="0" bw="32" slack="1"/>
<pin id="329" dir="1" index="1" bw="32" slack="1"/>
</pin_list>
<bind>
<opset="w_7 "/>
</bind>
</comp>

<comp id="332" class="1005" name="w_8_reg_332">
<pin_list>
<pin id="333" dir="0" index="0" bw="32" slack="1"/>
<pin id="334" dir="1" index="1" bw="32" slack="1"/>
</pin_list>
<bind>
<opset="w_8 "/>
</bind>
</comp>

<comp id="337" class="1005" name="w_9_reg_337">
<pin_list>
<pin id="338" dir="0" index="0" bw="32" slack="1"/>
<pin id="339" dir="1" index="1" bw="32" slack="1"/>
</pin_list>
<bind>
<opset="w_9 "/>
</bind>
</comp>

</comp_list>

<net_list>
<net id="46"><net_src comp="26" pin="0"/><net_sink comp="42" pin=0"/></net>

<net id="47"><net_src comp="4" pin="0"/><net_sink comp="42" pin=1"/></net>

<net id="53"><net_src comp="2" pin="0"/><net_sink comp="48" pin=0"/></net>

<net id="54"><net_src comp="8" pin="0"/><net_sink comp="48" pin=1"/></net>

<net id="55"><net_src comp="8" pin="0"/><net_sink comp="48" pin=2"/></net>

<net id="61"><net_src comp="48" pin="3"/><net_sink comp="56" pin=0"/></net>

<net id="67"><net_src comp="2" pin="0"/><net_sink comp="62" pin=0"/></net>

<net id="68"><net_src comp="8" pin="0"/><net_sink comp="62" pin=1"/></net>

<net id="69"><net_src comp="10" pin="0"/><net_sink comp="62" pin=2"/></net>

<net id="75"><net_src comp="2" pin="0"/><net_sink comp="70" pin=0"/></net>

<net id="76"><net_src comp="8" pin="0"/><net_sink comp="70" pin=1"/></net>

<net id="77"><net_src comp="12" pin="0"/><net_sink comp="70" pin=2"/></net>

<net id="82"><net_src comp="62" pin="3"/><net_sink comp="56" pin=2"/></net>

<net id="83"><net_src comp="70" pin="3"/><net_sink comp="56" pin=0"/></net>

<net id="89"><net_src comp="2" pin="0"/><net_sink comp="84" pin=0"/></net>

<net id="90"><net_src comp="8" pin="0"/><net_sink comp="84" pin=1"/></net>

<net id="91"><net_src comp="14" pin="0"/><net_sink comp="84" pin=2"/></net>

<net id="97"><net_src comp="2" pin="0"/><net_sink comp="92" pin=0"/></net>

<net id="98"><net_src comp="8" pin="0"/><net_sink comp="92" pin=1"/></net>

<net id="99"><net_src comp="16" pin="0"/><net_sink comp="92" pin=2"/></net>

<net id="100"><net_src comp="84" pin="3"/><net_sink comp="56" pin=0"/></net>

<net id="101"><net_src comp="92" pin="3"/><net_sink comp="56" pin=2"/></net>

<net id="107"><net_src comp="2" pin="0"/><net_sink comp="102" pin=0"/></net>

<net id="108"><net_src comp="8" pin="0"/><net_sink comp="102" pin=1"/></net>

<net id="109"><net_src comp="18" pin="0"/><net_sink comp="102" pin=2"/></net>

<net id="115"><net_src comp="2" pin="0"/><net_sink comp="110" pin=0"/></net>

<net id="116"><net_src comp="8" pin="0"/><net_sink comp="110" pin=1"/></net>

<net id="117"><net_src comp="20" pin="0"/><net_sink comp="110" pin=2"/></net>

<net id="118"><net_src comp="110" pin="3"/><net_sink comp="56" pin=0"/></net>

<net id="119"><net_src comp="102" pin="3"/><net_sink comp="56" pin=2"/></net>

<net id="125"><net_src comp="2" pin="0"/><net_sink comp="120" pin=0"/></net>

<net id="126"><net_src comp="8" pin="0"/><net_sink comp="120" pin=1"/></net>

<net id="127"><net_src comp="22" pin="0"/><net_sink comp="120" pin=2"/></net>

<net id="133"><net_src comp="2" pin="0"/><net_sink comp="128" pin=0"/></net>

<net id="134"><net_src comp="8" pin="0"/><net_sink comp="128" pin=1"/></net>

<net id="135"><net_src comp="24" pin="0"/><net_sink comp="128" pin=2"/></net>

<net id="136"><net_src comp="120" pin="3"/><net_sink comp="56" pin=0"/></net>

<net id="137"><net_src comp="128" pin="3"/><net_sink comp="56" pin=2"/></net>

<net id="153"><net_src comp="30" pin="0"/><net_sink comp="138" pin=0"/></net>

<net id="154"><net_src comp="0" pin="0"/><net_sink comp="138" pin=1"/></net>

<net id="155"><net_src comp="6" pin="0"/><net_sink comp="138" pin=12"/></net>

<net id="159"><net_src comp="156" pin="1"/><net_sink comp="138" pin=11"/></net>

<net id="160"><net_src comp="42" pin="2"/><net_sink comp="156" pin=0"/></net>

<net id="164"><net_src comp="161" pin="1"/><net_sink comp="138" pin=2"/></net>

<net id="168"><net_src comp="165" pin="1"/><net_sink comp="138" pin=3"/></net>

<net id="172"><net_src comp="169" pin="1"/><net_sink comp="138" pin=4"/></net>

<net id="176"><net_src comp="173" pin="1"/><net_sink comp="138" pin=5"/></net>

<net id="180"><net_src comp="177" pin="1"/><net_sink comp="138" pin=6"/></net>

<net id="184"><net_src comp="181" pin="1"/><net_sink comp="138" pin=7"/></net>

<net id="188"><net_src comp="185" pin="1"/><net_sink comp="138" pin=8"/></net>

<net id="192"><net_src comp="189" pin="1"/><net_sink comp="138" pin=9"/></net>

<net id="196"><net_src comp="193" pin="1"/><net_sink comp="138" pin=10"/></net>

<net id="200"><net_src comp="48" pin="3"/><net_sink comp="197" pin=0"/></net>

<net id="201"><net_src comp="197" pin="1"/><net_sink comp="56" pin=0"/></net>

<net id="205"><net_src comp="62" pin="3"/><net_sink comp="202" pin=0"/></net>

<net id="206"><net_src comp="202" pin="1"/><net_sink comp="56" pin=2"/></net>

<net id="210"><net_src comp="70" pin="3"/><net_sink comp="207" pin=0"/></net>

<net id="211"><net_src comp="207" pin="1"/><net_sink comp="56" pin=0"/></net>

<net id="215"><net_src comp="56" pin="3"/><net_sink comp="212" pin=0"/></net>

<net id="216"><net_src comp="212" pin="1"/><net_sink comp="161" pin=0"/></net>

<net id="220"><net_src comp="84" pin="3"/><net_sink comp="217" pin=0"/></net>

<net id="221"><net_src comp="217" pin="1"/><net_sink comp="56" pin=0"/></net>

<net id="225"><net_src comp="92" pin="3"/><net_sink comp="222" pin=0"/></net>

<net id="226"><net_src comp="222" pin="1"/><net_sink comp="56" pin=2"/></net>

<net id="230"><net_src comp="56" pin="7"/><net_sink comp="227" pin=0"/></net>

<net id="231"><net_src comp="227" pin="1"/><net_sink comp="165" pin=0"/></net>

<net id="235"><net_src comp="56" pin="3"/><net_sink comp="232" pin=0"/></net>

<net id="236"><net_src comp="232" pin="1"/><net_sink comp="169" pin=0"/></net>

<net id="240"><net_src comp="102" pin="3"/><net_sink comp="237" pin=0"/></net>

<net id="241"><net_src comp="237" pin="1"/><net_sink comp="56" pin=2"/></net>

<net id="245"><net_src comp="110" pin="3"/><net_sink comp="242" pin=0"/></net>

<net id="246"><net_src comp="242" pin="1"/><net_sink comp="56" pin=0"/></net>

<net id="250"><net_src comp="56" pin="3"/><net_sink comp="247" pin=0"/></net>

<net id="251"><net_src comp="247" pin="1"/><net_sink comp="173" pin=0"/></net>

<net id="255"><net_src comp="56" pin="7"/><net_sink comp="252" pin=0"/></net>

<net id="256"><net_src comp="252" pin="1"/><net_sink comp="177" pin=0"/></net>

<net id="260"><net_src comp="120" pin="3"/><net_sink comp="257" pin=0"/></net>

<net id="261"><net_src comp="257" pin="1"/><net_sink comp="56" pin=0"/></net>

<net id="265"><net_src comp="128" pin="3"/><net_sink comp="262" pin=0"/></net>

<net id="266"><net_src comp="262" pin="1"/><net_sink comp="56" pin=2"/></net>

<net id="270"><net_src comp="56" pin="3"/><net_sink comp="267" pin=0"/></net>

<net id="271"><net_src comp="267" pin="1"/><net_sink comp="181" pin=0"/></net>

<net id="275"><net_src comp="56" pin="7"/><net_sink comp="272" pin=0"/></net>

<net id="276"><net_src comp="272" pin="1"/><net_sink comp="185" pin=0"/></net>

<net id="280"><net_src comp="56" pin="3"/><net_sink comp="277" pin=0"/></net>

<net id="281"><net_src comp="277" pin="1"/><net_sink comp="189" pin=0"/></net>

<net id="285"><net_src comp="56" pin="7"/><net_sink comp="282" pin=0"/></net>

<net id="286"><net_src comp="282" pin="1"/><net_sink comp="193" pin=0"/></net>

<net id="290"><net_src comp="42" pin="2"/><net_sink comp="287" pin=0"/></net>

<net id="291"><net_src comp="287" pin="1"/><net_sink comp="156" pin=0"/></net>

<net id="295"><net_src comp="156" pin="1"/><net_sink comp="292" pin=0"/></net>

<net id="296"><net_src comp="292" pin="1"/><net_sink comp="138" pin=11"/></net>

<net id="300"><net_src comp="161" pin="1"/><net_sink comp="297" pin=0"/></net>

<net id="301"><net_src comp="297" pin="1"/><net_sink comp="138" pin=2"/></net>

<net id="305"><net_src comp="165" pin="1"/><net_sink comp="302" pin=0"/></net>

<net id="306"><net_src comp="302" pin="1"/><net_sink comp="138" pin=3"/></net>

<net id="310"><net_src comp="169" pin="1"/><net_sink comp="307" pin=0"/></net>

<net id="311"><net_src comp="307" pin="1"/><net_sink comp="138" pin=4"/></net>

<net id="315"><net_src comp="173" pin="1"/><net_sink comp="312" pin=0"/></net>

<net id="316"><net_src comp="312" pin="1"/><net_sink comp="138" pin=5"/></net>

<net id="320"><net_src comp="177" pin="1"/><net_sink comp="317" pin=0"/></net>

<net id="321"><net_src comp="317" pin="1"/><net_sink comp="138" pin=6"/></net>

<net id="325"><net_src comp="181" pin="1"/><net_sink comp="322" pin=0"/></net>

<net id="326"><net_src comp="322" pin="1"/><net_sink comp="138" pin=7"/></net>

<net id="330"><net_src comp="185" pin="1"/><net_sink comp="327" pin=0"/></net>

<net id="331"><net_src comp="327" pin="1"/><net_sink comp="138" pin=8"/></net>

<net id="335"><net_src comp="189" pin="1"/><net_sink comp="332" pin=0"/></net>

<net id="336"><net_src comp="332" pin="1"/><net_sink comp="138" pin=9"/></net>

<net id="340"><net_src comp="193" pin="1"/><net_sink comp="337" pin=0"/></net>

<net id="341"><net_src comp="337" pin="1"/><net_sink comp="138" pin=10"/></net>

</net_list>

</model> 
---------------- Datapath Model END ------------------

* FSMD analyzer results:
  - Output states:
	Port: conv_to_pool_streams_3 | {12 13 }
 - Input state : 
	Port: convolution.3 : pad_img | {12 13 }
	Port: convolution.3 : weight_buf | {1 2 3 4 5 6 }
	Port: convolution.3 : biases_buf | {7 }
  - Chain level:
	State 1
		weight_buf_load : 1
	State 2
		weight_buf_load_33 : 1
		weight_buf_load_34 : 1
	State 3
		weight_buf_load_35 : 1
		weight_buf_load_36 : 1
	State 4
		weight_buf_load_37 : 1
		weight_buf_load_38 : 1
	State 5
		weight_buf_load_39 : 1
		weight_buf_load_40 : 1
	State 6
	State 7
	State 8
	State 9
	State 10
	State 11
	State 12
		call_ln0 : 1
	State 13


============================================================
+ Verbose Summary: Datapath Resource usage 
============================================================

* Functional unit list:
|----------|---------------------------------------------------------------------------|---------|---------|---------|---------|
| Operation|                              Functional Unit                              |   DSP   |  Delay  |    FF   |   LUT   |
|----------|---------------------------------------------------------------------------|---------|---------|---------|---------|
|   call   | grp_convolution_3_Pipeline_conv_for_rows_win_for_rows_win_for_cols_fu_138 |    10   | 17.2674 |   2385  |   1634  |
|----------|---------------------------------------------------------------------------|---------|---------|---------|---------|
|   read   |                         biases_buf_read_read_fu_42                        |    0    |    0    |    0    |    0    |
|----------|---------------------------------------------------------------------------|---------|---------|---------|---------|
|          |                                 grp_fu_156                                |    0    |    0    |    0    |    0    |
|          |                                 grp_fu_161                                |    0    |    0    |    0    |    0    |
|          |                                 grp_fu_165                                |    0    |    0    |    0    |    0    |
|          |                                 grp_fu_169                                |    0    |    0    |    0    |    0    |
|  sitofp  |                                 grp_fu_173                                |    0    |    0    |    0    |    0    |
|          |                                 grp_fu_177                                |    0    |    0    |    0    |    0    |
|          |                                 grp_fu_181                                |    0    |    0    |    0    |    0    |
|          |                                 grp_fu_185                                |    0    |    0    |    0    |    0    |
|          |                                 grp_fu_189                                |    0    |    0    |    0    |    0    |
|          |                                 grp_fu_193                                |    0    |    0    |    0    |    0    |
|----------|---------------------------------------------------------------------------|---------|---------|---------|---------|
|   Total  |                                                                           |    10   | 17.2674 |   2385  |   1634  |
|----------|---------------------------------------------------------------------------|---------|---------|---------|---------|

Memories:
N/A

* Register list:
+--------------------------+--------+
|                          |   FF   |
+--------------------------+--------+
|  biases_buf_read_reg_287 |   32   |
|       conv5_reg_292      |   32   |
|        w_3_reg_307       |   32   |
|        w_4_reg_312       |   32   |
|        w_5_reg_317       |   32   |
|        w_6_reg_322       |   32   |
|        w_7_reg_327       |   32   |
|        w_8_reg_332       |   32   |
|        w_9_reg_337       |   32   |
|         w_reg_297        |   32   |
|        w_s_reg_302       |   32   |
| weight_buf_addr19_reg_237|    4   |
|weight_buf_addr_31_reg_202|    4   |
|weight_buf_addr_32_reg_207|    4   |
|weight_buf_addr_33_reg_217|    4   |
|weight_buf_addr_34_reg_222|    4   |
|weight_buf_addr_35_reg_242|    4   |
|weight_buf_addr_36_reg_257|    4   |
|weight_buf_addr_37_reg_262|    4   |
|  weight_buf_addr_reg_197 |    4   |
|weight_buf_load_33_reg_227|   32   |
|weight_buf_load_34_reg_232|   32   |
|weight_buf_load_35_reg_247|   32   |
|weight_buf_load_36_reg_252|   32   |
|weight_buf_load_37_reg_267|   32   |
|weight_buf_load_38_reg_272|   32   |
|weight_buf_load_39_reg_277|   32   |
|weight_buf_load_40_reg_282|   32   |
|  weight_buf_load_reg_212 |   32   |
+--------------------------+--------+
|           Total          |   676  |
+--------------------------+--------+

* Multiplexer (MUX) list: 
|---------------------------------------------------------------------------|------|------|------|--------||---------||---------|
|                                    Comp                                   |  Pin | Size |  BW  | S x BW ||  Delay  ||   LUT   |
|---------------------------------------------------------------------------|------|------|------|--------||---------||---------|
|                              grp_access_fu_56                             |  p0  |  10  |   4  |   40   ||    41   |
|                              grp_access_fu_56                             |  p2  |   8  |   0  |    0   ||    33   |
| grp_convolution_3_Pipeline_conv_for_rows_win_for_rows_win_for_cols_fu_138 |  p2  |   2  |  32  |   64   ||    9    |
| grp_convolution_3_Pipeline_conv_for_rows_win_for_rows_win_for_cols_fu_138 |  p3  |   2  |  32  |   64   ||    9    |
| grp_convolution_3_Pipeline_conv_for_rows_win_for_rows_win_for_cols_fu_138 |  p4  |   2  |  32  |   64   ||    9    |
| grp_convolution_3_Pipeline_conv_for_rows_win_for_rows_win_for_cols_fu_138 |  p5  |   2  |  32  |   64   ||    9    |
| grp_convolution_3_Pipeline_conv_for_rows_win_for_rows_win_for_cols_fu_138 |  p6  |   2  |  32  |   64   ||    9    |
| grp_convolution_3_Pipeline_conv_for_rows_win_for_rows_win_for_cols_fu_138 |  p7  |   2  |  32  |   64   ||    9    |
| grp_convolution_3_Pipeline_conv_for_rows_win_for_rows_win_for_cols_fu_138 |  p8  |   2  |  32  |   64   ||    9    |
| grp_convolution_3_Pipeline_conv_for_rows_win_for_rows_win_for_cols_fu_138 |  p9  |   2  |  32  |   64   ||    9    |
| grp_convolution_3_Pipeline_conv_for_rows_win_for_rows_win_for_cols_fu_138 |  p10 |   2  |  32  |   64   ||    9    |
| grp_convolution_3_Pipeline_conv_for_rows_win_for_rows_win_for_cols_fu_138 |  p11 |   2  |  32  |   64   ||    9    |
|                                 grp_fu_156                                |  p0  |   2  |  32  |   64   ||    9    |
|---------------------------------------------------------------------------|------|------|------|--------||---------||---------|
|                                   Total                                   |      |      |      |   744  ||  21.384 ||   173   |
|---------------------------------------------------------------------------|------|------|------|--------||---------||---------|



* Summary:
+-----------+--------+--------+--------+--------+
|           |   DSP  |  Delay |   FF   |   LUT  |
+-----------+--------+--------+--------+--------+
|  Function |   10   |   17   |  2385  |  1634  |
|   Memory  |    -   |    -   |    -   |    -   |
|Multiplexer|    -   |   21   |    -   |   173  |
|  Register |    -   |    -   |   676  |    -   |
+-----------+--------+--------+--------+--------+
|   Total   |   10   |   38   |  3061  |  1807  |
+-----------+--------+--------+--------+--------+
