

================================================================
== Vitis HLS Report for 'dense_layer_soft_max_Pipeline_dense_soft_max_for_dense_size'
================================================================
* Date:           Fri Apr 21 17:46:36 2023

* Version:        2022.2 (Build 3670227 on Oct 13 2022)
* Project:        Project
* Solution:       solution1 (Vivado IP Flow Target)
* Product family: artix7
* Target device:  xc7a200t-fbg484-1


================================================================
== Performance Estimates
================================================================
+ Timing: 
    * Summary: 
    +--------+----------+----------+------------+
    |  Clock |  Target  | Estimated| Uncertainty|
    +--------+----------+----------+------------+
    |ap_clk  |  10.00 ns|  7.079 ns|     2.70 ns|
    +--------+----------+----------+------------+

+ Latency: 
    * Summary: 
    +---------+---------+----------+----------+-----+-----+---------+
    |  Latency (cycles) |  Latency (absolute) |  Interval | Pipeline|
    |   min   |   max   |    min   |    max   | min | max |   Type  |
    +---------+---------+----------+----------+-----+-----+---------+
    |      143|      143|  1.430 us|  1.430 us|  143|  143|       no|
    +---------+---------+----------+----------+-----+-----+---------+

    + Detail: 
        * Instance: 
        N/A

        * Loop: 
        +---------------------------------+---------+---------+----------+-----------+-----------+------+----------+
        |                                 |  Latency (cycles) | Iteration|  Initiation Interval  | Trip |          |
        |            Loop Name            |   min   |   max   |  Latency |  achieved |   target  | Count| Pipelined|
        +---------------------------------+---------+---------+----------+-----------+-----------+------+----------+
        |- dense_soft_max_for_dense_size  |      141|      141|        79|          7|          1|    10|       yes|
        +---------------------------------+---------+---------+----------+-----------+-----------+------+----------+

============================================================
+ Verbose Summary: Synthesis Manager
============================================================
InlineROM: 1
ExposeGlobal: 0
============================================================
+ Verbose Summary: CDFG Model
============================================================
IsTopModel: 0
ResetActiveHigh: 1
IsCombinational: 0
IsDatapathOnly: 0
HasWiredReturn: 1
HasMFsm: 2
HasVarLatency: 1
IsPipeline: 0
IsRtlPipelined: 0
IsInstanceOverlapped: 0
IsDontTouch: 0
HasImplIP: 0
IsGatedGlobalClock: 0

+ Individual pipeline summary: 
  * Pipeline-0: initiation interval (II) = 7, depth = 79


============================================================
+ Verbose Summary: Schedule
============================================================
* Number of FSM states : 79
* Pipeline : 1
  Pipeline-0 : II = 7, D = 79, States = { 1 2 3 4 5 6 7 8 9 10 11 12 13 14 15 16 17 18 19 20 21 22 23 24 25 26 27 28 29 30 31 32 33 34 35 36 37 38 39 40 41 42 43 44 45 46 47 48 49 50 51 52 53 54 55 56 57 58 59 60 61 62 63 64 65 66 67 68 69 70 71 72 73 74 75 76 77 78 79 }
* Dataflow Pipeline: 0

* FSM state transitions: 
1 --> 2 
2 --> 3 
3 --> 4 
4 --> 5 
5 --> 6 
6 --> 7 
7 --> 8 
8 --> 9 
9 --> 10 
10 --> 11 
11 --> 12 
12 --> 13 
13 --> 14 
14 --> 15 
15 --> 16 
16 --> 17 
17 --> 18 
18 --> 19 
19 --> 20 
20 --> 21 
21 --> 22 
22 --> 23 
23 --> 24 
24 --> 25 
25 --> 26 
26 --> 27 
27 --> 28 
28 --> 29 
29 --> 30 
30 --> 31 
31 --> 32 
32 --> 33 
33 --> 34 
34 --> 35 
35 --> 36 
36 --> 37 
37 --> 38 
38 --> 39 
39 --> 40 
40 --> 41 
41 --> 42 
42 --> 43 
43 --> 44 
44 --> 45 
45 --> 46 
46 --> 47 
47 --> 48 
48 --> 49 
49 --> 50 
50 --> 51 
51 --> 52 
52 --> 53 
53 --> 54 
54 --> 55 
55 --> 56 
56 --> 57 
57 --> 58 
58 --> 59 
59 --> 60 
60 --> 61 
61 --> 62 
62 --> 63 
63 --> 64 
64 --> 65 
65 --> 66 
66 --> 67 
67 --> 68 
68 --> 69 
69 --> 70 
70 --> 71 
71 --> 72 
72 --> 73 
73 --> 74 
74 --> 75 
75 --> 76 
76 --> 77 
77 --> 78 
78 --> 79 
79 --> 

* FSM state operations: 

State 1 <SV = 0> <Delay = 3.38>
ST_1 : Operation 82 [1/1] (0.00ns)   --->   "%exp_sum = alloca i32 1"   --->   Operation 82 'alloca' 'exp_sum' <Predicate = true> <Delay = 0.00>
ST_1 : Operation 83 [1/1] (0.00ns)   --->   "%d = alloca i32 1"   --->   Operation 83 'alloca' 'd' <Predicate = true> <Delay = 0.00>
ST_1 : Operation 84 [1/1] (0.00ns)   --->   "%specinterface_ln0 = specinterface void @_ssdm_op_SpecInterface, i32 %prediction, void @empty_3, i32 0, i32 0, void @empty_0, i32 4294967295, i32 0, void @empty_0, void @empty_0, void @empty_0, i32 0, i32 0, i32 0, i32 0, void @empty_0, void @empty_0, i32 4294967295, i32 0"   --->   Operation 84 'specinterface' 'specinterface_ln0' <Predicate = true> <Delay = 0.00>
ST_1 : Operation 85 [1/1] (0.00ns)   --->   "%specinterface_ln0 = specinterface void @_ssdm_op_SpecInterface, i32 %dense_to_softmax_streams_0, void @empty, i32 0, i32 0, void @empty_0, i32 0, i32 0, void @empty_0, void @empty_0, void @empty_0, i32 0, i32 0, i32 0, i32 0, void @empty_0, void @empty_0, i32 4294967295, i32 0"   --->   Operation 85 'specinterface' 'specinterface_ln0' <Predicate = true> <Delay = 0.00>
ST_1 : Operation 86 [1/1] (0.00ns)   --->   "%specinterface_ln0 = specinterface void @_ssdm_op_SpecInterface, i32 %dense_to_softmax_streams_1, void @empty, i32 0, i32 0, void @empty_0, i32 0, i32 0, void @empty_0, void @empty_0, void @empty_0, i32 0, i32 0, i32 0, i32 0, void @empty_0, void @empty_0, i32 4294967295, i32 0"   --->   Operation 86 'specinterface' 'specinterface_ln0' <Predicate = true> <Delay = 0.00>
ST_1 : Operation 87 [1/1] (0.00ns)   --->   "%specinterface_ln0 = specinterface void @_ssdm_op_SpecInterface, i32 %dense_to_softmax_streams_2, void @empty, i32 0, i32 0, void @empty_0, i32 0, i32 0, void @empty_0, void @empty_0, void @empty_0, i32 0, i32 0, i32 0, i32 0, void @empty_0, void @empty_0, i32 4294967295, i32 0"   --->   Operation 87 'specinterface' 'specinterface_ln0' <Predicate = true> <Delay = 0.00>
ST_1 : Operation 88 [1/1] (0.00ns)   --->   "%specinterface_ln0 = specinterface void @_ssdm_op_SpecInterface, i32 %dense_to_softmax_streams_3, void @empty, i32 0, i32 0, void @empty_0, i32 0, i32 0, void @empty_0, void @empty_0, void @empty_0, i32 0, i32 0, i32 0, i32 0, void @empty_0, void @empty_0, i32 4294967295, i32 0"   --->   Operation 88 'specinterface' 'specinterface_ln0' <Predicate = true> <Delay = 0.00>
ST_1 : Operation 89 [1/1] (0.00ns)   --->   "%specinterface_ln0 = specinterface void @_ssdm_op_SpecInterface, i32 %dense_to_softmax_streams_4, void @empty, i32 0, i32 0, void @empty_0, i32 0, i32 0, void @empty_0, void @empty_0, void @empty_0, i32 0, i32 0, i32 0, i32 0, void @empty_0, void @empty_0, i32 4294967295, i32 0"   --->   Operation 89 'specinterface' 'specinterface_ln0' <Predicate = true> <Delay = 0.00>
ST_1 : Operation 90 [1/1] (0.00ns)   --->   "%specinterface_ln0 = specinterface void @_ssdm_op_SpecInterface, i32 %dense_to_softmax_streams_5, void @empty, i32 0, i32 0, void @empty_0, i32 0, i32 0, void @empty_0, void @empty_0, void @empty_0, i32 0, i32 0, i32 0, i32 0, void @empty_0, void @empty_0, i32 4294967295, i32 0"   --->   Operation 90 'specinterface' 'specinterface_ln0' <Predicate = true> <Delay = 0.00>
ST_1 : Operation 91 [1/1] (0.00ns)   --->   "%specinterface_ln0 = specinterface void @_ssdm_op_SpecInterface, i32 %dense_to_softmax_streams_6, void @empty, i32 0, i32 0, void @empty_0, i32 0, i32 0, void @empty_0, void @empty_0, void @empty_0, i32 0, i32 0, i32 0, i32 0, void @empty_0, void @empty_0, i32 4294967295, i32 0"   --->   Operation 91 'specinterface' 'specinterface_ln0' <Predicate = true> <Delay = 0.00>
ST_1 : Operation 92 [1/1] (0.00ns)   --->   "%specinterface_ln0 = specinterface void @_ssdm_op_SpecInterface, i32 %dense_to_softmax_streams_7, void @empty, i32 0, i32 0, void @empty_0, i32 0, i32 0, void @empty_0, void @empty_0, void @empty_0, i32 0, i32 0, i32 0, i32 0, void @empty_0, void @empty_0, i32 4294967295, i32 0"   --->   Operation 92 'specinterface' 'specinterface_ln0' <Predicate = true> <Delay = 0.00>
ST_1 : Operation 93 [1/1] (1.61ns)   --->   "%store_ln0 = store i4 0, i4 %d"   --->   Operation 93 'store' 'store_ln0' <Predicate = true> <Delay = 1.61>
ST_1 : Operation 94 [1/1] (1.61ns)   --->   "%store_ln0 = store i32 0, i32 %exp_sum"   --->   Operation 94 'store' 'store_ln0' <Predicate = true> <Delay = 1.61>
ST_1 : Operation 95 [1/1] (0.00ns)   --->   "%br_ln0 = br void %dense_soft_max_for_filters"   --->   Operation 95 'br' 'br_ln0' <Predicate = true> <Delay = 0.00>
ST_1 : Operation 96 [1/1] (0.00ns)   --->   "%d_1 = load i4 %d" [dense.cc:17]   --->   Operation 96 'load' 'd_1' <Predicate = true> <Delay = 0.00>
ST_1 : Operation 97 [1/1] (0.00ns)   --->   "%specpipeline_ln0 = specpipeline void @_ssdm_op_SpecPipeline, i32 4294967295, i32 0, i32 1, i32 0, void @p_str"   --->   Operation 97 'specpipeline' 'specpipeline_ln0' <Predicate = true> <Delay = 0.00>
ST_1 : Operation 98 [1/1] (1.44ns)   --->   "%icmp_ln17 = icmp_eq  i4 %d_1, i4 10" [dense.cc:17]   --->   Operation 98 'icmp' 'icmp_ln17' <Predicate = true> <Delay = 1.44> <CoreInst = "Cmp">   --->   Core 9 'Cmp' <Latency = 0> <II = 1> <Delay = 1.44> <FuncUnit> <Opcode : 'icmp'> <InPorts = 2> <OutPorts = 1>
ST_1 : Operation 99 [1/1] (0.00ns)   --->   "%empty = speclooptripcount i32 @_ssdm_op_SpecLoopTripCount, i64 10, i64 10, i64 10"   --->   Operation 99 'speclooptripcount' 'empty' <Predicate = true> <Delay = 0.00>
ST_1 : Operation 100 [1/1] (1.77ns)   --->   "%add_ln17 = add i4 %d_1, i4 1" [dense.cc:17]   --->   Operation 100 'add' 'add_ln17' <Predicate = true> <Delay = 1.77> <CoreInst = "Adder">   --->   Core 1 'Adder' <Latency = 0> <II = 1> <Delay = 1.77> <FuncUnit> <Opcode : 'add' 'sub'> <InPorts = 2> <OutPorts = 1>
ST_1 : Operation 101 [1/1] (0.00ns)   --->   "%br_ln17 = br i1 %icmp_ln17, void %dense_soft_max_for_filters.split, void %for.inc21.preheader.exitStub" [dense.cc:17]   --->   Operation 101 'br' 'br_ln17' <Predicate = true> <Delay = 0.00>
ST_1 : Operation 102 [1/1] (0.00ns)   --->   "%d_cast = zext i4 %d_1" [dense.cc:17]   --->   Operation 102 'zext' 'd_cast' <Predicate = (!icmp_ln17)> <Delay = 0.00>
ST_1 : Operation 103 [1/1] (0.00ns)   --->   "%dense_biases_addr = getelementptr i32 %dense_biases, i64 0, i64 %d_cast" [dense.cc:19]   --->   Operation 103 'getelementptr' 'dense_biases_addr' <Predicate = (!icmp_ln17)> <Delay = 0.00>
ST_1 : Operation 104 [2/2] (2.15ns)   --->   "%sum = load i4 %dense_biases_addr" [dense.cc:19]   --->   Operation 104 'load' 'sum' <Predicate = (!icmp_ln17)> <Delay = 2.15> <CoreInst = "ROM">   --->   Core 95 'ROM' <Latency = 1> <II = 1> <Delay = 2.15> <Storage> <Opcode : 'load'> <Ports = 0> <Width = 32> <Depth = 10> <ROM>
ST_1 : Operation 105 [1/1] (1.61ns)   --->   "%store_ln17 = store i4 %add_ln17, i4 %d" [dense.cc:17]   --->   Operation 105 'store' 'store_ln17' <Predicate = (!icmp_ln17)> <Delay = 1.61>

State 2 <SV = 1> <Delay = 3.65>
ST_2 : Operation 106 [1/2] (2.15ns)   --->   "%sum = load i4 %dense_biases_addr" [dense.cc:19]   --->   Operation 106 'load' 'sum' <Predicate = (!icmp_ln17)> <Delay = 2.15> <CoreInst = "ROM">   --->   Core 95 'ROM' <Latency = 1> <II = 1> <Delay = 2.15> <Storage> <Opcode : 'load'> <Ports = 0> <Width = 32> <Depth = 10> <ROM>
ST_2 : Operation 107 [1/1] (3.65ns)   --->   "%dense_to_softmax_streams_0_read = read i32 @_ssdm_op_Read.ap_fifo.volatile.i32P0A, i32 %dense_to_softmax_streams_0" [dense.cc:24]   --->   Operation 107 'read' 'dense_to_softmax_streams_0_read' <Predicate = (!icmp_ln17)> <Delay = 3.65> <CoreInst = "FIFO_SRL">   --->   Core 81 'FIFO_SRL' <Latency = 0> <II = 1> <Delay = 3.68> <Storage> <Opcode : 'read' 'write' 'nbread' 'nbwrite'> <Ports = 0> <Width = 32> <Depth = 10> <FIFO>
ST_2 : Operation 108 [1/1] (3.65ns)   --->   "%dense_to_softmax_streams_1_read = read i32 @_ssdm_op_Read.ap_fifo.volatile.i32P0A, i32 %dense_to_softmax_streams_1" [dense.cc:24]   --->   Operation 108 'read' 'dense_to_softmax_streams_1_read' <Predicate = (!icmp_ln17)> <Delay = 3.65> <CoreInst = "FIFO_SRL">   --->   Core 81 'FIFO_SRL' <Latency = 0> <II = 1> <Delay = 3.68> <Storage> <Opcode : 'read' 'write' 'nbread' 'nbwrite'> <Ports = 0> <Width = 32> <Depth = 10> <FIFO>
ST_2 : Operation 109 [1/1] (3.65ns)   --->   "%dense_to_softmax_streams_2_read = read i32 @_ssdm_op_Read.ap_fifo.volatile.i32P0A, i32 %dense_to_softmax_streams_2" [dense.cc:24]   --->   Operation 109 'read' 'dense_to_softmax_streams_2_read' <Predicate = (!icmp_ln17)> <Delay = 3.65> <CoreInst = "FIFO_SRL">   --->   Core 81 'FIFO_SRL' <Latency = 0> <II = 1> <Delay = 3.68> <Storage> <Opcode : 'read' 'write' 'nbread' 'nbwrite'> <Ports = 0> <Width = 32> <Depth = 10> <FIFO>
ST_2 : Operation 110 [1/1] (3.65ns)   --->   "%dense_to_softmax_streams_3_read = read i32 @_ssdm_op_Read.ap_fifo.volatile.i32P0A, i32 %dense_to_softmax_streams_3" [dense.cc:24]   --->   Operation 110 'read' 'dense_to_softmax_streams_3_read' <Predicate = (!icmp_ln17)> <Delay = 3.65> <CoreInst = "FIFO_SRL">   --->   Core 81 'FIFO_SRL' <Latency = 0> <II = 1> <Delay = 3.68> <Storage> <Opcode : 'read' 'write' 'nbread' 'nbwrite'> <Ports = 0> <Width = 32> <Depth = 10> <FIFO>
ST_2 : Operation 111 [1/1] (3.65ns)   --->   "%dense_to_softmax_streams_4_read = read i32 @_ssdm_op_Read.ap_fifo.volatile.i32P0A, i32 %dense_to_softmax_streams_4" [dense.cc:24]   --->   Operation 111 'read' 'dense_to_softmax_streams_4_read' <Predicate = (!icmp_ln17)> <Delay = 3.65> <CoreInst = "FIFO_SRL">   --->   Core 81 'FIFO_SRL' <Latency = 0> <II = 1> <Delay = 3.68> <Storage> <Opcode : 'read' 'write' 'nbread' 'nbwrite'> <Ports = 0> <Width = 32> <Depth = 10> <FIFO>
ST_2 : Operation 112 [1/1] (3.65ns)   --->   "%dense_to_softmax_streams_5_read = read i32 @_ssdm_op_Read.ap_fifo.volatile.i32P0A, i32 %dense_to_softmax_streams_5" [dense.cc:24]   --->   Operation 112 'read' 'dense_to_softmax_streams_5_read' <Predicate = (!icmp_ln17)> <Delay = 3.65> <CoreInst = "FIFO_SRL">   --->   Core 81 'FIFO_SRL' <Latency = 0> <II = 1> <Delay = 3.68> <Storage> <Opcode : 'read' 'write' 'nbread' 'nbwrite'> <Ports = 0> <Width = 32> <Depth = 10> <FIFO>
ST_2 : Operation 113 [1/1] (3.65ns)   --->   "%dense_to_softmax_streams_6_read = read i32 @_ssdm_op_Read.ap_fifo.volatile.i32P0A, i32 %dense_to_softmax_streams_6" [dense.cc:24]   --->   Operation 113 'read' 'dense_to_softmax_streams_6_read' <Predicate = (!icmp_ln17)> <Delay = 3.65> <CoreInst = "FIFO_SRL">   --->   Core 81 'FIFO_SRL' <Latency = 0> <II = 1> <Delay = 3.68> <Storage> <Opcode : 'read' 'write' 'nbread' 'nbwrite'> <Ports = 0> <Width = 32> <Depth = 10> <FIFO>
ST_2 : Operation 114 [1/1] (3.65ns)   --->   "%dense_to_softmax_streams_7_read = read i32 @_ssdm_op_Read.ap_fifo.volatile.i32P0A, i32 %dense_to_softmax_streams_7" [dense.cc:24]   --->   Operation 114 'read' 'dense_to_softmax_streams_7_read' <Predicate = (!icmp_ln17)> <Delay = 3.65> <CoreInst = "FIFO_SRL">   --->   Core 81 'FIFO_SRL' <Latency = 0> <II = 1> <Delay = 3.68> <Storage> <Opcode : 'read' 'write' 'nbread' 'nbwrite'> <Ports = 0> <Width = 32> <Depth = 10> <FIFO>

State 3 <SV = 2> <Delay = 5.92>
ST_3 : Operation 115 [1/1] (0.00ns)   --->   "%bitcast_ln24 = bitcast i32 %dense_to_softmax_streams_0_read" [dense.cc:24]   --->   Operation 115 'bitcast' 'bitcast_ln24' <Predicate = (!icmp_ln17)> <Delay = 0.00>
ST_3 : Operation 116 [7/7] (5.92ns)   --->   "%sum_2 = fadd i32 %sum, i32 %bitcast_ln24" [dense.cc:24]   --->   Operation 116 'fadd' 'sum_2' <Predicate = (!icmp_ln17)> <Delay = 5.92> <CoreInst = "FAddSub_fulldsp">   --->   Core 18 'FAddSub_fulldsp' <Latency = 6> <II = 1> <Delay = 5.92> <FuncUnit> <Opcode : 'fadd' 'fsub'> <InPorts = 2> <OutPorts = 1>

State 4 <SV = 3> <Delay = 5.92>
ST_4 : Operation 117 [6/7] (5.92ns)   --->   "%sum_2 = fadd i32 %sum, i32 %bitcast_ln24" [dense.cc:24]   --->   Operation 117 'fadd' 'sum_2' <Predicate = (!icmp_ln17)> <Delay = 5.92> <CoreInst = "FAddSub_fulldsp">   --->   Core 18 'FAddSub_fulldsp' <Latency = 6> <II = 1> <Delay = 5.92> <FuncUnit> <Opcode : 'fadd' 'fsub'> <InPorts = 2> <OutPorts = 1>

State 5 <SV = 4> <Delay = 5.92>
ST_5 : Operation 118 [5/7] (5.92ns)   --->   "%sum_2 = fadd i32 %sum, i32 %bitcast_ln24" [dense.cc:24]   --->   Operation 118 'fadd' 'sum_2' <Predicate = (!icmp_ln17)> <Delay = 5.92> <CoreInst = "FAddSub_fulldsp">   --->   Core 18 'FAddSub_fulldsp' <Latency = 6> <II = 1> <Delay = 5.92> <FuncUnit> <Opcode : 'fadd' 'fsub'> <InPorts = 2> <OutPorts = 1>

State 6 <SV = 5> <Delay = 5.92>
ST_6 : Operation 119 [4/7] (5.92ns)   --->   "%sum_2 = fadd i32 %sum, i32 %bitcast_ln24" [dense.cc:24]   --->   Operation 119 'fadd' 'sum_2' <Predicate = (!icmp_ln17)> <Delay = 5.92> <CoreInst = "FAddSub_fulldsp">   --->   Core 18 'FAddSub_fulldsp' <Latency = 6> <II = 1> <Delay = 5.92> <FuncUnit> <Opcode : 'fadd' 'fsub'> <InPorts = 2> <OutPorts = 1>

State 7 <SV = 6> <Delay = 5.92>
ST_7 : Operation 120 [3/7] (5.92ns)   --->   "%sum_2 = fadd i32 %sum, i32 %bitcast_ln24" [dense.cc:24]   --->   Operation 120 'fadd' 'sum_2' <Predicate = (!icmp_ln17)> <Delay = 5.92> <CoreInst = "FAddSub_fulldsp">   --->   Core 18 'FAddSub_fulldsp' <Latency = 6> <II = 1> <Delay = 5.92> <FuncUnit> <Opcode : 'fadd' 'fsub'> <InPorts = 2> <OutPorts = 1>

State 8 <SV = 7> <Delay = 5.92>
ST_8 : Operation 121 [2/7] (5.92ns)   --->   "%sum_2 = fadd i32 %sum, i32 %bitcast_ln24" [dense.cc:24]   --->   Operation 121 'fadd' 'sum_2' <Predicate = true> <Delay = 5.92> <CoreInst = "FAddSub_fulldsp">   --->   Core 18 'FAddSub_fulldsp' <Latency = 6> <II = 1> <Delay = 5.92> <FuncUnit> <Opcode : 'fadd' 'fsub'> <InPorts = 2> <OutPorts = 1>

State 9 <SV = 8> <Delay = 5.92>
ST_9 : Operation 122 [1/7] (5.92ns)   --->   "%sum_2 = fadd i32 %sum, i32 %bitcast_ln24" [dense.cc:24]   --->   Operation 122 'fadd' 'sum_2' <Predicate = true> <Delay = 5.92> <CoreInst = "FAddSub_fulldsp">   --->   Core 18 'FAddSub_fulldsp' <Latency = 6> <II = 1> <Delay = 5.92> <FuncUnit> <Opcode : 'fadd' 'fsub'> <InPorts = 2> <OutPorts = 1>

State 10 <SV = 9> <Delay = 5.92>
ST_10 : Operation 123 [1/1] (0.00ns)   --->   "%bitcast_ln24_1 = bitcast i32 %dense_to_softmax_streams_1_read" [dense.cc:24]   --->   Operation 123 'bitcast' 'bitcast_ln24_1' <Predicate = true> <Delay = 0.00>
ST_10 : Operation 124 [7/7] (5.92ns)   --->   "%sum_2_1 = fadd i32 %sum_2, i32 %bitcast_ln24_1" [dense.cc:24]   --->   Operation 124 'fadd' 'sum_2_1' <Predicate = true> <Delay = 5.92> <CoreInst = "FAddSub_fulldsp">   --->   Core 18 'FAddSub_fulldsp' <Latency = 6> <II = 1> <Delay = 5.92> <FuncUnit> <Opcode : 'fadd' 'fsub'> <InPorts = 2> <OutPorts = 1>

State 11 <SV = 10> <Delay = 5.92>
ST_11 : Operation 125 [6/7] (5.92ns)   --->   "%sum_2_1 = fadd i32 %sum_2, i32 %bitcast_ln24_1" [dense.cc:24]   --->   Operation 125 'fadd' 'sum_2_1' <Predicate = true> <Delay = 5.92> <CoreInst = "FAddSub_fulldsp">   --->   Core 18 'FAddSub_fulldsp' <Latency = 6> <II = 1> <Delay = 5.92> <FuncUnit> <Opcode : 'fadd' 'fsub'> <InPorts = 2> <OutPorts = 1>

State 12 <SV = 11> <Delay = 5.92>
ST_12 : Operation 126 [5/7] (5.92ns)   --->   "%sum_2_1 = fadd i32 %sum_2, i32 %bitcast_ln24_1" [dense.cc:24]   --->   Operation 126 'fadd' 'sum_2_1' <Predicate = true> <Delay = 5.92> <CoreInst = "FAddSub_fulldsp">   --->   Core 18 'FAddSub_fulldsp' <Latency = 6> <II = 1> <Delay = 5.92> <FuncUnit> <Opcode : 'fadd' 'fsub'> <InPorts = 2> <OutPorts = 1>

State 13 <SV = 12> <Delay = 5.92>
ST_13 : Operation 127 [4/7] (5.92ns)   --->   "%sum_2_1 = fadd i32 %sum_2, i32 %bitcast_ln24_1" [dense.cc:24]   --->   Operation 127 'fadd' 'sum_2_1' <Predicate = true> <Delay = 5.92> <CoreInst = "FAddSub_fulldsp">   --->   Core 18 'FAddSub_fulldsp' <Latency = 6> <II = 1> <Delay = 5.92> <FuncUnit> <Opcode : 'fadd' 'fsub'> <InPorts = 2> <OutPorts = 1>

State 14 <SV = 13> <Delay = 5.92>
ST_14 : Operation 128 [3/7] (5.92ns)   --->   "%sum_2_1 = fadd i32 %sum_2, i32 %bitcast_ln24_1" [dense.cc:24]   --->   Operation 128 'fadd' 'sum_2_1' <Predicate = true> <Delay = 5.92> <CoreInst = "FAddSub_fulldsp">   --->   Core 18 'FAddSub_fulldsp' <Latency = 6> <II = 1> <Delay = 5.92> <FuncUnit> <Opcode : 'fadd' 'fsub'> <InPorts = 2> <OutPorts = 1>

State 15 <SV = 14> <Delay = 5.92>
ST_15 : Operation 129 [2/7] (5.92ns)   --->   "%sum_2_1 = fadd i32 %sum_2, i32 %bitcast_ln24_1" [dense.cc:24]   --->   Operation 129 'fadd' 'sum_2_1' <Predicate = true> <Delay = 5.92> <CoreInst = "FAddSub_fulldsp">   --->   Core 18 'FAddSub_fulldsp' <Latency = 6> <II = 1> <Delay = 5.92> <FuncUnit> <Opcode : 'fadd' 'fsub'> <InPorts = 2> <OutPorts = 1>

State 16 <SV = 15> <Delay = 5.92>
ST_16 : Operation 130 [1/7] (5.92ns)   --->   "%sum_2_1 = fadd i32 %sum_2, i32 %bitcast_ln24_1" [dense.cc:24]   --->   Operation 130 'fadd' 'sum_2_1' <Predicate = true> <Delay = 5.92> <CoreInst = "FAddSub_fulldsp">   --->   Core 18 'FAddSub_fulldsp' <Latency = 6> <II = 1> <Delay = 5.92> <FuncUnit> <Opcode : 'fadd' 'fsub'> <InPorts = 2> <OutPorts = 1>

State 17 <SV = 16> <Delay = 0.00>

State 18 <SV = 17> <Delay = 5.92>
ST_18 : Operation 131 [1/1] (0.00ns)   --->   "%bitcast_ln24_2 = bitcast i32 %dense_to_softmax_streams_2_read" [dense.cc:24]   --->   Operation 131 'bitcast' 'bitcast_ln24_2' <Predicate = true> <Delay = 0.00>
ST_18 : Operation 132 [7/7] (5.92ns)   --->   "%sum_2_2 = fadd i32 %sum_2_1, i32 %bitcast_ln24_2" [dense.cc:24]   --->   Operation 132 'fadd' 'sum_2_2' <Predicate = true> <Delay = 5.92> <CoreInst = "FAddSub_fulldsp">   --->   Core 18 'FAddSub_fulldsp' <Latency = 6> <II = 1> <Delay = 5.92> <FuncUnit> <Opcode : 'fadd' 'fsub'> <InPorts = 2> <OutPorts = 1>

State 19 <SV = 18> <Delay = 5.92>
ST_19 : Operation 133 [6/7] (5.92ns)   --->   "%sum_2_2 = fadd i32 %sum_2_1, i32 %bitcast_ln24_2" [dense.cc:24]   --->   Operation 133 'fadd' 'sum_2_2' <Predicate = true> <Delay = 5.92> <CoreInst = "FAddSub_fulldsp">   --->   Core 18 'FAddSub_fulldsp' <Latency = 6> <II = 1> <Delay = 5.92> <FuncUnit> <Opcode : 'fadd' 'fsub'> <InPorts = 2> <OutPorts = 1>

State 20 <SV = 19> <Delay = 5.92>
ST_20 : Operation 134 [5/7] (5.92ns)   --->   "%sum_2_2 = fadd i32 %sum_2_1, i32 %bitcast_ln24_2" [dense.cc:24]   --->   Operation 134 'fadd' 'sum_2_2' <Predicate = true> <Delay = 5.92> <CoreInst = "FAddSub_fulldsp">   --->   Core 18 'FAddSub_fulldsp' <Latency = 6> <II = 1> <Delay = 5.92> <FuncUnit> <Opcode : 'fadd' 'fsub'> <InPorts = 2> <OutPorts = 1>

State 21 <SV = 20> <Delay = 5.92>
ST_21 : Operation 135 [4/7] (5.92ns)   --->   "%sum_2_2 = fadd i32 %sum_2_1, i32 %bitcast_ln24_2" [dense.cc:24]   --->   Operation 135 'fadd' 'sum_2_2' <Predicate = true> <Delay = 5.92> <CoreInst = "FAddSub_fulldsp">   --->   Core 18 'FAddSub_fulldsp' <Latency = 6> <II = 1> <Delay = 5.92> <FuncUnit> <Opcode : 'fadd' 'fsub'> <InPorts = 2> <OutPorts = 1>

State 22 <SV = 21> <Delay = 5.92>
ST_22 : Operation 136 [3/7] (5.92ns)   --->   "%sum_2_2 = fadd i32 %sum_2_1, i32 %bitcast_ln24_2" [dense.cc:24]   --->   Operation 136 'fadd' 'sum_2_2' <Predicate = true> <Delay = 5.92> <CoreInst = "FAddSub_fulldsp">   --->   Core 18 'FAddSub_fulldsp' <Latency = 6> <II = 1> <Delay = 5.92> <FuncUnit> <Opcode : 'fadd' 'fsub'> <InPorts = 2> <OutPorts = 1>

State 23 <SV = 22> <Delay = 5.92>
ST_23 : Operation 137 [2/7] (5.92ns)   --->   "%sum_2_2 = fadd i32 %sum_2_1, i32 %bitcast_ln24_2" [dense.cc:24]   --->   Operation 137 'fadd' 'sum_2_2' <Predicate = true> <Delay = 5.92> <CoreInst = "FAddSub_fulldsp">   --->   Core 18 'FAddSub_fulldsp' <Latency = 6> <II = 1> <Delay = 5.92> <FuncUnit> <Opcode : 'fadd' 'fsub'> <InPorts = 2> <OutPorts = 1>

State 24 <SV = 23> <Delay = 5.92>
ST_24 : Operation 138 [1/7] (5.92ns)   --->   "%sum_2_2 = fadd i32 %sum_2_1, i32 %bitcast_ln24_2" [dense.cc:24]   --->   Operation 138 'fadd' 'sum_2_2' <Predicate = true> <Delay = 5.92> <CoreInst = "FAddSub_fulldsp">   --->   Core 18 'FAddSub_fulldsp' <Latency = 6> <II = 1> <Delay = 5.92> <FuncUnit> <Opcode : 'fadd' 'fsub'> <InPorts = 2> <OutPorts = 1>

State 25 <SV = 24> <Delay = 5.92>
ST_25 : Operation 139 [1/1] (0.00ns)   --->   "%bitcast_ln24_3 = bitcast i32 %dense_to_softmax_streams_3_read" [dense.cc:24]   --->   Operation 139 'bitcast' 'bitcast_ln24_3' <Predicate = true> <Delay = 0.00>
ST_25 : Operation 140 [7/7] (5.92ns)   --->   "%sum_2_3 = fadd i32 %sum_2_2, i32 %bitcast_ln24_3" [dense.cc:24]   --->   Operation 140 'fadd' 'sum_2_3' <Predicate = true> <Delay = 5.92> <CoreInst = "FAddSub_fulldsp">   --->   Core 18 'FAddSub_fulldsp' <Latency = 6> <II = 1> <Delay = 5.92> <FuncUnit> <Opcode : 'fadd' 'fsub'> <InPorts = 2> <OutPorts = 1>

State 26 <SV = 25> <Delay = 5.92>
ST_26 : Operation 141 [6/7] (5.92ns)   --->   "%sum_2_3 = fadd i32 %sum_2_2, i32 %bitcast_ln24_3" [dense.cc:24]   --->   Operation 141 'fadd' 'sum_2_3' <Predicate = true> <Delay = 5.92> <CoreInst = "FAddSub_fulldsp">   --->   Core 18 'FAddSub_fulldsp' <Latency = 6> <II = 1> <Delay = 5.92> <FuncUnit> <Opcode : 'fadd' 'fsub'> <InPorts = 2> <OutPorts = 1>

State 27 <SV = 26> <Delay = 5.92>
ST_27 : Operation 142 [5/7] (5.92ns)   --->   "%sum_2_3 = fadd i32 %sum_2_2, i32 %bitcast_ln24_3" [dense.cc:24]   --->   Operation 142 'fadd' 'sum_2_3' <Predicate = true> <Delay = 5.92> <CoreInst = "FAddSub_fulldsp">   --->   Core 18 'FAddSub_fulldsp' <Latency = 6> <II = 1> <Delay = 5.92> <FuncUnit> <Opcode : 'fadd' 'fsub'> <InPorts = 2> <OutPorts = 1>

State 28 <SV = 27> <Delay = 5.92>
ST_28 : Operation 143 [4/7] (5.92ns)   --->   "%sum_2_3 = fadd i32 %sum_2_2, i32 %bitcast_ln24_3" [dense.cc:24]   --->   Operation 143 'fadd' 'sum_2_3' <Predicate = true> <Delay = 5.92> <CoreInst = "FAddSub_fulldsp">   --->   Core 18 'FAddSub_fulldsp' <Latency = 6> <II = 1> <Delay = 5.92> <FuncUnit> <Opcode : 'fadd' 'fsub'> <InPorts = 2> <OutPorts = 1>

State 29 <SV = 28> <Delay = 5.92>
ST_29 : Operation 144 [3/7] (5.92ns)   --->   "%sum_2_3 = fadd i32 %sum_2_2, i32 %bitcast_ln24_3" [dense.cc:24]   --->   Operation 144 'fadd' 'sum_2_3' <Predicate = true> <Delay = 5.92> <CoreInst = "FAddSub_fulldsp">   --->   Core 18 'FAddSub_fulldsp' <Latency = 6> <II = 1> <Delay = 5.92> <FuncUnit> <Opcode : 'fadd' 'fsub'> <InPorts = 2> <OutPorts = 1>

State 30 <SV = 29> <Delay = 5.92>
ST_30 : Operation 145 [2/7] (5.92ns)   --->   "%sum_2_3 = fadd i32 %sum_2_2, i32 %bitcast_ln24_3" [dense.cc:24]   --->   Operation 145 'fadd' 'sum_2_3' <Predicate = true> <Delay = 5.92> <CoreInst = "FAddSub_fulldsp">   --->   Core 18 'FAddSub_fulldsp' <Latency = 6> <II = 1> <Delay = 5.92> <FuncUnit> <Opcode : 'fadd' 'fsub'> <InPorts = 2> <OutPorts = 1>

State 31 <SV = 30> <Delay = 5.92>
ST_31 : Operation 146 [1/7] (5.92ns)   --->   "%sum_2_3 = fadd i32 %sum_2_2, i32 %bitcast_ln24_3" [dense.cc:24]   --->   Operation 146 'fadd' 'sum_2_3' <Predicate = true> <Delay = 5.92> <CoreInst = "FAddSub_fulldsp">   --->   Core 18 'FAddSub_fulldsp' <Latency = 6> <II = 1> <Delay = 5.92> <FuncUnit> <Opcode : 'fadd' 'fsub'> <InPorts = 2> <OutPorts = 1>

State 32 <SV = 31> <Delay = 0.00>

State 33 <SV = 32> <Delay = 5.92>
ST_33 : Operation 147 [1/1] (0.00ns)   --->   "%bitcast_ln24_4 = bitcast i32 %dense_to_softmax_streams_4_read" [dense.cc:24]   --->   Operation 147 'bitcast' 'bitcast_ln24_4' <Predicate = true> <Delay = 0.00>
ST_33 : Operation 148 [7/7] (5.92ns)   --->   "%sum_2_4 = fadd i32 %sum_2_3, i32 %bitcast_ln24_4" [dense.cc:24]   --->   Operation 148 'fadd' 'sum_2_4' <Predicate = true> <Delay = 5.92> <CoreInst = "FAddSub_fulldsp">   --->   Core 18 'FAddSub_fulldsp' <Latency = 6> <II = 1> <Delay = 5.92> <FuncUnit> <Opcode : 'fadd' 'fsub'> <InPorts = 2> <OutPorts = 1>

State 34 <SV = 33> <Delay = 5.92>
ST_34 : Operation 149 [6/7] (5.92ns)   --->   "%sum_2_4 = fadd i32 %sum_2_3, i32 %bitcast_ln24_4" [dense.cc:24]   --->   Operation 149 'fadd' 'sum_2_4' <Predicate = true> <Delay = 5.92> <CoreInst = "FAddSub_fulldsp">   --->   Core 18 'FAddSub_fulldsp' <Latency = 6> <II = 1> <Delay = 5.92> <FuncUnit> <Opcode : 'fadd' 'fsub'> <InPorts = 2> <OutPorts = 1>

State 35 <SV = 34> <Delay = 5.92>
ST_35 : Operation 150 [5/7] (5.92ns)   --->   "%sum_2_4 = fadd i32 %sum_2_3, i32 %bitcast_ln24_4" [dense.cc:24]   --->   Operation 150 'fadd' 'sum_2_4' <Predicate = true> <Delay = 5.92> <CoreInst = "FAddSub_fulldsp">   --->   Core 18 'FAddSub_fulldsp' <Latency = 6> <II = 1> <Delay = 5.92> <FuncUnit> <Opcode : 'fadd' 'fsub'> <InPorts = 2> <OutPorts = 1>

State 36 <SV = 35> <Delay = 5.92>
ST_36 : Operation 151 [4/7] (5.92ns)   --->   "%sum_2_4 = fadd i32 %sum_2_3, i32 %bitcast_ln24_4" [dense.cc:24]   --->   Operation 151 'fadd' 'sum_2_4' <Predicate = true> <Delay = 5.92> <CoreInst = "FAddSub_fulldsp">   --->   Core 18 'FAddSub_fulldsp' <Latency = 6> <II = 1> <Delay = 5.92> <FuncUnit> <Opcode : 'fadd' 'fsub'> <InPorts = 2> <OutPorts = 1>

State 37 <SV = 36> <Delay = 5.92>
ST_37 : Operation 152 [3/7] (5.92ns)   --->   "%sum_2_4 = fadd i32 %sum_2_3, i32 %bitcast_ln24_4" [dense.cc:24]   --->   Operation 152 'fadd' 'sum_2_4' <Predicate = true> <Delay = 5.92> <CoreInst = "FAddSub_fulldsp">   --->   Core 18 'FAddSub_fulldsp' <Latency = 6> <II = 1> <Delay = 5.92> <FuncUnit> <Opcode : 'fadd' 'fsub'> <InPorts = 2> <OutPorts = 1>

State 38 <SV = 37> <Delay = 5.92>
ST_38 : Operation 153 [2/7] (5.92ns)   --->   "%sum_2_4 = fadd i32 %sum_2_3, i32 %bitcast_ln24_4" [dense.cc:24]   --->   Operation 153 'fadd' 'sum_2_4' <Predicate = true> <Delay = 5.92> <CoreInst = "FAddSub_fulldsp">   --->   Core 18 'FAddSub_fulldsp' <Latency = 6> <II = 1> <Delay = 5.92> <FuncUnit> <Opcode : 'fadd' 'fsub'> <InPorts = 2> <OutPorts = 1>

State 39 <SV = 38> <Delay = 5.92>
ST_39 : Operation 154 [1/7] (5.92ns)   --->   "%sum_2_4 = fadd i32 %sum_2_3, i32 %bitcast_ln24_4" [dense.cc:24]   --->   Operation 154 'fadd' 'sum_2_4' <Predicate = true> <Delay = 5.92> <CoreInst = "FAddSub_fulldsp">   --->   Core 18 'FAddSub_fulldsp' <Latency = 6> <II = 1> <Delay = 5.92> <FuncUnit> <Opcode : 'fadd' 'fsub'> <InPorts = 2> <OutPorts = 1>

State 40 <SV = 39> <Delay = 5.92>
ST_40 : Operation 155 [1/1] (0.00ns)   --->   "%bitcast_ln24_5 = bitcast i32 %dense_to_softmax_streams_5_read" [dense.cc:24]   --->   Operation 155 'bitcast' 'bitcast_ln24_5' <Predicate = true> <Delay = 0.00>
ST_40 : Operation 156 [7/7] (5.92ns)   --->   "%sum_2_5 = fadd i32 %sum_2_4, i32 %bitcast_ln24_5" [dense.cc:24]   --->   Operation 156 'fadd' 'sum_2_5' <Predicate = true> <Delay = 5.92> <CoreInst = "FAddSub_fulldsp">   --->   Core 18 'FAddSub_fulldsp' <Latency = 6> <II = 1> <Delay = 5.92> <FuncUnit> <Opcode : 'fadd' 'fsub'> <InPorts = 2> <OutPorts = 1>

State 41 <SV = 40> <Delay = 5.92>
ST_41 : Operation 157 [6/7] (5.92ns)   --->   "%sum_2_5 = fadd i32 %sum_2_4, i32 %bitcast_ln24_5" [dense.cc:24]   --->   Operation 157 'fadd' 'sum_2_5' <Predicate = true> <Delay = 5.92> <CoreInst = "FAddSub_fulldsp">   --->   Core 18 'FAddSub_fulldsp' <Latency = 6> <II = 1> <Delay = 5.92> <FuncUnit> <Opcode : 'fadd' 'fsub'> <InPorts = 2> <OutPorts = 1>

State 42 <SV = 41> <Delay = 5.92>
ST_42 : Operation 158 [5/7] (5.92ns)   --->   "%sum_2_5 = fadd i32 %sum_2_4, i32 %bitcast_ln24_5" [dense.cc:24]   --->   Operation 158 'fadd' 'sum_2_5' <Predicate = true> <Delay = 5.92> <CoreInst = "FAddSub_fulldsp">   --->   Core 18 'FAddSub_fulldsp' <Latency = 6> <II = 1> <Delay = 5.92> <FuncUnit> <Opcode : 'fadd' 'fsub'> <InPorts = 2> <OutPorts = 1>

State 43 <SV = 42> <Delay = 5.92>
ST_43 : Operation 159 [4/7] (5.92ns)   --->   "%sum_2_5 = fadd i32 %sum_2_4, i32 %bitcast_ln24_5" [dense.cc:24]   --->   Operation 159 'fadd' 'sum_2_5' <Predicate = true> <Delay = 5.92> <CoreInst = "FAddSub_fulldsp">   --->   Core 18 'FAddSub_fulldsp' <Latency = 6> <II = 1> <Delay = 5.92> <FuncUnit> <Opcode : 'fadd' 'fsub'> <InPorts = 2> <OutPorts = 1>

State 44 <SV = 43> <Delay = 5.92>
ST_44 : Operation 160 [3/7] (5.92ns)   --->   "%sum_2_5 = fadd i32 %sum_2_4, i32 %bitcast_ln24_5" [dense.cc:24]   --->   Operation 160 'fadd' 'sum_2_5' <Predicate = true> <Delay = 5.92> <CoreInst = "FAddSub_fulldsp">   --->   Core 18 'FAddSub_fulldsp' <Latency = 6> <II = 1> <Delay = 5.92> <FuncUnit> <Opcode : 'fadd' 'fsub'> <InPorts = 2> <OutPorts = 1>

State 45 <SV = 44> <Delay = 5.92>
ST_45 : Operation 161 [2/7] (5.92ns)   --->   "%sum_2_5 = fadd i32 %sum_2_4, i32 %bitcast_ln24_5" [dense.cc:24]   --->   Operation 161 'fadd' 'sum_2_5' <Predicate = true> <Delay = 5.92> <CoreInst = "FAddSub_fulldsp">   --->   Core 18 'FAddSub_fulldsp' <Latency = 6> <II = 1> <Delay = 5.92> <FuncUnit> <Opcode : 'fadd' 'fsub'> <InPorts = 2> <OutPorts = 1>

State 46 <SV = 45> <Delay = 5.92>
ST_46 : Operation 162 [1/7] (5.92ns)   --->   "%sum_2_5 = fadd i32 %sum_2_4, i32 %bitcast_ln24_5" [dense.cc:24]   --->   Operation 162 'fadd' 'sum_2_5' <Predicate = true> <Delay = 5.92> <CoreInst = "FAddSub_fulldsp">   --->   Core 18 'FAddSub_fulldsp' <Latency = 6> <II = 1> <Delay = 5.92> <FuncUnit> <Opcode : 'fadd' 'fsub'> <InPorts = 2> <OutPorts = 1>

State 47 <SV = 46> <Delay = 0.00>

State 48 <SV = 47> <Delay = 5.92>
ST_48 : Operation 163 [1/1] (0.00ns)   --->   "%bitcast_ln24_6 = bitcast i32 %dense_to_softmax_streams_6_read" [dense.cc:24]   --->   Operation 163 'bitcast' 'bitcast_ln24_6' <Predicate = true> <Delay = 0.00>
ST_48 : Operation 164 [7/7] (5.92ns)   --->   "%sum_2_6 = fadd i32 %sum_2_5, i32 %bitcast_ln24_6" [dense.cc:24]   --->   Operation 164 'fadd' 'sum_2_6' <Predicate = true> <Delay = 5.92> <CoreInst = "FAddSub_fulldsp">   --->   Core 18 'FAddSub_fulldsp' <Latency = 6> <II = 1> <Delay = 5.92> <FuncUnit> <Opcode : 'fadd' 'fsub'> <InPorts = 2> <OutPorts = 1>

State 49 <SV = 48> <Delay = 5.92>
ST_49 : Operation 165 [6/7] (5.92ns)   --->   "%sum_2_6 = fadd i32 %sum_2_5, i32 %bitcast_ln24_6" [dense.cc:24]   --->   Operation 165 'fadd' 'sum_2_6' <Predicate = true> <Delay = 5.92> <CoreInst = "FAddSub_fulldsp">   --->   Core 18 'FAddSub_fulldsp' <Latency = 6> <II = 1> <Delay = 5.92> <FuncUnit> <Opcode : 'fadd' 'fsub'> <InPorts = 2> <OutPorts = 1>

State 50 <SV = 49> <Delay = 5.92>
ST_50 : Operation 166 [5/7] (5.92ns)   --->   "%sum_2_6 = fadd i32 %sum_2_5, i32 %bitcast_ln24_6" [dense.cc:24]   --->   Operation 166 'fadd' 'sum_2_6' <Predicate = true> <Delay = 5.92> <CoreInst = "FAddSub_fulldsp">   --->   Core 18 'FAddSub_fulldsp' <Latency = 6> <II = 1> <Delay = 5.92> <FuncUnit> <Opcode : 'fadd' 'fsub'> <InPorts = 2> <OutPorts = 1>

State 51 <SV = 50> <Delay = 5.92>
ST_51 : Operation 167 [4/7] (5.92ns)   --->   "%sum_2_6 = fadd i32 %sum_2_5, i32 %bitcast_ln24_6" [dense.cc:24]   --->   Operation 167 'fadd' 'sum_2_6' <Predicate = true> <Delay = 5.92> <CoreInst = "FAddSub_fulldsp">   --->   Core 18 'FAddSub_fulldsp' <Latency = 6> <II = 1> <Delay = 5.92> <FuncUnit> <Opcode : 'fadd' 'fsub'> <InPorts = 2> <OutPorts = 1>

State 52 <SV = 51> <Delay = 5.92>
ST_52 : Operation 168 [3/7] (5.92ns)   --->   "%sum_2_6 = fadd i32 %sum_2_5, i32 %bitcast_ln24_6" [dense.cc:24]   --->   Operation 168 'fadd' 'sum_2_6' <Predicate = true> <Delay = 5.92> <CoreInst = "FAddSub_fulldsp">   --->   Core 18 'FAddSub_fulldsp' <Latency = 6> <II = 1> <Delay = 5.92> <FuncUnit> <Opcode : 'fadd' 'fsub'> <InPorts = 2> <OutPorts = 1>

State 53 <SV = 52> <Delay = 5.92>
ST_53 : Operation 169 [2/7] (5.92ns)   --->   "%sum_2_6 = fadd i32 %sum_2_5, i32 %bitcast_ln24_6" [dense.cc:24]   --->   Operation 169 'fadd' 'sum_2_6' <Predicate = true> <Delay = 5.92> <CoreInst = "FAddSub_fulldsp">   --->   Core 18 'FAddSub_fulldsp' <Latency = 6> <II = 1> <Delay = 5.92> <FuncUnit> <Opcode : 'fadd' 'fsub'> <InPorts = 2> <OutPorts = 1>

State 54 <SV = 53> <Delay = 5.92>
ST_54 : Operation 170 [1/7] (5.92ns)   --->   "%sum_2_6 = fadd i32 %sum_2_5, i32 %bitcast_ln24_6" [dense.cc:24]   --->   Operation 170 'fadd' 'sum_2_6' <Predicate = true> <Delay = 5.92> <CoreInst = "FAddSub_fulldsp">   --->   Core 18 'FAddSub_fulldsp' <Latency = 6> <II = 1> <Delay = 5.92> <FuncUnit> <Opcode : 'fadd' 'fsub'> <InPorts = 2> <OutPorts = 1>

State 55 <SV = 54> <Delay = 5.92>
ST_55 : Operation 171 [1/1] (0.00ns)   --->   "%bitcast_ln24_7 = bitcast i32 %dense_to_softmax_streams_7_read" [dense.cc:24]   --->   Operation 171 'bitcast' 'bitcast_ln24_7' <Predicate = true> <Delay = 0.00>
ST_55 : Operation 172 [7/7] (5.92ns)   --->   "%sum_2_7 = fadd i32 %sum_2_6, i32 %bitcast_ln24_7" [dense.cc:24]   --->   Operation 172 'fadd' 'sum_2_7' <Predicate = true> <Delay = 5.92> <CoreInst = "FAddSub_fulldsp">   --->   Core 18 'FAddSub_fulldsp' <Latency = 6> <II = 1> <Delay = 5.92> <FuncUnit> <Opcode : 'fadd' 'fsub'> <InPorts = 2> <OutPorts = 1>

State 56 <SV = 55> <Delay = 5.92>
ST_56 : Operation 173 [6/7] (5.92ns)   --->   "%sum_2_7 = fadd i32 %sum_2_6, i32 %bitcast_ln24_7" [dense.cc:24]   --->   Operation 173 'fadd' 'sum_2_7' <Predicate = true> <Delay = 5.92> <CoreInst = "FAddSub_fulldsp">   --->   Core 18 'FAddSub_fulldsp' <Latency = 6> <II = 1> <Delay = 5.92> <FuncUnit> <Opcode : 'fadd' 'fsub'> <InPorts = 2> <OutPorts = 1>

State 57 <SV = 56> <Delay = 5.92>
ST_57 : Operation 174 [5/7] (5.92ns)   --->   "%sum_2_7 = fadd i32 %sum_2_6, i32 %bitcast_ln24_7" [dense.cc:24]   --->   Operation 174 'fadd' 'sum_2_7' <Predicate = true> <Delay = 5.92> <CoreInst = "FAddSub_fulldsp">   --->   Core 18 'FAddSub_fulldsp' <Latency = 6> <II = 1> <Delay = 5.92> <FuncUnit> <Opcode : 'fadd' 'fsub'> <InPorts = 2> <OutPorts = 1>

State 58 <SV = 57> <Delay = 5.92>
ST_58 : Operation 175 [4/7] (5.92ns)   --->   "%sum_2_7 = fadd i32 %sum_2_6, i32 %bitcast_ln24_7" [dense.cc:24]   --->   Operation 175 'fadd' 'sum_2_7' <Predicate = true> <Delay = 5.92> <CoreInst = "FAddSub_fulldsp">   --->   Core 18 'FAddSub_fulldsp' <Latency = 6> <II = 1> <Delay = 5.92> <FuncUnit> <Opcode : 'fadd' 'fsub'> <InPorts = 2> <OutPorts = 1>

State 59 <SV = 58> <Delay = 5.92>
ST_59 : Operation 176 [3/7] (5.92ns)   --->   "%sum_2_7 = fadd i32 %sum_2_6, i32 %bitcast_ln24_7" [dense.cc:24]   --->   Operation 176 'fadd' 'sum_2_7' <Predicate = true> <Delay = 5.92> <CoreInst = "FAddSub_fulldsp">   --->   Core 18 'FAddSub_fulldsp' <Latency = 6> <II = 1> <Delay = 5.92> <FuncUnit> <Opcode : 'fadd' 'fsub'> <InPorts = 2> <OutPorts = 1>

State 60 <SV = 59> <Delay = 5.92>
ST_60 : Operation 177 [2/7] (5.92ns)   --->   "%sum_2_7 = fadd i32 %sum_2_6, i32 %bitcast_ln24_7" [dense.cc:24]   --->   Operation 177 'fadd' 'sum_2_7' <Predicate = true> <Delay = 5.92> <CoreInst = "FAddSub_fulldsp">   --->   Core 18 'FAddSub_fulldsp' <Latency = 6> <II = 1> <Delay = 5.92> <FuncUnit> <Opcode : 'fadd' 'fsub'> <InPorts = 2> <OutPorts = 1>

State 61 <SV = 60> <Delay = 5.92>
ST_61 : Operation 178 [1/7] (5.92ns)   --->   "%sum_2_7 = fadd i32 %sum_2_6, i32 %bitcast_ln24_7" [dense.cc:24]   --->   Operation 178 'fadd' 'sum_2_7' <Predicate = true> <Delay = 5.92> <CoreInst = "FAddSub_fulldsp">   --->   Core 18 'FAddSub_fulldsp' <Latency = 6> <II = 1> <Delay = 5.92> <FuncUnit> <Opcode : 'fadd' 'fsub'> <InPorts = 2> <OutPorts = 1>

State 62 <SV = 61> <Delay = 7.07>
ST_62 : Operation 179 [10/10] (7.07ns)   --->   "%tmp = fexp i32 @llvm.exp.f32, i32 %sum_2_7" [dense.cc:27]   --->   Operation 179 'fexp' 'tmp' <Predicate = true> <Delay = 7.07> <CoreInst = "FExp_fulldsp">   --->   Core 23 'FExp_fulldsp' <Latency = 9> <II = 1> <Delay = 7.07> <FuncUnit> <Opcode : 'fexp'> <InPorts = 1> <OutPorts = 1>

State 63 <SV = 62> <Delay = 7.07>
ST_63 : Operation 180 [9/10] (7.07ns)   --->   "%tmp = fexp i32 @llvm.exp.f32, i32 %sum_2_7" [dense.cc:27]   --->   Operation 180 'fexp' 'tmp' <Predicate = true> <Delay = 7.07> <CoreInst = "FExp_fulldsp">   --->   Core 23 'FExp_fulldsp' <Latency = 9> <II = 1> <Delay = 7.07> <FuncUnit> <Opcode : 'fexp'> <InPorts = 1> <OutPorts = 1>

State 64 <SV = 63> <Delay = 7.07>
ST_64 : Operation 181 [8/10] (7.07ns)   --->   "%tmp = fexp i32 @llvm.exp.f32, i32 %sum_2_7" [dense.cc:27]   --->   Operation 181 'fexp' 'tmp' <Predicate = true> <Delay = 7.07> <CoreInst = "FExp_fulldsp">   --->   Core 23 'FExp_fulldsp' <Latency = 9> <II = 1> <Delay = 7.07> <FuncUnit> <Opcode : 'fexp'> <InPorts = 1> <OutPorts = 1>

State 65 <SV = 64> <Delay = 7.07>
ST_65 : Operation 182 [7/10] (7.07ns)   --->   "%tmp = fexp i32 @llvm.exp.f32, i32 %sum_2_7" [dense.cc:27]   --->   Operation 182 'fexp' 'tmp' <Predicate = true> <Delay = 7.07> <CoreInst = "FExp_fulldsp">   --->   Core 23 'FExp_fulldsp' <Latency = 9> <II = 1> <Delay = 7.07> <FuncUnit> <Opcode : 'fexp'> <InPorts = 1> <OutPorts = 1>

State 66 <SV = 65> <Delay = 7.07>
ST_66 : Operation 183 [6/10] (7.07ns)   --->   "%tmp = fexp i32 @llvm.exp.f32, i32 %sum_2_7" [dense.cc:27]   --->   Operation 183 'fexp' 'tmp' <Predicate = true> <Delay = 7.07> <CoreInst = "FExp_fulldsp">   --->   Core 23 'FExp_fulldsp' <Latency = 9> <II = 1> <Delay = 7.07> <FuncUnit> <Opcode : 'fexp'> <InPorts = 1> <OutPorts = 1>

State 67 <SV = 66> <Delay = 7.07>
ST_67 : Operation 184 [5/10] (7.07ns)   --->   "%tmp = fexp i32 @llvm.exp.f32, i32 %sum_2_7" [dense.cc:27]   --->   Operation 184 'fexp' 'tmp' <Predicate = true> <Delay = 7.07> <CoreInst = "FExp_fulldsp">   --->   Core 23 'FExp_fulldsp' <Latency = 9> <II = 1> <Delay = 7.07> <FuncUnit> <Opcode : 'fexp'> <InPorts = 1> <OutPorts = 1>

State 68 <SV = 67> <Delay = 7.07>
ST_68 : Operation 185 [4/10] (7.07ns)   --->   "%tmp = fexp i32 @llvm.exp.f32, i32 %sum_2_7" [dense.cc:27]   --->   Operation 185 'fexp' 'tmp' <Predicate = true> <Delay = 7.07> <CoreInst = "FExp_fulldsp">   --->   Core 23 'FExp_fulldsp' <Latency = 9> <II = 1> <Delay = 7.07> <FuncUnit> <Opcode : 'fexp'> <InPorts = 1> <OutPorts = 1>

State 69 <SV = 68> <Delay = 7.07>
ST_69 : Operation 186 [3/10] (7.07ns)   --->   "%tmp = fexp i32 @llvm.exp.f32, i32 %sum_2_7" [dense.cc:27]   --->   Operation 186 'fexp' 'tmp' <Predicate = true> <Delay = 7.07> <CoreInst = "FExp_fulldsp">   --->   Core 23 'FExp_fulldsp' <Latency = 9> <II = 1> <Delay = 7.07> <FuncUnit> <Opcode : 'fexp'> <InPorts = 1> <OutPorts = 1>

State 70 <SV = 69> <Delay = 7.07>
ST_70 : Operation 187 [2/10] (7.07ns)   --->   "%tmp = fexp i32 @llvm.exp.f32, i32 %sum_2_7" [dense.cc:27]   --->   Operation 187 'fexp' 'tmp' <Predicate = true> <Delay = 7.07> <CoreInst = "FExp_fulldsp">   --->   Core 23 'FExp_fulldsp' <Latency = 9> <II = 1> <Delay = 7.07> <FuncUnit> <Opcode : 'fexp'> <InPorts = 1> <OutPorts = 1>

State 71 <SV = 70> <Delay = 7.07>
ST_71 : Operation 188 [1/10] (7.07ns)   --->   "%tmp = fexp i32 @llvm.exp.f32, i32 %sum_2_7" [dense.cc:27]   --->   Operation 188 'fexp' 'tmp' <Predicate = true> <Delay = 7.07> <CoreInst = "FExp_fulldsp">   --->   Core 23 'FExp_fulldsp' <Latency = 9> <II = 1> <Delay = 7.07> <FuncUnit> <Opcode : 'fexp'> <InPorts = 1> <OutPorts = 1>

State 72 <SV = 71> <Delay = 5.92>
ST_72 : Operation 189 [1/1] (0.00ns)   --->   "%exp_sum_load = load i32 %exp_sum" [dense.cc:27]   --->   Operation 189 'load' 'exp_sum_load' <Predicate = true> <Delay = 0.00>
ST_72 : Operation 190 [1/1] (0.00ns)   --->   "%bitcast_ln27 = bitcast i32 %tmp" [dense.cc:27]   --->   Operation 190 'bitcast' 'bitcast_ln27' <Predicate = true> <Delay = 0.00>
ST_72 : Operation 191 [1/1] (0.00ns)   --->   "%prediction_addr = getelementptr i32 %prediction, i64 0, i64 %d_cast" [dense.cc:27]   --->   Operation 191 'getelementptr' 'prediction_addr' <Predicate = true> <Delay = 0.00>
ST_72 : Operation 192 [1/1] (2.15ns)   --->   "%store_ln27 = store i32 %bitcast_ln27, i4 %prediction_addr" [dense.cc:27]   --->   Operation 192 'store' 'store_ln27' <Predicate = true> <Delay = 2.15> <CoreInst = "RAM">   --->   Core 82 'RAM' <Latency = 1> <II = 1> <Delay = 2.15> <Storage> <Opcode : 'load' 'store'> <Ports = 2> <Width = 32> <Depth = 10> <RAM>
ST_72 : Operation 193 [7/7] (5.92ns)   --->   "%exp_sum_1 = fadd i32 %exp_sum_load, i32 %tmp" [dense.cc:27]   --->   Operation 193 'fadd' 'exp_sum_1' <Predicate = true> <Delay = 5.92> <CoreInst = "FAddSub_fulldsp">   --->   Core 18 'FAddSub_fulldsp' <Latency = 6> <II = 1> <Delay = 5.92> <FuncUnit> <Opcode : 'fadd' 'fsub'> <InPorts = 2> <OutPorts = 1>
ST_72 : Operation 203 [1/1] (0.00ns)   --->   "%exp_sum_load_1 = load i32 %exp_sum"   --->   Operation 203 'load' 'exp_sum_load_1' <Predicate = (icmp_ln17)> <Delay = 0.00>
ST_72 : Operation 204 [1/1] (0.00ns)   --->   "%write_ln0 = write void @_ssdm_op_Write.ap_auto.floatP0A, i32 %exp_sum_out, i32 %exp_sum_load_1"   --->   Operation 204 'write' 'write_ln0' <Predicate = (icmp_ln17)> <Delay = 0.00>
ST_72 : Operation 205 [1/1] (0.00ns)   --->   "%ret_ln0 = ret"   --->   Operation 205 'ret' 'ret_ln0' <Predicate = (icmp_ln17)> <Delay = 0.00>

State 73 <SV = 72> <Delay = 5.92>
ST_73 : Operation 194 [6/7] (5.92ns)   --->   "%exp_sum_1 = fadd i32 %exp_sum_load, i32 %tmp" [dense.cc:27]   --->   Operation 194 'fadd' 'exp_sum_1' <Predicate = true> <Delay = 5.92> <CoreInst = "FAddSub_fulldsp">   --->   Core 18 'FAddSub_fulldsp' <Latency = 6> <II = 1> <Delay = 5.92> <FuncUnit> <Opcode : 'fadd' 'fsub'> <InPorts = 2> <OutPorts = 1>

State 74 <SV = 73> <Delay = 5.92>
ST_74 : Operation 195 [5/7] (5.92ns)   --->   "%exp_sum_1 = fadd i32 %exp_sum_load, i32 %tmp" [dense.cc:27]   --->   Operation 195 'fadd' 'exp_sum_1' <Predicate = true> <Delay = 5.92> <CoreInst = "FAddSub_fulldsp">   --->   Core 18 'FAddSub_fulldsp' <Latency = 6> <II = 1> <Delay = 5.92> <FuncUnit> <Opcode : 'fadd' 'fsub'> <InPorts = 2> <OutPorts = 1>

State 75 <SV = 74> <Delay = 5.92>
ST_75 : Operation 196 [4/7] (5.92ns)   --->   "%exp_sum_1 = fadd i32 %exp_sum_load, i32 %tmp" [dense.cc:27]   --->   Operation 196 'fadd' 'exp_sum_1' <Predicate = true> <Delay = 5.92> <CoreInst = "FAddSub_fulldsp">   --->   Core 18 'FAddSub_fulldsp' <Latency = 6> <II = 1> <Delay = 5.92> <FuncUnit> <Opcode : 'fadd' 'fsub'> <InPorts = 2> <OutPorts = 1>

State 76 <SV = 75> <Delay = 5.92>
ST_76 : Operation 197 [3/7] (5.92ns)   --->   "%exp_sum_1 = fadd i32 %exp_sum_load, i32 %tmp" [dense.cc:27]   --->   Operation 197 'fadd' 'exp_sum_1' <Predicate = true> <Delay = 5.92> <CoreInst = "FAddSub_fulldsp">   --->   Core 18 'FAddSub_fulldsp' <Latency = 6> <II = 1> <Delay = 5.92> <FuncUnit> <Opcode : 'fadd' 'fsub'> <InPorts = 2> <OutPorts = 1>

State 77 <SV = 76> <Delay = 5.92>
ST_77 : Operation 198 [2/7] (5.92ns)   --->   "%exp_sum_1 = fadd i32 %exp_sum_load, i32 %tmp" [dense.cc:27]   --->   Operation 198 'fadd' 'exp_sum_1' <Predicate = true> <Delay = 5.92> <CoreInst = "FAddSub_fulldsp">   --->   Core 18 'FAddSub_fulldsp' <Latency = 6> <II = 1> <Delay = 5.92> <FuncUnit> <Opcode : 'fadd' 'fsub'> <InPorts = 2> <OutPorts = 1>

State 78 <SV = 77> <Delay = 5.92>
ST_78 : Operation 199 [1/7] (5.92ns)   --->   "%exp_sum_1 = fadd i32 %exp_sum_load, i32 %tmp" [dense.cc:27]   --->   Operation 199 'fadd' 'exp_sum_1' <Predicate = true> <Delay = 5.92> <CoreInst = "FAddSub_fulldsp">   --->   Core 18 'FAddSub_fulldsp' <Latency = 6> <II = 1> <Delay = 5.92> <FuncUnit> <Opcode : 'fadd' 'fsub'> <InPorts = 2> <OutPorts = 1>

State 79 <SV = 78> <Delay = 1.61>
ST_79 : Operation 200 [1/1] (0.00ns)   --->   "%specloopname_ln17 = specloopname void @_ssdm_op_SpecLoopName, void @empty_2" [dense.cc:17]   --->   Operation 200 'specloopname' 'specloopname_ln17' <Predicate = true> <Delay = 0.00>
ST_79 : Operation 201 [1/1] (1.61ns)   --->   "%store_ln17 = store i32 %exp_sum_1, i32 %exp_sum" [dense.cc:17]   --->   Operation 201 'store' 'store_ln17' <Predicate = true> <Delay = 1.61>
ST_79 : Operation 202 [1/1] (0.00ns)   --->   "%br_ln17 = br void %dense_soft_max_for_filters" [dense.cc:17]   --->   Operation 202 'br' 'br_ln17' <Predicate = true> <Delay = 0.00>


============================================================
+ Verbose Summary: Timing violations
============================================================
Target clock period: 10ns, clock uncertainty: 2.7ns.

 <State 1>: 3.39ns
The critical path consists of the following:
	'alloca' operation ('d') [13]  (0 ns)
	'load' operation ('d', dense.cc:17) on local variable 'd' [27]  (0 ns)
	'add' operation ('add_ln17', dense.cc:17) [31]  (1.78 ns)
	'store' operation ('store_ln17', dense.cc:17) of variable 'add_ln17', dense.cc:17 on local variable 'd' [68]  (1.61 ns)

 <State 2>: 3.65ns
The critical path consists of the following:
	fifo read operation ('dense_to_softmax_streams_0_read', dense.cc:24) on port 'dense_to_softmax_streams_0' (dense.cc:24) [39]  (3.65 ns)

 <State 3>: 5.93ns
The critical path consists of the following:
	'fadd' operation ('sum_2', dense.cc:24) [41]  (5.93 ns)

 <State 4>: 5.93ns
The critical path consists of the following:
	'fadd' operation ('sum_2', dense.cc:24) [41]  (5.93 ns)

 <State 5>: 5.93ns
The critical path consists of the following:
	'fadd' operation ('sum_2', dense.cc:24) [41]  (5.93 ns)

 <State 6>: 5.93ns
The critical path consists of the following:
	'fadd' operation ('sum_2', dense.cc:24) [41]  (5.93 ns)

 <State 7>: 5.93ns
The critical path consists of the following:
	'fadd' operation ('sum_2', dense.cc:24) [41]  (5.93 ns)

 <State 8>: 5.93ns
The critical path consists of the following:
	'fadd' operation ('sum_2', dense.cc:24) [41]  (5.93 ns)

 <State 9>: 5.93ns
The critical path consists of the following:
	'fadd' operation ('sum_2', dense.cc:24) [41]  (5.93 ns)

 <State 10>: 5.93ns
The critical path consists of the following:
	'fadd' operation ('sum_2_1', dense.cc:24) [44]  (5.93 ns)

 <State 11>: 5.93ns
The critical path consists of the following:
	'fadd' operation ('sum_2_1', dense.cc:24) [44]  (5.93 ns)

 <State 12>: 5.93ns
The critical path consists of the following:
	'fadd' operation ('sum_2_1', dense.cc:24) [44]  (5.93 ns)

 <State 13>: 5.93ns
The critical path consists of the following:
	'fadd' operation ('sum_2_1', dense.cc:24) [44]  (5.93 ns)

 <State 14>: 5.93ns
The critical path consists of the following:
	'fadd' operation ('sum_2_1', dense.cc:24) [44]  (5.93 ns)

 <State 15>: 5.93ns
The critical path consists of the following:
	'fadd' operation ('sum_2_1', dense.cc:24) [44]  (5.93 ns)

 <State 16>: 5.93ns
The critical path consists of the following:
	'fadd' operation ('sum_2_1', dense.cc:24) [44]  (5.93 ns)

 <State 17>: 0ns
The critical path consists of the following:

 <State 18>: 5.93ns
The critical path consists of the following:
	'fadd' operation ('sum_2_2', dense.cc:24) [47]  (5.93 ns)

 <State 19>: 5.93ns
The critical path consists of the following:
	'fadd' operation ('sum_2_2', dense.cc:24) [47]  (5.93 ns)

 <State 20>: 5.93ns
The critical path consists of the following:
	'fadd' operation ('sum_2_2', dense.cc:24) [47]  (5.93 ns)

 <State 21>: 5.93ns
The critical path consists of the following:
	'fadd' operation ('sum_2_2', dense.cc:24) [47]  (5.93 ns)

 <State 22>: 5.93ns
The critical path consists of the following:
	'fadd' operation ('sum_2_2', dense.cc:24) [47]  (5.93 ns)

 <State 23>: 5.93ns
The critical path consists of the following:
	'fadd' operation ('sum_2_2', dense.cc:24) [47]  (5.93 ns)

 <State 24>: 5.93ns
The critical path consists of the following:
	'fadd' operation ('sum_2_2', dense.cc:24) [47]  (5.93 ns)

 <State 25>: 5.93ns
The critical path consists of the following:
	'fadd' operation ('sum_2_3', dense.cc:24) [50]  (5.93 ns)

 <State 26>: 5.93ns
The critical path consists of the following:
	'fadd' operation ('sum_2_3', dense.cc:24) [50]  (5.93 ns)

 <State 27>: 5.93ns
The critical path consists of the following:
	'fadd' operation ('sum_2_3', dense.cc:24) [50]  (5.93 ns)

 <State 28>: 5.93ns
The critical path consists of the following:
	'fadd' operation ('sum_2_3', dense.cc:24) [50]  (5.93 ns)

 <State 29>: 5.93ns
The critical path consists of the following:
	'fadd' operation ('sum_2_3', dense.cc:24) [50]  (5.93 ns)

 <State 30>: 5.93ns
The critical path consists of the following:
	'fadd' operation ('sum_2_3', dense.cc:24) [50]  (5.93 ns)

 <State 31>: 5.93ns
The critical path consists of the following:
	'fadd' operation ('sum_2_3', dense.cc:24) [50]  (5.93 ns)

 <State 32>: 0ns
The critical path consists of the following:

 <State 33>: 5.93ns
The critical path consists of the following:
	'fadd' operation ('sum_2_4', dense.cc:24) [53]  (5.93 ns)

 <State 34>: 5.93ns
The critical path consists of the following:
	'fadd' operation ('sum_2_4', dense.cc:24) [53]  (5.93 ns)

 <State 35>: 5.93ns
The critical path consists of the following:
	'fadd' operation ('sum_2_4', dense.cc:24) [53]  (5.93 ns)

 <State 36>: 5.93ns
The critical path consists of the following:
	'fadd' operation ('sum_2_4', dense.cc:24) [53]  (5.93 ns)

 <State 37>: 5.93ns
The critical path consists of the following:
	'fadd' operation ('sum_2_4', dense.cc:24) [53]  (5.93 ns)

 <State 38>: 5.93ns
The critical path consists of the following:
	'fadd' operation ('sum_2_4', dense.cc:24) [53]  (5.93 ns)

 <State 39>: 5.93ns
The critical path consists of the following:
	'fadd' operation ('sum_2_4', dense.cc:24) [53]  (5.93 ns)

 <State 40>: 5.93ns
The critical path consists of the following:
	'fadd' operation ('sum_2_5', dense.cc:24) [56]  (5.93 ns)

 <State 41>: 5.93ns
The critical path consists of the following:
	'fadd' operation ('sum_2_5', dense.cc:24) [56]  (5.93 ns)

 <State 42>: 5.93ns
The critical path consists of the following:
	'fadd' operation ('sum_2_5', dense.cc:24) [56]  (5.93 ns)

 <State 43>: 5.93ns
The critical path consists of the following:
	'fadd' operation ('sum_2_5', dense.cc:24) [56]  (5.93 ns)

 <State 44>: 5.93ns
The critical path consists of the following:
	'fadd' operation ('sum_2_5', dense.cc:24) [56]  (5.93 ns)

 <State 45>: 5.93ns
The critical path consists of the following:
	'fadd' operation ('sum_2_5', dense.cc:24) [56]  (5.93 ns)

 <State 46>: 5.93ns
The critical path consists of the following:
	'fadd' operation ('sum_2_5', dense.cc:24) [56]  (5.93 ns)

 <State 47>: 0ns
The critical path consists of the following:

 <State 48>: 5.93ns
The critical path consists of the following:
	'fadd' operation ('sum_2_6', dense.cc:24) [59]  (5.93 ns)

 <State 49>: 5.93ns
The critical path consists of the following:
	'fadd' operation ('sum_2_6', dense.cc:24) [59]  (5.93 ns)

 <State 50>: 5.93ns
The critical path consists of the following:
	'fadd' operation ('sum_2_6', dense.cc:24) [59]  (5.93 ns)

 <State 51>: 5.93ns
The critical path consists of the following:
	'fadd' operation ('sum_2_6', dense.cc:24) [59]  (5.93 ns)

 <State 52>: 5.93ns
The critical path consists of the following:
	'fadd' operation ('sum_2_6', dense.cc:24) [59]  (5.93 ns)

 <State 53>: 5.93ns
The critical path consists of the following:
	'fadd' operation ('sum_2_6', dense.cc:24) [59]  (5.93 ns)

 <State 54>: 5.93ns
The critical path consists of the following:
	'fadd' operation ('sum_2_6', dense.cc:24) [59]  (5.93 ns)

 <State 55>: 5.93ns
The critical path consists of the following:
	'fadd' operation ('sum_2_7', dense.cc:24) [62]  (5.93 ns)

 <State 56>: 5.93ns
The critical path consists of the following:
	'fadd' operation ('sum_2_7', dense.cc:24) [62]  (5.93 ns)

 <State 57>: 5.93ns
The critical path consists of the following:
	'fadd' operation ('sum_2_7', dense.cc:24) [62]  (5.93 ns)

 <State 58>: 5.93ns
The critical path consists of the following:
	'fadd' operation ('sum_2_7', dense.cc:24) [62]  (5.93 ns)

 <State 59>: 5.93ns
The critical path consists of the following:
	'fadd' operation ('sum_2_7', dense.cc:24) [62]  (5.93 ns)

 <State 60>: 5.93ns
The critical path consists of the following:
	'fadd' operation ('sum_2_7', dense.cc:24) [62]  (5.93 ns)

 <State 61>: 5.93ns
The critical path consists of the following:
	'fadd' operation ('sum_2_7', dense.cc:24) [62]  (5.93 ns)

 <State 62>: 7.08ns
The critical path consists of the following:
	'fexp' operation ('tmp', dense.cc:27) [63]  (7.08 ns)

 <State 63>: 7.08ns
The critical path consists of the following:
	'fexp' operation ('tmp', dense.cc:27) [63]  (7.08 ns)

 <State 64>: 7.08ns
The critical path consists of the following:
	'fexp' operation ('tmp', dense.cc:27) [63]  (7.08 ns)

 <State 65>: 7.08ns
The critical path consists of the following:
	'fexp' operation ('tmp', dense.cc:27) [63]  (7.08 ns)

 <State 66>: 7.08ns
The critical path consists of the following:
	'fexp' operation ('tmp', dense.cc:27) [63]  (7.08 ns)

 <State 67>: 7.08ns
The critical path consists of the following:
	'fexp' operation ('tmp', dense.cc:27) [63]  (7.08 ns)

 <State 68>: 7.08ns
The critical path consists of the following:
	'fexp' operation ('tmp', dense.cc:27) [63]  (7.08 ns)

 <State 69>: 7.08ns
The critical path consists of the following:
	'fexp' operation ('tmp', dense.cc:27) [63]  (7.08 ns)

 <State 70>: 7.08ns
The critical path consists of the following:
	'fexp' operation ('tmp', dense.cc:27) [63]  (7.08 ns)

 <State 71>: 7.08ns
The critical path consists of the following:
	'fexp' operation ('tmp', dense.cc:27) [63]  (7.08 ns)

 <State 72>: 5.93ns
The critical path consists of the following:
	'load' operation ('exp_sum_load', dense.cc:27) on local variable 'exp_sum' [34]  (0 ns)
	'fadd' operation ('exp_sum', dense.cc:27) [67]  (5.93 ns)

 <State 73>: 5.93ns
The critical path consists of the following:
	'fadd' operation ('exp_sum', dense.cc:27) [67]  (5.93 ns)

 <State 74>: 5.93ns
The critical path consists of the following:
	'fadd' operation ('exp_sum', dense.cc:27) [67]  (5.93 ns)

 <State 75>: 5.93ns
The critical path consists of the following:
	'fadd' operation ('exp_sum', dense.cc:27) [67]  (5.93 ns)

 <State 76>: 5.93ns
The critical path consists of the following:
	'fadd' operation ('exp_sum', dense.cc:27) [67]  (5.93 ns)

 <State 77>: 5.93ns
The critical path consists of the following:
	'fadd' operation ('exp_sum', dense.cc:27) [67]  (5.93 ns)

 <State 78>: 5.93ns
The critical path consists of the following:
	'fadd' operation ('exp_sum', dense.cc:27) [67]  (5.93 ns)

 <State 79>: 1.61ns
The critical path consists of the following:
	'store' operation ('store_ln17', dense.cc:17) of variable 'exp_sum', dense.cc:27 on local variable 'exp_sum' [69]  (1.61 ns)


============================================================
+ Verbose Summary: Binding
============================================================
N/A
* FSMD analyzer results:
  - Output states:
 - Input state : 
  - Chain level:
	State 1
	State 2
	State 3
	State 4
	State 5
	State 6
	State 7
	State 8
	State 9
	State 10
	State 11
	State 12
	State 13
	State 14
	State 15
	State 16
	State 17
	State 18
	State 19
	State 20
	State 21
	State 22
	State 23
	State 24
	State 25
	State 26
	State 27
	State 28
	State 29
	State 30
	State 31
	State 32
	State 33
	State 34
	State 35
	State 36
	State 37
	State 38
	State 39
	State 40
	State 41
	State 42
	State 43
	State 44
	State 45
	State 46
	State 47
	State 48
	State 49
	State 50
	State 51
	State 52
	State 53
	State 54
	State 55
	State 56
	State 57
	State 58
	State 59
	State 60
	State 61
	State 62
	State 63
	State 64
	State 65
	State 66
	State 67
	State 68
	State 69
	State 70
	State 71
	State 72
	State 73
	State 74
	State 75
	State 76
	State 77
	State 78
	State 79


============================================================
+ Verbose Summary: Datapath Resource usage 
============================================================
N/A
