

================================================================
== Vitis HLS Report for 'dense_layer_soft_max'
================================================================
* Date:           Mon Mar 27 10:49:07 2023

* Version:        2022.2 (Build 3670227 on Oct 13 2022)
* Project:        Project
* Solution:       solution1 (Vivado IP Flow Target)
* Product family: artix7
* Target device:  xc7a200t-fbg484-1


================================================================
== Performance Estimates
================================================================
+ Timing: 
    * Summary: 
    +--------+----------+----------+------------+
    |  Clock |  Target  | Estimated| Uncertainty|
    +--------+----------+----------+------------+
    |ap_clk  |  10.00 ns|  7.079 ns|     2.70 ns|
    +--------+----------+----------+------------+

+ Latency: 
    * Summary: 
    +---------+---------+----------+----------+-----+-----+---------+
    |  Latency (cycles) |  Latency (absolute) |  Interval | Pipeline|
    |   min   |   max   |    min   |    max   | min | max |   Type  |
    +---------+---------+----------+----------+-----+-----+---------+
    |      175|      175|  1.750 us|  1.750 us|  175|  175|       no|
    +---------+---------+----------+----------+-----+-----+---------+

    + Detail: 
        * Instance: 
        +-----------------------------------------------------------------------+-------------------------------------------------------------+---------+---------+----------+----------+-----+-----+---------+
        |                                                                       |                                                             |  Latency (cycles) |  Latency (absolute) |  Interval | Pipeline|
        |                                Instance                               |                            Module                           |   min   |   max   |    min   |    max   | min | max |   Type  |
        +-----------------------------------------------------------------------+-------------------------------------------------------------+---------+---------+----------+----------+-----+-----+---------+
        |grp_dense_layer_soft_max_Pipeline_dense_soft_max_for_dense_size_fu_44  |dense_layer_soft_max_Pipeline_dense_soft_max_for_dense_size  |      143|      143|  1.430 us|  1.430 us|  143|  143|       no|
        |grp_dense_layer_soft_max_Pipeline_dense_soft_max_for_digits_fu_69      |dense_layer_soft_max_Pipeline_dense_soft_max_for_digits      |       29|       29|  0.290 us|  0.290 us|   29|   29|       no|
        +-----------------------------------------------------------------------+-------------------------------------------------------------+---------+---------+----------+----------+-----+-----+---------+

        * Loop: 
        N/A



================================================================
== Utilization Estimates
================================================================
* Summary: 
+-----------------+---------+-----+--------+--------+-----+
|       Name      | BRAM_18K| DSP |   FF   |   LUT  | URAM|
+-----------------+---------+-----+--------+--------+-----+
|DSP              |        -|    -|       -|       -|    -|
|Expression       |        -|    -|       0|       2|    -|
|FIFO             |        -|    -|       -|       -|    -|
|Instance         |        0|   11|    2357|    2119|    -|
|Memory           |        -|    -|       -|       -|    -|
|Multiplexer      |        -|    -|       -|     163|    -|
|Register         |        -|    -|       7|       -|    -|
+-----------------+---------+-----+--------+--------+-----+
|Total            |        0|   11|    2364|    2284|    0|
+-----------------+---------+-----+--------+--------+-----+
|Available        |      730|  740|  269200|  134600|    0|
+-----------------+---------+-----+--------+--------+-----+
|Utilization (%)  |        0|    1|      ~0|       1|    0|
+-----------------+---------+-----+--------+--------+-----+

+ Detail: 
    * Instance: 
    +-----------------------------------------------------------------------+-------------------------------------------------------------+---------+----+------+------+-----+
    |                                Instance                               |                            Module                           | BRAM_18K| DSP|  FF  |  LUT | URAM|
    +-----------------------------------------------------------------------+-------------------------------------------------------------+---------+----+------+------+-----+
    |grp_dense_layer_soft_max_Pipeline_dense_soft_max_for_dense_size_fu_44  |dense_layer_soft_max_Pipeline_dense_soft_max_for_dense_size  |        0|  11|  2184|  2027|    0|
    |grp_dense_layer_soft_max_Pipeline_dense_soft_max_for_digits_fu_69      |dense_layer_soft_max_Pipeline_dense_soft_max_for_digits      |        0|   0|   173|    92|    0|
    +-----------------------------------------------------------------------+-------------------------------------------------------------+---------+----+------+------+-----+
    |Total                                                                  |                                                             |        0|  11|  2357|  2119|    0|
    +-----------------------------------------------------------------------+-------------------------------------------------------------+---------+----+------+------+-----+

    * DSP: 
    N/A

    * Memory: 
    N/A

    * FIFO: 
    N/A

    * Expression: 
    +-----------------+----------+----+---+----+------------+------------+
    |  Variable Name  | Operation| DSP| FF| LUT| Bitwidth P0| Bitwidth P1|
    +-----------------+----------+----+---+----+------------+------------+
    |ap_block_state1  |        or|   0|  0|   2|           1|           1|
    +-----------------+----------+----+---+----+------------+------------+
    |Total            |          |   0|  0|   2|           1|           1|
    +-----------------+----------+----+---+----+------------+------------+

    * Multiplexer: 
    +---------------------------------+----+-----------+-----+-----------+
    |               Name              | LUT| Input Size| Bits| Total Bits|
    +---------------------------------+----+-----------+-----+-----------+
    |ap_NS_fsm                        |  21|          5|    1|          5|
    |ap_done                          |   9|          2|    1|          2|
    |dense_to_softmax_streams_0_read  |   9|          2|    1|          2|
    |dense_to_softmax_streams_1_read  |   9|          2|    1|          2|
    |dense_to_softmax_streams_2_read  |   9|          2|    1|          2|
    |dense_to_softmax_streams_3_read  |   9|          2|    1|          2|
    |dense_to_softmax_streams_4_read  |   9|          2|    1|          2|
    |dense_to_softmax_streams_5_read  |   9|          2|    1|          2|
    |dense_to_softmax_streams_6_read  |   9|          2|    1|          2|
    |dense_to_softmax_streams_7_read  |   9|          2|    1|          2|
    |prediction_address0              |  13|          3|    4|         12|
    |prediction_ce0                   |  13|          3|    1|          3|
    |prediction_ce1                   |   9|          2|    1|          2|
    |prediction_d0                    |  13|          3|   32|         96|
    |prediction_we0                   |  13|          3|    1|          3|
    +---------------------------------+----+-----------+-----+-----------+
    |Total                            | 163|         37|   49|        139|
    +---------------------------------+----+-----------+-----+-----------+

    * Register: 
    +------------------------------------------------------------------------------------+---+----+-----+-----------+
    |                                        Name                                        | FF| LUT| Bits| Const Bits|
    +------------------------------------------------------------------------------------+---+----+-----+-----------+
    |ap_CS_fsm                                                                           |  4|   0|    4|          0|
    |ap_done_reg                                                                         |  1|   0|    1|          0|
    |grp_dense_layer_soft_max_Pipeline_dense_soft_max_for_dense_size_fu_44_ap_start_reg  |  1|   0|    1|          0|
    |grp_dense_layer_soft_max_Pipeline_dense_soft_max_for_digits_fu_69_ap_start_reg      |  1|   0|    1|          0|
    +------------------------------------------------------------------------------------+---+----+-----+-----------+
    |Total                                                                               |  7|   0|    7|          0|
    +------------------------------------------------------------------------------------+---+----+-----+-----------+



================================================================
== Interface
================================================================
* Summary: 
+-------------------------------------------+-----+-----+------------+----------------------------+--------------+
|                 RTL Ports                 | Dir | Bits|  Protocol  |        Source Object       |    C Type    |
+-------------------------------------------+-----+-----+------------+----------------------------+--------------+
|ap_clk                                     |   in|    1|  ap_ctrl_hs|        dense_layer_soft_max|  return value|
|ap_rst                                     |   in|    1|  ap_ctrl_hs|        dense_layer_soft_max|  return value|
|ap_start                                   |   in|    1|  ap_ctrl_hs|        dense_layer_soft_max|  return value|
|ap_done                                    |  out|    1|  ap_ctrl_hs|        dense_layer_soft_max|  return value|
|ap_continue                                |   in|    1|  ap_ctrl_hs|        dense_layer_soft_max|  return value|
|ap_idle                                    |  out|    1|  ap_ctrl_hs|        dense_layer_soft_max|  return value|
|ap_ready                                   |  out|    1|  ap_ctrl_hs|        dense_layer_soft_max|  return value|
|dense_to_softmax_streams_0_dout            |   in|   32|     ap_fifo|  dense_to_softmax_streams_0|       pointer|
|dense_to_softmax_streams_0_num_data_valid  |   in|    5|     ap_fifo|  dense_to_softmax_streams_0|       pointer|
|dense_to_softmax_streams_0_fifo_cap        |   in|    5|     ap_fifo|  dense_to_softmax_streams_0|       pointer|
|dense_to_softmax_streams_0_empty_n         |   in|    1|     ap_fifo|  dense_to_softmax_streams_0|       pointer|
|dense_to_softmax_streams_0_read            |  out|    1|     ap_fifo|  dense_to_softmax_streams_0|       pointer|
|dense_to_softmax_streams_1_dout            |   in|   32|     ap_fifo|  dense_to_softmax_streams_1|       pointer|
|dense_to_softmax_streams_1_num_data_valid  |   in|    5|     ap_fifo|  dense_to_softmax_streams_1|       pointer|
|dense_to_softmax_streams_1_fifo_cap        |   in|    5|     ap_fifo|  dense_to_softmax_streams_1|       pointer|
|dense_to_softmax_streams_1_empty_n         |   in|    1|     ap_fifo|  dense_to_softmax_streams_1|       pointer|
|dense_to_softmax_streams_1_read            |  out|    1|     ap_fifo|  dense_to_softmax_streams_1|       pointer|
|dense_to_softmax_streams_2_dout            |   in|   32|     ap_fifo|  dense_to_softmax_streams_2|       pointer|
|dense_to_softmax_streams_2_num_data_valid  |   in|    5|     ap_fifo|  dense_to_softmax_streams_2|       pointer|
|dense_to_softmax_streams_2_fifo_cap        |   in|    5|     ap_fifo|  dense_to_softmax_streams_2|       pointer|
|dense_to_softmax_streams_2_empty_n         |   in|    1|     ap_fifo|  dense_to_softmax_streams_2|       pointer|
|dense_to_softmax_streams_2_read            |  out|    1|     ap_fifo|  dense_to_softmax_streams_2|       pointer|
|dense_to_softmax_streams_3_dout            |   in|   32|     ap_fifo|  dense_to_softmax_streams_3|       pointer|
|dense_to_softmax_streams_3_num_data_valid  |   in|    5|     ap_fifo|  dense_to_softmax_streams_3|       pointer|
|dense_to_softmax_streams_3_fifo_cap        |   in|    5|     ap_fifo|  dense_to_softmax_streams_3|       pointer|
|dense_to_softmax_streams_3_empty_n         |   in|    1|     ap_fifo|  dense_to_softmax_streams_3|       pointer|
|dense_to_softmax_streams_3_read            |  out|    1|     ap_fifo|  dense_to_softmax_streams_3|       pointer|
|dense_to_softmax_streams_4_dout            |   in|   32|     ap_fifo|  dense_to_softmax_streams_4|       pointer|
|dense_to_softmax_streams_4_num_data_valid  |   in|    5|     ap_fifo|  dense_to_softmax_streams_4|       pointer|
|dense_to_softmax_streams_4_fifo_cap        |   in|    5|     ap_fifo|  dense_to_softmax_streams_4|       pointer|
|dense_to_softmax_streams_4_empty_n         |   in|    1|     ap_fifo|  dense_to_softmax_streams_4|       pointer|
|dense_to_softmax_streams_4_read            |  out|    1|     ap_fifo|  dense_to_softmax_streams_4|       pointer|
|dense_to_softmax_streams_5_dout            |   in|   32|     ap_fifo|  dense_to_softmax_streams_5|       pointer|
|dense_to_softmax_streams_5_num_data_valid  |   in|    5|     ap_fifo|  dense_to_softmax_streams_5|       pointer|
|dense_to_softmax_streams_5_fifo_cap        |   in|    5|     ap_fifo|  dense_to_softmax_streams_5|       pointer|
|dense_to_softmax_streams_5_empty_n         |   in|    1|     ap_fifo|  dense_to_softmax_streams_5|       pointer|
|dense_to_softmax_streams_5_read            |  out|    1|     ap_fifo|  dense_to_softmax_streams_5|       pointer|
|dense_to_softmax_streams_6_dout            |   in|   32|     ap_fifo|  dense_to_softmax_streams_6|       pointer|
|dense_to_softmax_streams_6_num_data_valid  |   in|    5|     ap_fifo|  dense_to_softmax_streams_6|       pointer|
|dense_to_softmax_streams_6_fifo_cap        |   in|    5|     ap_fifo|  dense_to_softmax_streams_6|       pointer|
|dense_to_softmax_streams_6_empty_n         |   in|    1|     ap_fifo|  dense_to_softmax_streams_6|       pointer|
|dense_to_softmax_streams_6_read            |  out|    1|     ap_fifo|  dense_to_softmax_streams_6|       pointer|
|dense_to_softmax_streams_7_dout            |   in|   32|     ap_fifo|  dense_to_softmax_streams_7|       pointer|
|dense_to_softmax_streams_7_num_data_valid  |   in|    5|     ap_fifo|  dense_to_softmax_streams_7|       pointer|
|dense_to_softmax_streams_7_fifo_cap        |   in|    5|     ap_fifo|  dense_to_softmax_streams_7|       pointer|
|dense_to_softmax_streams_7_empty_n         |   in|    1|     ap_fifo|  dense_to_softmax_streams_7|       pointer|
|dense_to_softmax_streams_7_read            |  out|    1|     ap_fifo|  dense_to_softmax_streams_7|       pointer|
|prediction_address0                        |  out|    4|   ap_memory|                  prediction|         array|
|prediction_ce0                             |  out|    1|   ap_memory|                  prediction|         array|
|prediction_we0                             |  out|    1|   ap_memory|                  prediction|         array|
|prediction_d0                              |  out|   32|   ap_memory|                  prediction|         array|
|prediction_address1                        |  out|    4|   ap_memory|                  prediction|         array|
|prediction_ce1                             |  out|    1|   ap_memory|                  prediction|         array|
|prediction_q1                              |   in|   32|   ap_memory|                  prediction|         array|
+-------------------------------------------+-----+-----+------------+----------------------------+--------------+

============================================================
+ Verbose Summary: Synthesis Manager
============================================================
InlineROM: 1
ExposeGlobal: 0
============================================================
+ Verbose Summary: CDFG Model
============================================================
IsTopModel: 0
ResetActiveHigh: 1
IsCombinational: 2
IsDatapathOnly: 0
HasWiredReturn: 1
HasMFsm: 0
HasVarLatency: 1
IsPipeline: 0
IsRtlPipelined: 0
IsInstanceOverlapped: 0
IsDontTouch: 0
HasImplIP: 0
IsGatedGlobalClock: 0


============================================================
+ Verbose Summary: Schedule
============================================================
* Number of FSM states : 4
* Pipeline : 0
* Dataflow Pipeline: 0

* FSM state transitions: 
1 --> 2 
2 --> 3 
3 --> 4 
4 --> 

* FSM state operations: 

State 1 <SV = 0> <Delay = 0.00>
ST_1 : Operation 5 [1/1] (0.00ns)   --->   "%exp_sum_loc = alloca i64 1"   --->   Operation 5 'alloca' 'exp_sum_loc' <Predicate = true> <Delay = 0.00>
ST_1 : Operation 6 [1/1] (0.00ns)   --->   "%empty = wait i32 @_ssdm_op_Wait"   --->   Operation 6 'wait' 'empty' <Predicate = true> <Delay = 0.00>
ST_1 : Operation 7 [2/2] (0.00ns)   --->   "%call_ln0 = call void @dense_layer_soft_max_Pipeline_dense_soft_max_for_dense_size, i32 %dense_to_softmax_streams_0, i32 %dense_to_softmax_streams_1, i32 %dense_to_softmax_streams_2, i32 %dense_to_softmax_streams_3, i32 %dense_to_softmax_streams_4, i32 %dense_to_softmax_streams_5, i32 %dense_to_softmax_streams_6, i32 %dense_to_softmax_streams_7, i32 %prediction, i32 %exp_sum_loc, i32 %dense_biases"   --->   Operation 7 'call' 'call_ln0' <Predicate = true> <Delay = 0.00> <CoreType = "Generic">   --->   Core 0 '' <Latency = 0> <II = 1> <Delay = 1.00> <Generic> <Opcode : >

State 2 <SV = 1> <Delay = 0.00>
ST_2 : Operation 8 [1/2] (0.00ns)   --->   "%call_ln0 = call void @dense_layer_soft_max_Pipeline_dense_soft_max_for_dense_size, i32 %dense_to_softmax_streams_0, i32 %dense_to_softmax_streams_1, i32 %dense_to_softmax_streams_2, i32 %dense_to_softmax_streams_3, i32 %dense_to_softmax_streams_4, i32 %dense_to_softmax_streams_5, i32 %dense_to_softmax_streams_6, i32 %dense_to_softmax_streams_7, i32 %prediction, i32 %exp_sum_loc, i32 %dense_biases"   --->   Operation 8 'call' 'call_ln0' <Predicate = true> <Delay = 0.00> <CoreType = "Generic">   --->   Core 0 '' <Latency = 0> <II = 1> <Delay = 1.00> <Generic> <Opcode : >

State 3 <SV = 2> <Delay = 0.00>
ST_3 : Operation 9 [1/1] (0.00ns)   --->   "%exp_sum_loc_load = load i32 %exp_sum_loc"   --->   Operation 9 'load' 'exp_sum_loc_load' <Predicate = true> <Delay = 0.00>
ST_3 : Operation 10 [2/2] (0.00ns)   --->   "%call_ln0 = call void @dense_layer_soft_max_Pipeline_dense_soft_max_for_digits, i32 %prediction, i32 %exp_sum_loc_load"   --->   Operation 10 'call' 'call_ln0' <Predicate = true> <Delay = 0.00> <CoreType = "Generic">   --->   Core 0 '' <Latency = 0> <II = 1> <Delay = 1.00> <Generic> <Opcode : >

State 4 <SV = 3> <Delay = 0.00>
ST_4 : Operation 11 [1/1] (0.00ns)   --->   "%specinterface_ln0 = specinterface void @_ssdm_op_SpecInterface, i32 %dense_to_softmax_streams_7, void @empty, i32 0, i32 0, void @empty_0, i32 0, i32 0, void @empty_0, void @empty_0, void @empty_0, i32 0, i32 0, i32 0, i32 0, void @empty_0, void @empty_0, i32 4294967295, i32 0"   --->   Operation 11 'specinterface' 'specinterface_ln0' <Predicate = true> <Delay = 0.00>
ST_4 : Operation 12 [1/1] (0.00ns)   --->   "%specinterface_ln0 = specinterface void @_ssdm_op_SpecInterface, i32 %dense_to_softmax_streams_6, void @empty, i32 0, i32 0, void @empty_0, i32 0, i32 0, void @empty_0, void @empty_0, void @empty_0, i32 0, i32 0, i32 0, i32 0, void @empty_0, void @empty_0, i32 4294967295, i32 0"   --->   Operation 12 'specinterface' 'specinterface_ln0' <Predicate = true> <Delay = 0.00>
ST_4 : Operation 13 [1/1] (0.00ns)   --->   "%specinterface_ln0 = specinterface void @_ssdm_op_SpecInterface, i32 %dense_to_softmax_streams_5, void @empty, i32 0, i32 0, void @empty_0, i32 0, i32 0, void @empty_0, void @empty_0, void @empty_0, i32 0, i32 0, i32 0, i32 0, void @empty_0, void @empty_0, i32 4294967295, i32 0"   --->   Operation 13 'specinterface' 'specinterface_ln0' <Predicate = true> <Delay = 0.00>
ST_4 : Operation 14 [1/1] (0.00ns)   --->   "%specinterface_ln0 = specinterface void @_ssdm_op_SpecInterface, i32 %dense_to_softmax_streams_4, void @empty, i32 0, i32 0, void @empty_0, i32 0, i32 0, void @empty_0, void @empty_0, void @empty_0, i32 0, i32 0, i32 0, i32 0, void @empty_0, void @empty_0, i32 4294967295, i32 0"   --->   Operation 14 'specinterface' 'specinterface_ln0' <Predicate = true> <Delay = 0.00>
ST_4 : Operation 15 [1/1] (0.00ns)   --->   "%specinterface_ln0 = specinterface void @_ssdm_op_SpecInterface, i32 %dense_to_softmax_streams_3, void @empty, i32 0, i32 0, void @empty_0, i32 0, i32 0, void @empty_0, void @empty_0, void @empty_0, i32 0, i32 0, i32 0, i32 0, void @empty_0, void @empty_0, i32 4294967295, i32 0"   --->   Operation 15 'specinterface' 'specinterface_ln0' <Predicate = true> <Delay = 0.00>
ST_4 : Operation 16 [1/1] (0.00ns)   --->   "%specinterface_ln0 = specinterface void @_ssdm_op_SpecInterface, i32 %dense_to_softmax_streams_2, void @empty, i32 0, i32 0, void @empty_0, i32 0, i32 0, void @empty_0, void @empty_0, void @empty_0, i32 0, i32 0, i32 0, i32 0, void @empty_0, void @empty_0, i32 4294967295, i32 0"   --->   Operation 16 'specinterface' 'specinterface_ln0' <Predicate = true> <Delay = 0.00>
ST_4 : Operation 17 [1/1] (0.00ns)   --->   "%specinterface_ln0 = specinterface void @_ssdm_op_SpecInterface, i32 %dense_to_softmax_streams_1, void @empty, i32 0, i32 0, void @empty_0, i32 0, i32 0, void @empty_0, void @empty_0, void @empty_0, i32 0, i32 0, i32 0, i32 0, void @empty_0, void @empty_0, i32 4294967295, i32 0"   --->   Operation 17 'specinterface' 'specinterface_ln0' <Predicate = true> <Delay = 0.00>
ST_4 : Operation 18 [1/1] (0.00ns)   --->   "%specinterface_ln0 = specinterface void @_ssdm_op_SpecInterface, i32 %dense_to_softmax_streams_0, void @empty, i32 0, i32 0, void @empty_0, i32 0, i32 0, void @empty_0, void @empty_0, void @empty_0, i32 0, i32 0, i32 0, i32 0, void @empty_0, void @empty_0, i32 4294967295, i32 0"   --->   Operation 18 'specinterface' 'specinterface_ln0' <Predicate = true> <Delay = 0.00>
ST_4 : Operation 19 [1/1] (0.00ns)   --->   "%specinterface_ln0 = specinterface void @_ssdm_op_SpecInterface, i32 %prediction, void @empty_3, i32 0, i32 0, void @empty_0, i32 4294967295, i32 0, void @empty_0, void @empty_0, void @empty_0, i32 0, i32 0, i32 0, i32 0, void @empty_0, void @empty_0, i32 4294967295, i32 0"   --->   Operation 19 'specinterface' 'specinterface_ln0' <Predicate = true> <Delay = 0.00>
ST_4 : Operation 20 [1/2] (0.00ns)   --->   "%call_ln0 = call void @dense_layer_soft_max_Pipeline_dense_soft_max_for_digits, i32 %prediction, i32 %exp_sum_loc_load"   --->   Operation 20 'call' 'call_ln0' <Predicate = true> <Delay = 0.00> <CoreType = "Generic">   --->   Core 0 '' <Latency = 0> <II = 1> <Delay = 1.00> <Generic> <Opcode : >
ST_4 : Operation 21 [1/1] (0.00ns)   --->   "%ret_ln35 = ret" [dense.cc:35]   --->   Operation 21 'ret' 'ret_ln35' <Predicate = true> <Delay = 0.00>


============================================================
+ Verbose Summary: Binding
============================================================
STG Binding: 
---------------- STG Properties BEGIN ----------------
- Is combinational: 0
- Is one-state seq: 0
- Is datapath-only: 0
- Is pipelined: 0
- Is top level: 0
Port [ Return ] is wired: 1; IO mode=ap_ctrl_hs:ce=0
Port [ dense_to_softmax_streams_0]:  wired=1; compound=1; hidden=0; nouse=0; global=0; static=0; extern=0; dir=0; type=3; pingpong=0; private_global=0; IO mode=ap_fifo:ce=0
Port [ dense_to_softmax_streams_1]:  wired=1; compound=1; hidden=0; nouse=0; global=0; static=0; extern=0; dir=0; type=3; pingpong=0; private_global=0; IO mode=ap_fifo:ce=0
Port [ dense_to_softmax_streams_2]:  wired=1; compound=1; hidden=0; nouse=0; global=0; static=0; extern=0; dir=0; type=3; pingpong=0; private_global=0; IO mode=ap_fifo:ce=0
Port [ dense_to_softmax_streams_3]:  wired=1; compound=1; hidden=0; nouse=0; global=0; static=0; extern=0; dir=0; type=3; pingpong=0; private_global=0; IO mode=ap_fifo:ce=0
Port [ dense_to_softmax_streams_4]:  wired=1; compound=1; hidden=0; nouse=0; global=0; static=0; extern=0; dir=0; type=3; pingpong=0; private_global=0; IO mode=ap_fifo:ce=0
Port [ dense_to_softmax_streams_5]:  wired=1; compound=1; hidden=0; nouse=0; global=0; static=0; extern=0; dir=0; type=3; pingpong=0; private_global=0; IO mode=ap_fifo:ce=0
Port [ dense_to_softmax_streams_6]:  wired=1; compound=1; hidden=0; nouse=0; global=0; static=0; extern=0; dir=0; type=3; pingpong=0; private_global=0; IO mode=ap_fifo:ce=0
Port [ dense_to_softmax_streams_7]:  wired=1; compound=1; hidden=0; nouse=0; global=0; static=0; extern=0; dir=0; type=3; pingpong=0; private_global=0; IO mode=ap_fifo:ce=0
Port [ prediction]:  wired=1; compound=1; hidden=0; nouse=0; global=0; static=0; extern=0; dir=2; type=1; pingpong=0; private_global=0; MemPort=[01]; IO mode=ap_memory:ce=0
Port [ dense_biases]:  wired=0; compound=1; hidden=1; nouse=1; global=1; static=1; extern=0; dir=0; type=1; pingpong=0; private_global=0; MemPort=[1]; IO mode=ap_memory:ce=0
---------------- STG Properties END ------------------

---------------- Datapath Model BEGIN ----------------

<LifeTime>
<method=bitvector/>
exp_sum_loc       (alloca       ) [ 01110]
empty             (wait         ) [ 00000]
call_ln0          (call         ) [ 00000]
exp_sum_loc_load  (load         ) [ 00001]
specinterface_ln0 (specinterface) [ 00000]
specinterface_ln0 (specinterface) [ 00000]
specinterface_ln0 (specinterface) [ 00000]
specinterface_ln0 (specinterface) [ 00000]
specinterface_ln0 (specinterface) [ 00000]
specinterface_ln0 (specinterface) [ 00000]
specinterface_ln0 (specinterface) [ 00000]
specinterface_ln0 (specinterface) [ 00000]
specinterface_ln0 (specinterface) [ 00000]
call_ln0          (call         ) [ 00000]
ret_ln35          (ret          ) [ 00000]
</LifeTime>

<model>

<comp_list>
<comp id="0" class="1000" name="dense_to_softmax_streams_0">
<pin_list>
<pin id="1" dir="1" index="0" bw="1" slack="0"/>
</pin_list>
<bind>
<StgValue><ssdm name="dense_to_softmax_streams_0"/></StgValue>
</bind>
</comp>

<comp id="2" class="1000" name="dense_to_softmax_streams_1">
<pin_list>
<pin id="3" dir="1" index="0" bw="1" slack="0"/>
</pin_list>
<bind>
<StgValue><ssdm name="dense_to_softmax_streams_1"/></StgValue>
</bind>
</comp>

<comp id="4" class="1000" name="dense_to_softmax_streams_2">
<pin_list>
<pin id="5" dir="1" index="0" bw="1" slack="0"/>
</pin_list>
<bind>
<StgValue><ssdm name="dense_to_softmax_streams_2"/></StgValue>
</bind>
</comp>

<comp id="6" class="1000" name="dense_to_softmax_streams_3">
<pin_list>
<pin id="7" dir="1" index="0" bw="1" slack="0"/>
</pin_list>
<bind>
<StgValue><ssdm name="dense_to_softmax_streams_3"/></StgValue>
</bind>
</comp>

<comp id="8" class="1000" name="dense_to_softmax_streams_4">
<pin_list>
<pin id="9" dir="1" index="0" bw="1" slack="0"/>
</pin_list>
<bind>
<StgValue><ssdm name="dense_to_softmax_streams_4"/></StgValue>
</bind>
</comp>

<comp id="10" class="1000" name="dense_to_softmax_streams_5">
<pin_list>
<pin id="11" dir="1" index="0" bw="1" slack="0"/>
</pin_list>
<bind>
<StgValue><ssdm name="dense_to_softmax_streams_5"/></StgValue>
</bind>
</comp>

<comp id="12" class="1000" name="dense_to_softmax_streams_6">
<pin_list>
<pin id="13" dir="1" index="0" bw="1" slack="0"/>
</pin_list>
<bind>
<StgValue><ssdm name="dense_to_softmax_streams_6"/></StgValue>
</bind>
</comp>

<comp id="14" class="1000" name="dense_to_softmax_streams_7">
<pin_list>
<pin id="15" dir="1" index="0" bw="1" slack="0"/>
</pin_list>
<bind>
<StgValue><ssdm name="dense_to_softmax_streams_7"/></StgValue>
</bind>
</comp>

<comp id="16" class="1000" name="prediction">
<pin_list>
<pin id="17" dir="1" index="0" bw="1" slack="0"/>
</pin_list>
<bind>
<StgValue><ssdm name="prediction"/><MemPortTyVec>0 1 </MemPortTyVec>
</StgValue>
</bind>
</comp>

<comp id="18" class="1000" name="dense_biases">
<pin_list>
<pin id="19" dir="1" index="0" bw="1" slack="0"/>
</pin_list>
<bind>
<StgValue><ssdm name="dense_biases"/><MemPortTyVec>1 </MemPortTyVec>
</StgValue>
</bind>
</comp>

<comp id="20" class="1001" name="const_20">
<pin_list>
<pin id="21" dir="1" index="0" bw="1" slack="0"/>
</pin_list>
<bind>
<StgValue><ssdm name=""/></StgValue>
</bind>
</comp>

<comp id="22" class="1001" name="const_22">
<pin_list>
<pin id="23" dir="1" index="0" bw="1" slack="2147483647"/>
</pin_list>
<bind>
<StgValue><ssdm name="_ssdm_op_Wait"/></StgValue>
</bind>
</comp>

<comp id="24" class="1001" name="const_24">
<pin_list>
<pin id="25" dir="1" index="0" bw="1" slack="0"/>
</pin_list>
<bind>
<StgValue><ssdm name="dense_layer_soft_max_Pipeline_dense_soft_max_for_dense_size"/></StgValue>
</bind>
</comp>

<comp id="26" class="1001" name="const_26">
<pin_list>
<pin id="27" dir="1" index="0" bw="1" slack="0"/>
</pin_list>
<bind>
<StgValue><ssdm name="dense_layer_soft_max_Pipeline_dense_soft_max_for_digits"/></StgValue>
</bind>
</comp>

<comp id="28" class="1001" name="const_28">
<pin_list>
<pin id="29" dir="1" index="0" bw="1" slack="2147483647"/>
</pin_list>
<bind>
<StgValue><ssdm name="_ssdm_op_SpecInterface"/></StgValue>
</bind>
</comp>

<comp id="30" class="1001" name="const_30">
<pin_list>
<pin id="31" dir="1" index="0" bw="1" slack="2147483647"/>
</pin_list>
<bind>
<StgValue><ssdm name="empty"/></StgValue>
</bind>
</comp>

<comp id="32" class="1001" name="const_32">
<pin_list>
<pin id="33" dir="1" index="0" bw="1" slack="2147483647"/>
</pin_list>
<bind>
<StgValue><ssdm name=""/></StgValue>
</bind>
</comp>

<comp id="34" class="1001" name="const_34">
<pin_list>
<pin id="35" dir="1" index="0" bw="1" slack="2147483647"/>
</pin_list>
<bind>
<StgValue><ssdm name="empty_0"/></StgValue>
</bind>
</comp>

<comp id="36" class="1001" name="const_36">
<pin_list>
<pin id="37" dir="1" index="0" bw="1" slack="2147483647"/>
</pin_list>
<bind>
<StgValue><ssdm name=""/></StgValue>
</bind>
</comp>

<comp id="38" class="1001" name="const_38">
<pin_list>
<pin id="39" dir="1" index="0" bw="1" slack="2147483647"/>
</pin_list>
<bind>
<StgValue><ssdm name="empty_3"/></StgValue>
</bind>
</comp>

<comp id="40" class="1004" name="exp_sum_loc_fu_40">
<pin_list>
<pin id="41" dir="0" index="0" bw="1" slack="0"/>
<pin id="42" dir="1" index="1" bw="32" slack="0"/>
</pin_list>
<bind>
<opcode="alloca(26) " fcode="alloca"/>
<opset="exp_sum_loc/1 "/>
</bind>
</comp>

<comp id="44" class="1004" name="grp_dense_layer_soft_max_Pipeline_dense_soft_max_for_dense_size_fu_44">
<pin_list>
<pin id="45" dir="0" index="0" bw="0" slack="0"/>
<pin id="46" dir="0" index="1" bw="32" slack="0"/>
<pin id="47" dir="0" index="2" bw="32" slack="0"/>
<pin id="48" dir="0" index="3" bw="32" slack="0"/>
<pin id="49" dir="0" index="4" bw="32" slack="0"/>
<pin id="50" dir="0" index="5" bw="32" slack="0"/>
<pin id="51" dir="0" index="6" bw="32" slack="0"/>
<pin id="52" dir="0" index="7" bw="32" slack="0"/>
<pin id="53" dir="0" index="8" bw="32" slack="0"/>
<pin id="54" dir="0" index="9" bw="32" slack="0"/>
<pin id="55" dir="0" index="10" bw="32" slack="0"/>
<pin id="56" dir="0" index="11" bw="32" slack="0"/>
<pin id="57" dir="1" index="12" bw="0" slack="2147483647"/>
</pin_list>
<bind>
<opcode="call(48) " fcode="call"/>
<opset="call_ln0/1 "/>
</bind>
</comp>

<comp id="69" class="1004" name="grp_dense_layer_soft_max_Pipeline_dense_soft_max_for_digits_fu_69">
<pin_list>
<pin id="70" dir="0" index="0" bw="0" slack="0"/>
<pin id="71" dir="0" index="1" bw="32" slack="0"/>
<pin id="72" dir="0" index="2" bw="32" slack="0"/>
<pin id="73" dir="1" index="3" bw="0" slack="2147483647"/>
</pin_list>
<bind>
<opcode="call(48) " fcode="call"/>
<opset="call_ln0/3 "/>
</bind>
</comp>

<comp id="76" class="1004" name="exp_sum_loc_load_load_fu_76">
<pin_list>
<pin id="77" dir="0" index="0" bw="32" slack="2"/>
<pin id="78" dir="1" index="1" bw="32" slack="0"/>
</pin_list>
<bind>
<opcode="load(27) " fcode="load"/>
<opset="exp_sum_loc_load/3 "/>
</bind>
</comp>

<comp id="80" class="1005" name="exp_sum_loc_reg_80">
<pin_list>
<pin id="81" dir="0" index="0" bw="32" slack="0"/>
<pin id="82" dir="1" index="1" bw="32" slack="0"/>
</pin_list>
<bind>
<opset="exp_sum_loc "/>
</bind>
</comp>

</comp_list>

<net_list>
<net id="43"><net_src comp="20" pin="0"/><net_sink comp="40" pin=0"/></net>

<net id="58"><net_src comp="24" pin="0"/><net_sink comp="44" pin=0"/></net>

<net id="59"><net_src comp="0" pin="0"/><net_sink comp="44" pin=1"/></net>

<net id="60"><net_src comp="2" pin="0"/><net_sink comp="44" pin=2"/></net>

<net id="61"><net_src comp="4" pin="0"/><net_sink comp="44" pin=3"/></net>

<net id="62"><net_src comp="6" pin="0"/><net_sink comp="44" pin=4"/></net>

<net id="63"><net_src comp="8" pin="0"/><net_sink comp="44" pin=5"/></net>

<net id="64"><net_src comp="10" pin="0"/><net_sink comp="44" pin=6"/></net>

<net id="65"><net_src comp="12" pin="0"/><net_sink comp="44" pin=7"/></net>

<net id="66"><net_src comp="14" pin="0"/><net_sink comp="44" pin=8"/></net>

<net id="67"><net_src comp="16" pin="0"/><net_sink comp="44" pin=9"/></net>

<net id="68"><net_src comp="18" pin="0"/><net_sink comp="44" pin=11"/></net>

<net id="74"><net_src comp="26" pin="0"/><net_sink comp="69" pin=0"/></net>

<net id="75"><net_src comp="16" pin="0"/><net_sink comp="69" pin=1"/></net>

<net id="79"><net_src comp="76" pin="1"/><net_sink comp="69" pin=2"/></net>

<net id="83"><net_src comp="40" pin="1"/><net_sink comp="80" pin=0"/></net>

<net id="84"><net_src comp="80" pin="1"/><net_sink comp="44" pin=10"/></net>

<net id="85"><net_src comp="80" pin="1"/><net_sink comp="76" pin=0"/></net>

</net_list>

</model> 
---------------- Datapath Model END ------------------

* FSMD analyzer results:
  - Output states:
	Port: prediction | {1 2 3 4 }
	Port: dense_biases | {}
 - Input state : 
	Port: dense_layer_soft_max : dense_to_softmax_streams_0 | {1 2 }
	Port: dense_layer_soft_max : dense_to_softmax_streams_1 | {1 2 }
	Port: dense_layer_soft_max : dense_to_softmax_streams_2 | {1 2 }
	Port: dense_layer_soft_max : dense_to_softmax_streams_3 | {1 2 }
	Port: dense_layer_soft_max : dense_to_softmax_streams_4 | {1 2 }
	Port: dense_layer_soft_max : dense_to_softmax_streams_5 | {1 2 }
	Port: dense_layer_soft_max : dense_to_softmax_streams_6 | {1 2 }
	Port: dense_layer_soft_max : dense_to_softmax_streams_7 | {1 2 }
	Port: dense_layer_soft_max : prediction | {3 4 }
	Port: dense_layer_soft_max : dense_biases | {1 2 }
  - Chain level:
	State 1
		call_ln0 : 1
	State 2
	State 3
		call_ln0 : 1
	State 4


============================================================
+ Verbose Summary: Datapath Resource usage 
============================================================

* Functional unit list:
|----------|-----------------------------------------------------------------------|---------|---------|---------|---------|
| Operation|                            Functional Unit                            |   DSP   |  Delay  |    FF   |   LUT   |
|----------|-----------------------------------------------------------------------|---------|---------|---------|---------|
|   call   | grp_dense_layer_soft_max_Pipeline_dense_soft_max_for_dense_size_fu_44 |    11   | 8.66614 |   1930  |   1522  |
|          |   grp_dense_layer_soft_max_Pipeline_dense_soft_max_for_digits_fu_69   |    0    |   3.22  |   137   |    40   |
|----------|-----------------------------------------------------------------------|---------|---------|---------|---------|
|   Total  |                                                                       |    11   | 11.8861 |   2067  |   1562  |
|----------|-----------------------------------------------------------------------|---------|---------|---------|---------|

Memories:
N/A

* Register list:
+------------------+--------+
|                  |   FF   |
+------------------+--------+
|exp_sum_loc_reg_80|   32   |
+------------------+--------+
|       Total      |   32   |
+------------------+--------+

* Multiplexer (MUX) list: 
|--------|------|------|------|--------|
|  Comp  |  Pin | Size |  BW  | S x BW |
|--------|------|------|------|--------|
|  Total |      |      |      |    0   |
|--------|------|------|------|--------|



* Summary:
+-----------+--------+--------+--------+--------+
|           |   DSP  |  Delay |   FF   |   LUT  |
+-----------+--------+--------+--------+--------+
|  Function |   11   |   11   |  2067  |  1562  |
|   Memory  |    -   |    -   |    -   |    -   |
|Multiplexer|    -   |    -   |    -   |    -   |
|  Register |    -   |    -   |   32   |    -   |
+-----------+--------+--------+--------+--------+
|   Total   |   11   |   11   |  2099  |  1562  |
+-----------+--------+--------+--------+--------+
