

================================================================
== Vitis HLS Report for 'dense_layer'
================================================================
* Date:           Fri Apr 21 17:46:35 2023

* Version:        2022.2 (Build 3670227 on Oct 13 2022)
* Project:        Project
* Solution:       solution1 (Vivado IP Flow Target)
* Product family: artix7
* Target device:  xc7a200t-fbg484-1


================================================================
== Performance Estimates
================================================================
+ Timing: 
    * Summary: 
    +--------+----------+----------+------------+
    |  Clock |  Target  | Estimated| Uncertainty|
    +--------+----------+----------+------------+
    |ap_clk  |  10.00 ns|  6.892 ns|     2.70 ns|
    +--------+----------+----------+------------+

+ Latency: 
    * Summary: 
    +---------+---------+-----------+-----------+------+------+----------+
    |  Latency (cycles) |   Latency (absolute)  |   Interval  | Pipeline |
    |   min   |   max   |    min    |    max    |  min |  max |   Type   |
    +---------+---------+-----------+-----------+------+------+----------+
    |     2013|     2013|  20.130 us|  20.130 us|  2014|  2014|  dataflow|
    +---------+---------+-----------+-----------+------+------+----------+

    + Detail: 
        * Instance: 
        +---------------------+----------+---------+---------+-----------+-----------+------+------+---------+
        |                     |          |  Latency (cycles) |   Latency (absolute)  |   Interval  | Pipeline|
        |       Instance      |  Module  |   min   |   max   |    min    |    max    |  min |  max |   Type  |
        +---------------------+----------+---------+---------+-----------+-----------+------+------+---------+
        |grp_dense_fu_220     |dense     |     2013|     2013|  20.130 us|  20.130 us|  2013|  2013|       no|
        |grp_dense_22_fu_248  |dense_22  |     2013|     2013|  20.130 us|  20.130 us|  2013|  2013|       no|
        |grp_dense_23_fu_276  |dense_23  |     2013|     2013|  20.130 us|  20.130 us|  2013|  2013|       no|
        |grp_dense_24_fu_304  |dense_24  |     2013|     2013|  20.130 us|  20.130 us|  2013|  2013|       no|
        |grp_dense_25_fu_332  |dense_25  |     2013|     2013|  20.130 us|  20.130 us|  2013|  2013|       no|
        |grp_dense_26_fu_360  |dense_26  |     2013|     2013|  20.130 us|  20.130 us|  2013|  2013|       no|
        |grp_dense_27_fu_388  |dense_27  |     2013|     2013|  20.130 us|  20.130 us|  2013|  2013|       no|
        |grp_dense_28_fu_416  |dense_28  |     2013|     2013|  20.130 us|  20.130 us|  2013|  2013|       no|
        +---------------------+----------+---------+---------+-----------+-----------+------+------+---------+

        * Loop: 
        N/A

============================================================
+ Verbose Summary: Synthesis Manager
============================================================
InlineROM: 1
ExposeGlobal: 0
============================================================
+ Verbose Summary: CDFG Model
============================================================
IsTopModel: 0
ResetActiveHigh: 1
IsCombinational: 2
IsDatapathOnly: 0
HasWiredReturn: 1
HasMFsm: 0
HasVarLatency: 1
IsPipeline: 0
IsRtlPipelined: 0
IsInstanceOverlapped: 0
IsDontTouch: 0
HasImplIP: 0
IsGatedGlobalClock: 0


============================================================
+ Verbose Summary: Schedule
============================================================
* Number of FSM states : 2
* Pipeline : 0
* Dataflow Pipeline: 1
  DF-Pipeline-0: Size = 2, States = { 1 2 }

* FSM state transitions: 
1 --> 2 
2 --> 

* FSM state operations: 

State 1 <SV = 0> <Delay = 0.00>
ST_1 : Operation 3 [2/2] (0.00ns)   --->   "%call_ln73 = call void @dense, i32 %flat_to_dense_streams_0, i32 %dense_to_softmax_streams_0, i32 %dense_weights_72, i32 %dense_weights_65, i32 %dense_weights_58, i32 %dense_weights_51, i32 %dense_weights_44, i32 %dense_weights_37, i32 %dense_weights_30, i32 %dense_weights_23, i32 %dense_weights_16, i32 %dense_weights" [dense.cc:73]   --->   Operation 3 'call' 'call_ln73' <Predicate = true> <Delay = 0.00> <CoreType = "Generic">   --->   Core 0 '' <Latency = 0> <II = 1> <Delay = 1.00> <Generic> <Opcode : >
ST_1 : Operation 4 [2/2] (0.00ns)   --->   "%call_ln74 = call void @dense.22, i32 %flat_to_dense_streams_1, i32 %dense_to_softmax_streams_1, i32 %dense_weights_73, i32 %dense_weights_66, i32 %dense_weights_59, i32 %dense_weights_52, i32 %dense_weights_45, i32 %dense_weights_38, i32 %dense_weights_31, i32 %dense_weights_24, i32 %dense_weights_17, i32 %dense_weights_10" [dense.cc:74]   --->   Operation 4 'call' 'call_ln74' <Predicate = true> <Delay = 0.00> <CoreType = "Generic">   --->   Core 0 '' <Latency = 0> <II = 1> <Delay = 1.00> <Generic> <Opcode : >
ST_1 : Operation 5 [2/2] (0.00ns)   --->   "%call_ln75 = call void @dense.23, i32 %flat_to_dense_streams_2, i32 %dense_to_softmax_streams_2, i32 %dense_weights_74, i32 %dense_weights_67, i32 %dense_weights_60, i32 %dense_weights_53, i32 %dense_weights_46, i32 %dense_weights_39, i32 %dense_weights_32, i32 %dense_weights_25, i32 %dense_weights_18, i32 %dense_weights_11" [dense.cc:75]   --->   Operation 5 'call' 'call_ln75' <Predicate = true> <Delay = 0.00> <CoreType = "Generic">   --->   Core 0 '' <Latency = 0> <II = 1> <Delay = 1.00> <Generic> <Opcode : >
ST_1 : Operation 6 [2/2] (0.00ns)   --->   "%call_ln76 = call void @dense.24, i32 %flat_to_dense_streams_3, i32 %dense_to_softmax_streams_3, i32 %dense_weights_75, i32 %dense_weights_68, i32 %dense_weights_61, i32 %dense_weights_54, i32 %dense_weights_47, i32 %dense_weights_40, i32 %dense_weights_33, i32 %dense_weights_26, i32 %dense_weights_19, i32 %dense_weights_12" [dense.cc:76]   --->   Operation 6 'call' 'call_ln76' <Predicate = true> <Delay = 0.00> <CoreType = "Generic">   --->   Core 0 '' <Latency = 0> <II = 1> <Delay = 1.00> <Generic> <Opcode : >
ST_1 : Operation 7 [2/2] (0.00ns)   --->   "%call_ln77 = call void @dense.25, i32 %flat_to_dense_streams_4, i32 %dense_to_softmax_streams_4, i32 %dense_weights_76, i32 %dense_weights_69, i32 %dense_weights_62, i32 %dense_weights_55, i32 %dense_weights_48, i32 %dense_weights_41, i32 %dense_weights_34, i32 %dense_weights_27, i32 %dense_weights_20, i32 %dense_weights_13" [dense.cc:77]   --->   Operation 7 'call' 'call_ln77' <Predicate = true> <Delay = 0.00> <CoreType = "Generic">   --->   Core 0 '' <Latency = 0> <II = 1> <Delay = 1.00> <Generic> <Opcode : >
ST_1 : Operation 8 [2/2] (0.00ns)   --->   "%call_ln78 = call void @dense.26, i32 %flat_to_dense_streams_5, i32 %dense_to_softmax_streams_5, i32 %dense_weights_77, i32 %dense_weights_70, i32 %dense_weights_63, i32 %dense_weights_56, i32 %dense_weights_49, i32 %dense_weights_42, i32 %dense_weights_35, i32 %dense_weights_28, i32 %dense_weights_21, i32 %dense_weights_14" [dense.cc:78]   --->   Operation 8 'call' 'call_ln78' <Predicate = true> <Delay = 0.00> <CoreType = "Generic">   --->   Core 0 '' <Latency = 0> <II = 1> <Delay = 1.00> <Generic> <Opcode : >
ST_1 : Operation 9 [2/2] (0.00ns)   --->   "%call_ln79 = call void @dense.27, i32 %flat_to_dense_streams_6, i32 %dense_to_softmax_streams_6, i32 %dense_weights_78, i32 %dense_weights_71, i32 %dense_weights_64, i32 %dense_weights_57, i32 %dense_weights_50, i32 %dense_weights_43, i32 %dense_weights_36, i32 %dense_weights_29, i32 %dense_weights_22, i32 %dense_weights_15" [dense.cc:79]   --->   Operation 9 'call' 'call_ln79' <Predicate = true> <Delay = 0.00> <CoreType = "Generic">   --->   Core 0 '' <Latency = 0> <II = 1> <Delay = 1.00> <Generic> <Opcode : >
ST_1 : Operation 10 [2/2] (0.00ns)   --->   "%call_ln80 = call void @dense.28, i32 %flat_to_dense_streams_7, i32 %dense_to_softmax_streams_7, i32 %dense_weights_0, i32 %dense_weights_1, i32 %dense_weights_2, i32 %dense_weights_3, i32 %dense_weights_4, i32 %dense_weights_5, i32 %dense_weights_6, i32 %dense_weights_7, i32 %dense_weights_8, i32 %dense_weights_9" [dense.cc:80]   --->   Operation 10 'call' 'call_ln80' <Predicate = true> <Delay = 0.00> <CoreType = "Generic">   --->   Core 0 '' <Latency = 0> <II = 1> <Delay = 1.00> <Generic> <Opcode : >

State 2 <SV = 1> <Delay = 0.00>
ST_2 : Operation 11 [1/1] (0.00ns)   --->   "%specdataflowpipeline_ln10 = specdataflowpipeline void @_ssdm_op_SpecDataflowPipeline, i32 4294967295, i32 0, void @empty_0" [/home/ytq/codeField/undergraduate/CNN_Accelerator/Code/Vitis-HLS/Project/solution1/directives.tcl:10]   --->   Operation 11 'specdataflowpipeline' 'specdataflowpipeline_ln10' <Predicate = true> <Delay = 0.00>
ST_2 : Operation 12 [1/1] (0.00ns)   --->   "%specinterface_ln0 = specinterface void @_ssdm_op_SpecInterface, i32 %dense_to_softmax_streams_7, void @empty, i32 0, i32 0, void @empty_0, i32 0, i32 0, void @empty_0, void @empty_0, void @empty_0, i32 0, i32 0, i32 0, i32 0, void @empty_0, void @empty_0, i32 4294967295, i32 0"   --->   Operation 12 'specinterface' 'specinterface_ln0' <Predicate = true> <Delay = 0.00>
ST_2 : Operation 13 [1/1] (0.00ns)   --->   "%specinterface_ln0 = specinterface void @_ssdm_op_SpecInterface, i32 %dense_to_softmax_streams_6, void @empty, i32 0, i32 0, void @empty_0, i32 0, i32 0, void @empty_0, void @empty_0, void @empty_0, i32 0, i32 0, i32 0, i32 0, void @empty_0, void @empty_0, i32 4294967295, i32 0"   --->   Operation 13 'specinterface' 'specinterface_ln0' <Predicate = true> <Delay = 0.00>
ST_2 : Operation 14 [1/1] (0.00ns)   --->   "%specinterface_ln0 = specinterface void @_ssdm_op_SpecInterface, i32 %dense_to_softmax_streams_5, void @empty, i32 0, i32 0, void @empty_0, i32 0, i32 0, void @empty_0, void @empty_0, void @empty_0, i32 0, i32 0, i32 0, i32 0, void @empty_0, void @empty_0, i32 4294967295, i32 0"   --->   Operation 14 'specinterface' 'specinterface_ln0' <Predicate = true> <Delay = 0.00>
ST_2 : Operation 15 [1/1] (0.00ns)   --->   "%specinterface_ln0 = specinterface void @_ssdm_op_SpecInterface, i32 %dense_to_softmax_streams_4, void @empty, i32 0, i32 0, void @empty_0, i32 0, i32 0, void @empty_0, void @empty_0, void @empty_0, i32 0, i32 0, i32 0, i32 0, void @empty_0, void @empty_0, i32 4294967295, i32 0"   --->   Operation 15 'specinterface' 'specinterface_ln0' <Predicate = true> <Delay = 0.00>
ST_2 : Operation 16 [1/1] (0.00ns)   --->   "%specinterface_ln0 = specinterface void @_ssdm_op_SpecInterface, i32 %dense_to_softmax_streams_3, void @empty, i32 0, i32 0, void @empty_0, i32 0, i32 0, void @empty_0, void @empty_0, void @empty_0, i32 0, i32 0, i32 0, i32 0, void @empty_0, void @empty_0, i32 4294967295, i32 0"   --->   Operation 16 'specinterface' 'specinterface_ln0' <Predicate = true> <Delay = 0.00>
ST_2 : Operation 17 [1/1] (0.00ns)   --->   "%specinterface_ln0 = specinterface void @_ssdm_op_SpecInterface, i32 %dense_to_softmax_streams_2, void @empty, i32 0, i32 0, void @empty_0, i32 0, i32 0, void @empty_0, void @empty_0, void @empty_0, i32 0, i32 0, i32 0, i32 0, void @empty_0, void @empty_0, i32 4294967295, i32 0"   --->   Operation 17 'specinterface' 'specinterface_ln0' <Predicate = true> <Delay = 0.00>
ST_2 : Operation 18 [1/1] (0.00ns)   --->   "%specinterface_ln0 = specinterface void @_ssdm_op_SpecInterface, i32 %dense_to_softmax_streams_1, void @empty, i32 0, i32 0, void @empty_0, i32 0, i32 0, void @empty_0, void @empty_0, void @empty_0, i32 0, i32 0, i32 0, i32 0, void @empty_0, void @empty_0, i32 4294967295, i32 0"   --->   Operation 18 'specinterface' 'specinterface_ln0' <Predicate = true> <Delay = 0.00>
ST_2 : Operation 19 [1/1] (0.00ns)   --->   "%specinterface_ln0 = specinterface void @_ssdm_op_SpecInterface, i32 %dense_to_softmax_streams_0, void @empty, i32 0, i32 0, void @empty_0, i32 0, i32 0, void @empty_0, void @empty_0, void @empty_0, i32 0, i32 0, i32 0, i32 0, void @empty_0, void @empty_0, i32 4294967295, i32 0"   --->   Operation 19 'specinterface' 'specinterface_ln0' <Predicate = true> <Delay = 0.00>
ST_2 : Operation 20 [1/1] (0.00ns)   --->   "%specinterface_ln0 = specinterface void @_ssdm_op_SpecInterface, i32 %flat_to_dense_streams_7, void @empty, i32 0, i32 0, void @empty_0, i32 0, i32 0, void @empty_0, void @empty_0, void @empty_0, i32 0, i32 0, i32 0, i32 0, void @empty_0, void @empty_0, i32 4294967295, i32 0"   --->   Operation 20 'specinterface' 'specinterface_ln0' <Predicate = true> <Delay = 0.00>
ST_2 : Operation 21 [1/1] (0.00ns)   --->   "%specinterface_ln0 = specinterface void @_ssdm_op_SpecInterface, i32 %flat_to_dense_streams_6, void @empty, i32 0, i32 0, void @empty_0, i32 0, i32 0, void @empty_0, void @empty_0, void @empty_0, i32 0, i32 0, i32 0, i32 0, void @empty_0, void @empty_0, i32 4294967295, i32 0"   --->   Operation 21 'specinterface' 'specinterface_ln0' <Predicate = true> <Delay = 0.00>
ST_2 : Operation 22 [1/1] (0.00ns)   --->   "%specinterface_ln0 = specinterface void @_ssdm_op_SpecInterface, i32 %flat_to_dense_streams_5, void @empty, i32 0, i32 0, void @empty_0, i32 0, i32 0, void @empty_0, void @empty_0, void @empty_0, i32 0, i32 0, i32 0, i32 0, void @empty_0, void @empty_0, i32 4294967295, i32 0"   --->   Operation 22 'specinterface' 'specinterface_ln0' <Predicate = true> <Delay = 0.00>
ST_2 : Operation 23 [1/1] (0.00ns)   --->   "%specinterface_ln0 = specinterface void @_ssdm_op_SpecInterface, i32 %flat_to_dense_streams_4, void @empty, i32 0, i32 0, void @empty_0, i32 0, i32 0, void @empty_0, void @empty_0, void @empty_0, i32 0, i32 0, i32 0, i32 0, void @empty_0, void @empty_0, i32 4294967295, i32 0"   --->   Operation 23 'specinterface' 'specinterface_ln0' <Predicate = true> <Delay = 0.00>
ST_2 : Operation 24 [1/1] (0.00ns)   --->   "%specinterface_ln0 = specinterface void @_ssdm_op_SpecInterface, i32 %flat_to_dense_streams_3, void @empty, i32 0, i32 0, void @empty_0, i32 0, i32 0, void @empty_0, void @empty_0, void @empty_0, i32 0, i32 0, i32 0, i32 0, void @empty_0, void @empty_0, i32 4294967295, i32 0"   --->   Operation 24 'specinterface' 'specinterface_ln0' <Predicate = true> <Delay = 0.00>
ST_2 : Operation 25 [1/1] (0.00ns)   --->   "%specinterface_ln0 = specinterface void @_ssdm_op_SpecInterface, i32 %flat_to_dense_streams_2, void @empty, i32 0, i32 0, void @empty_0, i32 0, i32 0, void @empty_0, void @empty_0, void @empty_0, i32 0, i32 0, i32 0, i32 0, void @empty_0, void @empty_0, i32 4294967295, i32 0"   --->   Operation 25 'specinterface' 'specinterface_ln0' <Predicate = true> <Delay = 0.00>
ST_2 : Operation 26 [1/1] (0.00ns)   --->   "%specinterface_ln0 = specinterface void @_ssdm_op_SpecInterface, i32 %flat_to_dense_streams_1, void @empty, i32 0, i32 0, void @empty_0, i32 0, i32 0, void @empty_0, void @empty_0, void @empty_0, i32 0, i32 0, i32 0, i32 0, void @empty_0, void @empty_0, i32 4294967295, i32 0"   --->   Operation 26 'specinterface' 'specinterface_ln0' <Predicate = true> <Delay = 0.00>
ST_2 : Operation 27 [1/1] (0.00ns)   --->   "%specinterface_ln0 = specinterface void @_ssdm_op_SpecInterface, i32 %flat_to_dense_streams_0, void @empty, i32 0, i32 0, void @empty_0, i32 0, i32 0, void @empty_0, void @empty_0, void @empty_0, i32 0, i32 0, i32 0, i32 0, void @empty_0, void @empty_0, i32 4294967295, i32 0"   --->   Operation 27 'specinterface' 'specinterface_ln0' <Predicate = true> <Delay = 0.00>
ST_2 : Operation 28 [1/2] (0.00ns)   --->   "%call_ln73 = call void @dense, i32 %flat_to_dense_streams_0, i32 %dense_to_softmax_streams_0, i32 %dense_weights_72, i32 %dense_weights_65, i32 %dense_weights_58, i32 %dense_weights_51, i32 %dense_weights_44, i32 %dense_weights_37, i32 %dense_weights_30, i32 %dense_weights_23, i32 %dense_weights_16, i32 %dense_weights" [dense.cc:73]   --->   Operation 28 'call' 'call_ln73' <Predicate = true> <Delay = 0.00> <CoreType = "Generic">   --->   Core 0 '' <Latency = 0> <II = 1> <Delay = 1.00> <Generic> <Opcode : >
ST_2 : Operation 29 [1/2] (0.00ns)   --->   "%call_ln74 = call void @dense.22, i32 %flat_to_dense_streams_1, i32 %dense_to_softmax_streams_1, i32 %dense_weights_73, i32 %dense_weights_66, i32 %dense_weights_59, i32 %dense_weights_52, i32 %dense_weights_45, i32 %dense_weights_38, i32 %dense_weights_31, i32 %dense_weights_24, i32 %dense_weights_17, i32 %dense_weights_10" [dense.cc:74]   --->   Operation 29 'call' 'call_ln74' <Predicate = true> <Delay = 0.00> <CoreType = "Generic">   --->   Core 0 '' <Latency = 0> <II = 1> <Delay = 1.00> <Generic> <Opcode : >
ST_2 : Operation 30 [1/2] (0.00ns)   --->   "%call_ln75 = call void @dense.23, i32 %flat_to_dense_streams_2, i32 %dense_to_softmax_streams_2, i32 %dense_weights_74, i32 %dense_weights_67, i32 %dense_weights_60, i32 %dense_weights_53, i32 %dense_weights_46, i32 %dense_weights_39, i32 %dense_weights_32, i32 %dense_weights_25, i32 %dense_weights_18, i32 %dense_weights_11" [dense.cc:75]   --->   Operation 30 'call' 'call_ln75' <Predicate = true> <Delay = 0.00> <CoreType = "Generic">   --->   Core 0 '' <Latency = 0> <II = 1> <Delay = 1.00> <Generic> <Opcode : >
ST_2 : Operation 31 [1/2] (0.00ns)   --->   "%call_ln76 = call void @dense.24, i32 %flat_to_dense_streams_3, i32 %dense_to_softmax_streams_3, i32 %dense_weights_75, i32 %dense_weights_68, i32 %dense_weights_61, i32 %dense_weights_54, i32 %dense_weights_47, i32 %dense_weights_40, i32 %dense_weights_33, i32 %dense_weights_26, i32 %dense_weights_19, i32 %dense_weights_12" [dense.cc:76]   --->   Operation 31 'call' 'call_ln76' <Predicate = true> <Delay = 0.00> <CoreType = "Generic">   --->   Core 0 '' <Latency = 0> <II = 1> <Delay = 1.00> <Generic> <Opcode : >
ST_2 : Operation 32 [1/2] (0.00ns)   --->   "%call_ln77 = call void @dense.25, i32 %flat_to_dense_streams_4, i32 %dense_to_softmax_streams_4, i32 %dense_weights_76, i32 %dense_weights_69, i32 %dense_weights_62, i32 %dense_weights_55, i32 %dense_weights_48, i32 %dense_weights_41, i32 %dense_weights_34, i32 %dense_weights_27, i32 %dense_weights_20, i32 %dense_weights_13" [dense.cc:77]   --->   Operation 32 'call' 'call_ln77' <Predicate = true> <Delay = 0.00> <CoreType = "Generic">   --->   Core 0 '' <Latency = 0> <II = 1> <Delay = 1.00> <Generic> <Opcode : >
ST_2 : Operation 33 [1/2] (0.00ns)   --->   "%call_ln78 = call void @dense.26, i32 %flat_to_dense_streams_5, i32 %dense_to_softmax_streams_5, i32 %dense_weights_77, i32 %dense_weights_70, i32 %dense_weights_63, i32 %dense_weights_56, i32 %dense_weights_49, i32 %dense_weights_42, i32 %dense_weights_35, i32 %dense_weights_28, i32 %dense_weights_21, i32 %dense_weights_14" [dense.cc:78]   --->   Operation 33 'call' 'call_ln78' <Predicate = true> <Delay = 0.00> <CoreType = "Generic">   --->   Core 0 '' <Latency = 0> <II = 1> <Delay = 1.00> <Generic> <Opcode : >
ST_2 : Operation 34 [1/2] (0.00ns)   --->   "%call_ln79 = call void @dense.27, i32 %flat_to_dense_streams_6, i32 %dense_to_softmax_streams_6, i32 %dense_weights_78, i32 %dense_weights_71, i32 %dense_weights_64, i32 %dense_weights_57, i32 %dense_weights_50, i32 %dense_weights_43, i32 %dense_weights_36, i32 %dense_weights_29, i32 %dense_weights_22, i32 %dense_weights_15" [dense.cc:79]   --->   Operation 34 'call' 'call_ln79' <Predicate = true> <Delay = 0.00> <CoreType = "Generic">   --->   Core 0 '' <Latency = 0> <II = 1> <Delay = 1.00> <Generic> <Opcode : >
ST_2 : Operation 35 [1/2] (0.00ns)   --->   "%call_ln80 = call void @dense.28, i32 %flat_to_dense_streams_7, i32 %dense_to_softmax_streams_7, i32 %dense_weights_0, i32 %dense_weights_1, i32 %dense_weights_2, i32 %dense_weights_3, i32 %dense_weights_4, i32 %dense_weights_5, i32 %dense_weights_6, i32 %dense_weights_7, i32 %dense_weights_8, i32 %dense_weights_9" [dense.cc:80]   --->   Operation 35 'call' 'call_ln80' <Predicate = true> <Delay = 0.00> <CoreType = "Generic">   --->   Core 0 '' <Latency = 0> <II = 1> <Delay = 1.00> <Generic> <Opcode : >
ST_2 : Operation 36 [1/1] (0.00ns)   --->   "%ret_ln81 = ret" [dense.cc:81]   --->   Operation 36 'ret' 'ret_ln81' <Predicate = true> <Delay = 0.00>


============================================================
+ Verbose Summary: Binding
============================================================
STG Binding: 
---------------- STG Properties BEGIN ----------------
- Is combinational: 0
- Is one-state seq: 0
- Is datapath-only: 0
- Is pipelined: 0
- Is top level: 0
Port [ Return ] is wired: 1; IO mode=ap_ctrl_hs:ce=0
Port [ flat_to_dense_streams_0]:  wired=1; compound=1; hidden=0; nouse=0; global=0; static=0; extern=0; dir=0; type=3; pingpong=0; private_global=0; IO mode=ap_fifo:ce=0
Port [ flat_to_dense_streams_1]:  wired=1; compound=1; hidden=0; nouse=0; global=0; static=0; extern=0; dir=0; type=3; pingpong=0; private_global=0; IO mode=ap_fifo:ce=0
Port [ flat_to_dense_streams_2]:  wired=1; compound=1; hidden=0; nouse=0; global=0; static=0; extern=0; dir=0; type=3; pingpong=0; private_global=0; IO mode=ap_fifo:ce=0
Port [ flat_to_dense_streams_3]:  wired=1; compound=1; hidden=0; nouse=0; global=0; static=0; extern=0; dir=0; type=3; pingpong=0; private_global=0; IO mode=ap_fifo:ce=0
Port [ flat_to_dense_streams_4]:  wired=1; compound=1; hidden=0; nouse=0; global=0; static=0; extern=0; dir=0; type=3; pingpong=0; private_global=0; IO mode=ap_fifo:ce=0
Port [ flat_to_dense_streams_5]:  wired=1; compound=1; hidden=0; nouse=0; global=0; static=0; extern=0; dir=0; type=3; pingpong=0; private_global=0; IO mode=ap_fifo:ce=0
Port [ flat_to_dense_streams_6]:  wired=1; compound=1; hidden=0; nouse=0; global=0; static=0; extern=0; dir=0; type=3; pingpong=0; private_global=0; IO mode=ap_fifo:ce=0
Port [ flat_to_dense_streams_7]:  wired=1; compound=1; hidden=0; nouse=0; global=0; static=0; extern=0; dir=0; type=3; pingpong=0; private_global=0; IO mode=ap_fifo:ce=0
Port [ dense_to_softmax_streams_0]:  wired=1; compound=1; hidden=0; nouse=0; global=0; static=0; extern=0; dir=1; type=3; pingpong=0; private_global=0; IO mode=ap_fifo:ce=0
Port [ dense_to_softmax_streams_1]:  wired=1; compound=1; hidden=0; nouse=0; global=0; static=0; extern=0; dir=1; type=3; pingpong=0; private_global=0; IO mode=ap_fifo:ce=0
Port [ dense_to_softmax_streams_2]:  wired=1; compound=1; hidden=0; nouse=0; global=0; static=0; extern=0; dir=1; type=3; pingpong=0; private_global=0; IO mode=ap_fifo:ce=0
Port [ dense_to_softmax_streams_3]:  wired=1; compound=1; hidden=0; nouse=0; global=0; static=0; extern=0; dir=1; type=3; pingpong=0; private_global=0; IO mode=ap_fifo:ce=0
Port [ dense_to_softmax_streams_4]:  wired=1; compound=1; hidden=0; nouse=0; global=0; static=0; extern=0; dir=1; type=3; pingpong=0; private_global=0; IO mode=ap_fifo:ce=0
Port [ dense_to_softmax_streams_5]:  wired=1; compound=1; hidden=0; nouse=0; global=0; static=0; extern=0; dir=1; type=3; pingpong=0; private_global=0; IO mode=ap_fifo:ce=0
Port [ dense_to_softmax_streams_6]:  wired=1; compound=1; hidden=0; nouse=0; global=0; static=0; extern=0; dir=1; type=3; pingpong=0; private_global=0; IO mode=ap_fifo:ce=0
Port [ dense_to_softmax_streams_7]:  wired=1; compound=1; hidden=0; nouse=0; global=0; static=0; extern=0; dir=1; type=3; pingpong=0; private_global=0; IO mode=ap_fifo:ce=0
Port [ dense_weights_72]:  wired=0; compound=1; hidden=1; nouse=1; global=1; static=1; extern=0; dir=0; type=1; pingpong=0; private_global=0; MemPort=[1]; IO mode=ap_memory:ce=0
Port [ dense_weights_65]:  wired=0; compound=1; hidden=1; nouse=1; global=1; static=1; extern=0; dir=0; type=1; pingpong=0; private_global=0; MemPort=[1]; IO mode=ap_memory:ce=0
Port [ dense_weights_58]:  wired=0; compound=1; hidden=1; nouse=1; global=1; static=1; extern=0; dir=0; type=1; pingpong=0; private_global=0; MemPort=[1]; IO mode=ap_memory:ce=0
Port [ dense_weights_51]:  wired=0; compound=1; hidden=1; nouse=1; global=1; static=1; extern=0; dir=0; type=1; pingpong=0; private_global=0; MemPort=[1]; IO mode=ap_memory:ce=0
Port [ dense_weights_44]:  wired=0; compound=1; hidden=1; nouse=1; global=1; static=1; extern=0; dir=0; type=1; pingpong=0; private_global=0; MemPort=[1]; IO mode=ap_memory:ce=0
Port [ dense_weights_37]:  wired=0; compound=1; hidden=1; nouse=1; global=1; static=1; extern=0; dir=0; type=1; pingpong=0; private_global=0; MemPort=[1]; IO mode=ap_memory:ce=0
Port [ dense_weights_30]:  wired=0; compound=1; hidden=1; nouse=1; global=1; static=1; extern=0; dir=0; type=1; pingpong=0; private_global=0; MemPort=[1]; IO mode=ap_memory:ce=0
Port [ dense_weights_23]:  wired=0; compound=1; hidden=1; nouse=1; global=1; static=1; extern=0; dir=0; type=1; pingpong=0; private_global=0; MemPort=[1]; IO mode=ap_memory:ce=0
Port [ dense_weights_16]:  wired=0; compound=1; hidden=1; nouse=1; global=1; static=1; extern=0; dir=0; type=1; pingpong=0; private_global=0; MemPort=[1]; IO mode=ap_memory:ce=0
Port [ dense_weights]:  wired=0; compound=1; hidden=1; nouse=1; global=1; static=1; extern=0; dir=0; type=1; pingpong=0; private_global=0; MemPort=[1]; IO mode=ap_memory:ce=0
Port [ dense_weights_73]:  wired=0; compound=1; hidden=1; nouse=1; global=1; static=1; extern=0; dir=0; type=1; pingpong=0; private_global=0; MemPort=[1]; IO mode=ap_memory:ce=0
Port [ dense_weights_66]:  wired=0; compound=1; hidden=1; nouse=1; global=1; static=1; extern=0; dir=0; type=1; pingpong=0; private_global=0; MemPort=[1]; IO mode=ap_memory:ce=0
Port [ dense_weights_59]:  wired=0; compound=1; hidden=1; nouse=1; global=1; static=1; extern=0; dir=0; type=1; pingpong=0; private_global=0; MemPort=[1]; IO mode=ap_memory:ce=0
Port [ dense_weights_52]:  wired=0; compound=1; hidden=1; nouse=1; global=1; static=1; extern=0; dir=0; type=1; pingpong=0; private_global=0; MemPort=[1]; IO mode=ap_memory:ce=0
Port [ dense_weights_45]:  wired=0; compound=1; hidden=1; nouse=1; global=1; static=1; extern=0; dir=0; type=1; pingpong=0; private_global=0; MemPort=[1]; IO mode=ap_memory:ce=0
Port [ dense_weights_38]:  wired=0; compound=1; hidden=1; nouse=1; global=1; static=1; extern=0; dir=0; type=1; pingpong=0; private_global=0; MemPort=[1]; IO mode=ap_memory:ce=0
Port [ dense_weights_31]:  wired=0; compound=1; hidden=1; nouse=1; global=1; static=1; extern=0; dir=0; type=1; pingpong=0; private_global=0; MemPort=[1]; IO mode=ap_memory:ce=0
Port [ dense_weights_24]:  wired=0; compound=1; hidden=1; nouse=1; global=1; static=1; extern=0; dir=0; type=1; pingpong=0; private_global=0; MemPort=[1]; IO mode=ap_memory:ce=0
Port [ dense_weights_17]:  wired=0; compound=1; hidden=1; nouse=1; global=1; static=1; extern=0; dir=0; type=1; pingpong=0; private_global=0; MemPort=[1]; IO mode=ap_memory:ce=0
Port [ dense_weights_10]:  wired=0; compound=1; hidden=1; nouse=1; global=1; static=1; extern=0; dir=0; type=1; pingpong=0; private_global=0; MemPort=[1]; IO mode=ap_memory:ce=0
Port [ dense_weights_74]:  wired=0; compound=1; hidden=1; nouse=1; global=1; static=1; extern=0; dir=0; type=1; pingpong=0; private_global=0; MemPort=[1]; IO mode=ap_memory:ce=0
Port [ dense_weights_67]:  wired=0; compound=1; hidden=1; nouse=1; global=1; static=1; extern=0; dir=0; type=1; pingpong=0; private_global=0; MemPort=[1]; IO mode=ap_memory:ce=0
Port [ dense_weights_60]:  wired=0; compound=1; hidden=1; nouse=1; global=1; static=1; extern=0; dir=0; type=1; pingpong=0; private_global=0; MemPort=[1]; IO mode=ap_memory:ce=0
Port [ dense_weights_53]:  wired=0; compound=1; hidden=1; nouse=1; global=1; static=1; extern=0; dir=0; type=1; pingpong=0; private_global=0; MemPort=[1]; IO mode=ap_memory:ce=0
Port [ dense_weights_46]:  wired=0; compound=1; hidden=1; nouse=1; global=1; static=1; extern=0; dir=0; type=1; pingpong=0; private_global=0; MemPort=[1]; IO mode=ap_memory:ce=0
Port [ dense_weights_39]:  wired=0; compound=1; hidden=1; nouse=1; global=1; static=1; extern=0; dir=0; type=1; pingpong=0; private_global=0; MemPort=[1]; IO mode=ap_memory:ce=0
Port [ dense_weights_32]:  wired=0; compound=1; hidden=1; nouse=1; global=1; static=1; extern=0; dir=0; type=1; pingpong=0; private_global=0; MemPort=[1]; IO mode=ap_memory:ce=0
Port [ dense_weights_25]:  wired=0; compound=1; hidden=1; nouse=1; global=1; static=1; extern=0; dir=0; type=1; pingpong=0; private_global=0; MemPort=[1]; IO mode=ap_memory:ce=0
Port [ dense_weights_18]:  wired=0; compound=1; hidden=1; nouse=1; global=1; static=1; extern=0; dir=0; type=1; pingpong=0; private_global=0; MemPort=[1]; IO mode=ap_memory:ce=0
Port [ dense_weights_11]:  wired=0; compound=1; hidden=1; nouse=1; global=1; static=1; extern=0; dir=0; type=1; pingpong=0; private_global=0; MemPort=[1]; IO mode=ap_memory:ce=0
Port [ dense_weights_75]:  wired=0; compound=1; hidden=1; nouse=1; global=1; static=1; extern=0; dir=0; type=1; pingpong=0; private_global=0; MemPort=[1]; IO mode=ap_memory:ce=0
Port [ dense_weights_68]:  wired=0; compound=1; hidden=1; nouse=1; global=1; static=1; extern=0; dir=0; type=1; pingpong=0; private_global=0; MemPort=[1]; IO mode=ap_memory:ce=0
Port [ dense_weights_61]:  wired=0; compound=1; hidden=1; nouse=1; global=1; static=1; extern=0; dir=0; type=1; pingpong=0; private_global=0; MemPort=[1]; IO mode=ap_memory:ce=0
Port [ dense_weights_54]:  wired=0; compound=1; hidden=1; nouse=1; global=1; static=1; extern=0; dir=0; type=1; pingpong=0; private_global=0; MemPort=[1]; IO mode=ap_memory:ce=0
Port [ dense_weights_47]:  wired=0; compound=1; hidden=1; nouse=1; global=1; static=1; extern=0; dir=0; type=1; pingpong=0; private_global=0; MemPort=[1]; IO mode=ap_memory:ce=0
Port [ dense_weights_40]:  wired=0; compound=1; hidden=1; nouse=1; global=1; static=1; extern=0; dir=0; type=1; pingpong=0; private_global=0; MemPort=[1]; IO mode=ap_memory:ce=0
Port [ dense_weights_33]:  wired=0; compound=1; hidden=1; nouse=1; global=1; static=1; extern=0; dir=0; type=1; pingpong=0; private_global=0; MemPort=[1]; IO mode=ap_memory:ce=0
Port [ dense_weights_26]:  wired=0; compound=1; hidden=1; nouse=1; global=1; static=1; extern=0; dir=0; type=1; pingpong=0; private_global=0; MemPort=[1]; IO mode=ap_memory:ce=0
Port [ dense_weights_19]:  wired=0; compound=1; hidden=1; nouse=1; global=1; static=1; extern=0; dir=0; type=1; pingpong=0; private_global=0; MemPort=[1]; IO mode=ap_memory:ce=0
Port [ dense_weights_12]:  wired=0; compound=1; hidden=1; nouse=1; global=1; static=1; extern=0; dir=0; type=1; pingpong=0; private_global=0; MemPort=[1]; IO mode=ap_memory:ce=0
Port [ dense_weights_76]:  wired=0; compound=1; hidden=1; nouse=1; global=1; static=1; extern=0; dir=0; type=1; pingpong=0; private_global=0; MemPort=[1]; IO mode=ap_memory:ce=0
Port [ dense_weights_69]:  wired=0; compound=1; hidden=1; nouse=1; global=1; static=1; extern=0; dir=0; type=1; pingpong=0; private_global=0; MemPort=[1]; IO mode=ap_memory:ce=0
Port [ dense_weights_62]:  wired=0; compound=1; hidden=1; nouse=1; global=1; static=1; extern=0; dir=0; type=1; pingpong=0; private_global=0; MemPort=[1]; IO mode=ap_memory:ce=0
Port [ dense_weights_55]:  wired=0; compound=1; hidden=1; nouse=1; global=1; static=1; extern=0; dir=0; type=1; pingpong=0; private_global=0; MemPort=[1]; IO mode=ap_memory:ce=0
Port [ dense_weights_48]:  wired=0; compound=1; hidden=1; nouse=1; global=1; static=1; extern=0; dir=0; type=1; pingpong=0; private_global=0; MemPort=[1]; IO mode=ap_memory:ce=0
Port [ dense_weights_41]:  wired=0; compound=1; hidden=1; nouse=1; global=1; static=1; extern=0; dir=0; type=1; pingpong=0; private_global=0; MemPort=[1]; IO mode=ap_memory:ce=0
Port [ dense_weights_34]:  wired=0; compound=1; hidden=1; nouse=1; global=1; static=1; extern=0; dir=0; type=1; pingpong=0; private_global=0; MemPort=[1]; IO mode=ap_memory:ce=0
Port [ dense_weights_27]:  wired=0; compound=1; hidden=1; nouse=1; global=1; static=1; extern=0; dir=0; type=1; pingpong=0; private_global=0; MemPort=[1]; IO mode=ap_memory:ce=0
Port [ dense_weights_20]:  wired=0; compound=1; hidden=1; nouse=1; global=1; static=1; extern=0; dir=0; type=1; pingpong=0; private_global=0; MemPort=[1]; IO mode=ap_memory:ce=0
Port [ dense_weights_13]:  wired=0; compound=1; hidden=1; nouse=1; global=1; static=1; extern=0; dir=0; type=1; pingpong=0; private_global=0; MemPort=[1]; IO mode=ap_memory:ce=0
Port [ dense_weights_77]:  wired=0; compound=1; hidden=1; nouse=1; global=1; static=1; extern=0; dir=0; type=1; pingpong=0; private_global=0; MemPort=[1]; IO mode=ap_memory:ce=0
Port [ dense_weights_70]:  wired=0; compound=1; hidden=1; nouse=1; global=1; static=1; extern=0; dir=0; type=1; pingpong=0; private_global=0; MemPort=[1]; IO mode=ap_memory:ce=0
Port [ dense_weights_63]:  wired=0; compound=1; hidden=1; nouse=1; global=1; static=1; extern=0; dir=0; type=1; pingpong=0; private_global=0; MemPort=[1]; IO mode=ap_memory:ce=0
Port [ dense_weights_56]:  wired=0; compound=1; hidden=1; nouse=1; global=1; static=1; extern=0; dir=0; type=1; pingpong=0; private_global=0; MemPort=[1]; IO mode=ap_memory:ce=0
Port [ dense_weights_49]:  wired=0; compound=1; hidden=1; nouse=1; global=1; static=1; extern=0; dir=0; type=1; pingpong=0; private_global=0; MemPort=[1]; IO mode=ap_memory:ce=0
Port [ dense_weights_42]:  wired=0; compound=1; hidden=1; nouse=1; global=1; static=1; extern=0; dir=0; type=1; pingpong=0; private_global=0; MemPort=[1]; IO mode=ap_memory:ce=0
Port [ dense_weights_35]:  wired=0; compound=1; hidden=1; nouse=1; global=1; static=1; extern=0; dir=0; type=1; pingpong=0; private_global=0; MemPort=[1]; IO mode=ap_memory:ce=0
Port [ dense_weights_28]:  wired=0; compound=1; hidden=1; nouse=1; global=1; static=1; extern=0; dir=0; type=1; pingpong=0; private_global=0; MemPort=[1]; IO mode=ap_memory:ce=0
Port [ dense_weights_21]:  wired=0; compound=1; hidden=1; nouse=1; global=1; static=1; extern=0; dir=0; type=1; pingpong=0; private_global=0; MemPort=[1]; IO mode=ap_memory:ce=0
Port [ dense_weights_14]:  wired=0; compound=1; hidden=1; nouse=1; global=1; static=1; extern=0; dir=0; type=1; pingpong=0; private_global=0; MemPort=[1]; IO mode=ap_memory:ce=0
Port [ dense_weights_78]:  wired=0; compound=1; hidden=1; nouse=1; global=1; static=1; extern=0; dir=0; type=1; pingpong=0; private_global=0; MemPort=[1]; IO mode=ap_memory:ce=0
Port [ dense_weights_71]:  wired=0; compound=1; hidden=1; nouse=1; global=1; static=1; extern=0; dir=0; type=1; pingpong=0; private_global=0; MemPort=[1]; IO mode=ap_memory:ce=0
Port [ dense_weights_64]:  wired=0; compound=1; hidden=1; nouse=1; global=1; static=1; extern=0; dir=0; type=1; pingpong=0; private_global=0; MemPort=[1]; IO mode=ap_memory:ce=0
Port [ dense_weights_57]:  wired=0; compound=1; hidden=1; nouse=1; global=1; static=1; extern=0; dir=0; type=1; pingpong=0; private_global=0; MemPort=[1]; IO mode=ap_memory:ce=0
Port [ dense_weights_50]:  wired=0; compound=1; hidden=1; nouse=1; global=1; static=1; extern=0; dir=0; type=1; pingpong=0; private_global=0; MemPort=[1]; IO mode=ap_memory:ce=0
Port [ dense_weights_43]:  wired=0; compound=1; hidden=1; nouse=1; global=1; static=1; extern=0; dir=0; type=1; pingpong=0; private_global=0; MemPort=[1]; IO mode=ap_memory:ce=0
Port [ dense_weights_36]:  wired=0; compound=1; hidden=1; nouse=1; global=1; static=1; extern=0; dir=0; type=1; pingpong=0; private_global=0; MemPort=[1]; IO mode=ap_memory:ce=0
Port [ dense_weights_29]:  wired=0; compound=1; hidden=1; nouse=1; global=1; static=1; extern=0; dir=0; type=1; pingpong=0; private_global=0; MemPort=[1]; IO mode=ap_memory:ce=0
Port [ dense_weights_22]:  wired=0; compound=1; hidden=1; nouse=1; global=1; static=1; extern=0; dir=0; type=1; pingpong=0; private_global=0; MemPort=[1]; IO mode=ap_memory:ce=0
Port [ dense_weights_15]:  wired=0; compound=1; hidden=1; nouse=1; global=1; static=1; extern=0; dir=0; type=1; pingpong=0; private_global=0; MemPort=[1]; IO mode=ap_memory:ce=0
Port [ dense_weights_0]:  wired=0; compound=1; hidden=1; nouse=1; global=1; static=1; extern=0; dir=0; type=1; pingpong=0; private_global=0; MemPort=[1]; IO mode=ap_memory:ce=0
Port [ dense_weights_1]:  wired=0; compound=1; hidden=1; nouse=1; global=1; static=1; extern=0; dir=0; type=1; pingpong=0; private_global=0; MemPort=[1]; IO mode=ap_memory:ce=0
Port [ dense_weights_2]:  wired=0; compound=1; hidden=1; nouse=1; global=1; static=1; extern=0; dir=0; type=1; pingpong=0; private_global=0; MemPort=[1]; IO mode=ap_memory:ce=0
Port [ dense_weights_3]:  wired=0; compound=1; hidden=1; nouse=1; global=1; static=1; extern=0; dir=0; type=1; pingpong=0; private_global=0; MemPort=[1]; IO mode=ap_memory:ce=0
Port [ dense_weights_4]:  wired=0; compound=1; hidden=1; nouse=1; global=1; static=1; extern=0; dir=0; type=1; pingpong=0; private_global=0; MemPort=[1]; IO mode=ap_memory:ce=0
Port [ dense_weights_5]:  wired=0; compound=1; hidden=1; nouse=1; global=1; static=1; extern=0; dir=0; type=1; pingpong=0; private_global=0; MemPort=[1]; IO mode=ap_memory:ce=0
Port [ dense_weights_6]:  wired=0; compound=1; hidden=1; nouse=1; global=1; static=1; extern=0; dir=0; type=1; pingpong=0; private_global=0; MemPort=[1]; IO mode=ap_memory:ce=0
Port [ dense_weights_7]:  wired=0; compound=1; hidden=1; nouse=1; global=1; static=1; extern=0; dir=0; type=1; pingpong=0; private_global=0; MemPort=[1]; IO mode=ap_memory:ce=0
Port [ dense_weights_8]:  wired=0; compound=1; hidden=1; nouse=1; global=1; static=1; extern=0; dir=0; type=1; pingpong=0; private_global=0; MemPort=[1]; IO mode=ap_memory:ce=0
Port [ dense_weights_9]:  wired=0; compound=1; hidden=1; nouse=1; global=1; static=1; extern=0; dir=0; type=1; pingpong=0; private_global=0; MemPort=[1]; IO mode=ap_memory:ce=0
---------------- STG Properties END ------------------

---------------- Datapath Model BEGIN ----------------

<LifeTime>
<method=bitvector/>
specdataflowpipeline_ln10 (specdataflowpipeline) [ 000]
specinterface_ln0         (specinterface       ) [ 000]
specinterface_ln0         (specinterface       ) [ 000]
specinterface_ln0         (specinterface       ) [ 000]
specinterface_ln0         (specinterface       ) [ 000]
specinterface_ln0         (specinterface       ) [ 000]
specinterface_ln0         (specinterface       ) [ 000]
specinterface_ln0         (specinterface       ) [ 000]
specinterface_ln0         (specinterface       ) [ 000]
specinterface_ln0         (specinterface       ) [ 000]
specinterface_ln0         (specinterface       ) [ 000]
specinterface_ln0         (specinterface       ) [ 000]
specinterface_ln0         (specinterface       ) [ 000]
specinterface_ln0         (specinterface       ) [ 000]
specinterface_ln0         (specinterface       ) [ 000]
specinterface_ln0         (specinterface       ) [ 000]
specinterface_ln0         (specinterface       ) [ 000]
call_ln73                 (call                ) [ 000]
call_ln74                 (call                ) [ 000]
call_ln75                 (call                ) [ 000]
call_ln76                 (call                ) [ 000]
call_ln77                 (call                ) [ 000]
call_ln78                 (call                ) [ 000]
call_ln79                 (call                ) [ 000]
call_ln80                 (call                ) [ 000]
ret_ln81                  (ret                 ) [ 000]
</LifeTime>

<model>

<comp_list>
<comp id="0" class="1000" name="flat_to_dense_streams_0">
<pin_list>
<pin id="1" dir="1" index="0" bw="1" slack="0"/>
</pin_list>
<bind>
<StgValue><ssdm name="flat_to_dense_streams_0"/></StgValue>
</bind>
</comp>

<comp id="2" class="1000" name="flat_to_dense_streams_1">
<pin_list>
<pin id="3" dir="1" index="0" bw="1" slack="0"/>
</pin_list>
<bind>
<StgValue><ssdm name="flat_to_dense_streams_1"/></StgValue>
</bind>
</comp>

<comp id="4" class="1000" name="flat_to_dense_streams_2">
<pin_list>
<pin id="5" dir="1" index="0" bw="1" slack="0"/>
</pin_list>
<bind>
<StgValue><ssdm name="flat_to_dense_streams_2"/></StgValue>
</bind>
</comp>

<comp id="6" class="1000" name="flat_to_dense_streams_3">
<pin_list>
<pin id="7" dir="1" index="0" bw="1" slack="0"/>
</pin_list>
<bind>
<StgValue><ssdm name="flat_to_dense_streams_3"/></StgValue>
</bind>
</comp>

<comp id="8" class="1000" name="flat_to_dense_streams_4">
<pin_list>
<pin id="9" dir="1" index="0" bw="1" slack="0"/>
</pin_list>
<bind>
<StgValue><ssdm name="flat_to_dense_streams_4"/></StgValue>
</bind>
</comp>

<comp id="10" class="1000" name="flat_to_dense_streams_5">
<pin_list>
<pin id="11" dir="1" index="0" bw="1" slack="0"/>
</pin_list>
<bind>
<StgValue><ssdm name="flat_to_dense_streams_5"/></StgValue>
</bind>
</comp>

<comp id="12" class="1000" name="flat_to_dense_streams_6">
<pin_list>
<pin id="13" dir="1" index="0" bw="1" slack="0"/>
</pin_list>
<bind>
<StgValue><ssdm name="flat_to_dense_streams_6"/></StgValue>
</bind>
</comp>

<comp id="14" class="1000" name="flat_to_dense_streams_7">
<pin_list>
<pin id="15" dir="1" index="0" bw="1" slack="0"/>
</pin_list>
<bind>
<StgValue><ssdm name="flat_to_dense_streams_7"/></StgValue>
</bind>
</comp>

<comp id="16" class="1000" name="dense_to_softmax_streams_0">
<pin_list>
<pin id="17" dir="1" index="0" bw="1" slack="0"/>
</pin_list>
<bind>
<StgValue><ssdm name="dense_to_softmax_streams_0"/></StgValue>
</bind>
</comp>

<comp id="18" class="1000" name="dense_to_softmax_streams_1">
<pin_list>
<pin id="19" dir="1" index="0" bw="1" slack="0"/>
</pin_list>
<bind>
<StgValue><ssdm name="dense_to_softmax_streams_1"/></StgValue>
</bind>
</comp>

<comp id="20" class="1000" name="dense_to_softmax_streams_2">
<pin_list>
<pin id="21" dir="1" index="0" bw="1" slack="0"/>
</pin_list>
<bind>
<StgValue><ssdm name="dense_to_softmax_streams_2"/></StgValue>
</bind>
</comp>

<comp id="22" class="1000" name="dense_to_softmax_streams_3">
<pin_list>
<pin id="23" dir="1" index="0" bw="1" slack="0"/>
</pin_list>
<bind>
<StgValue><ssdm name="dense_to_softmax_streams_3"/></StgValue>
</bind>
</comp>

<comp id="24" class="1000" name="dense_to_softmax_streams_4">
<pin_list>
<pin id="25" dir="1" index="0" bw="1" slack="0"/>
</pin_list>
<bind>
<StgValue><ssdm name="dense_to_softmax_streams_4"/></StgValue>
</bind>
</comp>

<comp id="26" class="1000" name="dense_to_softmax_streams_5">
<pin_list>
<pin id="27" dir="1" index="0" bw="1" slack="0"/>
</pin_list>
<bind>
<StgValue><ssdm name="dense_to_softmax_streams_5"/></StgValue>
</bind>
</comp>

<comp id="28" class="1000" name="dense_to_softmax_streams_6">
<pin_list>
<pin id="29" dir="1" index="0" bw="1" slack="0"/>
</pin_list>
<bind>
<StgValue><ssdm name="dense_to_softmax_streams_6"/></StgValue>
</bind>
</comp>

<comp id="30" class="1000" name="dense_to_softmax_streams_7">
<pin_list>
<pin id="31" dir="1" index="0" bw="1" slack="0"/>
</pin_list>
<bind>
<StgValue><ssdm name="dense_to_softmax_streams_7"/></StgValue>
</bind>
</comp>

<comp id="32" class="1000" name="dense_weights_72">
<pin_list>
<pin id="33" dir="1" index="0" bw="1" slack="0"/>
</pin_list>
<bind>
<StgValue><ssdm name="dense_weights_72"/><MemPortTyVec>1 </MemPortTyVec>
</StgValue>
</bind>
</comp>

<comp id="34" class="1000" name="dense_weights_65">
<pin_list>
<pin id="35" dir="1" index="0" bw="1" slack="0"/>
</pin_list>
<bind>
<StgValue><ssdm name="dense_weights_65"/><MemPortTyVec>1 </MemPortTyVec>
</StgValue>
</bind>
</comp>

<comp id="36" class="1000" name="dense_weights_58">
<pin_list>
<pin id="37" dir="1" index="0" bw="1" slack="0"/>
</pin_list>
<bind>
<StgValue><ssdm name="dense_weights_58"/><MemPortTyVec>1 </MemPortTyVec>
</StgValue>
</bind>
</comp>

<comp id="38" class="1000" name="dense_weights_51">
<pin_list>
<pin id="39" dir="1" index="0" bw="1" slack="0"/>
</pin_list>
<bind>
<StgValue><ssdm name="dense_weights_51"/><MemPortTyVec>1 </MemPortTyVec>
</StgValue>
</bind>
</comp>

<comp id="40" class="1000" name="dense_weights_44">
<pin_list>
<pin id="41" dir="1" index="0" bw="1" slack="0"/>
</pin_list>
<bind>
<StgValue><ssdm name="dense_weights_44"/><MemPortTyVec>1 </MemPortTyVec>
</StgValue>
</bind>
</comp>

<comp id="42" class="1000" name="dense_weights_37">
<pin_list>
<pin id="43" dir="1" index="0" bw="1" slack="0"/>
</pin_list>
<bind>
<StgValue><ssdm name="dense_weights_37"/><MemPortTyVec>1 </MemPortTyVec>
</StgValue>
</bind>
</comp>

<comp id="44" class="1000" name="dense_weights_30">
<pin_list>
<pin id="45" dir="1" index="0" bw="1" slack="0"/>
</pin_list>
<bind>
<StgValue><ssdm name="dense_weights_30"/><MemPortTyVec>1 </MemPortTyVec>
</StgValue>
</bind>
</comp>

<comp id="46" class="1000" name="dense_weights_23">
<pin_list>
<pin id="47" dir="1" index="0" bw="1" slack="0"/>
</pin_list>
<bind>
<StgValue><ssdm name="dense_weights_23"/><MemPortTyVec>1 </MemPortTyVec>
</StgValue>
</bind>
</comp>

<comp id="48" class="1000" name="dense_weights_16">
<pin_list>
<pin id="49" dir="1" index="0" bw="1" slack="0"/>
</pin_list>
<bind>
<StgValue><ssdm name="dense_weights_16"/><MemPortTyVec>1 </MemPortTyVec>
</StgValue>
</bind>
</comp>

<comp id="50" class="1000" name="dense_weights">
<pin_list>
<pin id="51" dir="1" index="0" bw="1" slack="0"/>
</pin_list>
<bind>
<StgValue><ssdm name="dense_weights"/><MemPortTyVec>1 </MemPortTyVec>
</StgValue>
</bind>
</comp>

<comp id="52" class="1000" name="dense_weights_73">
<pin_list>
<pin id="53" dir="1" index="0" bw="1" slack="0"/>
</pin_list>
<bind>
<StgValue><ssdm name="dense_weights_73"/><MemPortTyVec>1 </MemPortTyVec>
</StgValue>
</bind>
</comp>

<comp id="54" class="1000" name="dense_weights_66">
<pin_list>
<pin id="55" dir="1" index="0" bw="1" slack="0"/>
</pin_list>
<bind>
<StgValue><ssdm name="dense_weights_66"/><MemPortTyVec>1 </MemPortTyVec>
</StgValue>
</bind>
</comp>

<comp id="56" class="1000" name="dense_weights_59">
<pin_list>
<pin id="57" dir="1" index="0" bw="1" slack="0"/>
</pin_list>
<bind>
<StgValue><ssdm name="dense_weights_59"/><MemPortTyVec>1 </MemPortTyVec>
</StgValue>
</bind>
</comp>

<comp id="58" class="1000" name="dense_weights_52">
<pin_list>
<pin id="59" dir="1" index="0" bw="1" slack="0"/>
</pin_list>
<bind>
<StgValue><ssdm name="dense_weights_52"/><MemPortTyVec>1 </MemPortTyVec>
</StgValue>
</bind>
</comp>

<comp id="60" class="1000" name="dense_weights_45">
<pin_list>
<pin id="61" dir="1" index="0" bw="1" slack="0"/>
</pin_list>
<bind>
<StgValue><ssdm name="dense_weights_45"/><MemPortTyVec>1 </MemPortTyVec>
</StgValue>
</bind>
</comp>

<comp id="62" class="1000" name="dense_weights_38">
<pin_list>
<pin id="63" dir="1" index="0" bw="1" slack="0"/>
</pin_list>
<bind>
<StgValue><ssdm name="dense_weights_38"/><MemPortTyVec>1 </MemPortTyVec>
</StgValue>
</bind>
</comp>

<comp id="64" class="1000" name="dense_weights_31">
<pin_list>
<pin id="65" dir="1" index="0" bw="1" slack="0"/>
</pin_list>
<bind>
<StgValue><ssdm name="dense_weights_31"/><MemPortTyVec>1 </MemPortTyVec>
</StgValue>
</bind>
</comp>

<comp id="66" class="1000" name="dense_weights_24">
<pin_list>
<pin id="67" dir="1" index="0" bw="1" slack="0"/>
</pin_list>
<bind>
<StgValue><ssdm name="dense_weights_24"/><MemPortTyVec>1 </MemPortTyVec>
</StgValue>
</bind>
</comp>

<comp id="68" class="1000" name="dense_weights_17">
<pin_list>
<pin id="69" dir="1" index="0" bw="1" slack="0"/>
</pin_list>
<bind>
<StgValue><ssdm name="dense_weights_17"/><MemPortTyVec>1 </MemPortTyVec>
</StgValue>
</bind>
</comp>

<comp id="70" class="1000" name="dense_weights_10">
<pin_list>
<pin id="71" dir="1" index="0" bw="1" slack="0"/>
</pin_list>
<bind>
<StgValue><ssdm name="dense_weights_10"/><MemPortTyVec>1 </MemPortTyVec>
</StgValue>
</bind>
</comp>

<comp id="72" class="1000" name="dense_weights_74">
<pin_list>
<pin id="73" dir="1" index="0" bw="1" slack="0"/>
</pin_list>
<bind>
<StgValue><ssdm name="dense_weights_74"/><MemPortTyVec>1 </MemPortTyVec>
</StgValue>
</bind>
</comp>

<comp id="74" class="1000" name="dense_weights_67">
<pin_list>
<pin id="75" dir="1" index="0" bw="1" slack="0"/>
</pin_list>
<bind>
<StgValue><ssdm name="dense_weights_67"/><MemPortTyVec>1 </MemPortTyVec>
</StgValue>
</bind>
</comp>

<comp id="76" class="1000" name="dense_weights_60">
<pin_list>
<pin id="77" dir="1" index="0" bw="1" slack="0"/>
</pin_list>
<bind>
<StgValue><ssdm name="dense_weights_60"/><MemPortTyVec>1 </MemPortTyVec>
</StgValue>
</bind>
</comp>

<comp id="78" class="1000" name="dense_weights_53">
<pin_list>
<pin id="79" dir="1" index="0" bw="1" slack="0"/>
</pin_list>
<bind>
<StgValue><ssdm name="dense_weights_53"/><MemPortTyVec>1 </MemPortTyVec>
</StgValue>
</bind>
</comp>

<comp id="80" class="1000" name="dense_weights_46">
<pin_list>
<pin id="81" dir="1" index="0" bw="1" slack="0"/>
</pin_list>
<bind>
<StgValue><ssdm name="dense_weights_46"/><MemPortTyVec>1 </MemPortTyVec>
</StgValue>
</bind>
</comp>

<comp id="82" class="1000" name="dense_weights_39">
<pin_list>
<pin id="83" dir="1" index="0" bw="1" slack="0"/>
</pin_list>
<bind>
<StgValue><ssdm name="dense_weights_39"/><MemPortTyVec>1 </MemPortTyVec>
</StgValue>
</bind>
</comp>

<comp id="84" class="1000" name="dense_weights_32">
<pin_list>
<pin id="85" dir="1" index="0" bw="1" slack="0"/>
</pin_list>
<bind>
<StgValue><ssdm name="dense_weights_32"/><MemPortTyVec>1 </MemPortTyVec>
</StgValue>
</bind>
</comp>

<comp id="86" class="1000" name="dense_weights_25">
<pin_list>
<pin id="87" dir="1" index="0" bw="1" slack="0"/>
</pin_list>
<bind>
<StgValue><ssdm name="dense_weights_25"/><MemPortTyVec>1 </MemPortTyVec>
</StgValue>
</bind>
</comp>

<comp id="88" class="1000" name="dense_weights_18">
<pin_list>
<pin id="89" dir="1" index="0" bw="1" slack="0"/>
</pin_list>
<bind>
<StgValue><ssdm name="dense_weights_18"/><MemPortTyVec>1 </MemPortTyVec>
</StgValue>
</bind>
</comp>

<comp id="90" class="1000" name="dense_weights_11">
<pin_list>
<pin id="91" dir="1" index="0" bw="1" slack="0"/>
</pin_list>
<bind>
<StgValue><ssdm name="dense_weights_11"/><MemPortTyVec>1 </MemPortTyVec>
</StgValue>
</bind>
</comp>

<comp id="92" class="1000" name="dense_weights_75">
<pin_list>
<pin id="93" dir="1" index="0" bw="1" slack="0"/>
</pin_list>
<bind>
<StgValue><ssdm name="dense_weights_75"/><MemPortTyVec>1 </MemPortTyVec>
</StgValue>
</bind>
</comp>

<comp id="94" class="1000" name="dense_weights_68">
<pin_list>
<pin id="95" dir="1" index="0" bw="1" slack="0"/>
</pin_list>
<bind>
<StgValue><ssdm name="dense_weights_68"/><MemPortTyVec>1 </MemPortTyVec>
</StgValue>
</bind>
</comp>

<comp id="96" class="1000" name="dense_weights_61">
<pin_list>
<pin id="97" dir="1" index="0" bw="1" slack="0"/>
</pin_list>
<bind>
<StgValue><ssdm name="dense_weights_61"/><MemPortTyVec>1 </MemPortTyVec>
</StgValue>
</bind>
</comp>

<comp id="98" class="1000" name="dense_weights_54">
<pin_list>
<pin id="99" dir="1" index="0" bw="1" slack="0"/>
</pin_list>
<bind>
<StgValue><ssdm name="dense_weights_54"/><MemPortTyVec>1 </MemPortTyVec>
</StgValue>
</bind>
</comp>

<comp id="100" class="1000" name="dense_weights_47">
<pin_list>
<pin id="101" dir="1" index="0" bw="1" slack="0"/>
</pin_list>
<bind>
<StgValue><ssdm name="dense_weights_47"/><MemPortTyVec>1 </MemPortTyVec>
</StgValue>
</bind>
</comp>

<comp id="102" class="1000" name="dense_weights_40">
<pin_list>
<pin id="103" dir="1" index="0" bw="1" slack="0"/>
</pin_list>
<bind>
<StgValue><ssdm name="dense_weights_40"/><MemPortTyVec>1 </MemPortTyVec>
</StgValue>
</bind>
</comp>

<comp id="104" class="1000" name="dense_weights_33">
<pin_list>
<pin id="105" dir="1" index="0" bw="1" slack="0"/>
</pin_list>
<bind>
<StgValue><ssdm name="dense_weights_33"/><MemPortTyVec>1 </MemPortTyVec>
</StgValue>
</bind>
</comp>

<comp id="106" class="1000" name="dense_weights_26">
<pin_list>
<pin id="107" dir="1" index="0" bw="1" slack="0"/>
</pin_list>
<bind>
<StgValue><ssdm name="dense_weights_26"/><MemPortTyVec>1 </MemPortTyVec>
</StgValue>
</bind>
</comp>

<comp id="108" class="1000" name="dense_weights_19">
<pin_list>
<pin id="109" dir="1" index="0" bw="1" slack="0"/>
</pin_list>
<bind>
<StgValue><ssdm name="dense_weights_19"/><MemPortTyVec>1 </MemPortTyVec>
</StgValue>
</bind>
</comp>

<comp id="110" class="1000" name="dense_weights_12">
<pin_list>
<pin id="111" dir="1" index="0" bw="1" slack="0"/>
</pin_list>
<bind>
<StgValue><ssdm name="dense_weights_12"/><MemPortTyVec>1 </MemPortTyVec>
</StgValue>
</bind>
</comp>

<comp id="112" class="1000" name="dense_weights_76">
<pin_list>
<pin id="113" dir="1" index="0" bw="1" slack="0"/>
</pin_list>
<bind>
<StgValue><ssdm name="dense_weights_76"/><MemPortTyVec>1 </MemPortTyVec>
</StgValue>
</bind>
</comp>

<comp id="114" class="1000" name="dense_weights_69">
<pin_list>
<pin id="115" dir="1" index="0" bw="1" slack="0"/>
</pin_list>
<bind>
<StgValue><ssdm name="dense_weights_69"/><MemPortTyVec>1 </MemPortTyVec>
</StgValue>
</bind>
</comp>

<comp id="116" class="1000" name="dense_weights_62">
<pin_list>
<pin id="117" dir="1" index="0" bw="1" slack="0"/>
</pin_list>
<bind>
<StgValue><ssdm name="dense_weights_62"/><MemPortTyVec>1 </MemPortTyVec>
</StgValue>
</bind>
</comp>

<comp id="118" class="1000" name="dense_weights_55">
<pin_list>
<pin id="119" dir="1" index="0" bw="1" slack="0"/>
</pin_list>
<bind>
<StgValue><ssdm name="dense_weights_55"/><MemPortTyVec>1 </MemPortTyVec>
</StgValue>
</bind>
</comp>

<comp id="120" class="1000" name="dense_weights_48">
<pin_list>
<pin id="121" dir="1" index="0" bw="1" slack="0"/>
</pin_list>
<bind>
<StgValue><ssdm name="dense_weights_48"/><MemPortTyVec>1 </MemPortTyVec>
</StgValue>
</bind>
</comp>

<comp id="122" class="1000" name="dense_weights_41">
<pin_list>
<pin id="123" dir="1" index="0" bw="1" slack="0"/>
</pin_list>
<bind>
<StgValue><ssdm name="dense_weights_41"/><MemPortTyVec>1 </MemPortTyVec>
</StgValue>
</bind>
</comp>

<comp id="124" class="1000" name="dense_weights_34">
<pin_list>
<pin id="125" dir="1" index="0" bw="1" slack="0"/>
</pin_list>
<bind>
<StgValue><ssdm name="dense_weights_34"/><MemPortTyVec>1 </MemPortTyVec>
</StgValue>
</bind>
</comp>

<comp id="126" class="1000" name="dense_weights_27">
<pin_list>
<pin id="127" dir="1" index="0" bw="1" slack="0"/>
</pin_list>
<bind>
<StgValue><ssdm name="dense_weights_27"/><MemPortTyVec>1 </MemPortTyVec>
</StgValue>
</bind>
</comp>

<comp id="128" class="1000" name="dense_weights_20">
<pin_list>
<pin id="129" dir="1" index="0" bw="1" slack="0"/>
</pin_list>
<bind>
<StgValue><ssdm name="dense_weights_20"/><MemPortTyVec>1 </MemPortTyVec>
</StgValue>
</bind>
</comp>

<comp id="130" class="1000" name="dense_weights_13">
<pin_list>
<pin id="131" dir="1" index="0" bw="1" slack="0"/>
</pin_list>
<bind>
<StgValue><ssdm name="dense_weights_13"/><MemPortTyVec>1 </MemPortTyVec>
</StgValue>
</bind>
</comp>

<comp id="132" class="1000" name="dense_weights_77">
<pin_list>
<pin id="133" dir="1" index="0" bw="1" slack="0"/>
</pin_list>
<bind>
<StgValue><ssdm name="dense_weights_77"/><MemPortTyVec>1 </MemPortTyVec>
</StgValue>
</bind>
</comp>

<comp id="134" class="1000" name="dense_weights_70">
<pin_list>
<pin id="135" dir="1" index="0" bw="1" slack="0"/>
</pin_list>
<bind>
<StgValue><ssdm name="dense_weights_70"/><MemPortTyVec>1 </MemPortTyVec>
</StgValue>
</bind>
</comp>

<comp id="136" class="1000" name="dense_weights_63">
<pin_list>
<pin id="137" dir="1" index="0" bw="1" slack="0"/>
</pin_list>
<bind>
<StgValue><ssdm name="dense_weights_63"/><MemPortTyVec>1 </MemPortTyVec>
</StgValue>
</bind>
</comp>

<comp id="138" class="1000" name="dense_weights_56">
<pin_list>
<pin id="139" dir="1" index="0" bw="1" slack="0"/>
</pin_list>
<bind>
<StgValue><ssdm name="dense_weights_56"/><MemPortTyVec>1 </MemPortTyVec>
</StgValue>
</bind>
</comp>

<comp id="140" class="1000" name="dense_weights_49">
<pin_list>
<pin id="141" dir="1" index="0" bw="1" slack="0"/>
</pin_list>
<bind>
<StgValue><ssdm name="dense_weights_49"/><MemPortTyVec>1 </MemPortTyVec>
</StgValue>
</bind>
</comp>

<comp id="142" class="1000" name="dense_weights_42">
<pin_list>
<pin id="143" dir="1" index="0" bw="1" slack="0"/>
</pin_list>
<bind>
<StgValue><ssdm name="dense_weights_42"/><MemPortTyVec>1 </MemPortTyVec>
</StgValue>
</bind>
</comp>

<comp id="144" class="1000" name="dense_weights_35">
<pin_list>
<pin id="145" dir="1" index="0" bw="1" slack="0"/>
</pin_list>
<bind>
<StgValue><ssdm name="dense_weights_35"/><MemPortTyVec>1 </MemPortTyVec>
</StgValue>
</bind>
</comp>

<comp id="146" class="1000" name="dense_weights_28">
<pin_list>
<pin id="147" dir="1" index="0" bw="1" slack="0"/>
</pin_list>
<bind>
<StgValue><ssdm name="dense_weights_28"/><MemPortTyVec>1 </MemPortTyVec>
</StgValue>
</bind>
</comp>

<comp id="148" class="1000" name="dense_weights_21">
<pin_list>
<pin id="149" dir="1" index="0" bw="1" slack="0"/>
</pin_list>
<bind>
<StgValue><ssdm name="dense_weights_21"/><MemPortTyVec>1 </MemPortTyVec>
</StgValue>
</bind>
</comp>

<comp id="150" class="1000" name="dense_weights_14">
<pin_list>
<pin id="151" dir="1" index="0" bw="1" slack="0"/>
</pin_list>
<bind>
<StgValue><ssdm name="dense_weights_14"/><MemPortTyVec>1 </MemPortTyVec>
</StgValue>
</bind>
</comp>

<comp id="152" class="1000" name="dense_weights_78">
<pin_list>
<pin id="153" dir="1" index="0" bw="1" slack="0"/>
</pin_list>
<bind>
<StgValue><ssdm name="dense_weights_78"/><MemPortTyVec>1 </MemPortTyVec>
</StgValue>
</bind>
</comp>

<comp id="154" class="1000" name="dense_weights_71">
<pin_list>
<pin id="155" dir="1" index="0" bw="1" slack="0"/>
</pin_list>
<bind>
<StgValue><ssdm name="dense_weights_71"/><MemPortTyVec>1 </MemPortTyVec>
</StgValue>
</bind>
</comp>

<comp id="156" class="1000" name="dense_weights_64">
<pin_list>
<pin id="157" dir="1" index="0" bw="1" slack="0"/>
</pin_list>
<bind>
<StgValue><ssdm name="dense_weights_64"/><MemPortTyVec>1 </MemPortTyVec>
</StgValue>
</bind>
</comp>

<comp id="158" class="1000" name="dense_weights_57">
<pin_list>
<pin id="159" dir="1" index="0" bw="1" slack="0"/>
</pin_list>
<bind>
<StgValue><ssdm name="dense_weights_57"/><MemPortTyVec>1 </MemPortTyVec>
</StgValue>
</bind>
</comp>

<comp id="160" class="1000" name="dense_weights_50">
<pin_list>
<pin id="161" dir="1" index="0" bw="1" slack="0"/>
</pin_list>
<bind>
<StgValue><ssdm name="dense_weights_50"/><MemPortTyVec>1 </MemPortTyVec>
</StgValue>
</bind>
</comp>

<comp id="162" class="1000" name="dense_weights_43">
<pin_list>
<pin id="163" dir="1" index="0" bw="1" slack="0"/>
</pin_list>
<bind>
<StgValue><ssdm name="dense_weights_43"/><MemPortTyVec>1 </MemPortTyVec>
</StgValue>
</bind>
</comp>

<comp id="164" class="1000" name="dense_weights_36">
<pin_list>
<pin id="165" dir="1" index="0" bw="1" slack="0"/>
</pin_list>
<bind>
<StgValue><ssdm name="dense_weights_36"/><MemPortTyVec>1 </MemPortTyVec>
</StgValue>
</bind>
</comp>

<comp id="166" class="1000" name="dense_weights_29">
<pin_list>
<pin id="167" dir="1" index="0" bw="1" slack="0"/>
</pin_list>
<bind>
<StgValue><ssdm name="dense_weights_29"/><MemPortTyVec>1 </MemPortTyVec>
</StgValue>
</bind>
</comp>

<comp id="168" class="1000" name="dense_weights_22">
<pin_list>
<pin id="169" dir="1" index="0" bw="1" slack="0"/>
</pin_list>
<bind>
<StgValue><ssdm name="dense_weights_22"/><MemPortTyVec>1 </MemPortTyVec>
</StgValue>
</bind>
</comp>

<comp id="170" class="1000" name="dense_weights_15">
<pin_list>
<pin id="171" dir="1" index="0" bw="1" slack="0"/>
</pin_list>
<bind>
<StgValue><ssdm name="dense_weights_15"/><MemPortTyVec>1 </MemPortTyVec>
</StgValue>
</bind>
</comp>

<comp id="172" class="1000" name="dense_weights_0">
<pin_list>
<pin id="173" dir="1" index="0" bw="1" slack="0"/>
</pin_list>
<bind>
<StgValue><ssdm name="dense_weights_0"/><MemPortTyVec>1 </MemPortTyVec>
</StgValue>
</bind>
</comp>

<comp id="174" class="1000" name="dense_weights_1">
<pin_list>
<pin id="175" dir="1" index="0" bw="1" slack="0"/>
</pin_list>
<bind>
<StgValue><ssdm name="dense_weights_1"/><MemPortTyVec>1 </MemPortTyVec>
</StgValue>
</bind>
</comp>

<comp id="176" class="1000" name="dense_weights_2">
<pin_list>
<pin id="177" dir="1" index="0" bw="1" slack="0"/>
</pin_list>
<bind>
<StgValue><ssdm name="dense_weights_2"/><MemPortTyVec>1 </MemPortTyVec>
</StgValue>
</bind>
</comp>

<comp id="178" class="1000" name="dense_weights_3">
<pin_list>
<pin id="179" dir="1" index="0" bw="1" slack="0"/>
</pin_list>
<bind>
<StgValue><ssdm name="dense_weights_3"/><MemPortTyVec>1 </MemPortTyVec>
</StgValue>
</bind>
</comp>

<comp id="180" class="1000" name="dense_weights_4">
<pin_list>
<pin id="181" dir="1" index="0" bw="1" slack="0"/>
</pin_list>
<bind>
<StgValue><ssdm name="dense_weights_4"/><MemPortTyVec>1 </MemPortTyVec>
</StgValue>
</bind>
</comp>

<comp id="182" class="1000" name="dense_weights_5">
<pin_list>
<pin id="183" dir="1" index="0" bw="1" slack="0"/>
</pin_list>
<bind>
<StgValue><ssdm name="dense_weights_5"/><MemPortTyVec>1 </MemPortTyVec>
</StgValue>
</bind>
</comp>

<comp id="184" class="1000" name="dense_weights_6">
<pin_list>
<pin id="185" dir="1" index="0" bw="1" slack="0"/>
</pin_list>
<bind>
<StgValue><ssdm name="dense_weights_6"/><MemPortTyVec>1 </MemPortTyVec>
</StgValue>
</bind>
</comp>

<comp id="186" class="1000" name="dense_weights_7">
<pin_list>
<pin id="187" dir="1" index="0" bw="1" slack="0"/>
</pin_list>
<bind>
<StgValue><ssdm name="dense_weights_7"/><MemPortTyVec>1 </MemPortTyVec>
</StgValue>
</bind>
</comp>

<comp id="188" class="1000" name="dense_weights_8">
<pin_list>
<pin id="189" dir="1" index="0" bw="1" slack="0"/>
</pin_list>
<bind>
<StgValue><ssdm name="dense_weights_8"/><MemPortTyVec>1 </MemPortTyVec>
</StgValue>
</bind>
</comp>

<comp id="190" class="1000" name="dense_weights_9">
<pin_list>
<pin id="191" dir="1" index="0" bw="1" slack="0"/>
</pin_list>
<bind>
<StgValue><ssdm name="dense_weights_9"/><MemPortTyVec>1 </MemPortTyVec>
</StgValue>
</bind>
</comp>

<comp id="192" class="1001" name="const_192">
<pin_list>
<pin id="193" dir="1" index="0" bw="1" slack="0"/>
</pin_list>
<bind>
<StgValue><ssdm name="dense"/></StgValue>
</bind>
</comp>

<comp id="194" class="1001" name="const_194">
<pin_list>
<pin id="195" dir="1" index="0" bw="1" slack="0"/>
</pin_list>
<bind>
<StgValue><ssdm name="dense.22"/></StgValue>
</bind>
</comp>

<comp id="196" class="1001" name="const_196">
<pin_list>
<pin id="197" dir="1" index="0" bw="1" slack="0"/>
</pin_list>
<bind>
<StgValue><ssdm name="dense.23"/></StgValue>
</bind>
</comp>

<comp id="198" class="1001" name="const_198">
<pin_list>
<pin id="199" dir="1" index="0" bw="1" slack="0"/>
</pin_list>
<bind>
<StgValue><ssdm name="dense.24"/></StgValue>
</bind>
</comp>

<comp id="200" class="1001" name="const_200">
<pin_list>
<pin id="201" dir="1" index="0" bw="1" slack="0"/>
</pin_list>
<bind>
<StgValue><ssdm name="dense.25"/></StgValue>
</bind>
</comp>

<comp id="202" class="1001" name="const_202">
<pin_list>
<pin id="203" dir="1" index="0" bw="1" slack="0"/>
</pin_list>
<bind>
<StgValue><ssdm name="dense.26"/></StgValue>
</bind>
</comp>

<comp id="204" class="1001" name="const_204">
<pin_list>
<pin id="205" dir="1" index="0" bw="1" slack="0"/>
</pin_list>
<bind>
<StgValue><ssdm name="dense.27"/></StgValue>
</bind>
</comp>

<comp id="206" class="1001" name="const_206">
<pin_list>
<pin id="207" dir="1" index="0" bw="1" slack="0"/>
</pin_list>
<bind>
<StgValue><ssdm name="dense.28"/></StgValue>
</bind>
</comp>

<comp id="208" class="1001" name="const_208">
<pin_list>
<pin id="209" dir="1" index="0" bw="1" slack="2147483647"/>
</pin_list>
<bind>
<StgValue><ssdm name="_ssdm_op_SpecDataflowPipeline"/></StgValue>
</bind>
</comp>

<comp id="210" class="1001" name="const_210">
<pin_list>
<pin id="211" dir="1" index="0" bw="1" slack="2147483647"/>
</pin_list>
<bind>
<StgValue><ssdm name=""/></StgValue>
</bind>
</comp>

<comp id="212" class="1001" name="const_212">
<pin_list>
<pin id="213" dir="1" index="0" bw="1" slack="2147483647"/>
</pin_list>
<bind>
<StgValue><ssdm name=""/></StgValue>
</bind>
</comp>

<comp id="214" class="1001" name="const_214">
<pin_list>
<pin id="215" dir="1" index="0" bw="1" slack="2147483647"/>
</pin_list>
<bind>
<StgValue><ssdm name="empty_0"/></StgValue>
</bind>
</comp>

<comp id="216" class="1001" name="const_216">
<pin_list>
<pin id="217" dir="1" index="0" bw="1" slack="2147483647"/>
</pin_list>
<bind>
<StgValue><ssdm name="_ssdm_op_SpecInterface"/></StgValue>
</bind>
</comp>

<comp id="218" class="1001" name="const_218">
<pin_list>
<pin id="219" dir="1" index="0" bw="1" slack="2147483647"/>
</pin_list>
<bind>
<StgValue><ssdm name="empty"/></StgValue>
</bind>
</comp>

<comp id="220" class="1004" name="grp_dense_fu_220">
<pin_list>
<pin id="221" dir="0" index="0" bw="0" slack="0"/>
<pin id="222" dir="0" index="1" bw="32" slack="0"/>
<pin id="223" dir="0" index="2" bw="32" slack="0"/>
<pin id="224" dir="0" index="3" bw="32" slack="0"/>
<pin id="225" dir="0" index="4" bw="32" slack="0"/>
<pin id="226" dir="0" index="5" bw="32" slack="0"/>
<pin id="227" dir="0" index="6" bw="32" slack="0"/>
<pin id="228" dir="0" index="7" bw="32" slack="0"/>
<pin id="229" dir="0" index="8" bw="32" slack="0"/>
<pin id="230" dir="0" index="9" bw="32" slack="0"/>
<pin id="231" dir="0" index="10" bw="32" slack="0"/>
<pin id="232" dir="0" index="11" bw="32" slack="0"/>
<pin id="233" dir="0" index="12" bw="32" slack="0"/>
<pin id="234" dir="1" index="13" bw="0" slack="2147483647"/>
</pin_list>
<bind>
<opcode="call(48) " fcode="call"/>
<opset="call_ln73/1 "/>
</bind>
</comp>

<comp id="248" class="1004" name="grp_dense_22_fu_248">
<pin_list>
<pin id="249" dir="0" index="0" bw="0" slack="0"/>
<pin id="250" dir="0" index="1" bw="32" slack="0"/>
<pin id="251" dir="0" index="2" bw="32" slack="0"/>
<pin id="252" dir="0" index="3" bw="32" slack="0"/>
<pin id="253" dir="0" index="4" bw="32" slack="0"/>
<pin id="254" dir="0" index="5" bw="32" slack="0"/>
<pin id="255" dir="0" index="6" bw="32" slack="0"/>
<pin id="256" dir="0" index="7" bw="32" slack="0"/>
<pin id="257" dir="0" index="8" bw="32" slack="0"/>
<pin id="258" dir="0" index="9" bw="32" slack="0"/>
<pin id="259" dir="0" index="10" bw="32" slack="0"/>
<pin id="260" dir="0" index="11" bw="32" slack="0"/>
<pin id="261" dir="0" index="12" bw="32" slack="0"/>
<pin id="262" dir="1" index="13" bw="0" slack="2147483647"/>
</pin_list>
<bind>
<opcode="call(48) " fcode="call"/>
<opset="call_ln74/1 "/>
</bind>
</comp>

<comp id="276" class="1004" name="grp_dense_23_fu_276">
<pin_list>
<pin id="277" dir="0" index="0" bw="0" slack="0"/>
<pin id="278" dir="0" index="1" bw="32" slack="0"/>
<pin id="279" dir="0" index="2" bw="32" slack="0"/>
<pin id="280" dir="0" index="3" bw="32" slack="0"/>
<pin id="281" dir="0" index="4" bw="32" slack="0"/>
<pin id="282" dir="0" index="5" bw="32" slack="0"/>
<pin id="283" dir="0" index="6" bw="32" slack="0"/>
<pin id="284" dir="0" index="7" bw="32" slack="0"/>
<pin id="285" dir="0" index="8" bw="32" slack="0"/>
<pin id="286" dir="0" index="9" bw="32" slack="0"/>
<pin id="287" dir="0" index="10" bw="32" slack="0"/>
<pin id="288" dir="0" index="11" bw="32" slack="0"/>
<pin id="289" dir="0" index="12" bw="32" slack="0"/>
<pin id="290" dir="1" index="13" bw="0" slack="2147483647"/>
</pin_list>
<bind>
<opcode="call(48) " fcode="call"/>
<opset="call_ln75/1 "/>
</bind>
</comp>

<comp id="304" class="1004" name="grp_dense_24_fu_304">
<pin_list>
<pin id="305" dir="0" index="0" bw="0" slack="0"/>
<pin id="306" dir="0" index="1" bw="32" slack="0"/>
<pin id="307" dir="0" index="2" bw="32" slack="0"/>
<pin id="308" dir="0" index="3" bw="32" slack="0"/>
<pin id="309" dir="0" index="4" bw="32" slack="0"/>
<pin id="310" dir="0" index="5" bw="32" slack="0"/>
<pin id="311" dir="0" index="6" bw="32" slack="0"/>
<pin id="312" dir="0" index="7" bw="32" slack="0"/>
<pin id="313" dir="0" index="8" bw="32" slack="0"/>
<pin id="314" dir="0" index="9" bw="32" slack="0"/>
<pin id="315" dir="0" index="10" bw="32" slack="0"/>
<pin id="316" dir="0" index="11" bw="32" slack="0"/>
<pin id="317" dir="0" index="12" bw="32" slack="0"/>
<pin id="318" dir="1" index="13" bw="0" slack="2147483647"/>
</pin_list>
<bind>
<opcode="call(48) " fcode="call"/>
<opset="call_ln76/1 "/>
</bind>
</comp>

<comp id="332" class="1004" name="grp_dense_25_fu_332">
<pin_list>
<pin id="333" dir="0" index="0" bw="0" slack="0"/>
<pin id="334" dir="0" index="1" bw="32" slack="0"/>
<pin id="335" dir="0" index="2" bw="32" slack="0"/>
<pin id="336" dir="0" index="3" bw="32" slack="0"/>
<pin id="337" dir="0" index="4" bw="32" slack="0"/>
<pin id="338" dir="0" index="5" bw="32" slack="0"/>
<pin id="339" dir="0" index="6" bw="32" slack="0"/>
<pin id="340" dir="0" index="7" bw="32" slack="0"/>
<pin id="341" dir="0" index="8" bw="32" slack="0"/>
<pin id="342" dir="0" index="9" bw="32" slack="0"/>
<pin id="343" dir="0" index="10" bw="32" slack="0"/>
<pin id="344" dir="0" index="11" bw="32" slack="0"/>
<pin id="345" dir="0" index="12" bw="32" slack="0"/>
<pin id="346" dir="1" index="13" bw="0" slack="2147483647"/>
</pin_list>
<bind>
<opcode="call(48) " fcode="call"/>
<opset="call_ln77/1 "/>
</bind>
</comp>

<comp id="360" class="1004" name="grp_dense_26_fu_360">
<pin_list>
<pin id="361" dir="0" index="0" bw="0" slack="0"/>
<pin id="362" dir="0" index="1" bw="32" slack="0"/>
<pin id="363" dir="0" index="2" bw="32" slack="0"/>
<pin id="364" dir="0" index="3" bw="32" slack="0"/>
<pin id="365" dir="0" index="4" bw="32" slack="0"/>
<pin id="366" dir="0" index="5" bw="32" slack="0"/>
<pin id="367" dir="0" index="6" bw="32" slack="0"/>
<pin id="368" dir="0" index="7" bw="32" slack="0"/>
<pin id="369" dir="0" index="8" bw="32" slack="0"/>
<pin id="370" dir="0" index="9" bw="32" slack="0"/>
<pin id="371" dir="0" index="10" bw="32" slack="0"/>
<pin id="372" dir="0" index="11" bw="32" slack="0"/>
<pin id="373" dir="0" index="12" bw="32" slack="0"/>
<pin id="374" dir="1" index="13" bw="0" slack="2147483647"/>
</pin_list>
<bind>
<opcode="call(48) " fcode="call"/>
<opset="call_ln78/1 "/>
</bind>
</comp>

<comp id="388" class="1004" name="grp_dense_27_fu_388">
<pin_list>
<pin id="389" dir="0" index="0" bw="0" slack="0"/>
<pin id="390" dir="0" index="1" bw="32" slack="0"/>
<pin id="391" dir="0" index="2" bw="32" slack="0"/>
<pin id="392" dir="0" index="3" bw="32" slack="0"/>
<pin id="393" dir="0" index="4" bw="32" slack="0"/>
<pin id="394" dir="0" index="5" bw="32" slack="0"/>
<pin id="395" dir="0" index="6" bw="32" slack="0"/>
<pin id="396" dir="0" index="7" bw="32" slack="0"/>
<pin id="397" dir="0" index="8" bw="32" slack="0"/>
<pin id="398" dir="0" index="9" bw="32" slack="0"/>
<pin id="399" dir="0" index="10" bw="32" slack="0"/>
<pin id="400" dir="0" index="11" bw="32" slack="0"/>
<pin id="401" dir="0" index="12" bw="32" slack="0"/>
<pin id="402" dir="1" index="13" bw="0" slack="2147483647"/>
</pin_list>
<bind>
<opcode="call(48) " fcode="call"/>
<opset="call_ln79/1 "/>
</bind>
</comp>

<comp id="416" class="1004" name="grp_dense_28_fu_416">
<pin_list>
<pin id="417" dir="0" index="0" bw="0" slack="0"/>
<pin id="418" dir="0" index="1" bw="32" slack="0"/>
<pin id="419" dir="0" index="2" bw="32" slack="0"/>
<pin id="420" dir="0" index="3" bw="32" slack="0"/>
<pin id="421" dir="0" index="4" bw="32" slack="0"/>
<pin id="422" dir="0" index="5" bw="32" slack="0"/>
<pin id="423" dir="0" index="6" bw="32" slack="0"/>
<pin id="424" dir="0" index="7" bw="32" slack="0"/>
<pin id="425" dir="0" index="8" bw="32" slack="0"/>
<pin id="426" dir="0" index="9" bw="32" slack="0"/>
<pin id="427" dir="0" index="10" bw="32" slack="0"/>
<pin id="428" dir="0" index="11" bw="32" slack="0"/>
<pin id="429" dir="0" index="12" bw="32" slack="0"/>
<pin id="430" dir="1" index="13" bw="0" slack="2147483647"/>
</pin_list>
<bind>
<opcode="call(48) " fcode="call"/>
<opset="call_ln80/1 "/>
</bind>
</comp>

</comp_list>

<net_list>
<net id="235"><net_src comp="192" pin="0"/><net_sink comp="220" pin=0"/></net>

<net id="236"><net_src comp="0" pin="0"/><net_sink comp="220" pin=1"/></net>

<net id="237"><net_src comp="16" pin="0"/><net_sink comp="220" pin=2"/></net>

<net id="238"><net_src comp="32" pin="0"/><net_sink comp="220" pin=3"/></net>

<net id="239"><net_src comp="34" pin="0"/><net_sink comp="220" pin=4"/></net>

<net id="240"><net_src comp="36" pin="0"/><net_sink comp="220" pin=5"/></net>

<net id="241"><net_src comp="38" pin="0"/><net_sink comp="220" pin=6"/></net>

<net id="242"><net_src comp="40" pin="0"/><net_sink comp="220" pin=7"/></net>

<net id="243"><net_src comp="42" pin="0"/><net_sink comp="220" pin=8"/></net>

<net id="244"><net_src comp="44" pin="0"/><net_sink comp="220" pin=9"/></net>

<net id="245"><net_src comp="46" pin="0"/><net_sink comp="220" pin=10"/></net>

<net id="246"><net_src comp="48" pin="0"/><net_sink comp="220" pin=11"/></net>

<net id="247"><net_src comp="50" pin="0"/><net_sink comp="220" pin=12"/></net>

<net id="263"><net_src comp="194" pin="0"/><net_sink comp="248" pin=0"/></net>

<net id="264"><net_src comp="2" pin="0"/><net_sink comp="248" pin=1"/></net>

<net id="265"><net_src comp="18" pin="0"/><net_sink comp="248" pin=2"/></net>

<net id="266"><net_src comp="52" pin="0"/><net_sink comp="248" pin=3"/></net>

<net id="267"><net_src comp="54" pin="0"/><net_sink comp="248" pin=4"/></net>

<net id="268"><net_src comp="56" pin="0"/><net_sink comp="248" pin=5"/></net>

<net id="269"><net_src comp="58" pin="0"/><net_sink comp="248" pin=6"/></net>

<net id="270"><net_src comp="60" pin="0"/><net_sink comp="248" pin=7"/></net>

<net id="271"><net_src comp="62" pin="0"/><net_sink comp="248" pin=8"/></net>

<net id="272"><net_src comp="64" pin="0"/><net_sink comp="248" pin=9"/></net>

<net id="273"><net_src comp="66" pin="0"/><net_sink comp="248" pin=10"/></net>

<net id="274"><net_src comp="68" pin="0"/><net_sink comp="248" pin=11"/></net>

<net id="275"><net_src comp="70" pin="0"/><net_sink comp="248" pin=12"/></net>

<net id="291"><net_src comp="196" pin="0"/><net_sink comp="276" pin=0"/></net>

<net id="292"><net_src comp="4" pin="0"/><net_sink comp="276" pin=1"/></net>

<net id="293"><net_src comp="20" pin="0"/><net_sink comp="276" pin=2"/></net>

<net id="294"><net_src comp="72" pin="0"/><net_sink comp="276" pin=3"/></net>

<net id="295"><net_src comp="74" pin="0"/><net_sink comp="276" pin=4"/></net>

<net id="296"><net_src comp="76" pin="0"/><net_sink comp="276" pin=5"/></net>

<net id="297"><net_src comp="78" pin="0"/><net_sink comp="276" pin=6"/></net>

<net id="298"><net_src comp="80" pin="0"/><net_sink comp="276" pin=7"/></net>

<net id="299"><net_src comp="82" pin="0"/><net_sink comp="276" pin=8"/></net>

<net id="300"><net_src comp="84" pin="0"/><net_sink comp="276" pin=9"/></net>

<net id="301"><net_src comp="86" pin="0"/><net_sink comp="276" pin=10"/></net>

<net id="302"><net_src comp="88" pin="0"/><net_sink comp="276" pin=11"/></net>

<net id="303"><net_src comp="90" pin="0"/><net_sink comp="276" pin=12"/></net>

<net id="319"><net_src comp="198" pin="0"/><net_sink comp="304" pin=0"/></net>

<net id="320"><net_src comp="6" pin="0"/><net_sink comp="304" pin=1"/></net>

<net id="321"><net_src comp="22" pin="0"/><net_sink comp="304" pin=2"/></net>

<net id="322"><net_src comp="92" pin="0"/><net_sink comp="304" pin=3"/></net>

<net id="323"><net_src comp="94" pin="0"/><net_sink comp="304" pin=4"/></net>

<net id="324"><net_src comp="96" pin="0"/><net_sink comp="304" pin=5"/></net>

<net id="325"><net_src comp="98" pin="0"/><net_sink comp="304" pin=6"/></net>

<net id="326"><net_src comp="100" pin="0"/><net_sink comp="304" pin=7"/></net>

<net id="327"><net_src comp="102" pin="0"/><net_sink comp="304" pin=8"/></net>

<net id="328"><net_src comp="104" pin="0"/><net_sink comp="304" pin=9"/></net>

<net id="329"><net_src comp="106" pin="0"/><net_sink comp="304" pin=10"/></net>

<net id="330"><net_src comp="108" pin="0"/><net_sink comp="304" pin=11"/></net>

<net id="331"><net_src comp="110" pin="0"/><net_sink comp="304" pin=12"/></net>

<net id="347"><net_src comp="200" pin="0"/><net_sink comp="332" pin=0"/></net>

<net id="348"><net_src comp="8" pin="0"/><net_sink comp="332" pin=1"/></net>

<net id="349"><net_src comp="24" pin="0"/><net_sink comp="332" pin=2"/></net>

<net id="350"><net_src comp="112" pin="0"/><net_sink comp="332" pin=3"/></net>

<net id="351"><net_src comp="114" pin="0"/><net_sink comp="332" pin=4"/></net>

<net id="352"><net_src comp="116" pin="0"/><net_sink comp="332" pin=5"/></net>

<net id="353"><net_src comp="118" pin="0"/><net_sink comp="332" pin=6"/></net>

<net id="354"><net_src comp="120" pin="0"/><net_sink comp="332" pin=7"/></net>

<net id="355"><net_src comp="122" pin="0"/><net_sink comp="332" pin=8"/></net>

<net id="356"><net_src comp="124" pin="0"/><net_sink comp="332" pin=9"/></net>

<net id="357"><net_src comp="126" pin="0"/><net_sink comp="332" pin=10"/></net>

<net id="358"><net_src comp="128" pin="0"/><net_sink comp="332" pin=11"/></net>

<net id="359"><net_src comp="130" pin="0"/><net_sink comp="332" pin=12"/></net>

<net id="375"><net_src comp="202" pin="0"/><net_sink comp="360" pin=0"/></net>

<net id="376"><net_src comp="10" pin="0"/><net_sink comp="360" pin=1"/></net>

<net id="377"><net_src comp="26" pin="0"/><net_sink comp="360" pin=2"/></net>

<net id="378"><net_src comp="132" pin="0"/><net_sink comp="360" pin=3"/></net>

<net id="379"><net_src comp="134" pin="0"/><net_sink comp="360" pin=4"/></net>

<net id="380"><net_src comp="136" pin="0"/><net_sink comp="360" pin=5"/></net>

<net id="381"><net_src comp="138" pin="0"/><net_sink comp="360" pin=6"/></net>

<net id="382"><net_src comp="140" pin="0"/><net_sink comp="360" pin=7"/></net>

<net id="383"><net_src comp="142" pin="0"/><net_sink comp="360" pin=8"/></net>

<net id="384"><net_src comp="144" pin="0"/><net_sink comp="360" pin=9"/></net>

<net id="385"><net_src comp="146" pin="0"/><net_sink comp="360" pin=10"/></net>

<net id="386"><net_src comp="148" pin="0"/><net_sink comp="360" pin=11"/></net>

<net id="387"><net_src comp="150" pin="0"/><net_sink comp="360" pin=12"/></net>

<net id="403"><net_src comp="204" pin="0"/><net_sink comp="388" pin=0"/></net>

<net id="404"><net_src comp="12" pin="0"/><net_sink comp="388" pin=1"/></net>

<net id="405"><net_src comp="28" pin="0"/><net_sink comp="388" pin=2"/></net>

<net id="406"><net_src comp="152" pin="0"/><net_sink comp="388" pin=3"/></net>

<net id="407"><net_src comp="154" pin="0"/><net_sink comp="388" pin=4"/></net>

<net id="408"><net_src comp="156" pin="0"/><net_sink comp="388" pin=5"/></net>

<net id="409"><net_src comp="158" pin="0"/><net_sink comp="388" pin=6"/></net>

<net id="410"><net_src comp="160" pin="0"/><net_sink comp="388" pin=7"/></net>

<net id="411"><net_src comp="162" pin="0"/><net_sink comp="388" pin=8"/></net>

<net id="412"><net_src comp="164" pin="0"/><net_sink comp="388" pin=9"/></net>

<net id="413"><net_src comp="166" pin="0"/><net_sink comp="388" pin=10"/></net>

<net id="414"><net_src comp="168" pin="0"/><net_sink comp="388" pin=11"/></net>

<net id="415"><net_src comp="170" pin="0"/><net_sink comp="388" pin=12"/></net>

<net id="431"><net_src comp="206" pin="0"/><net_sink comp="416" pin=0"/></net>

<net id="432"><net_src comp="14" pin="0"/><net_sink comp="416" pin=1"/></net>

<net id="433"><net_src comp="30" pin="0"/><net_sink comp="416" pin=2"/></net>

<net id="434"><net_src comp="172" pin="0"/><net_sink comp="416" pin=3"/></net>

<net id="435"><net_src comp="174" pin="0"/><net_sink comp="416" pin=4"/></net>

<net id="436"><net_src comp="176" pin="0"/><net_sink comp="416" pin=5"/></net>

<net id="437"><net_src comp="178" pin="0"/><net_sink comp="416" pin=6"/></net>

<net id="438"><net_src comp="180" pin="0"/><net_sink comp="416" pin=7"/></net>

<net id="439"><net_src comp="182" pin="0"/><net_sink comp="416" pin=8"/></net>

<net id="440"><net_src comp="184" pin="0"/><net_sink comp="416" pin=9"/></net>

<net id="441"><net_src comp="186" pin="0"/><net_sink comp="416" pin=10"/></net>

<net id="442"><net_src comp="188" pin="0"/><net_sink comp="416" pin=11"/></net>

<net id="443"><net_src comp="190" pin="0"/><net_sink comp="416" pin=12"/></net>

</net_list>

</model> 
---------------- Datapath Model END ------------------

* FSMD analyzer results:
  - Output states:
	Port: dense_to_softmax_streams_0 | {1 2 }
	Port: dense_to_softmax_streams_1 | {1 2 }
	Port: dense_to_softmax_streams_2 | {1 2 }
	Port: dense_to_softmax_streams_3 | {1 2 }
	Port: dense_to_softmax_streams_4 | {1 2 }
	Port: dense_to_softmax_streams_5 | {1 2 }
	Port: dense_to_softmax_streams_6 | {1 2 }
	Port: dense_to_softmax_streams_7 | {1 2 }
 - Input state : 
	Port: dense_layer : flat_to_dense_streams_0 | {1 2 }
	Port: dense_layer : flat_to_dense_streams_1 | {1 2 }
	Port: dense_layer : flat_to_dense_streams_2 | {1 2 }
	Port: dense_layer : flat_to_dense_streams_3 | {1 2 }
	Port: dense_layer : flat_to_dense_streams_4 | {1 2 }
	Port: dense_layer : flat_to_dense_streams_5 | {1 2 }
	Port: dense_layer : flat_to_dense_streams_6 | {1 2 }
	Port: dense_layer : flat_to_dense_streams_7 | {1 2 }
	Port: dense_layer : dense_weights_72 | {1 2 }
	Port: dense_layer : dense_weights_65 | {1 2 }
	Port: dense_layer : dense_weights_58 | {1 2 }
	Port: dense_layer : dense_weights_51 | {1 2 }
	Port: dense_layer : dense_weights_44 | {1 2 }
	Port: dense_layer : dense_weights_37 | {1 2 }
	Port: dense_layer : dense_weights_30 | {1 2 }
	Port: dense_layer : dense_weights_23 | {1 2 }
	Port: dense_layer : dense_weights_16 | {1 2 }
	Port: dense_layer : dense_weights | {1 2 }
	Port: dense_layer : dense_weights_73 | {1 2 }
	Port: dense_layer : dense_weights_66 | {1 2 }
	Port: dense_layer : dense_weights_59 | {1 2 }
	Port: dense_layer : dense_weights_52 | {1 2 }
	Port: dense_layer : dense_weights_45 | {1 2 }
	Port: dense_layer : dense_weights_38 | {1 2 }
	Port: dense_layer : dense_weights_31 | {1 2 }
	Port: dense_layer : dense_weights_24 | {1 2 }
	Port: dense_layer : dense_weights_17 | {1 2 }
	Port: dense_layer : dense_weights_10 | {1 2 }
	Port: dense_layer : dense_weights_74 | {1 2 }
	Port: dense_layer : dense_weights_67 | {1 2 }
	Port: dense_layer : dense_weights_60 | {1 2 }
	Port: dense_layer : dense_weights_53 | {1 2 }
	Port: dense_layer : dense_weights_46 | {1 2 }
	Port: dense_layer : dense_weights_39 | {1 2 }
	Port: dense_layer : dense_weights_32 | {1 2 }
	Port: dense_layer : dense_weights_25 | {1 2 }
	Port: dense_layer : dense_weights_18 | {1 2 }
	Port: dense_layer : dense_weights_11 | {1 2 }
	Port: dense_layer : dense_weights_75 | {1 2 }
	Port: dense_layer : dense_weights_68 | {1 2 }
	Port: dense_layer : dense_weights_61 | {1 2 }
	Port: dense_layer : dense_weights_54 | {1 2 }
	Port: dense_layer : dense_weights_47 | {1 2 }
	Port: dense_layer : dense_weights_40 | {1 2 }
	Port: dense_layer : dense_weights_33 | {1 2 }
	Port: dense_layer : dense_weights_26 | {1 2 }
	Port: dense_layer : dense_weights_19 | {1 2 }
	Port: dense_layer : dense_weights_12 | {1 2 }
	Port: dense_layer : dense_weights_76 | {1 2 }
	Port: dense_layer : dense_weights_69 | {1 2 }
	Port: dense_layer : dense_weights_62 | {1 2 }
	Port: dense_layer : dense_weights_55 | {1 2 }
	Port: dense_layer : dense_weights_48 | {1 2 }
	Port: dense_layer : dense_weights_41 | {1 2 }
	Port: dense_layer : dense_weights_34 | {1 2 }
	Port: dense_layer : dense_weights_27 | {1 2 }
	Port: dense_layer : dense_weights_20 | {1 2 }
	Port: dense_layer : dense_weights_13 | {1 2 }
	Port: dense_layer : dense_weights_77 | {1 2 }
	Port: dense_layer : dense_weights_70 | {1 2 }
	Port: dense_layer : dense_weights_63 | {1 2 }
	Port: dense_layer : dense_weights_56 | {1 2 }
	Port: dense_layer : dense_weights_49 | {1 2 }
	Port: dense_layer : dense_weights_42 | {1 2 }
	Port: dense_layer : dense_weights_35 | {1 2 }
	Port: dense_layer : dense_weights_28 | {1 2 }
	Port: dense_layer : dense_weights_21 | {1 2 }
	Port: dense_layer : dense_weights_14 | {1 2 }
	Port: dense_layer : dense_weights_78 | {1 2 }
	Port: dense_layer : dense_weights_71 | {1 2 }
	Port: dense_layer : dense_weights_64 | {1 2 }
	Port: dense_layer : dense_weights_57 | {1 2 }
	Port: dense_layer : dense_weights_50 | {1 2 }
	Port: dense_layer : dense_weights_43 | {1 2 }
	Port: dense_layer : dense_weights_36 | {1 2 }
	Port: dense_layer : dense_weights_29 | {1 2 }
	Port: dense_layer : dense_weights_22 | {1 2 }
	Port: dense_layer : dense_weights_15 | {1 2 }
	Port: dense_layer : dense_weights_0 | {1 2 }
	Port: dense_layer : dense_weights_1 | {1 2 }
	Port: dense_layer : dense_weights_2 | {1 2 }
	Port: dense_layer : dense_weights_3 | {1 2 }
	Port: dense_layer : dense_weights_4 | {1 2 }
	Port: dense_layer : dense_weights_5 | {1 2 }
	Port: dense_layer : dense_weights_6 | {1 2 }
	Port: dense_layer : dense_weights_7 | {1 2 }
	Port: dense_layer : dense_weights_8 | {1 2 }
	Port: dense_layer : dense_weights_9 | {1 2 }
  - Chain level:
	State 1
	State 2


============================================================
+ Verbose Summary: Datapath Resource usage 
============================================================

* Functional unit list:
|----------|---------------------|---------|---------|---------|---------|---------|---------|
| Operation|   Functional Unit   |   BRAM  |   DSP   |  Delay  |    FF   |   LUT   |   URAM  |
|----------|---------------------|---------|---------|---------|---------|---------|---------|
|          |   grp_dense_fu_220  |    0    |    5    | 36.3505 |   2700  |   878   |    0    |
|          | grp_dense_22_fu_248 |    0    |    5    | 36.3505 |   2700  |   894   |    0    |
|          | grp_dense_23_fu_276 |    0    |    5    | 36.3505 |   2700  |   895   |    0    |
|   call   | grp_dense_24_fu_304 |    0    |    5    | 36.3505 |   2700  |   895   |    0    |
|          | grp_dense_25_fu_332 |    0    |    5    | 36.3505 |   2700  |   894   |    0    |
|          | grp_dense_26_fu_360 |    0    |    5    | 36.3505 |   2700  |   896   |    0    |
|          | grp_dense_27_fu_388 |    0    |    5    | 36.3505 |   2700  |   896   |    0    |
|          | grp_dense_28_fu_416 |    0    |    5    | 36.3505 |   2700  |   896   |    0    |
|----------|---------------------|---------|---------|---------|---------|---------|---------|
|   Total  |                     |    0    |    40   | 290.804 |  21600  |   7144  |    0    |
|----------|---------------------|---------|---------|---------|---------|---------|---------|

Memories:
N/A

* Register list:
N/A

* Multiplexer (MUX) list: 
|--------|------|------|------|--------|
|  Comp  |  Pin | Size |  BW  | S x BW |
|--------|------|------|------|--------|
|  Total |      |      |      |    0   |
|--------|------|------|------|--------|



* Summary:
+-----------+--------+--------+--------+--------+--------+--------+
|           |  BRAM  |   DSP  |  Delay |   FF   |   LUT  |  URAM  |
+-----------+--------+--------+--------+--------+--------+--------+
|  Function |    0   |   40   |   290  |  21600 |  7144  |    0   |
|   Memory  |    -   |    -   |    -   |    -   |    -   |    -   |
|Multiplexer|    -   |    -   |    -   |    -   |    -   |    -   |
|  Register |    -   |    -   |    -   |    -   |    -   |    -   |
+-----------+--------+--------+--------+--------+--------+--------+
|   Total   |    0   |   40   |   290  |  21600 |  7144  |    0   |
+-----------+--------+--------+--------+--------+--------+--------+
