

================================================================
== Vitis HLS Report for 'cnn'
================================================================
* Date:           Thu Apr 20 15:59:21 2023

* Version:        2022.2 (Build 3670227 on Oct 13 2022)
* Project:        Project
* Solution:       solution1 (Vivado IP Flow Target)
* Product family: artix7
* Target device:  xc7a200t-fbg484-1


================================================================
== Performance Estimates
================================================================
+ Timing: 
    * Summary: 
    +--------+----------+----------+------------+
    |  Clock |  Target  | Estimated| Uncertainty|
    +--------+----------+----------+------------+
    |ap_clk  |  10.00 ns|  7.241 ns|     2.70 ns|
    +--------+----------+----------+------------+

+ Latency: 
    * Summary: 
    +---------+---------+-----------+-----------+------+------+---------+
    |  Latency (cycles) |   Latency (absolute)  |   Interval  | Pipeline|
    |   min   |   max   |    min    |    max    |  min |  max |   Type  |
    +---------+---------+-----------+-----------+------+------+---------+
    |     5920|     5920|  59.200 us|  59.200 us|  5921|  5921|       no|
    +---------+---------+-----------+-----------+------+------+---------+

    + Detail: 
        * Instance: 
        +-------------------------------------------------------+--------------------------------------------+---------+---------+-----------+-----------+------+------+----------+
        |                                                       |                                            |  Latency (cycles) |   Latency (absolute)  |   Interval  | Pipeline |
        |                        Instance                       |                   Module                   |   min   |   max   |    min    |    max    |  min |  max |   Type   |
        +-------------------------------------------------------+--------------------------------------------+---------+---------+-----------+-----------+------+------+----------+
        |grp_cnn_Pipeline_pad_for_rows_pad_for_cols_fu_369      |cnn_Pipeline_pad_for_rows_pad_for_cols      |      920|      920|   9.200 us|   9.200 us|   920|   920|        no|
        |grp_cnn_Pipeline_3_fu_377                              |cnn_Pipeline_3                              |       11|       11|   0.110 us|   0.110 us|    11|    11|        no|
        |grp_cnn_Pipeline_clone_for_rows_clone_for_cols_fu_385  |cnn_Pipeline_clone_for_rows_clone_for_cols  |      903|      903|   9.030 us|   9.030 us|   903|   903|        no|
        |grp_cnn_Pipeline_4_fu_397                              |cnn_Pipeline_4                              |       12|       12|   0.120 us|   0.120 us|    12|    12|        no|
        |grp_cnn_Pipeline_5_fu_404                              |cnn_Pipeline_5                              |       12|       12|   0.120 us|   0.120 us|    12|    12|        no|
        |grp_cnn_Pipeline_6_fu_411                              |cnn_Pipeline_6                              |       11|       11|   0.110 us|   0.110 us|    11|    11|        no|
        |grp_cnn_Pipeline_7_fu_418                              |cnn_Pipeline_7                              |       12|       12|   0.120 us|   0.120 us|    12|    12|        no|
        |grp_cnn_Pipeline_8_fu_425                              |cnn_Pipeline_8                              |       12|       12|   0.120 us|   0.120 us|    12|    12|        no|
        |grp_cnn_Pipeline_9_fu_432                              |cnn_Pipeline_9                              |       12|       12|   0.120 us|   0.120 us|    12|    12|        no|
        |grp_cnn_Pipeline_10_fu_439                             |cnn_Pipeline_10                             |       12|       12|   0.120 us|   0.120 us|    12|    12|        no|
        |grp_dataflow_section_fu_446                            |dataflow_section                            |     4009|     4009|  40.090 us|  40.090 us|  4010|  4010|  dataflow|
        +-------------------------------------------------------+--------------------------------------------+---------+---------+-----------+-----------+------+------+----------+

        * Loop: 
        N/A



================================================================
== Utilization Estimates
================================================================
* Summary: 
+-----------------+---------+-----+--------+--------+-----+
|       Name      | BRAM_18K| DSP |   FF   |   LUT  | URAM|
+-----------------+---------+-----+--------+--------+-----+
|DSP              |        -|    -|       -|       -|    -|
|Expression       |        -|    -|       0|       8|    -|
|FIFO             |        -|    -|       -|       -|    -|
|Instance         |      368|  131|   53422|   40526|    0|
|Memory           |       16|    -|     512|      40|    0|
|Multiplexer      |        -|    -|       -|     921|    -|
|Register         |        -|    -|     287|       -|    -|
+-----------------+---------+-----+--------+--------+-----+
|Total            |      384|  131|   54221|   41495|    0|
+-----------------+---------+-----+--------+--------+-----+
|Available        |      730|  740|  269200|  134600|    0|
+-----------------+---------+-----+--------+--------+-----+
|Utilization (%)  |       52|   17|      20|      30|    0|
+-----------------+---------+-----+--------+--------+-----+

+ Detail: 
    * Instance: 
    +-------------------------------------------------------+--------------------------------------------+---------+-----+-------+-------+-----+
    |                        Instance                       |                   Module                   | BRAM_18K| DSP |   FF  |  LUT  | URAM|
    +-------------------------------------------------------+--------------------------------------------+---------+-----+-------+-------+-----+
    |grp_cnn_Pipeline_10_fu_439                             |cnn_Pipeline_10                             |        0|    0|     36|    182|    0|
    |grp_cnn_Pipeline_3_fu_377                              |cnn_Pipeline_3                              |        0|    0|     23|    151|    0|
    |grp_cnn_Pipeline_4_fu_397                              |cnn_Pipeline_4                              |        0|    0|     34|    165|    0|
    |grp_cnn_Pipeline_5_fu_404                              |cnn_Pipeline_5                              |        0|    0|     34|    165|    0|
    |grp_cnn_Pipeline_6_fu_411                              |cnn_Pipeline_6                              |        0|    0|     23|    180|    0|
    |grp_cnn_Pipeline_7_fu_418                              |cnn_Pipeline_7                              |        0|    0|     35|    167|    0|
    |grp_cnn_Pipeline_8_fu_425                              |cnn_Pipeline_8                              |        0|    0|     35|    167|    0|
    |grp_cnn_Pipeline_9_fu_432                              |cnn_Pipeline_9                              |        0|    0|     34|    158|    0|
    |grp_cnn_Pipeline_clone_for_rows_clone_for_cols_fu_385  |cnn_Pipeline_clone_for_rows_clone_for_cols  |        0|    0|     45|    167|    0|
    |grp_cnn_Pipeline_pad_for_rows_pad_for_cols_fu_369      |cnn_Pipeline_pad_for_rows_pad_for_cols      |        0|    0|   1018|    419|    0|
    |grp_dataflow_section_fu_446                            |dataflow_section                            |      368|  131|  52105|  38605|    0|
    +-------------------------------------------------------+--------------------------------------------+---------+-----+-------+-------+-----+
    |Total                                                  |                                            |      368|  131|  53422|  40526|    0|
    +-------------------------------------------------------+--------------------------------------------+---------+-----+-------+-------+-----+

    * DSP: 
    N/A

    * Memory: 
    +----------------+----------------------------+---------+----+----+-----+------+-----+------+-------------+
    |     Memory     |           Module           | BRAM_18K| FF | LUT| URAM| Words| Bits| Banks| W*Bits*Banks|
    +----------------+----------------------------+---------+----+----+-----+------+-----+------+-------------+
    |pad_img_U       |pad_img_RAM_1WNR_AUTO_1R1W  |        2|   0|   0|    0|   900|   32|     1|        28800|
    |pad_img1_U      |pad_img_RAM_1WNR_AUTO_1R1W  |        2|   0|   0|    0|   900|   32|     1|        28800|
    |pad_img2_U      |pad_img_RAM_1WNR_AUTO_1R1W  |        2|   0|   0|    0|   900|   32|     1|        28800|
    |pad_img3_U      |pad_img_RAM_1WNR_AUTO_1R1W  |        2|   0|   0|    0|   900|   32|     1|        28800|
    |pad_img4_U      |pad_img_RAM_1WNR_AUTO_1R1W  |        2|   0|   0|    0|   900|   32|     1|        28800|
    |pad_img5_U      |pad_img_RAM_1WNR_AUTO_1R1W  |        2|   0|   0|    0|   900|   32|     1|        28800|
    |pad_img6_U      |pad_img_RAM_1WNR_AUTO_1R1W  |        2|   0|   0|    0|   900|   32|     1|        28800|
    |pad_img7_U      |pad_img_RAM_1WNR_AUTO_1R1W  |        2|   0|   0|    0|   900|   32|     1|        28800|
    |weight_buf_0_U  |weight_buf_0_RAM_AUTO_1R1W  |        0|  64|   5|    0|     9|   32|     1|          288|
    |weight_buf_1_U  |weight_buf_0_RAM_AUTO_1R1W  |        0|  64|   5|    0|     9|   32|     1|          288|
    |weight_buf_2_U  |weight_buf_0_RAM_AUTO_1R1W  |        0|  64|   5|    0|     9|   32|     1|          288|
    |weight_buf_3_U  |weight_buf_0_RAM_AUTO_1R1W  |        0|  64|   5|    0|     9|   32|     1|          288|
    |weight_buf_4_U  |weight_buf_0_RAM_AUTO_1R1W  |        0|  64|   5|    0|     9|   32|     1|          288|
    |weight_buf_5_U  |weight_buf_0_RAM_AUTO_1R1W  |        0|  64|   5|    0|     9|   32|     1|          288|
    |weight_buf_6_U  |weight_buf_0_RAM_AUTO_1R1W  |        0|  64|   5|    0|     9|   32|     1|          288|
    |weight_buf_7_U  |weight_buf_0_RAM_AUTO_1R1W  |        0|  64|   5|    0|     9|   32|     1|          288|
    +----------------+----------------------------+---------+----+----+-----+------+-----+------+-------------+
    |Total           |                            |       16| 512|  40|    0|  7272|  512|    16|       232704|
    +----------------+----------------------------+---------+----+----+-----+------+-----+------+-------------+

    * FIFO: 
    N/A

    * Expression: 
    +----------------------------------------------+----------+----+---+----+------------+------------+
    |                 Variable Name                | Operation| DSP| FF| LUT| Bitwidth P0| Bitwidth P1|
    +----------------------------------------------+----------+----+---+----+------------+------------+
    |ap_block_state2_on_subcall_done               |        or|   0|  0|   2|           1|           1|
    |ap_block_state4_on_subcall_done               |        or|   0|  0|   2|           1|           1|
    |ap_sync_grp_dataflow_section_fu_446_ap_done   |        or|   0|  0|   2|           1|           1|
    |ap_sync_grp_dataflow_section_fu_446_ap_ready  |        or|   0|  0|   2|           1|           1|
    +----------------------------------------------+----------+----+---+----+------------+------------+
    |Total                                         |          |   0|  0|   8|           4|           4|
    +----------------------------------------------+----------+----+---+----+------------+------------+

    * Multiplexer: 
    +-----------------------+----+-----------+-----+-----------+
    |          Name         | LUT| Input Size| Bits| Total Bits|
    +-----------------------+----+-----------+-----+-----------+
    |ap_NS_fsm              |  93|         19|    1|         19|
    |biases_buf_address0    |  21|          5|    3|         15|
    |biases_buf_address1    |  21|          5|    3|         15|
    |pad_img1_address0      |  13|          3|   10|         30|
    |pad_img1_ce0           |  13|          3|    1|          3|
    |pad_img1_ce1           |   9|          2|    1|          2|
    |pad_img1_we0           |   9|          2|    1|          2|
    |pad_img2_address0      |  13|          3|   10|         30|
    |pad_img2_ce0           |  13|          3|    1|          3|
    |pad_img2_ce1           |   9|          2|    1|          2|
    |pad_img2_we0           |   9|          2|    1|          2|
    |pad_img3_address0      |  13|          3|   10|         30|
    |pad_img3_ce0           |  13|          3|    1|          3|
    |pad_img3_ce1           |   9|          2|    1|          2|
    |pad_img3_we0           |   9|          2|    1|          2|
    |pad_img4_address0      |  13|          3|   10|         30|
    |pad_img4_ce0           |  13|          3|    1|          3|
    |pad_img4_ce1           |   9|          2|    1|          2|
    |pad_img4_we0           |   9|          2|    1|          2|
    |pad_img5_address0      |  13|          3|   10|         30|
    |pad_img5_ce0           |  13|          3|    1|          3|
    |pad_img5_ce1           |   9|          2|    1|          2|
    |pad_img5_we0           |   9|          2|    1|          2|
    |pad_img6_address0      |  13|          3|   10|         30|
    |pad_img6_ce0           |  13|          3|    1|          3|
    |pad_img6_ce1           |   9|          2|    1|          2|
    |pad_img6_we0           |   9|          2|    1|          2|
    |pad_img7_address0      |  13|          3|   10|         30|
    |pad_img7_ce0           |  13|          3|    1|          3|
    |pad_img7_ce1           |   9|          2|    1|          2|
    |pad_img7_we0           |   9|          2|    1|          2|
    |pad_img_address0       |  17|          4|   10|         40|
    |pad_img_ce0            |  17|          4|    1|          4|
    |pad_img_ce1            |   9|          2|    1|          2|
    |pad_img_we0            |   9|          2|    1|          2|
    |weight_buf_0_address0  |  13|          3|    4|         12|
    |weight_buf_0_ce0       |  13|          3|    1|          3|
    |weight_buf_0_ce1       |   9|          2|    1|          2|
    |weight_buf_0_we0       |   9|          2|    1|          2|
    |weight_buf_1_address0  |  13|          3|    4|         12|
    |weight_buf_1_ce0       |  13|          3|    1|          3|
    |weight_buf_1_ce1       |   9|          2|    1|          2|
    |weight_buf_1_we0       |   9|          2|    1|          2|
    |weight_buf_2_address0  |  13|          3|    4|         12|
    |weight_buf_2_ce0       |  13|          3|    1|          3|
    |weight_buf_2_ce1       |   9|          2|    1|          2|
    |weight_buf_2_we0       |   9|          2|    1|          2|
    |weight_buf_3_address0  |  13|          3|    4|         12|
    |weight_buf_3_ce0       |  13|          3|    1|          3|
    |weight_buf_3_ce1       |   9|          2|    1|          2|
    |weight_buf_3_we0       |   9|          2|    1|          2|
    |weight_buf_4_address0  |  13|          3|    4|         12|
    |weight_buf_4_ce0       |  13|          3|    1|          3|
    |weight_buf_4_ce1       |   9|          2|    1|          2|
    |weight_buf_4_we0       |   9|          2|    1|          2|
    |weight_buf_5_address0  |  13|          3|    4|         12|
    |weight_buf_5_ce0       |  13|          3|    1|          3|
    |weight_buf_5_ce1       |   9|          2|    1|          2|
    |weight_buf_5_we0       |   9|          2|    1|          2|
    |weight_buf_6_address0  |  13|          3|    4|         12|
    |weight_buf_6_ce0       |  13|          3|    1|          3|
    |weight_buf_6_ce1       |   9|          2|    1|          2|
    |weight_buf_6_we0       |   9|          2|    1|          2|
    |weight_buf_7_address0  |  13|          3|    4|         12|
    |weight_buf_7_ce0       |  13|          3|    1|          3|
    |weight_buf_7_ce1       |   9|          2|    1|          2|
    |weight_buf_7_we0       |   9|          2|    1|          2|
    |weight_buf_address0    |  37|          9|    7|         63|
    |weight_buf_ce0         |  37|          9|    1|          9|
    +-----------------------+----+-----------+-----+-----------+
    |Total                  | 921|        209|  175|        580|
    +-----------------------+----+-----------+-----+-----------+

    * Register: 
    +--------------------------------------------------------------------+----+----+-----+-----------+
    |                                Name                                | FF | LUT| Bits| Const Bits|
    +--------------------------------------------------------------------+----+----+-----+-----------+
    |ap_CS_fsm                                                           |  18|   0|   18|          0|
    |ap_sync_reg_grp_dataflow_section_fu_446_ap_done                     |   1|   0|    1|          0|
    |ap_sync_reg_grp_dataflow_section_fu_446_ap_ready                    |   1|   0|    1|          0|
    |biases_buf_0_reg_648                                                |  32|   0|   32|          0|
    |biases_buf_1_reg_653                                                |  32|   0|   32|          0|
    |biases_buf_2_reg_668                                                |  32|   0|   32|          0|
    |biases_buf_3_reg_673                                                |  32|   0|   32|          0|
    |biases_buf_4_reg_688                                                |  32|   0|   32|          0|
    |biases_buf_5_reg_693                                                |  32|   0|   32|          0|
    |biases_buf_6_reg_708                                                |  32|   0|   32|          0|
    |biases_buf_7_reg_713                                                |  32|   0|   32|          0|
    |grp_cnn_Pipeline_10_fu_439_ap_start_reg                             |   1|   0|    1|          0|
    |grp_cnn_Pipeline_3_fu_377_ap_start_reg                              |   1|   0|    1|          0|
    |grp_cnn_Pipeline_4_fu_397_ap_start_reg                              |   1|   0|    1|          0|
    |grp_cnn_Pipeline_5_fu_404_ap_start_reg                              |   1|   0|    1|          0|
    |grp_cnn_Pipeline_6_fu_411_ap_start_reg                              |   1|   0|    1|          0|
    |grp_cnn_Pipeline_7_fu_418_ap_start_reg                              |   1|   0|    1|          0|
    |grp_cnn_Pipeline_8_fu_425_ap_start_reg                              |   1|   0|    1|          0|
    |grp_cnn_Pipeline_9_fu_432_ap_start_reg                              |   1|   0|    1|          0|
    |grp_cnn_Pipeline_clone_for_rows_clone_for_cols_fu_385_ap_start_reg  |   1|   0|    1|          0|
    |grp_cnn_Pipeline_pad_for_rows_pad_for_cols_fu_369_ap_start_reg      |   1|   0|    1|          0|
    |grp_dataflow_section_fu_446_ap_start_reg                            |   1|   0|    1|          0|
    +--------------------------------------------------------------------+----+----+-----+-----------+
    |Total                                                               | 287|   0|  287|          0|
    +--------------------------------------------------------------------+----+----+-----+-----------+



================================================================
== Interface
================================================================
* Summary: 
+---------------------+-----+-----+------------+--------------+--------------+
|      RTL Ports      | Dir | Bits|  Protocol  | Source Object|    C Type    |
+---------------------+-----+-----+------------+--------------+--------------+
|ap_clk               |   in|    1|  ap_ctrl_hs|           cnn|  return value|
|ap_rst               |   in|    1|  ap_ctrl_hs|           cnn|  return value|
|ap_start             |   in|    1|  ap_ctrl_hs|           cnn|  return value|
|ap_done              |  out|    1|  ap_ctrl_hs|           cnn|  return value|
|ap_idle              |  out|    1|  ap_ctrl_hs|           cnn|  return value|
|ap_ready             |  out|    1|  ap_ctrl_hs|           cnn|  return value|
|img_in_address0      |  out|   10|   ap_memory|        img_in|         array|
|img_in_ce0           |  out|    1|   ap_memory|        img_in|         array|
|img_in_q0            |   in|   32|   ap_memory|        img_in|         array|
|prediction_address0  |  out|    4|   ap_memory|    prediction|         array|
|prediction_ce0       |  out|    1|   ap_memory|    prediction|         array|
|prediction_we0       |  out|    1|   ap_memory|    prediction|         array|
|prediction_d0        |  out|   32|   ap_memory|    prediction|         array|
|prediction_address1  |  out|    4|   ap_memory|    prediction|         array|
|prediction_ce1       |  out|    1|   ap_memory|    prediction|         array|
|prediction_q1        |   in|   32|   ap_memory|    prediction|         array|
|weight_buf_address0  |  out|    7|   ap_memory|    weight_buf|         array|
|weight_buf_ce0       |  out|    1|   ap_memory|    weight_buf|         array|
|weight_buf_q0        |   in|   32|   ap_memory|    weight_buf|         array|
|biases_buf_address0  |  out|    3|   ap_memory|    biases_buf|         array|
|biases_buf_ce0       |  out|    1|   ap_memory|    biases_buf|         array|
|biases_buf_q0        |   in|   32|   ap_memory|    biases_buf|         array|
|biases_buf_address1  |  out|    3|   ap_memory|    biases_buf|         array|
|biases_buf_ce1       |  out|    1|   ap_memory|    biases_buf|         array|
|biases_buf_q1        |   in|   32|   ap_memory|    biases_buf|         array|
+---------------------+-----+-----+------------+--------------+--------------+

