

================================================================
== Vitis HLS Report for 'convolution_3'
================================================================
* Date:           Thu Apr 20 15:59:02 2023

* Version:        2022.2 (Build 3670227 on Oct 13 2022)
* Project:        Project
* Solution:       solution1 (Vivado IP Flow Target)
* Product family: artix7
* Target device:  xc7a200t-fbg484-1


================================================================
== Performance Estimates
================================================================
+ Timing: 
    * Summary: 
    +--------+----------+----------+------------+
    |  Clock |  Target  | Estimated| Uncertainty|
    +--------+----------+----------+------------+
    |ap_clk  |  10.00 ns|  7.241 ns|     2.70 ns|
    +--------+----------+----------+------------+

+ Latency: 
    * Summary: 
    +---------+---------+-----------+-----------+------+------+---------+
    |  Latency (cycles) |   Latency (absolute)  |   Interval  | Pipeline|
    |   min   |   max   |    min    |    max    |  min |  max |   Type  |
    +---------+---------+-----------+-----------+------+------+---------+
    |     4009|     4009|  40.090 us|  40.090 us|  4009|  4009|       no|
    +---------+---------+-----------+-----------+------+------+---------+

    + Detail: 
        * Instance: 
        +---------------------------------------------------------------------------+----------------------------------------------------------------+---------+---------+-----------+-----------+------+------+---------+
        |                                                                           |                                                                |  Latency (cycles) |   Latency (absolute)  |   Interval  | Pipeline|
        |                                  Instance                                 |                             Module                             |   min   |   max   |    min    |    max    |  min |  max |   Type  |
        +---------------------------------------------------------------------------+----------------------------------------------------------------+---------+---------+-----------+-----------+------+------+---------+
        |grp_convolution_3_Pipeline_conv_for_rows_win_for_rows_win_for_cols_fu_138  |convolution_3_Pipeline_conv_for_rows_win_for_rows_win_for_cols  |     3997|     3997|  39.970 us|  39.970 us|  3997|  3997|       no|
        +---------------------------------------------------------------------------+----------------------------------------------------------------+---------+---------+-----------+-----------+------+------+---------+

        * Loop: 
        N/A



================================================================
== Utilization Estimates
================================================================
* Summary: 
+-----------------+---------+-----+--------+--------+-----+
|       Name      | BRAM_18K| DSP |   FF   |   LUT  | URAM|
+-----------------+---------+-----+--------+--------+-----+
|DSP              |        -|    -|       -|       -|    -|
|Expression       |        -|    -|       0|       2|    -|
|FIFO             |        -|    -|       -|       -|    -|
|Instance         |        -|   10|    2572|    2243|    -|
|Memory           |        -|    -|       -|       -|    -|
|Multiplexer      |        -|    -|       -|     121|    -|
|Register         |        -|    -|     623|       -|    -|
+-----------------+---------+-----+--------+--------+-----+
|Total            |        0|   10|    3195|    2366|    0|
+-----------------+---------+-----+--------+--------+-----+
|Available        |      730|  740|  269200|  134600|    0|
+-----------------+---------+-----+--------+--------+-----+
|Utilization (%)  |        0|    1|       1|       1|    0|
+-----------------+---------+-----+--------+--------+-----+

+ Detail: 
    * Instance: 
    +---------------------------------------------------------------------------+----------------------------------------------------------------+---------+----+------+------+-----+
    |                                  Instance                                 |                             Module                             | BRAM_18K| DSP|  FF  |  LUT | URAM|
    +---------------------------------------------------------------------------+----------------------------------------------------------------+---------+----+------+------+-----+
    |grp_convolution_3_Pipeline_conv_for_rows_win_for_rows_win_for_cols_fu_138  |convolution_3_Pipeline_conv_for_rows_win_for_rows_win_for_cols  |        0|  10|  2572|  2243|    0|
    |sitofp_32ns_32_6_no_dsp_1_U143                                             |sitofp_32ns_32_6_no_dsp_1                                       |        0|   0|     0|     0|    0|
    |sitofp_32ns_32_6_no_dsp_1_U144                                             |sitofp_32ns_32_6_no_dsp_1                                       |        0|   0|     0|     0|    0|
    |sitofp_32ns_32_6_no_dsp_1_U145                                             |sitofp_32ns_32_6_no_dsp_1                                       |        0|   0|     0|     0|    0|
    |sitofp_32ns_32_6_no_dsp_1_U146                                             |sitofp_32ns_32_6_no_dsp_1                                       |        0|   0|     0|     0|    0|
    |sitofp_32ns_32_6_no_dsp_1_U147                                             |sitofp_32ns_32_6_no_dsp_1                                       |        0|   0|     0|     0|    0|
    |sitofp_32ns_32_6_no_dsp_1_U148                                             |sitofp_32ns_32_6_no_dsp_1                                       |        0|   0|     0|     0|    0|
    |sitofp_32ns_32_6_no_dsp_1_U149                                             |sitofp_32ns_32_6_no_dsp_1                                       |        0|   0|     0|     0|    0|
    |sitofp_32ns_32_6_no_dsp_1_U150                                             |sitofp_32ns_32_6_no_dsp_1                                       |        0|   0|     0|     0|    0|
    |sitofp_32ns_32_6_no_dsp_1_U151                                             |sitofp_32ns_32_6_no_dsp_1                                       |        0|   0|     0|     0|    0|
    |sitofp_32ns_32_6_no_dsp_1_U152                                             |sitofp_32ns_32_6_no_dsp_1                                       |        0|   0|     0|     0|    0|
    +---------------------------------------------------------------------------+----------------------------------------------------------------+---------+----+------+------+-----+
    |Total                                                                      |                                                                |        0|  10|  2572|  2243|    0|
    +---------------------------------------------------------------------------+----------------------------------------------------------------+---------+----+------+------+-----+

    * DSP: 
    N/A

    * Memory: 
    N/A

    * FIFO: 
    N/A

    * Expression: 
    +-----------------+----------+----+---+----+------------+------------+
    |  Variable Name  | Operation| DSP| FF| LUT| Bitwidth P0| Bitwidth P1|
    +-----------------+----------+----+---+----+------------+------------+
    |ap_block_state1  |        or|   0|  0|   2|           1|           1|
    +-----------------+----------+----+---+----+------------+------------+
    |Total            |          |   0|  0|   2|           1|           1|
    +-----------------+----------+----+---+----+------------+------------+

    * Multiplexer: 
    +------------------------------+----+-----------+-----+-----------+
    |             Name             | LUT| Input Size| Bits| Total Bits|
    +------------------------------+----+-----------+-----+-----------+
    |ap_NS_fsm                     |  57|         14|    1|         14|
    |ap_done                       |   9|          2|    1|          2|
    |conv_to_pool_streams_3_write  |   9|          2|    1|          2|
    |weight_buf_address0           |  25|          6|    4|         24|
    |weight_buf_address1           |  21|          5|    4|         20|
    +------------------------------+----+-----------+-----+-----------+
    |Total                         | 121|         29|   11|         62|
    +------------------------------+----+-----------+-----+-----------+

    * Register: 
    +----------------------------------------------------------------------------------------+----+----+-----+-----------+
    |                                          Name                                          | FF | LUT| Bits| Const Bits|
    +----------------------------------------------------------------------------------------+----+----+-----+-----------+
    |ap_CS_fsm                                                                               |  13|   0|   13|          0|
    |ap_done_reg                                                                             |   1|   0|    1|          0|
    |conv5_reg_292                                                                           |  32|   0|   32|          0|
    |grp_convolution_3_Pipeline_conv_for_rows_win_for_rows_win_for_cols_fu_138_ap_start_reg  |   1|   0|    1|          0|
    |w_3_reg_307                                                                             |  32|   0|   32|          0|
    |w_4_reg_312                                                                             |  32|   0|   32|          0|
    |w_5_reg_317                                                                             |  32|   0|   32|          0|
    |w_6_reg_322                                                                             |  32|   0|   32|          0|
    |w_7_reg_327                                                                             |  32|   0|   32|          0|
    |w_8_reg_332                                                                             |  32|   0|   32|          0|
    |w_9_reg_337                                                                             |  32|   0|   32|          0|
    |w_reg_297                                                                               |  32|   0|   32|          0|
    |w_s_reg_302                                                                             |  32|   0|   32|          0|
    |weight_buf_load_33_reg_227                                                              |  32|   0|   32|          0|
    |weight_buf_load_34_reg_232                                                              |  32|   0|   32|          0|
    |weight_buf_load_35_reg_247                                                              |  32|   0|   32|          0|
    |weight_buf_load_36_reg_252                                                              |  32|   0|   32|          0|
    |weight_buf_load_37_reg_267                                                              |  32|   0|   32|          0|
    |weight_buf_load_38_reg_272                                                              |  32|   0|   32|          0|
    |weight_buf_load_39_reg_277                                                              |  32|   0|   32|          0|
    |weight_buf_load_40_reg_282                                                              |  32|   0|   32|          0|
    |weight_buf_load_reg_212                                                                 |  32|   0|   32|          0|
    +----------------------------------------------------------------------------------------+----+----+-----+-----------+
    |Total                                                                                   | 623|   0|  623|          0|
    +----------------------------------------------------------------------------------------+----+----+-----+-----------+



================================================================
== Interface
================================================================
* Summary: 
+---------------------------------------+-----+-----+------------+------------------------+--------------+
|               RTL Ports               | Dir | Bits|  Protocol  |      Source Object     |    C Type    |
+---------------------------------------+-----+-----+------------+------------------------+--------------+
|ap_clk                                 |   in|    1|  ap_ctrl_hs|           convolution.3|  return value|
|ap_rst                                 |   in|    1|  ap_ctrl_hs|           convolution.3|  return value|
|ap_start                               |   in|    1|  ap_ctrl_hs|           convolution.3|  return value|
|ap_done                                |  out|    1|  ap_ctrl_hs|           convolution.3|  return value|
|ap_continue                            |   in|    1|  ap_ctrl_hs|           convolution.3|  return value|
|ap_idle                                |  out|    1|  ap_ctrl_hs|           convolution.3|  return value|
|ap_ready                               |  out|    1|  ap_ctrl_hs|           convolution.3|  return value|
|pad_img_address0                       |  out|   10|   ap_memory|                 pad_img|         array|
|pad_img_ce0                            |  out|    1|   ap_memory|                 pad_img|         array|
|pad_img_q0                             |   in|   32|   ap_memory|                 pad_img|         array|
|pad_img_address1                       |  out|   10|   ap_memory|                 pad_img|         array|
|pad_img_ce1                            |  out|    1|   ap_memory|                 pad_img|         array|
|pad_img_q1                             |   in|   32|   ap_memory|                 pad_img|         array|
|weight_buf_address0                    |  out|    4|   ap_memory|              weight_buf|         array|
|weight_buf_ce0                         |  out|    1|   ap_memory|              weight_buf|         array|
|weight_buf_q0                          |   in|   32|   ap_memory|              weight_buf|         array|
|weight_buf_address1                    |  out|    4|   ap_memory|              weight_buf|         array|
|weight_buf_ce1                         |  out|    1|   ap_memory|              weight_buf|         array|
|weight_buf_q1                          |   in|   32|   ap_memory|              weight_buf|         array|
|biases_buf                             |   in|   32|     ap_none|              biases_buf|        scalar|
|conv_to_pool_streams_3_din             |  out|   32|     ap_fifo|  conv_to_pool_streams_3|       pointer|
|conv_to_pool_streams_3_num_data_valid  |   in|   11|     ap_fifo|  conv_to_pool_streams_3|       pointer|
|conv_to_pool_streams_3_fifo_cap        |   in|   11|     ap_fifo|  conv_to_pool_streams_3|       pointer|
|conv_to_pool_streams_3_full_n          |   in|    1|     ap_fifo|  conv_to_pool_streams_3|       pointer|
|conv_to_pool_streams_3_write           |  out|    1|     ap_fifo|  conv_to_pool_streams_3|       pointer|
+---------------------------------------+-----+-----+------------+------------------------+--------------+

