

================================================================
== Vitis HLS Report for 'dense_layer_soft_max'
================================================================
* Date:           Thu Apr 20 15:59:18 2023

* Version:        2022.2 (Build 3670227 on Oct 13 2022)
* Project:        Project
* Solution:       solution1 (Vivado IP Flow Target)
* Product family: artix7
* Target device:  xc7a200t-fbg484-1


================================================================
== Performance Estimates
================================================================
+ Timing: 
    * Summary: 
    +--------+----------+----------+------------+
    |  Clock |  Target  | Estimated| Uncertainty|
    +--------+----------+----------+------------+
    |ap_clk  |  10.00 ns|  7.079 ns|     2.70 ns|
    +--------+----------+----------+------------+

+ Latency: 
    * Summary: 
    +---------+---------+----------+----------+-----+-----+---------+
    |  Latency (cycles) |  Latency (absolute) |  Interval | Pipeline|
    |   min   |   max   |    min   |    max   | min | max |   Type  |
    +---------+---------+----------+----------+-----+-----+---------+
    |      175|      175|  1.750 us|  1.750 us|  175|  175|       no|
    +---------+---------+----------+----------+-----+-----+---------+

    + Detail: 
        * Instance: 
        +-----------------------------------------------------------------------+-------------------------------------------------------------+---------+---------+----------+----------+-----+-----+---------+
        |                                                                       |                                                             |  Latency (cycles) |  Latency (absolute) |  Interval | Pipeline|
        |                                Instance                               |                            Module                           |   min   |   max   |    min   |    max   | min | max |   Type  |
        +-----------------------------------------------------------------------+-------------------------------------------------------------+---------+---------+----------+----------+-----+-----+---------+
        |grp_dense_layer_soft_max_Pipeline_dense_soft_max_for_dense_size_fu_44  |dense_layer_soft_max_Pipeline_dense_soft_max_for_dense_size  |      143|      143|  1.430 us|  1.430 us|  143|  143|       no|
        |grp_dense_layer_soft_max_Pipeline_dense_soft_max_for_digits_fu_69      |dense_layer_soft_max_Pipeline_dense_soft_max_for_digits      |       29|       29|  0.290 us|  0.290 us|   29|   29|       no|
        +-----------------------------------------------------------------------+-------------------------------------------------------------+---------+---------+----------+----------+-----+-----+---------+

        * Loop: 
        N/A



================================================================
== Utilization Estimates
================================================================
* Summary: 
+-----------------+---------+-----+--------+--------+-----+
|       Name      | BRAM_18K| DSP |   FF   |   LUT  | URAM|
+-----------------+---------+-----+--------+--------+-----+
|DSP              |        -|    -|       -|       -|    -|
|Expression       |        -|    -|       0|       2|    -|
|FIFO             |        -|    -|       -|       -|    -|
|Instance         |        0|   11|    2357|    2119|    -|
|Memory           |        -|    -|       -|       -|    -|
|Multiplexer      |        -|    -|       -|     163|    -|
|Register         |        -|    -|       7|       -|    -|
+-----------------+---------+-----+--------+--------+-----+
|Total            |        0|   11|    2364|    2284|    0|
+-----------------+---------+-----+--------+--------+-----+
|Available        |      730|  740|  269200|  134600|    0|
+-----------------+---------+-----+--------+--------+-----+
|Utilization (%)  |        0|    1|      ~0|       1|    0|
+-----------------+---------+-----+--------+--------+-----+

+ Detail: 
    * Instance: 
    +-----------------------------------------------------------------------+-------------------------------------------------------------+---------+----+------+------+-----+
    |                                Instance                               |                            Module                           | BRAM_18K| DSP|  FF  |  LUT | URAM|
    +-----------------------------------------------------------------------+-------------------------------------------------------------+---------+----+------+------+-----+
    |grp_dense_layer_soft_max_Pipeline_dense_soft_max_for_dense_size_fu_44  |dense_layer_soft_max_Pipeline_dense_soft_max_for_dense_size  |        0|  11|  2184|  2027|    0|
    |grp_dense_layer_soft_max_Pipeline_dense_soft_max_for_digits_fu_69      |dense_layer_soft_max_Pipeline_dense_soft_max_for_digits      |        0|   0|   173|    92|    0|
    +-----------------------------------------------------------------------+-------------------------------------------------------------+---------+----+------+------+-----+
    |Total                                                                  |                                                             |        0|  11|  2357|  2119|    0|
    +-----------------------------------------------------------------------+-------------------------------------------------------------+---------+----+------+------+-----+

    * DSP: 
    N/A

    * Memory: 
    N/A

    * FIFO: 
    N/A

    * Expression: 
    +-----------------+----------+----+---+----+------------+------------+
    |  Variable Name  | Operation| DSP| FF| LUT| Bitwidth P0| Bitwidth P1|
    +-----------------+----------+----+---+----+------------+------------+
    |ap_block_state1  |        or|   0|  0|   2|           1|           1|
    +-----------------+----------+----+---+----+------------+------------+
    |Total            |          |   0|  0|   2|           1|           1|
    +-----------------+----------+----+---+----+------------+------------+

    * Multiplexer: 
    +---------------------------------+----+-----------+-----+-----------+
    |               Name              | LUT| Input Size| Bits| Total Bits|
    +---------------------------------+----+-----------+-----+-----------+
    |ap_NS_fsm                        |  21|          5|    1|          5|
    |ap_done                          |   9|          2|    1|          2|
    |dense_to_softmax_streams_0_read  |   9|          2|    1|          2|
    |dense_to_softmax_streams_1_read  |   9|          2|    1|          2|
    |dense_to_softmax_streams_2_read  |   9|          2|    1|          2|
    |dense_to_softmax_streams_3_read  |   9|          2|    1|          2|
    |dense_to_softmax_streams_4_read  |   9|          2|    1|          2|
    |dense_to_softmax_streams_5_read  |   9|          2|    1|          2|
    |dense_to_softmax_streams_6_read  |   9|          2|    1|          2|
    |dense_to_softmax_streams_7_read  |   9|          2|    1|          2|
    |prediction_address0              |  13|          3|    4|         12|
    |prediction_ce0                   |  13|          3|    1|          3|
    |prediction_ce1                   |   9|          2|    1|          2|
    |prediction_d0                    |  13|          3|   32|         96|
    |prediction_we0                   |  13|          3|    1|          3|
    +---------------------------------+----+-----------+-----+-----------+
    |Total                            | 163|         37|   49|        139|
    +---------------------------------+----+-----------+-----+-----------+

    * Register: 
    +------------------------------------------------------------------------------------+---+----+-----+-----------+
    |                                        Name                                        | FF| LUT| Bits| Const Bits|
    +------------------------------------------------------------------------------------+---+----+-----+-----------+
    |ap_CS_fsm                                                                           |  4|   0|    4|          0|
    |ap_done_reg                                                                         |  1|   0|    1|          0|
    |grp_dense_layer_soft_max_Pipeline_dense_soft_max_for_dense_size_fu_44_ap_start_reg  |  1|   0|    1|          0|
    |grp_dense_layer_soft_max_Pipeline_dense_soft_max_for_digits_fu_69_ap_start_reg      |  1|   0|    1|          0|
    +------------------------------------------------------------------------------------+---+----+-----+-----------+
    |Total                                                                               |  7|   0|    7|          0|
    +------------------------------------------------------------------------------------+---+----+-----+-----------+



================================================================
== Interface
================================================================
* Summary: 
+-------------------------------------------+-----+-----+------------+----------------------------+--------------+
|                 RTL Ports                 | Dir | Bits|  Protocol  |        Source Object       |    C Type    |
+-------------------------------------------+-----+-----+------------+----------------------------+--------------+
|ap_clk                                     |   in|    1|  ap_ctrl_hs|        dense_layer_soft_max|  return value|
|ap_rst                                     |   in|    1|  ap_ctrl_hs|        dense_layer_soft_max|  return value|
|ap_start                                   |   in|    1|  ap_ctrl_hs|        dense_layer_soft_max|  return value|
|ap_done                                    |  out|    1|  ap_ctrl_hs|        dense_layer_soft_max|  return value|
|ap_continue                                |   in|    1|  ap_ctrl_hs|        dense_layer_soft_max|  return value|
|ap_idle                                    |  out|    1|  ap_ctrl_hs|        dense_layer_soft_max|  return value|
|ap_ready                                   |  out|    1|  ap_ctrl_hs|        dense_layer_soft_max|  return value|
|dense_to_softmax_streams_0_dout            |   in|   32|     ap_fifo|  dense_to_softmax_streams_0|       pointer|
|dense_to_softmax_streams_0_num_data_valid  |   in|    5|     ap_fifo|  dense_to_softmax_streams_0|       pointer|
|dense_to_softmax_streams_0_fifo_cap        |   in|    5|     ap_fifo|  dense_to_softmax_streams_0|       pointer|
|dense_to_softmax_streams_0_empty_n         |   in|    1|     ap_fifo|  dense_to_softmax_streams_0|       pointer|
|dense_to_softmax_streams_0_read            |  out|    1|     ap_fifo|  dense_to_softmax_streams_0|       pointer|
|dense_to_softmax_streams_1_dout            |   in|   32|     ap_fifo|  dense_to_softmax_streams_1|       pointer|
|dense_to_softmax_streams_1_num_data_valid  |   in|    5|     ap_fifo|  dense_to_softmax_streams_1|       pointer|
|dense_to_softmax_streams_1_fifo_cap        |   in|    5|     ap_fifo|  dense_to_softmax_streams_1|       pointer|
|dense_to_softmax_streams_1_empty_n         |   in|    1|     ap_fifo|  dense_to_softmax_streams_1|       pointer|
|dense_to_softmax_streams_1_read            |  out|    1|     ap_fifo|  dense_to_softmax_streams_1|       pointer|
|dense_to_softmax_streams_2_dout            |   in|   32|     ap_fifo|  dense_to_softmax_streams_2|       pointer|
|dense_to_softmax_streams_2_num_data_valid  |   in|    5|     ap_fifo|  dense_to_softmax_streams_2|       pointer|
|dense_to_softmax_streams_2_fifo_cap        |   in|    5|     ap_fifo|  dense_to_softmax_streams_2|       pointer|
|dense_to_softmax_streams_2_empty_n         |   in|    1|     ap_fifo|  dense_to_softmax_streams_2|       pointer|
|dense_to_softmax_streams_2_read            |  out|    1|     ap_fifo|  dense_to_softmax_streams_2|       pointer|
|dense_to_softmax_streams_3_dout            |   in|   32|     ap_fifo|  dense_to_softmax_streams_3|       pointer|
|dense_to_softmax_streams_3_num_data_valid  |   in|    5|     ap_fifo|  dense_to_softmax_streams_3|       pointer|
|dense_to_softmax_streams_3_fifo_cap        |   in|    5|     ap_fifo|  dense_to_softmax_streams_3|       pointer|
|dense_to_softmax_streams_3_empty_n         |   in|    1|     ap_fifo|  dense_to_softmax_streams_3|       pointer|
|dense_to_softmax_streams_3_read            |  out|    1|     ap_fifo|  dense_to_softmax_streams_3|       pointer|
|dense_to_softmax_streams_4_dout            |   in|   32|     ap_fifo|  dense_to_softmax_streams_4|       pointer|
|dense_to_softmax_streams_4_num_data_valid  |   in|    5|     ap_fifo|  dense_to_softmax_streams_4|       pointer|
|dense_to_softmax_streams_4_fifo_cap        |   in|    5|     ap_fifo|  dense_to_softmax_streams_4|       pointer|
|dense_to_softmax_streams_4_empty_n         |   in|    1|     ap_fifo|  dense_to_softmax_streams_4|       pointer|
|dense_to_softmax_streams_4_read            |  out|    1|     ap_fifo|  dense_to_softmax_streams_4|       pointer|
|dense_to_softmax_streams_5_dout            |   in|   32|     ap_fifo|  dense_to_softmax_streams_5|       pointer|
|dense_to_softmax_streams_5_num_data_valid  |   in|    5|     ap_fifo|  dense_to_softmax_streams_5|       pointer|
|dense_to_softmax_streams_5_fifo_cap        |   in|    5|     ap_fifo|  dense_to_softmax_streams_5|       pointer|
|dense_to_softmax_streams_5_empty_n         |   in|    1|     ap_fifo|  dense_to_softmax_streams_5|       pointer|
|dense_to_softmax_streams_5_read            |  out|    1|     ap_fifo|  dense_to_softmax_streams_5|       pointer|
|dense_to_softmax_streams_6_dout            |   in|   32|     ap_fifo|  dense_to_softmax_streams_6|       pointer|
|dense_to_softmax_streams_6_num_data_valid  |   in|    5|     ap_fifo|  dense_to_softmax_streams_6|       pointer|
|dense_to_softmax_streams_6_fifo_cap        |   in|    5|     ap_fifo|  dense_to_softmax_streams_6|       pointer|
|dense_to_softmax_streams_6_empty_n         |   in|    1|     ap_fifo|  dense_to_softmax_streams_6|       pointer|
|dense_to_softmax_streams_6_read            |  out|    1|     ap_fifo|  dense_to_softmax_streams_6|       pointer|
|dense_to_softmax_streams_7_dout            |   in|   32|     ap_fifo|  dense_to_softmax_streams_7|       pointer|
|dense_to_softmax_streams_7_num_data_valid  |   in|    5|     ap_fifo|  dense_to_softmax_streams_7|       pointer|
|dense_to_softmax_streams_7_fifo_cap        |   in|    5|     ap_fifo|  dense_to_softmax_streams_7|       pointer|
|dense_to_softmax_streams_7_empty_n         |   in|    1|     ap_fifo|  dense_to_softmax_streams_7|       pointer|
|dense_to_softmax_streams_7_read            |  out|    1|     ap_fifo|  dense_to_softmax_streams_7|       pointer|
|prediction_address0                        |  out|    4|   ap_memory|                  prediction|         array|
|prediction_ce0                             |  out|    1|   ap_memory|                  prediction|         array|
|prediction_we0                             |  out|    1|   ap_memory|                  prediction|         array|
|prediction_d0                              |  out|   32|   ap_memory|                  prediction|         array|
|prediction_address1                        |  out|    4|   ap_memory|                  prediction|         array|
|prediction_ce1                             |  out|    1|   ap_memory|                  prediction|         array|
|prediction_q1                              |   in|   32|   ap_memory|                  prediction|         array|
+-------------------------------------------+-----+-----+------------+----------------------------+--------------+

