

================================================================
== Vitis HLS Report for 'dense_23_Pipeline_dense_for_flat'
================================================================
* Date:           Thu Apr 20 15:59:14 2023

* Version:        2022.2 (Build 3670227 on Oct 13 2022)
* Project:        Project
* Solution:       solution1 (Vivado IP Flow Target)
* Product family: artix7
* Target device:  xc7a200t-fbg484-1


================================================================
== Performance Estimates
================================================================
+ Timing: 
    * Summary: 
    +--------+----------+----------+------------+
    |  Clock |  Target  | Estimated| Uncertainty|
    +--------+----------+----------+------------+
    |ap_clk  |  10.00 ns|  6.892 ns|     2.70 ns|
    +--------+----------+----------+------------+

+ Latency: 
    * Summary: 
    +---------+---------+-----------+-----------+------+------+---------+
    |  Latency (cycles) |   Latency (absolute)  |   Interval  | Pipeline|
    |   min   |   max   |    min    |    max    |  min |  max |   Type  |
    +---------+---------+-----------+-----------+------+------+---------+
    |     1974|     1974|  19.740 us|  19.740 us|  1974|  1974|       no|
    +---------+---------+-----------+-----------+------+------+---------+

    + Detail: 
        * Instance: 
        N/A

        * Loop: 
        +------------------+---------+---------+----------+-----------+-----------+------+----------+
        |                  |  Latency (cycles) | Iteration|  Initiation Interval  | Trip |          |
        |     Loop Name    |   min   |   max   |  Latency |  achieved |   target  | Count| Pipelined|
        +------------------+---------+---------+----------+-----------+-----------+------+----------+
        |- dense_for_flat  |     1972|     1972|        23|         10|         10|   196|       yes|
        +------------------+---------+---------+----------+-----------+-----------+------+----------+



================================================================
== Utilization Estimates
================================================================
* Summary: 
+-----------------+---------+-----+--------+--------+-----+
|       Name      | BRAM_18K| DSP |   FF   |   LUT  | URAM|
+-----------------+---------+-----+--------+--------+-----+
|DSP              |        -|    -|       -|       -|    -|
|Expression       |        -|    -|       0|      49|    -|
|FIFO             |        -|    -|       -|       -|    -|
|Instance         |        -|    5|     449|     371|    -|
|Memory           |       40|    -|       0|       0|    -|
|Multiplexer      |        -|    -|       -|     355|    -|
|Register         |        -|    -|    1081|       -|    -|
+-----------------+---------+-----+--------+--------+-----+
|Total            |       40|    5|    1530|     775|    0|
+-----------------+---------+-----+--------+--------+-----+
|Available        |      730|  740|  269200|  134600|    0|
+-----------------+---------+-----+--------+--------+-----+
|Utilization (%)  |        5|   ~0|      ~0|      ~0|    0|
+-----------------+---------+-----+--------+--------+-----+

+ Detail: 
    * Instance: 
    +-------------------------------------+--------------------------------+---------+----+-----+-----+-----+
    |               Instance              |             Module             | BRAM_18K| DSP|  FF | LUT | URAM|
    +-------------------------------------+--------------------------------+---------+----+-----+-----+-----+
    |fadd_32ns_32ns_32_7_full_dsp_1_U453  |fadd_32ns_32ns_32_7_full_dsp_1  |        0|   2|  306|  231|    0|
    |fmul_32ns_32ns_32_4_max_dsp_1_U454   |fmul_32ns_32ns_32_4_max_dsp_1   |        0|   3|  143|  140|    0|
    +-------------------------------------+--------------------------------+---------+----+-----+-----+-----+
    |Total                                |                                |        0|   5|  449|  371|    0|
    +-------------------------------------+--------------------------------+---------+----+-----+-----+-----+

    * DSP: 
    N/A

    * Memory: 
    +--------------------+------------------------------------------------------------+---------+---+----+-----+------+-----+------+-------------+
    |       Memory       |                           Module                           | BRAM_18K| FF| LUT| URAM| Words| Bits| Banks| W*Bits*Banks|
    +--------------------+------------------------------------------------------------+---------+---+----+-----+------+-----+------+-------------+
    |dense_weights_18_U  |dense_Pipeline_dense_for_flat_dense_weights_16_ROM_AUTO_1R  |        4|  0|   0|    0|  1568|   32|     1|        50176|
    |dense_weights_25_U  |dense_Pipeline_dense_for_flat_dense_weights_23_ROM_AUTO_1R  |        4|  0|   0|    0|  1568|   32|     1|        50176|
    |dense_weights_32_U  |dense_Pipeline_dense_for_flat_dense_weights_30_ROM_AUTO_1R  |        4|  0|   0|    0|  1568|   32|     1|        50176|
    |dense_weights_39_U  |dense_Pipeline_dense_for_flat_dense_weights_37_ROM_AUTO_1R  |        4|  0|   0|    0|  1568|   32|     1|        50176|
    |dense_weights_46_U  |dense_Pipeline_dense_for_flat_dense_weights_44_ROM_AUTO_1R  |        4|  0|   0|    0|  1568|   32|     1|        50176|
    |dense_weights_53_U  |dense_Pipeline_dense_for_flat_dense_weights_51_ROM_AUTO_1R  |        4|  0|   0|    0|  1568|   32|     1|        50176|
    |dense_weights_60_U  |dense_Pipeline_dense_for_flat_dense_weights_58_ROM_AUTO_1R  |        4|  0|   0|    0|  1568|   32|     1|        50176|
    |dense_weights_67_U  |dense_Pipeline_dense_for_flat_dense_weights_65_ROM_AUTO_1R  |        4|  0|   0|    0|  1568|   32|     1|        50176|
    |dense_weights_74_U  |dense_Pipeline_dense_for_flat_dense_weights_72_ROM_AUTO_1R  |        4|  0|   0|    0|  1568|   32|     1|        50176|
    |dense_weights_11_U  |dense_Pipeline_dense_for_flat_dense_weights_ROM_AUTO_1R     |        4|  0|   0|    0|  1568|   32|     1|        50176|
    +--------------------+------------------------------------------------------------+---------+---+----+-----+------+-----+------+-------------+
    |Total               |                                                            |       40|  0|   0|    0| 15680|  320|    10|       501760|
    +--------------------+------------------------------------------------------------+---------+---+----+-----+------+-----+------+-------------+

    * FIFO: 
    N/A

    * Expression: 
    +----------------------------------+----------+----+---+----+------------+------------+
    |           Variable Name          | Operation| DSP| FF| LUT| Bitwidth P0| Bitwidth P1|
    +----------------------------------+----------+----+---+----+------------+------------+
    |add_ln49_fu_488_p2                |         +|   0|  0|  15|           8|           1|
    |empty_51_fu_498_p2                |         +|   0|  0|  17|          10|           9|
    |ap_block_pp0_stage1_11001         |       and|   0|  0|   2|           1|           1|
    |ap_block_state2_pp0_stage1_iter0  |       and|   0|  0|   2|           1|           1|
    |icmp_ln49_fu_482_p2               |      icmp|   0|  0|  11|           8|           7|
    |ap_enable_pp0                     |       xor|   0|  0|   2|           1|           2|
    +----------------------------------+----------+----+---+----+------------+------------+
    |Total                             |          |   0|  0|  49|          29|          21|
    +----------------------------------+----------+----+---+----+------------+------------+

    * Multiplexer: 
    +----------------------------------+----+-----------+-----+-----------+
    |               Name               | LUT| Input Size| Bits| Total Bits|
    +----------------------------------+----+-----------+-----+-----------+
    |add105_fu_102                     |   9|          2|   32|         64|
    |add10_16_fu_106                   |   9|          2|   32|         64|
    |add10_27_fu_110                   |   9|          2|   32|         64|
    |add10_38_fu_114                   |   9|          2|   32|         64|
    |add10_49_fu_118                   |   9|          2|   32|         64|
    |add10_510_fu_122                  |   9|          2|   32|         64|
    |add10_611_fu_126                  |   9|          2|   32|         64|
    |add10_712_fu_130                  |   9|          2|   32|         64|
    |add10_813_fu_134                  |   9|          2|   32|         64|
    |add10_914_fu_138                  |   9|          2|   32|         64|
    |ap_NS_fsm                         |  45|         11|    1|         11|
    |ap_done_int                       |   9|          2|    1|          2|
    |ap_enable_reg_pp0_iter0           |   9|          2|    1|          2|
    |ap_enable_reg_pp0_iter1           |   9|          2|    1|          2|
    |ap_enable_reg_pp0_iter2           |   9|          2|    1|          2|
    |ap_loop_exit_ready_pp0_iter1_reg  |   9|          2|    1|          2|
    |ap_sig_allocacmp_i_6              |   9|          2|    8|         16|
    |flat_to_dense_streams_2_blk_n     |   9|          2|    1|          2|
    |grp_fu_412_p0                     |  45|         11|   32|        352|
    |grp_fu_412_p1                     |  45|         11|   32|        352|
    |grp_fu_416_p0                     |  45|         11|   32|        352|
    |grp_fu_416_p1                     |  13|          3|   32|         96|
    |i_fu_142                          |   9|          2|    8|         16|
    +----------------------------------+----+-----------+-----+-----------+
    |Total                             | 355|         83|  471|       1847|
    +----------------------------------+----+-----------+-----+-----------+

    * Register: 
    +--------------------------------------+----+----+-----+-----------+
    |                 Name                 | FF | LUT| Bits| Const Bits|
    +--------------------------------------+----+----+-----+-----------+
    |add105_fu_102                         |  32|   0|   32|          0|
    |add10_16_fu_106                       |  32|   0|   32|          0|
    |add10_27_fu_110                       |  32|   0|   32|          0|
    |add10_38_fu_114                       |  32|   0|   32|          0|
    |add10_49_fu_118                       |  32|   0|   32|          0|
    |add10_510_fu_122                      |  32|   0|   32|          0|
    |add10_611_fu_126                      |  32|   0|   32|          0|
    |add10_712_fu_130                      |  32|   0|   32|          0|
    |add10_813_fu_134                      |  32|   0|   32|          0|
    |add10_914_fu_138                      |  32|   0|   32|          0|
    |ap_CS_fsm                             |  10|   0|   10|          0|
    |ap_done_reg                           |   1|   0|    1|          0|
    |ap_enable_reg_pp0_iter0_reg           |   1|   0|    1|          0|
    |ap_enable_reg_pp0_iter1               |   1|   0|    1|          0|
    |ap_enable_reg_pp0_iter2               |   1|   0|    1|          0|
    |ap_loop_exit_ready_pp0_iter1_reg      |   1|   0|    1|          0|
    |dense_weights_11_load_reg_848         |  32|   0|   32|          0|
    |dense_weights_18_load_reg_843         |  32|   0|   32|          0|
    |dense_weights_25_load_reg_838         |  32|   0|   32|          0|
    |dense_weights_32_load_reg_833         |  32|   0|   32|          0|
    |dense_weights_39_load_reg_828         |  32|   0|   32|          0|
    |dense_weights_46_load_reg_823         |  32|   0|   32|          0|
    |dense_weights_53_load_reg_818         |  32|   0|   32|          0|
    |dense_weights_60_load_reg_813         |  32|   0|   32|          0|
    |dense_weights_67_load_reg_808         |  32|   0|   32|          0|
    |dense_weights_74_load_reg_803         |  32|   0|   32|          0|
    |flat_to_dense_streams_2_read_reg_798  |  32|   0|   32|          0|
    |flat_value_reg_853                    |  32|   0|   32|          0|
    |i_fu_142                              |   8|   0|    8|          0|
    |icmp_ln49_reg_744                     |   1|   0|    1|          0|
    |icmp_ln49_reg_744_pp0_iter1_reg       |   1|   0|    1|          0|
    |mul7_1_reg_868                        |  32|   0|   32|          0|
    |mul7_2_reg_878                        |  32|   0|   32|          0|
    |mul7_3_reg_888                        |  32|   0|   32|          0|
    |mul7_4_reg_898                        |  32|   0|   32|          0|
    |mul7_5_reg_908                        |  32|   0|   32|          0|
    |mul7_6_reg_918                        |  32|   0|   32|          0|
    |mul7_7_reg_928                        |  32|   0|   32|          0|
    |mul7_8_reg_938                        |  32|   0|   32|          0|
    |mul7_9_reg_948                        |  32|   0|   32|          0|
    |mul7_reg_858                          |  32|   0|   32|          0|
    |reg_420                               |  32|   0|   32|          0|
    +--------------------------------------+----+----+-----+-----------+
    |Total                                 |1081|   0| 1081|          0|
    +--------------------------------------+----+----+-----+-----------+



================================================================
== Interface
================================================================
* Summary: 
+----------------------------------------+-----+-----+------------+----------------------------------+--------------+
|                RTL Ports               | Dir | Bits|  Protocol  |           Source Object          |    C Type    |
+----------------------------------------+-----+-----+------------+----------------------------------+--------------+
|ap_clk                                  |   in|    1|  ap_ctrl_hs|  dense.23_Pipeline_dense_for_flat|  return value|
|ap_rst                                  |   in|    1|  ap_ctrl_hs|  dense.23_Pipeline_dense_for_flat|  return value|
|ap_start                                |   in|    1|  ap_ctrl_hs|  dense.23_Pipeline_dense_for_flat|  return value|
|ap_done                                 |  out|    1|  ap_ctrl_hs|  dense.23_Pipeline_dense_for_flat|  return value|
|ap_idle                                 |  out|    1|  ap_ctrl_hs|  dense.23_Pipeline_dense_for_flat|  return value|
|ap_ready                                |  out|    1|  ap_ctrl_hs|  dense.23_Pipeline_dense_for_flat|  return value|
|dense_array_load_59                     |   in|   32|     ap_none|               dense_array_load_59|        scalar|
|dense_array_load_58                     |   in|   32|     ap_none|               dense_array_load_58|        scalar|
|dense_array_load_57                     |   in|   32|     ap_none|               dense_array_load_57|        scalar|
|dense_array_load_56                     |   in|   32|     ap_none|               dense_array_load_56|        scalar|
|dense_array_load_55                     |   in|   32|     ap_none|               dense_array_load_55|        scalar|
|dense_array_load_54                     |   in|   32|     ap_none|               dense_array_load_54|        scalar|
|dense_array_load_53                     |   in|   32|     ap_none|               dense_array_load_53|        scalar|
|dense_array_load_52                     |   in|   32|     ap_none|               dense_array_load_52|        scalar|
|dense_array_load_51                     |   in|   32|     ap_none|               dense_array_load_51|        scalar|
|dense_array_load                        |   in|   32|     ap_none|                  dense_array_load|        scalar|
|flat_to_dense_streams_2_dout            |   in|   32|     ap_fifo|           flat_to_dense_streams_2|       pointer|
|flat_to_dense_streams_2_num_data_valid  |   in|    9|     ap_fifo|           flat_to_dense_streams_2|       pointer|
|flat_to_dense_streams_2_fifo_cap        |   in|    9|     ap_fifo|           flat_to_dense_streams_2|       pointer|
|flat_to_dense_streams_2_empty_n         |   in|    1|     ap_fifo|           flat_to_dense_streams_2|       pointer|
|flat_to_dense_streams_2_read            |  out|    1|     ap_fifo|           flat_to_dense_streams_2|       pointer|
|add10_914_out                           |  out|   32|      ap_vld|                     add10_914_out|       pointer|
|add10_914_out_ap_vld                    |  out|    1|      ap_vld|                     add10_914_out|       pointer|
|add10_813_out                           |  out|   32|      ap_vld|                     add10_813_out|       pointer|
|add10_813_out_ap_vld                    |  out|    1|      ap_vld|                     add10_813_out|       pointer|
|add10_712_out                           |  out|   32|      ap_vld|                     add10_712_out|       pointer|
|add10_712_out_ap_vld                    |  out|    1|      ap_vld|                     add10_712_out|       pointer|
|add10_611_out                           |  out|   32|      ap_vld|                     add10_611_out|       pointer|
|add10_611_out_ap_vld                    |  out|    1|      ap_vld|                     add10_611_out|       pointer|
|add10_510_out                           |  out|   32|      ap_vld|                     add10_510_out|       pointer|
|add10_510_out_ap_vld                    |  out|    1|      ap_vld|                     add10_510_out|       pointer|
|add10_49_out                            |  out|   32|      ap_vld|                      add10_49_out|       pointer|
|add10_49_out_ap_vld                     |  out|    1|      ap_vld|                      add10_49_out|       pointer|
|add10_38_out                            |  out|   32|      ap_vld|                      add10_38_out|       pointer|
|add10_38_out_ap_vld                     |  out|    1|      ap_vld|                      add10_38_out|       pointer|
|add10_27_out                            |  out|   32|      ap_vld|                      add10_27_out|       pointer|
|add10_27_out_ap_vld                     |  out|    1|      ap_vld|                      add10_27_out|       pointer|
|add10_16_out                            |  out|   32|      ap_vld|                      add10_16_out|       pointer|
|add10_16_out_ap_vld                     |  out|    1|      ap_vld|                      add10_16_out|       pointer|
|add105_out                              |  out|   32|      ap_vld|                        add105_out|       pointer|
|add105_out_ap_vld                       |  out|    1|      ap_vld|                        add105_out|       pointer|
+----------------------------------------+-----+-----+------------+----------------------------------+--------------+

