

================================================================
== Vitis HLS Report for 'dense_layer_soft_max_Pipeline_dense_soft_max_for_dense_size'
================================================================
* Date:           Thu Apr 20 15:59:18 2023

* Version:        2022.2 (Build 3670227 on Oct 13 2022)
* Project:        Project
* Solution:       solution1 (Vivado IP Flow Target)
* Product family: artix7
* Target device:  xc7a200t-fbg484-1


================================================================
== Performance Estimates
================================================================
+ Timing: 
    * Summary: 
    +--------+----------+----------+------------+
    |  Clock |  Target  | Estimated| Uncertainty|
    +--------+----------+----------+------------+
    |ap_clk  |  10.00 ns|  7.079 ns|     2.70 ns|
    +--------+----------+----------+------------+

+ Latency: 
    * Summary: 
    +---------+---------+----------+----------+-----+-----+---------+
    |  Latency (cycles) |  Latency (absolute) |  Interval | Pipeline|
    |   min   |   max   |    min   |    max   | min | max |   Type  |
    +---------+---------+----------+----------+-----+-----+---------+
    |      143|      143|  1.430 us|  1.430 us|  143|  143|       no|
    +---------+---------+----------+----------+-----+-----+---------+

    + Detail: 
        * Instance: 
        N/A

        * Loop: 
        +---------------------------------+---------+---------+----------+-----------+-----------+------+----------+
        |                                 |  Latency (cycles) | Iteration|  Initiation Interval  | Trip |          |
        |            Loop Name            |   min   |   max   |  Latency |  achieved |   target  | Count| Pipelined|
        +---------------------------------+---------+---------+----------+-----------+-----------+------+----------+
        |- dense_soft_max_for_dense_size  |      141|      141|        79|          7|          1|    10|       yes|
        +---------------------------------+---------+---------+----------+-----------+-----------+------+----------+



================================================================
== Utilization Estimates
================================================================
* Summary: 
+-----------------+---------+-----+--------+--------+-----+
|       Name      | BRAM_18K| DSP |   FF   |   LUT  | URAM|
+-----------------+---------+-----+--------+--------+-----+
|DSP              |        -|    -|       -|       -|    -|
|Expression       |        -|    -|       0|      28|    -|
|FIFO             |        -|    -|       -|       -|    -|
|Instance         |        -|   11|     929|    1379|    -|
|Memory           |        0|    -|      32|       5|    -|
|Multiplexer      |        -|    -|       -|     359|    -|
|Register         |        -|    -|    1223|     256|    -|
+-----------------+---------+-----+--------+--------+-----+
|Total            |        0|   11|    2184|    2027|    0|
+-----------------+---------+-----+--------+--------+-----+
|Available        |      730|  740|  269200|  134600|    0|
+-----------------+---------+-----+--------+--------+-----+
|Utilization (%)  |        0|    1|      ~0|       1|    0|
+-----------------+---------+-----+--------+--------+-----+

+ Detail: 
    * Instance: 
    +--------------------------------------+---------------------------------+---------+----+-----+-----+-----+
    |               Instance               |              Module             | BRAM_18K| DSP|  FF | LUT | URAM|
    +--------------------------------------+---------------------------------+---------+----+-----+-----+-----+
    |fadd_32ns_32ns_32_7_full_dsp_1_U636   |fadd_32ns_32ns_32_7_full_dsp_1   |        0|   2|  306|  231|    0|
    |fadd_32ns_32ns_32_7_full_dsp_1_U637   |fadd_32ns_32ns_32_7_full_dsp_1   |        0|   2|  306|  231|    0|
    |fexp_32ns_32ns_32_10_full_dsp_1_U638  |fexp_32ns_32ns_32_10_full_dsp_1  |        0|   7|  317|  917|    0|
    +--------------------------------------+---------------------------------+---------+----+-----+-----+-----+
    |Total                                 |                                 |        0|  11|  929| 1379|    0|
    +--------------------------------------+---------------------------------+---------+----+-----+-----+-----+

    * DSP: 
    N/A

    * Memory: 
    +----------------+----------------------------------------------------------------------------------+---------+----+----+-----+------+-----+------+-------------+
    |     Memory     |                                      Module                                      | BRAM_18K| FF | LUT| URAM| Words| Bits| Banks| W*Bits*Banks|
    +----------------+----------------------------------------------------------------------------------+---------+----+----+-----+------+-----+------+-------------+
    |dense_biases_U  |dense_layer_soft_max_Pipeline_dense_soft_max_for_dense_size_dense_biases_ROM_bkb  |        0|  32|   5|    0|    10|   32|     1|          320|
    +----------------+----------------------------------------------------------------------------------+---------+----+----+-----+------+-----+------+-------------+
    |Total           |                                                                                  |        0|  32|   5|    0|    10|   32|     1|          320|
    +----------------+----------------------------------------------------------------------------------+---------+----+----+-----+------+-----+------+-------------+

    * FIFO: 
    N/A

    * Expression: 
    +----------------------------------+----------+----+---+----+------------+------------+
    |           Variable Name          | Operation| DSP| FF| LUT| Bitwidth P0| Bitwidth P1|
    +----------------------------------+----------+----+---+----+------------+------------+
    |add_ln17_fu_185_p2                |         +|   0|  0|  13|           4|           1|
    |ap_block_pp0_stage1_01001         |       and|   0|  0|   2|           1|           1|
    |icmp_ln17_fu_179_p2               |      icmp|   0|  0|   9|           4|           4|
    |ap_block_state2_pp0_stage1_iter0  |        or|   0|  0|   2|           1|           1|
    |ap_enable_pp0                     |       xor|   0|  0|   2|           1|           2|
    +----------------------------------+----------+----+---+----+------------+------------+
    |Total                             |          |   0|  0|  28|          11|           9|
    +----------------------------------+----------+----+---+----+------------+------------+

    * Multiplexer: 
    +-----------------------------------+----+-----------+-----+-----------+
    |                Name               | LUT| Input Size| Bits| Total Bits|
    +-----------------------------------+----+-----------+-----+-----------+
    |ap_NS_fsm                          |  33|          8|    1|          8|
    |ap_done_int                        |   9|          2|    1|          2|
    |ap_enable_reg_pp0_iter0            |   9|          2|    1|          2|
    |ap_enable_reg_pp0_iter1            |   9|          2|    1|          2|
    |ap_enable_reg_pp0_iter11           |   9|          2|    1|          2|
    |ap_loop_exit_ready_pp0_iter10_reg  |   9|          2|    1|          2|
    |ap_loop_exit_ready_pp0_iter1_reg   |   9|          2|    1|          2|
    |ap_loop_exit_ready_pp0_iter2_reg   |   9|          2|    1|          2|
    |ap_loop_exit_ready_pp0_iter3_reg   |   9|          2|    1|          2|
    |ap_loop_exit_ready_pp0_iter4_reg   |   9|          2|    1|          2|
    |ap_loop_exit_ready_pp0_iter5_reg   |   9|          2|    1|          2|
    |ap_loop_exit_ready_pp0_iter6_reg   |   9|          2|    1|          2|
    |ap_loop_exit_ready_pp0_iter7_reg   |   9|          2|    1|          2|
    |ap_loop_exit_ready_pp0_iter8_reg   |   9|          2|    1|          2|
    |ap_loop_exit_ready_pp0_iter9_reg   |   9|          2|    1|          2|
    |ap_sig_allocacmp_d_1               |   9|          2|    4|          8|
    |ap_sig_allocacmp_exp_sum_load      |   9|          2|   32|         64|
    |d_fu_68                            |   9|          2|    4|          8|
    |dense_to_softmax_streams_0_blk_n   |   9|          2|    1|          2|
    |dense_to_softmax_streams_1_blk_n   |   9|          2|    1|          2|
    |dense_to_softmax_streams_2_blk_n   |   9|          2|    1|          2|
    |dense_to_softmax_streams_3_blk_n   |   9|          2|    1|          2|
    |dense_to_softmax_streams_4_blk_n   |   9|          2|    1|          2|
    |dense_to_softmax_streams_5_blk_n   |   9|          2|    1|          2|
    |dense_to_softmax_streams_6_blk_n   |   9|          2|    1|          2|
    |dense_to_softmax_streams_7_blk_n   |   9|          2|    1|          2|
    |exp_sum_fu_64                      |   9|          2|   32|         64|
    |grp_fu_153_p0                      |  25|          6|   32|        192|
    |grp_fu_153_p1                      |  25|          6|   32|        192|
    |grp_fu_157_p0                      |  21|          5|   32|        160|
    |grp_fu_157_p1                      |  21|          5|   32|        160|
    +-----------------------------------+----+-----------+-----+-----------+
    |Total                              | 359|         82|  223|        900|
    +-----------------------------------+----+-----------+-----+-----------+

    * Register: 
    +-------------------------------------------------------+----+----+-----+-----------+
    |                          Name                         | FF | LUT| Bits| Const Bits|
    +-------------------------------------------------------+----+----+-----+-----------+
    |ap_CS_fsm                                              |   7|   0|    7|          0|
    |ap_done_reg                                            |   1|   0|    1|          0|
    |ap_enable_reg_pp0_iter0_reg                            |   1|   0|    1|          0|
    |ap_enable_reg_pp0_iter1                                |   1|   0|    1|          0|
    |ap_enable_reg_pp0_iter10                               |   1|   0|    1|          0|
    |ap_enable_reg_pp0_iter11                               |   1|   0|    1|          0|
    |ap_enable_reg_pp0_iter2                                |   1|   0|    1|          0|
    |ap_enable_reg_pp0_iter3                                |   1|   0|    1|          0|
    |ap_enable_reg_pp0_iter4                                |   1|   0|    1|          0|
    |ap_enable_reg_pp0_iter5                                |   1|   0|    1|          0|
    |ap_enable_reg_pp0_iter6                                |   1|   0|    1|          0|
    |ap_enable_reg_pp0_iter7                                |   1|   0|    1|          0|
    |ap_enable_reg_pp0_iter8                                |   1|   0|    1|          0|
    |ap_enable_reg_pp0_iter9                                |   1|   0|    1|          0|
    |ap_loop_exit_ready_pp0_iter10_reg                      |   1|   0|    1|          0|
    |ap_loop_exit_ready_pp0_iter1_reg                       |   1|   0|    1|          0|
    |ap_loop_exit_ready_pp0_iter2_reg                       |   1|   0|    1|          0|
    |ap_loop_exit_ready_pp0_iter3_reg                       |   1|   0|    1|          0|
    |ap_loop_exit_ready_pp0_iter4_reg                       |   1|   0|    1|          0|
    |ap_loop_exit_ready_pp0_iter5_reg                       |   1|   0|    1|          0|
    |ap_loop_exit_ready_pp0_iter6_reg                       |   1|   0|    1|          0|
    |ap_loop_exit_ready_pp0_iter7_reg                       |   1|   0|    1|          0|
    |ap_loop_exit_ready_pp0_iter8_reg                       |   1|   0|    1|          0|
    |ap_loop_exit_ready_pp0_iter9_reg                       |   1|   0|    1|          0|
    |d_cast_reg_268                                         |   4|   0|   64|         60|
    |d_fu_68                                                |   4|   0|    4|          0|
    |dense_to_softmax_streams_0_read_reg_283                |  32|   0|   32|          0|
    |dense_to_softmax_streams_1_read_reg_288                |  32|   0|   32|          0|
    |dense_to_softmax_streams_1_read_reg_288_pp0_iter1_reg  |  32|   0|   32|          0|
    |dense_to_softmax_streams_2_read_reg_293                |  32|   0|   32|          0|
    |dense_to_softmax_streams_3_read_reg_298                |  32|   0|   32|          0|
    |dense_to_softmax_streams_4_read_reg_303                |  32|   0|   32|          0|
    |dense_to_softmax_streams_5_read_reg_308                |  32|   0|   32|          0|
    |dense_to_softmax_streams_6_read_reg_313                |  32|   0|   32|          0|
    |dense_to_softmax_streams_7_read_reg_318                |  32|   0|   32|          0|
    |exp_sum_1_reg_414                                      |  32|   0|   32|          0|
    |exp_sum_fu_64                                          |  32|   0|   32|          0|
    |icmp_ln17_reg_264                                      |   1|   0|    1|          0|
    |sum_2_1_reg_338                                        |  32|   0|   32|          0|
    |sum_2_2_reg_348                                        |  32|   0|   32|          0|
    |sum_2_3_reg_358                                        |  32|   0|   32|          0|
    |sum_2_4_reg_368                                        |  32|   0|   32|          0|
    |sum_2_5_reg_378                                        |  32|   0|   32|          0|
    |sum_2_6_reg_388                                        |  32|   0|   32|          0|
    |sum_2_7_reg_398                                        |  32|   0|   32|          0|
    |sum_2_reg_328                                          |  32|   0|   32|          0|
    |sum_reg_278                                            |  32|   0|   32|          0|
    |tmp_reg_403                                            |  32|   0|   32|          0|
    |d_cast_reg_268                                         |  64|  32|   64|         60|
    |dense_to_softmax_streams_2_read_reg_293                |  64|  32|   32|          0|
    |dense_to_softmax_streams_3_read_reg_298                |  64|  32|   32|          0|
    |dense_to_softmax_streams_4_read_reg_303                |  64|  32|   32|          0|
    |dense_to_softmax_streams_5_read_reg_308                |  64|  32|   32|          0|
    |dense_to_softmax_streams_6_read_reg_313                |  64|  32|   32|          0|
    |dense_to_softmax_streams_7_read_reg_318                |  64|  32|   32|          0|
    |icmp_ln17_reg_264                                      |  64|  32|    1|          0|
    +-------------------------------------------------------+----+----+-----+-----------+
    |Total                                                  |1223| 256| 1028|        120|
    +-------------------------------------------------------+----+----+-----+-----------+



================================================================
== Interface
================================================================
* Summary: 
+-------------------------------------------+-----+-----+------------+-------------------------------------------------------------+--------------+
|                 RTL Ports                 | Dir | Bits|  Protocol  |                        Source Object                        |    C Type    |
+-------------------------------------------+-----+-----+------------+-------------------------------------------------------------+--------------+
|ap_clk                                     |   in|    1|  ap_ctrl_hs|  dense_layer_soft_max_Pipeline_dense_soft_max_for_dense_size|  return value|
|ap_rst                                     |   in|    1|  ap_ctrl_hs|  dense_layer_soft_max_Pipeline_dense_soft_max_for_dense_size|  return value|
|ap_start                                   |   in|    1|  ap_ctrl_hs|  dense_layer_soft_max_Pipeline_dense_soft_max_for_dense_size|  return value|
|ap_done                                    |  out|    1|  ap_ctrl_hs|  dense_layer_soft_max_Pipeline_dense_soft_max_for_dense_size|  return value|
|ap_idle                                    |  out|    1|  ap_ctrl_hs|  dense_layer_soft_max_Pipeline_dense_soft_max_for_dense_size|  return value|
|ap_ready                                   |  out|    1|  ap_ctrl_hs|  dense_layer_soft_max_Pipeline_dense_soft_max_for_dense_size|  return value|
|dense_to_softmax_streams_0_dout            |   in|   32|     ap_fifo|                                   dense_to_softmax_streams_0|       pointer|
|dense_to_softmax_streams_0_num_data_valid  |   in|    5|     ap_fifo|                                   dense_to_softmax_streams_0|       pointer|
|dense_to_softmax_streams_0_fifo_cap        |   in|    5|     ap_fifo|                                   dense_to_softmax_streams_0|       pointer|
|dense_to_softmax_streams_0_empty_n         |   in|    1|     ap_fifo|                                   dense_to_softmax_streams_0|       pointer|
|dense_to_softmax_streams_0_read            |  out|    1|     ap_fifo|                                   dense_to_softmax_streams_0|       pointer|
|dense_to_softmax_streams_1_dout            |   in|   32|     ap_fifo|                                   dense_to_softmax_streams_1|       pointer|
|dense_to_softmax_streams_1_num_data_valid  |   in|    5|     ap_fifo|                                   dense_to_softmax_streams_1|       pointer|
|dense_to_softmax_streams_1_fifo_cap        |   in|    5|     ap_fifo|                                   dense_to_softmax_streams_1|       pointer|
|dense_to_softmax_streams_1_empty_n         |   in|    1|     ap_fifo|                                   dense_to_softmax_streams_1|       pointer|
|dense_to_softmax_streams_1_read            |  out|    1|     ap_fifo|                                   dense_to_softmax_streams_1|       pointer|
|dense_to_softmax_streams_2_dout            |   in|   32|     ap_fifo|                                   dense_to_softmax_streams_2|       pointer|
|dense_to_softmax_streams_2_num_data_valid  |   in|    5|     ap_fifo|                                   dense_to_softmax_streams_2|       pointer|
|dense_to_softmax_streams_2_fifo_cap        |   in|    5|     ap_fifo|                                   dense_to_softmax_streams_2|       pointer|
|dense_to_softmax_streams_2_empty_n         |   in|    1|     ap_fifo|                                   dense_to_softmax_streams_2|       pointer|
|dense_to_softmax_streams_2_read            |  out|    1|     ap_fifo|                                   dense_to_softmax_streams_2|       pointer|
|dense_to_softmax_streams_3_dout            |   in|   32|     ap_fifo|                                   dense_to_softmax_streams_3|       pointer|
|dense_to_softmax_streams_3_num_data_valid  |   in|    5|     ap_fifo|                                   dense_to_softmax_streams_3|       pointer|
|dense_to_softmax_streams_3_fifo_cap        |   in|    5|     ap_fifo|                                   dense_to_softmax_streams_3|       pointer|
|dense_to_softmax_streams_3_empty_n         |   in|    1|     ap_fifo|                                   dense_to_softmax_streams_3|       pointer|
|dense_to_softmax_streams_3_read            |  out|    1|     ap_fifo|                                   dense_to_softmax_streams_3|       pointer|
|dense_to_softmax_streams_4_dout            |   in|   32|     ap_fifo|                                   dense_to_softmax_streams_4|       pointer|
|dense_to_softmax_streams_4_num_data_valid  |   in|    5|     ap_fifo|                                   dense_to_softmax_streams_4|       pointer|
|dense_to_softmax_streams_4_fifo_cap        |   in|    5|     ap_fifo|                                   dense_to_softmax_streams_4|       pointer|
|dense_to_softmax_streams_4_empty_n         |   in|    1|     ap_fifo|                                   dense_to_softmax_streams_4|       pointer|
|dense_to_softmax_streams_4_read            |  out|    1|     ap_fifo|                                   dense_to_softmax_streams_4|       pointer|
|dense_to_softmax_streams_5_dout            |   in|   32|     ap_fifo|                                   dense_to_softmax_streams_5|       pointer|
|dense_to_softmax_streams_5_num_data_valid  |   in|    5|     ap_fifo|                                   dense_to_softmax_streams_5|       pointer|
|dense_to_softmax_streams_5_fifo_cap        |   in|    5|     ap_fifo|                                   dense_to_softmax_streams_5|       pointer|
|dense_to_softmax_streams_5_empty_n         |   in|    1|     ap_fifo|                                   dense_to_softmax_streams_5|       pointer|
|dense_to_softmax_streams_5_read            |  out|    1|     ap_fifo|                                   dense_to_softmax_streams_5|       pointer|
|dense_to_softmax_streams_6_dout            |   in|   32|     ap_fifo|                                   dense_to_softmax_streams_6|       pointer|
|dense_to_softmax_streams_6_num_data_valid  |   in|    5|     ap_fifo|                                   dense_to_softmax_streams_6|       pointer|
|dense_to_softmax_streams_6_fifo_cap        |   in|    5|     ap_fifo|                                   dense_to_softmax_streams_6|       pointer|
|dense_to_softmax_streams_6_empty_n         |   in|    1|     ap_fifo|                                   dense_to_softmax_streams_6|       pointer|
|dense_to_softmax_streams_6_read            |  out|    1|     ap_fifo|                                   dense_to_softmax_streams_6|       pointer|
|dense_to_softmax_streams_7_dout            |   in|   32|     ap_fifo|                                   dense_to_softmax_streams_7|       pointer|
|dense_to_softmax_streams_7_num_data_valid  |   in|    5|     ap_fifo|                                   dense_to_softmax_streams_7|       pointer|
|dense_to_softmax_streams_7_fifo_cap        |   in|    5|     ap_fifo|                                   dense_to_softmax_streams_7|       pointer|
|dense_to_softmax_streams_7_empty_n         |   in|    1|     ap_fifo|                                   dense_to_softmax_streams_7|       pointer|
|dense_to_softmax_streams_7_read            |  out|    1|     ap_fifo|                                   dense_to_softmax_streams_7|       pointer|
|prediction_address0                        |  out|    4|   ap_memory|                                                   prediction|         array|
|prediction_ce0                             |  out|    1|   ap_memory|                                                   prediction|         array|
|prediction_we0                             |  out|    1|   ap_memory|                                                   prediction|         array|
|prediction_d0                              |  out|   32|   ap_memory|                                                   prediction|         array|
|exp_sum_out                                |  out|   32|      ap_vld|                                                  exp_sum_out|       pointer|
|exp_sum_out_ap_vld                         |  out|    1|      ap_vld|                                                  exp_sum_out|       pointer|
+-------------------------------------------+-----+-----+------------+-------------------------------------------------------------+--------------+

