INFO: [SIM 2] *************** CSIM start ***************
INFO: [SIM 4] CSIM will launch GCC as the compiler.
   Compiling ../../../../cnn_tb.cc in debug mode
   Generating csim.exe

Expected: 3
000000000000000000000000000000
000000000000000000000000000000
000000000000000000000000000000
000000000000000000000000000000
000000000000000000000000000000
000000000110000000000000000000
000000011111100000000000000000
000000111111110000000000000000
000000011100111100000000000000
000000111000011110000000000000
000000110000001111000000000000
000000110000000111000000000000
000000110001000111000000000000
000000010011111111100000000000
000000000011111111111000000000
000000000001111111111110000000
000000000000000000011111000000
000000000000000000000111100000
000000000011000000000011100000
000000000011100000000001110000
000000000001100000000001110000
000000000001111000000111110000
000000000000111111111111100000
000000000000001111111110000000
000000000000000001000000000000
000000000000000000000000000000
000000000000000000000000000000
000000000000000000000000000000
000000000000000000000000000000
000000000000000000000000000000
Prediction:
0: 0.000009
1: 0.000000
2: 0.000262
3: 0.055401
4: 0.000011
5: 0.000766
6: 0.000001
7: 0.000001
8: 0.941121
9: 0.002427


Expected: 3
000000000000000000000000000000
000000000000000000000000000000
000000000000000000000000000000
000000000000000000000000000000
000000000000000000000000000000
000000000110000000000000000000
000000011111100000000000000000
000000111111110000000000000000
000000011100111100000000000000
000000111000011110000000000000
000000110000001111000000000000
000000110000000111000000000000
000000110001000111000000000000
000000010011111111100000000000
000000000011111111111000000000
000000000001111111111110000000
000000000000000000011111000000
000000000000000000000111100000
000000000011000000000011100000
000000000011100000000001110000
000000000001100000000001110000
000000000001111000000111110000
000000000000111111111111100000
000000000000001111111110000000
000000000000000001000000000000
000000000000000000000000000000
000000000000000000000000000000
000000000000000000000000000000
000000000000000000000000000000
000000000000000000000000000000
Prediction:
0: 0.000009
1: 0.000000
2: 0.000262
3: 0.055401
4: 0.000011
5: 0.000766
6: 0.000001
7: 0.000001
8: 0.941121
9: 0.002427


Expected: 3
000000000000000000000000000000
000000000000000000000000000000
000000000000000000000000000000
000000000000000000000000000000
000000000000000000000000000000
000000000110000000000000000000
000000011111100000000000000000
000000111111110000000000000000
000000011100111100000000000000
000000111000011110000000000000
000000110000001111000000000000
000000110000000111000000000000
000000110001000111000000000000
000000010011111111100000000000
000000000011111111111000000000
000000000001111111111110000000
000000000000000000011111000000
000000000000000000000111100000
000000000011000000000011100000
000000000011100000000001110000
000000000001100000000001110000
000000000001111000000111110000
000000000000111111111111100000
000000000000001111111110000000
000000000000000001000000000000
000000000000000000000000000000
000000000000000000000000000000
000000000000000000000000000000
000000000000000000000000000000
000000000000000000000000000000
Prediction:
0: 0.000009
1: 0.000000
2: 0.000262
3: 0.055401
4: 0.000011
5: 0.000766
6: 0.000001
7: 0.000001
8: 0.941121
9: 0.002427


Expected: 3
000000000000000000000000000000
000000000000000000000000000000
000000000000000000000000000000
000000000000000000000000000000
000000000000000000000000000000
000000000110000000000000000000
000000011111100000000000000000
000000111111110000000000000000
000000011100111100000000000000
000000111000011110000000000000
000000110000001111000000000000
000000110000000111000000000000
000000110001000111000000000000
000000010011111111100000000000
000000000011111111111000000000
000000000001111111111110000000
000000000000000000011111000000
000000000000000000000111100000
000000000011000000000011100000
000000000011100000000001110000
000000000001100000000001110000
000000000001111000000111110000
000000000000111111111111100000
000000000000001111111110000000
000000000000000001000000000000
000000000000000000000000000000
000000000000000000000000000000
000000000000000000000000000000
000000000000000000000000000000
000000000000000000000000000000
Prediction:
0: 0.000009
1: 0.000000
2: 0.000262
3: 0.055401
4: 0.000011
5: 0.000766
6: 0.000001
7: 0.000001
8: 0.941121
9: 0.002427


Expected: 3
000000000000000000000000000000
000000000000000000000000000000
000000000000000000000000000000
000000000000000000000000000000
000000000000000000000000000000
000000000110000000000000000000
000000011111100000000000000000
000000111111110000000000000000
000000011100111100000000000000
000000111000011110000000000000
000000110000001111000000000000
000000110000000111000000000000
000000110001000111000000000000
000000010011111111100000000000
000000000011111111111000000000
000000000001111111111110000000
000000000000000000011111000000
000000000000000000000111100000
000000000011000000000011100000
000000000011100000000001110000
000000000001100000000001110000
000000000001111000000111110000
000000000000111111111111100000
000000000000001111111110000000
000000000000000001000000000000
000000000000000000000000000000
000000000000000000000000000000
000000000000000000000000000000
000000000000000000000000000000
000000000000000000000000000000
Prediction:
0: 0.000009
1: 0.000000
2: 0.000262
3: 0.055401
4: 0.000011
5: 0.000766
6: 0.000001
7: 0.000001
8: 0.941121
9: 0.002427


Expected: 3
000000000000000000000000000000
000000000000000000000000000000
000000000000000000000000000000
000000000000000000000000000000
000000000000000000000000000000
000000000110000000000000000000
000000011111100000000000000000
000000111111110000000000000000
000000011100111100000000000000
000000111000011110000000000000
000000110000001111000000000000
000000110000000111000000000000
000000110001000111000000000000
000000010011111111100000000000
000000000011111111111000000000
000000000001111111111110000000
000000000000000000011111000000
000000000000000000000111100000
000000000011000000000011100000
000000000011100000000001110000
000000000001100000000001110000
000000000001111000000111110000
000000000000111111111111100000
000000000000001111111110000000
000000000000000001000000000000
000000000000000000000000000000
000000000000000000000000000000
000000000000000000000000000000
000000000000000000000000000000
000000000000000000000000000000
Prediction:
0: 0.000009
1: 0.000000
2: 0.000262
3: 0.055401
4: 0.000011
5: 0.000766
6: 0.000001
7: 0.000001
8: 0.941121
9: 0.002427


Expected: 3
000000000000000000000000000000
000000000000000000000000000000
000000000000000000000000000000
000000000000000000000000000000
000000000000000000000000000000
000000000110000000000000000000
000000011111100000000000000000
000000111111110000000000000000
000000011100111100000000000000
000000111000011110000000000000
000000110000001111000000000000
000000110000000111000000000000
000000110001000111000000000000
000000010011111111100000000000
000000000011111111111000000000
000000000001111111111110000000
000000000000000000011111000000
000000000000000000000111100000
000000000011000000000011100000
000000000011100000000001110000
000000000001100000000001110000
000000000001111000000111110000
000000000000111111111111100000
000000000000001111111110000000
000000000000000001000000000000
000000000000000000000000000000
000000000000000000000000000000
000000000000000000000000000000
000000000000000000000000000000
000000000000000000000000000000
Prediction:
0: 0.000009
1: 0.000000
2: 0.000262
3: 0.055401
4: 0.000011
5: 0.000766
6: 0.000001
7: 0.000001
8: 0.941121
9: 0.002427


Expected: 3
000000000000000000000000000000
000000000000000000000000000000
000000000000000000000000000000
000000000000000000000000000000
000000000000000000000000000000
000000000110000000000000000000
000000011111100000000000000000
000000111111110000000000000000
000000011100111100000000000000
000000111000011110000000000000
000000110000001111000000000000
000000110000000111000000000000
000000110001000111000000000000
000000010011111111100000000000
000000000011111111111000000000
000000000001111111111110000000
000000000000000000011111000000
000000000000000000000111100000
000000000011000000000011100000
000000000011100000000001110000
000000000001100000000001110000
000000000001111000000111110000
000000000000111111111111100000
000000000000001111111110000000
000000000000000001000000000000
000000000000000000000000000000
000000000000000000000000000000
000000000000000000000000000000
000000000000000000000000000000
000000000000000000000000000000
Prediction:
0: 0.000009
1: 0.000000
2: 0.000262
3: 0.055401
4: 0.000011
5: 0.000766
6: 0.000001
7: 0.000001
8: 0.941121
9: 0.002427


Expected: 3
000000000000000000000000000000
000000000000000000000000000000
000000000000000000000000000000
000000000000000000000000000000
000000000000000000000000000000
000000000110000000000000000000
000000011111100000000000000000
000000111111110000000000000000
000000011100111100000000000000
000000111000011110000000000000
000000110000001111000000000000
000000110000000111000000000000
000000110001000111000000000000
000000010011111111100000000000
000000000011111111111000000000
000000000001111111111110000000
000000000000000000011111000000
000000000000000000000111100000
000000000011000000000011100000
000000000011100000000001110000
000000000001100000000001110000
000000000001111000000111110000
000000000000111111111111100000
000000000000001111111110000000
000000000000000001000000000000
000000000000000000000000000000
000000000000000000000000000000
000000000000000000000000000000
000000000000000000000000000000
000000000000000000000000000000
Prediction:
0: 0.000009
1: 0.000000
2: 0.000262
3: 0.055401
4: 0.000011
5: 0.000766
6: 0.000001
7: 0.000001
8: 0.941121
9: 0.002427


Expected: 3
000000000000000000000000000000
000000000000000000000000000000
000000000000000000000000000000
000000000000000000000000000000
000000000000000000000000000000
000000000110000000000000000000
000000011111100000000000000000
000000111111110000000000000000
000000011100111100000000000000
000000111000011110000000000000
000000110000001111000000000000
000000110000000111000000000000
000000110001000111000000000000
000000010011111111100000000000
000000000011111111111000000000
000000000001111111111110000000
000000000000000000011111000000
000000000000000000000111100000
000000000011000000000011100000
000000000011100000000001110000
000000000001100000000001110000
000000000001111000000111110000
000000000000111111111111100000
000000000000001111111110000000
000000000000000001000000000000
000000000000000000000000000000
000000000000000000000000000000
000000000000000000000000000000
000000000000000000000000000000
000000000000000000000000000000
Prediction:
0: 0.000009
1: 0.000000
2: 0.000262
3: 0.055401
4: 0.000011
5: 0.000766
6: 0.000001
7: 0.000001
8: 0.941121
9: 0.002427


Expected: 3
000000000000000000000000000000
000000000000000000000000000000
000000000000000000000000000000
000000000000000000000000000000
000000000000000000000000000000
000000000110000000000000000000
000000011111100000000000000000
000000111111110000000000000000
000000011100111100000000000000
000000111000011110000000000000
000000110000001111000000000000
000000110000000111000000000000
000000110001000111000000000000
000000010011111111100000000000
000000000011111111111000000000
000000000001111111111110000000
000000000000000000011111000000
000000000000000000000111100000
000000000011000000000011100000
000000000011100000000001110000
000000000001100000000001110000
000000000001111000000111110000
000000000000111111111111100000
000000000000001111111110000000
000000000000000001000000000000
000000000000000000000000000000
000000000000000000000000000000
000000000000000000000000000000
000000000000000000000000000000
000000000000000000000000000000
Prediction:
0: 0.000009
1: 0.000000
2: 0.000262
3: 0.055401
4: 0.000011
5: 0.000766
6: 0.000001
7: 0.000001
8: 0.941121
9: 0.002427


Expected: 3
000000000000000000000000000000
000000000000000000000000000000
000000000000000000000000000000
000000000000000000000000000000
000000000000000000000000000000
000000000110000000000000000000
000000011111100000000000000000
000000111111110000000000000000
000000011100111100000000000000
000000111000011110000000000000
000000110000001111000000000000
000000110000000111000000000000
000000110001000111000000000000
000000010011111111100000000000
000000000011111111111000000000
000000000001111111111110000000
000000000000000000011111000000
000000000000000000000111100000
000000000011000000000011100000
000000000011100000000001110000
000000000001100000000001110000
000000000001111000000111110000
000000000000111111111111100000
000000000000001111111110000000
000000000000000001000000000000
000000000000000000000000000000
000000000000000000000000000000
000000000000000000000000000000
000000000000000000000000000000
000000000000000000000000000000
Prediction:
0: 0.000009
1: 0.000000
2: 0.000262
3: 0.055401
4: 0.000011
5: 0.000766
6: 0.000001
7: 0.000001
8: 0.941121
9: 0.002427


Expected: 3
000000000000000000000000000000
000000000000000000000000000000
000000000000000000000000000000
000000000000000000000000000000
000000000000000000000000000000
000000000110000000000000000000
000000011111100000000000000000
000000111111110000000000000000
000000011100111100000000000000
000000111000011110000000000000
000000110000001111000000000000
000000110000000111000000000000
000000110001000111000000000000
000000010011111111100000000000
000000000011111111111000000000
000000000001111111111110000000
000000000000000000011111000000
000000000000000000000111100000
000000000011000000000011100000
000000000011100000000001110000
000000000001100000000001110000
000000000001111000000111110000
000000000000111111111111100000
000000000000001111111110000000
000000000000000001000000000000
000000000000000000000000000000
000000000000000000000000000000
000000000000000000000000000000
000000000000000000000000000000
000000000000000000000000000000
Prediction:
0: 0.000009
1: 0.000000
2: 0.000262
3: 0.055401
4: 0.000011
5: 0.000766
6: 0.000001
7: 0.000001
8: 0.941121
9: 0.002427


Expected: 3
000000000000000000000000000000
000000000000000000000000000000
000000000000000000000000000000
000000000000000000000000000000
000000000000000000000000000000
000000000110000000000000000000
000000011111100000000000000000
000000111111110000000000000000
000000011100111100000000000000
000000111000011110000000000000
000000110000001111000000000000
000000110000000111000000000000
000000110001000111000000000000
000000010011111111100000000000
000000000011111111111000000000
000000000001111111111110000000
000000000000000000011111000000
000000000000000000000111100000
000000000011000000000011100000
000000000011100000000001110000
000000000001100000000001110000
000000000001111000000111110000
000000000000111111111111100000
000000000000001111111110000000
000000000000000001000000000000
000000000000000000000000000000
000000000000000000000000000000
000000000000000000000000000000
000000000000000000000000000000
000000000000000000000000000000
Prediction:
0: 0.000009
1: 0.000000
2: 0.000262
3: 0.055401
4: 0.000011
5: 0.000766
6: 0.000001
7: 0.000001
8: 0.941121
9: 0.002427


Expected: 3
000000000000000000000000000000
000000000000000000000000000000
000000000000000000000000000000
000000000000000000000000000000
000000000000000000000000000000
000000000110000000000000000000
000000011111100000000000000000
000000111111110000000000000000
000000011100111100000000000000
000000111000011110000000000000
000000110000001111000000000000
000000110000000111000000000000
000000110001000111000000000000
000000010011111111100000000000
000000000011111111111000000000
000000000001111111111110000000
000000000000000000011111000000
000000000000000000000111100000
000000000011000000000011100000
000000000011100000000001110000
000000000001100000000001110000
000000000001111000000111110000
000000000000111111111111100000
000000000000001111111110000000
000000000000000001000000000000
000000000000000000000000000000
000000000000000000000000000000
000000000000000000000000000000
000000000000000000000000000000
000000000000000000000000000000
Prediction:
0: 0.000009
1: 0.000000
2: 0.000262
3: 0.055401
4: 0.000011
5: 0.000766
6: 0.000001
7: 0.000001
8: 0.941121
9: 0.002427


Expected: 3
000000000000000000000000000000
000000000000000000000000000000
000000000000000000000000000000
000000000000000000000000000000
000000000000000000000000000000
000000000110000000000000000000
000000011111100000000000000000
000000111111110000000000000000
000000011100111100000000000000
000000111000011110000000000000
000000110000001111000000000000
000000110000000111000000000000
000000110001000111000000000000
000000010011111111100000000000
000000000011111111111000000000
000000000001111111111110000000
000000000000000000011111000000
000000000000000000000111100000
000000000011000000000011100000
000000000011100000000001110000
000000000001100000000001110000
000000000001111000000111110000
000000000000111111111111100000
000000000000001111111110000000
000000000000000001000000000000
000000000000000000000000000000
000000000000000000000000000000
000000000000000000000000000000
000000000000000000000000000000
000000000000000000000000000000
Prediction:
0: 0.000009
1: 0.000000
2: 0.000262
3: 0.055401
4: 0.000011
5: 0.000766
6: 0.000001
7: 0.000001
8: 0.941121
9: 0.002427


Expected: 3
000000000000000000000000000000
000000000000000000000000000000
000000000000000000000000000000
000000000000000000000000000000
000000000000000000000000000000
000000000110000000000000000000
000000011111100000000000000000
000000111111110000000000000000
000000011100111100000000000000
000000111000011110000000000000
000000110000001111000000000000
000000110000000111000000000000
000000110001000111000000000000
000000010011111111100000000000
000000000011111111111000000000
000000000001111111111110000000
000000000000000000011111000000
000000000000000000000111100000
000000000011000000000011100000
000000000011100000000001110000
000000000001100000000001110000
000000000001111000000111110000
000000000000111111111111100000
000000000000001111111110000000
000000000000000001000000000000
000000000000000000000000000000
000000000000000000000000000000
000000000000000000000000000000
000000000000000000000000000000
000000000000000000000000000000
Prediction:
0: 0.000009
1: 0.000000
2: 0.000262
3: 0.055401
4: 0.000011
5: 0.000766
6: 0.000001
7: 0.000001
8: 0.941121
9: 0.002427


Expected: 3
000000000000000000000000000000
000000000000000000000000000000
000000000000000000000000000000
000000000000000000000000000000
000000000000000000000000000000
000000000110000000000000000000
000000011111100000000000000000
000000111111110000000000000000
000000011100111100000000000000
000000111000011110000000000000
000000110000001111000000000000
000000110000000111000000000000
000000110001000111000000000000
000000010011111111100000000000
000000000011111111111000000000
000000000001111111111110000000
000000000000000000011111000000
000000000000000000000111100000
000000000011000000000011100000
000000000011100000000001110000
000000000001100000000001110000
000000000001111000000111110000
000000000000111111111111100000
000000000000001111111110000000
000000000000000001000000000000
000000000000000000000000000000
000000000000000000000000000000
000000000000000000000000000000
000000000000000000000000000000
000000000000000000000000000000
Prediction:
0: 0.000009
1: 0.000000
2: 0.000262
3: 0.055401
4: 0.000011
5: 0.000766
6: 0.000001
7: 0.000001
8: 0.941121
9: 0.002427


Expected: 3
000000000000000000000000000000
000000000000000000000000000000
000000000000000000000000000000
000000000000000000000000000000
000000000000000000000000000000
000000000110000000000000000000
000000011111100000000000000000
000000111111110000000000000000
000000011100111100000000000000
000000111000011110000000000000
000000110000001111000000000000
000000110000000111000000000000
000000110001000111000000000000
000000010011111111100000000000
000000000011111111111000000000
000000000001111111111110000000
000000000000000000011111000000
000000000000000000000111100000
000000000011000000000011100000
000000000011100000000001110000
000000000001100000000001110000
000000000001111000000111110000
000000000000111111111111100000
000000000000001111111110000000
000000000000000001000000000000
000000000000000000000000000000
000000000000000000000000000000
000000000000000000000000000000
000000000000000000000000000000
000000000000000000000000000000
Prediction:
0: 0.000009
1: 0.000000
2: 0.000262
3: 0.055401
4: 0.000011
5: 0.000766
6: 0.000001
7: 0.000001
8: 0.941121
9: 0.002427


Expected: 3
000000000000000000000000000000
000000000000000000000000000000
000000000000000000000000000000
000000000000000000000000000000
000000000000000000000000000000
000000000110000000000000000000
000000011111100000000000000000
000000111111110000000000000000
000000011100111100000000000000
000000111000011110000000000000
000000110000001111000000000000
000000110000000111000000000000
000000110001000111000000000000
000000010011111111100000000000
000000000011111111111000000000
000000000001111111111110000000
000000000000000000011111000000
000000000000000000000111100000
000000000011000000000011100000
000000000011100000000001110000
000000000001100000000001110000
000000000001111000000111110000
000000000000111111111111100000
000000000000001111111110000000
000000000000000001000000000000
000000000000000000000000000000
000000000000000000000000000000
000000000000000000000000000000
000000000000000000000000000000
000000000000000000000000000000
Prediction:
0: 0.000009
1: 0.000000
2: 0.000262
3: 0.055401
4: 0.000011
5: 0.000766
6: 0.000001
7: 0.000001
8: 0.941121
9: 0.002427


Expected: 3
000000000000000000000000000000
000000000000000000000000000000
000000000000000000000000000000
000000000000000000000000000000
000000000000000000000000000000
000000000110000000000000000000
000000011111100000000000000000
000000111111110000000000000000
000000011100111100000000000000
000000111000011110000000000000
000000110000001111000000000000
000000110000000111000000000000
000000110001000111000000000000
000000010011111111100000000000
000000000011111111111000000000
000000000001111111111110000000
000000000000000000011111000000
000000000000000000000111100000
000000000011000000000011100000
000000000011100000000001110000
000000000001100000000001110000
000000000001111000000111110000
000000000000111111111111100000
000000000000001111111110000000
000000000000000001000000000000
000000000000000000000000000000
000000000000000000000000000000
000000000000000000000000000000
000000000000000000000000000000
000000000000000000000000000000
Prediction:
0: 0.000009
1: 0.000000
2: 0.000262
3: 0.055401
4: 0.000011
5: 0.000766
6: 0.000001
7: 0.000001
8: 0.941121
9: 0.002427


Expected: 3
000000000000000000000000000000
000000000000000000000000000000
000000000000000000000000000000
000000000000000000000000000000
000000000000000000000000000000
000000000110000000000000000000
000000011111100000000000000000
000000111111110000000000000000
000000011100111100000000000000
000000111000011110000000000000
000000110000001111000000000000
000000110000000111000000000000
000000110001000111000000000000
000000010011111111100000000000
000000000011111111111000000000
000000000001111111111110000000
000000000000000000011111000000
000000000000000000000111100000
000000000011000000000011100000
000000000011100000000001110000
000000000001100000000001110000
000000000001111000000111110000
000000000000111111111111100000
000000000000001111111110000000
000000000000000001000000000000
000000000000000000000000000000
000000000000000000000000000000
000000000000000000000000000000
000000000000000000000000000000
000000000000000000000000000000
Prediction:
0: 0.000009
1: 0.000000
2: 0.000262
3: 0.055401
4: 0.000011
5: 0.000766
6: 0.000001
7: 0.000001
8: 0.941121
9: 0.002427


Expected: 3
000000000000000000000000000000
000000000000000000000000000000
000000000000000000000000000000
000000000000000000000000000000
000000000000000000000000000000
000000000110000000000000000000
000000011111100000000000000000
000000111111110000000000000000
000000011100111100000000000000
000000111000011110000000000000
000000110000001111000000000000
000000110000000111000000000000
000000110001000111000000000000
000000010011111111100000000000
000000000011111111111000000000
000000000001111111111110000000
000000000000000000011111000000
000000000000000000000111100000
000000000011000000000011100000
000000000011100000000001110000
000000000001100000000001110000
000000000001111000000111110000
000000000000111111111111100000
000000000000001111111110000000
000000000000000001000000000000
000000000000000000000000000000
000000000000000000000000000000
000000000000000000000000000000
000000000000000000000000000000
000000000000000000000000000000
Prediction:
0: 0.000009
1: 0.000000
2: 0.000262
3: 0.055401
4: 0.000011
5: 0.000766
6: 0.000001
7: 0.000001
8: 0.941121
9: 0.002427


Expected: 3
000000000000000000000000000000
000000000000000000000000000000
000000000000000000000000000000
000000000000000000000000000000
000000000000000000000000000000
000000000110000000000000000000
000000011111100000000000000000
000000111111110000000000000000
000000011100111100000000000000
000000111000011110000000000000
000000110000001111000000000000
000000110000000111000000000000
000000110001000111000000000000
000000010011111111100000000000
000000000011111111111000000000
000000000001111111111110000000
000000000000000000011111000000
000000000000000000000111100000
000000000011000000000011100000
000000000011100000000001110000
000000000001100000000001110000
000000000001111000000111110000
000000000000111111111111100000
000000000000001111111110000000
000000000000000001000000000000
000000000000000000000000000000
000000000000000000000000000000
000000000000000000000000000000
000000000000000000000000000000
000000000000000000000000000000
Prediction:
0: 0.000009
1: 0.000000
2: 0.000262
3: 0.055401
4: 0.000011
5: 0.000766
6: 0.000001
7: 0.000001
8: 0.941121
9: 0.002427


Expected: 3
000000000000000000000000000000
000000000000000000000000000000
000000000000000000000000000000
000000000000000000000000000000
000000000000000000000000000000
000000000110000000000000000000
000000011111100000000000000000
000000111111110000000000000000
000000011100111100000000000000
000000111000011110000000000000
000000110000001111000000000000
000000110000000111000000000000
000000110001000111000000000000
000000010011111111100000000000
000000000011111111111000000000
000000000001111111111110000000
000000000000000000011111000000
000000000000000000000111100000
000000000011000000000011100000
000000000011100000000001110000
000000000001100000000001110000
000000000001111000000111110000
000000000000111111111111100000
000000000000001111111110000000
000000000000000001000000000000
000000000000000000000000000000
000000000000000000000000000000
000000000000000000000000000000
000000000000000000000000000000
000000000000000000000000000000
Prediction:
0: 0.000009
1: 0.000000
2: 0.000262
3: 0.055401
4: 0.000011
5: 0.000766
6: 0.000001
7: 0.000001
8: 0.941121
9: 0.002427


Expected: 3
000000000000000000000000000000
000000000000000000000000000000
000000000000000000000000000000
000000000000000000000000000000
000000000000000000000000000000
000000000110000000000000000000
000000011111100000000000000000
000000111111110000000000000000
000000011100111100000000000000
000000111000011110000000000000
000000110000001111000000000000
000000110000000111000000000000
000000110001000111000000000000
000000010011111111100000000000
000000000011111111111000000000
000000000001111111111110000000
000000000000000000011111000000
000000000000000000000111100000
000000000011000000000011100000
000000000011100000000001110000
000000000001100000000001110000
000000000001111000000111110000
000000000000111111111111100000
000000000000001111111110000000
000000000000000001000000000000
000000000000000000000000000000
000000000000000000000000000000
000000000000000000000000000000
000000000000000000000000000000
000000000000000000000000000000
Prediction:
0: 0.000009
1: 0.000000
2: 0.000262
3: 0.055401
4: 0.000011
5: 0.000766
6: 0.000001
7: 0.000001
8: 0.941121
9: 0.002427


Expected: 3
000000000000000000000000000000
000000000000000000000000000000
000000000000000000000000000000
000000000000000000000000000000
000000000000000000000000000000
000000000110000000000000000000
000000011111100000000000000000
000000111111110000000000000000
000000011100111100000000000000
000000111000011110000000000000
000000110000001111000000000000
000000110000000111000000000000
000000110001000111000000000000
000000010011111111100000000000
000000000011111111111000000000
000000000001111111111110000000
000000000000000000011111000000
000000000000000000000111100000
000000000011000000000011100000
000000000011100000000001110000
000000000001100000000001110000
000000000001111000000111110000
000000000000111111111111100000
000000000000001111111110000000
000000000000000001000000000000
000000000000000000000000000000
000000000000000000000000000000
000000000000000000000000000000
000000000000000000000000000000
000000000000000000000000000000
Prediction:
0: 0.000009
1: 0.000000
2: 0.000262
3: 0.055401
4: 0.000011
5: 0.000766
6: 0.000001
7: 0.000001
8: 0.941121
9: 0.002427


Expected: 3
000000000000000000000000000000
000000000000000000000000000000
000000000000000000000000000000
000000000000000000000000000000
000000000000000000000000000000
000000000110000000000000000000
000000011111100000000000000000
000000111111110000000000000000
000000011100111100000000000000
000000111000011110000000000000
000000110000001111000000000000
000000110000000111000000000000
000000110001000111000000000000
000000010011111111100000000000
000000000011111111111000000000
000000000001111111111110000000
000000000000000000011111000000
000000000000000000000111100000
000000000011000000000011100000
000000000011100000000001110000
000000000001100000000001110000
000000000001111000000111110000
000000000000111111111111100000
000000000000001111111110000000
000000000000000001000000000000
000000000000000000000000000000
000000000000000000000000000000
000000000000000000000000000000
000000000000000000000000000000
000000000000000000000000000000
Prediction:
0: 0.000009
1: 0.000000
2: 0.000262
3: 0.055401
4: 0.000011
5: 0.000766
6: 0.000001
7: 0.000001
8: 0.941121
9: 0.002427


Expected: 3
000000000000000000000000000000
000000000000000000000000000000
000000000000000000000000000000
000000000000000000000000000000
000000000000000000000000000000
000000000110000000000000000000
000000011111100000000000000000
000000111111110000000000000000
000000011100111100000000000000
000000111000011110000000000000
000000110000001111000000000000
000000110000000111000000000000
000000110001000111000000000000
000000010011111111100000000000
000000000011111111111000000000
000000000001111111111110000000
000000000000000000011111000000
000000000000000000000111100000
000000000011000000000011100000
000000000011100000000001110000
000000000001100000000001110000
000000000001111000000111110000
000000000000111111111111100000
000000000000001111111110000000
000000000000000001000000000000
000000000000000000000000000000
000000000000000000000000000000
000000000000000000000000000000
000000000000000000000000000000
000000000000000000000000000000
Prediction:
0: 0.000009
1: 0.000000
2: 0.000262
3: 0.055401
4: 0.000011
5: 0.000766
6: 0.000001
7: 0.000001
8: 0.941121
9: 0.002427


Expected: 3
000000000000000000000000000000
000000000000000000000000000000
000000000000000000000000000000
000000000000000000000000000000
000000000000000000000000000000
000000000110000000000000000000
000000011111100000000000000000
000000111111110000000000000000
000000011100111100000000000000
000000111000011110000000000000
000000110000001111000000000000
000000110000000111000000000000
000000110001000111000000000000
000000010011111111100000000000
000000000011111111111000000000
000000000001111111111110000000
000000000000000000011111000000
000000000000000000000111100000
000000000011000000000011100000
000000000011100000000001110000
000000000001100000000001110000
000000000001111000000111110000
000000000000111111111111100000
000000000000001111111110000000
000000000000000001000000000000
000000000000000000000000000000
000000000000000000000000000000
000000000000000000000000000000
000000000000000000000000000000
000000000000000000000000000000
Prediction:
0: 0.000009
1: 0.000000
2: 0.000262
3: 0.055401
4: 0.000011
5: 0.000766
6: 0.000001
7: 0.000001
8: 0.941121
9: 0.002427


Expected: 3
000000000000000000000000000000
000000000000000000000000000000
000000000000000000000000000000
000000000000000000000000000000
000000000000000000000000000000
000000000110000000000000000000
000000011111100000000000000000
000000111111110000000000000000
000000011100111100000000000000
000000111000011110000000000000
000000110000001111000000000000
000000110000000111000000000000
000000110001000111000000000000
000000010011111111100000000000
000000000011111111111000000000
000000000001111111111110000000
000000000000000000011111000000
000000000000000000000111100000
000000000011000000000011100000
000000000011100000000001110000
000000000001100000000001110000
000000000001111000000111110000
000000000000111111111111100000
000000000000001111111110000000
000000000000000001000000000000
000000000000000000000000000000
000000000000000000000000000000
000000000000000000000000000000
000000000000000000000000000000
000000000000000000000000000000
Prediction:
0: 0.000009
1: 0.000000
2: 0.000262
3: 0.055401
4: 0.000011
5: 0.000766
6: 0.000001
7: 0.000001
8: 0.941121
9: 0.002427


Expected: 3
000000000000000000000000000000
000000000000000000000000000000
000000000000000000000000000000
000000000000000000000000000000
000000000000000000000000000000
000000000110000000000000000000
000000011111100000000000000000
000000111111110000000000000000
000000011100111100000000000000
000000111000011110000000000000
000000110000001111000000000000
000000110000000111000000000000
000000110001000111000000000000
000000010011111111100000000000
000000000011111111111000000000
000000000001111111111110000000
000000000000000000011111000000
000000000000000000000111100000
000000000011000000000011100000
000000000011100000000001110000
000000000001100000000001110000
000000000001111000000111110000
000000000000111111111111100000
000000000000001111111110000000
000000000000000001000000000000
000000000000000000000000000000
000000000000000000000000000000
000000000000000000000000000000
000000000000000000000000000000
000000000000000000000000000000
Prediction:
0: 0.000009
1: 0.000000
2: 0.000262
3: 0.055401
4: 0.000011
5: 0.000766
6: 0.000001
7: 0.000001
8: 0.941121
9: 0.002427


Expected: 3
000000000000000000000000000000
000000000000000000000000000000
000000000000000000000000000000
000000000000000000000000000000
000000000000000000000000000000
000000000110000000000000000000
000000011111100000000000000000
000000111111110000000000000000
000000011100111100000000000000
000000111000011110000000000000
000000110000001111000000000000
000000110000000111000000000000
000000110001000111000000000000
000000010011111111100000000000
000000000011111111111000000000
000000000001111111111110000000
000000000000000000011111000000
000000000000000000000111100000
000000000011000000000011100000
000000000011100000000001110000
000000000001100000000001110000
000000000001111000000111110000
000000000000111111111111100000
000000000000001111111110000000
000000000000000001000000000000
000000000000000000000000000000
000000000000000000000000000000
000000000000000000000000000000
000000000000000000000000000000
000000000000000000000000000000
Prediction:
0: 0.000009
1: 0.000000
2: 0.000262
3: 0.055401
4: 0.000011
5: 0.000766
6: 0.000001
7: 0.000001
8: 0.941121
9: 0.002427


Expected: 3
000000000000000000000000000000
000000000000000000000000000000
000000000000000000000000000000
000000000000000000000000000000
000000000000000000000000000000
000000000110000000000000000000
000000011111100000000000000000
000000111111110000000000000000
000000011100111100000000000000
000000111000011110000000000000
000000110000001111000000000000
000000110000000111000000000000
000000110001000111000000000000
000000010011111111100000000000
000000000011111111111000000000
000000000001111111111110000000
000000000000000000011111000000
000000000000000000000111100000
000000000011000000000011100000
000000000011100000000001110000
000000000001100000000001110000
000000000001111000000111110000
000000000000111111111111100000
000000000000001111111110000000
000000000000000001000000000000
000000000000000000000000000000
000000000000000000000000000000
000000000000000000000000000000
000000000000000000000000000000
000000000000000000000000000000
Prediction:
0: 0.000009
1: 0.000000
2: 0.000262
3: 0.055401
4: 0.000011
5: 0.000766
6: 0.000001
7: 0.000001
8: 0.941121
9: 0.002427


Expected: 3
000000000000000000000000000000
000000000000000000000000000000
000000000000000000000000000000
000000000000000000000000000000
000000000000000000000000000000
000000000110000000000000000000
000000011111100000000000000000
000000111111110000000000000000
000000011100111100000000000000
000000111000011110000000000000
000000110000001111000000000000
000000110000000111000000000000
000000110001000111000000000000
000000010011111111100000000000
000000000011111111111000000000
000000000001111111111110000000
000000000000000000011111000000
000000000000000000000111100000
000000000011000000000011100000
000000000011100000000001110000
000000000001100000000001110000
000000000001111000000111110000
000000000000111111111111100000
000000000000001111111110000000
000000000000000001000000000000
000000000000000000000000000000
000000000000000000000000000000
000000000000000000000000000000
000000000000000000000000000000
000000000000000000000000000000
Prediction:
0: 0.000009
1: 0.000000
2: 0.000262
3: 0.055401
4: 0.000011
5: 0.000766
6: 0.000001
7: 0.000001
8: 0.941121
9: 0.002427


Expected: 3
000000000000000000000000000000
000000000000000000000000000000
000000000000000000000000000000
000000000000000000000000000000
000000000000000000000000000000
000000000110000000000000000000
000000011111100000000000000000
000000111111110000000000000000
000000011100111100000000000000
000000111000011110000000000000
000000110000001111000000000000
000000110000000111000000000000
000000110001000111000000000000
000000010011111111100000000000
000000000011111111111000000000
000000000001111111111110000000
000000000000000000011111000000
000000000000000000000111100000
000000000011000000000011100000
000000000011100000000001110000
000000000001100000000001110000
000000000001111000000111110000
000000000000111111111111100000
000000000000001111111110000000
000000000000000001000000000000
000000000000000000000000000000
000000000000000000000000000000
000000000000000000000000000000
000000000000000000000000000000
000000000000000000000000000000
Prediction:
0: 0.000009
1: 0.000000
2: 0.000262
3: 0.055401
4: 0.000011
5: 0.000766
6: 0.000001
7: 0.000001
8: 0.941121
9: 0.002427


Expected: 3
000000000000000000000000000000
000000000000000000000000000000
000000000000000000000000000000
000000000000000000000000000000
000000000000000000000000000000
000000000110000000000000000000
000000011111100000000000000000
000000111111110000000000000000
000000011100111100000000000000
000000111000011110000000000000
000000110000001111000000000000
000000110000000111000000000000
000000110001000111000000000000
000000010011111111100000000000
000000000011111111111000000000
000000000001111111111110000000
000000000000000000011111000000
000000000000000000000111100000
000000000011000000000011100000
000000000011100000000001110000
000000000001100000000001110000
000000000001111000000111110000
000000000000111111111111100000
000000000000001111111110000000
000000000000000001000000000000
000000000000000000000000000000
000000000000000000000000000000
000000000000000000000000000000
000000000000000000000000000000
000000000000000000000000000000
Prediction:
0: 0.000009
1: 0.000000
2: 0.000262
3: 0.055401
4: 0.000011
5: 0.000766
6: 0.000001
7: 0.000001
8: 0.941121
9: 0.002427


Expected: 3
000000000000000000000000000000
000000000000000000000000000000
000000000000000000000000000000
000000000000000000000000000000
000000000000000000000000000000
000000000110000000000000000000
000000011111100000000000000000
000000111111110000000000000000
000000011100111100000000000000
000000111000011110000000000000
000000110000001111000000000000
000000110000000111000000000000
000000110001000111000000000000
000000010011111111100000000000
000000000011111111111000000000
000000000001111111111110000000
000000000000000000011111000000
000000000000000000000111100000
000000000011000000000011100000
000000000011100000000001110000
000000000001100000000001110000
000000000001111000000111110000
000000000000111111111111100000
000000000000001111111110000000
000000000000000001000000000000
000000000000000000000000000000
000000000000000000000000000000
000000000000000000000000000000
000000000000000000000000000000
000000000000000000000000000000
Prediction:
0: 0.000009
1: 0.000000
2: 0.000262
3: 0.055401
4: 0.000011
5: 0.000766
6: 0.000001
7: 0.000001
8: 0.941121
9: 0.002427


Expected: 3
000000000000000000000000000000
000000000000000000000000000000
000000000000000000000000000000
000000000000000000000000000000
000000000000000000000000000000
000000000110000000000000000000
000000011111100000000000000000
000000111111110000000000000000
000000011100111100000000000000
000000111000011110000000000000
000000110000001111000000000000
000000110000000111000000000000
000000110001000111000000000000
000000010011111111100000000000
000000000011111111111000000000
000000000001111111111110000000
000000000000000000011111000000
000000000000000000000111100000
000000000011000000000011100000
000000000011100000000001110000
000000000001100000000001110000
000000000001111000000111110000
000000000000111111111111100000
000000000000001111111110000000
000000000000000001000000000000
000000000000000000000000000000
000000000000000000000000000000
000000000000000000000000000000
000000000000000000000000000000
000000000000000000000000000000
Prediction:
0: 0.000009
1: 0.000000
2: 0.000262
3: 0.055401
4: 0.000011
5: 0.000766
6: 0.000001
7: 0.000001
8: 0.941121
9: 0.002427


Expected: 3
000000000000000000000000000000
000000000000000000000000000000
000000000000000000000000000000
000000000000000000000000000000
000000000000000000000000000000
000000000110000000000000000000
000000011111100000000000000000
000000111111110000000000000000
000000011100111100000000000000
000000111000011110000000000000
000000110000001111000000000000
000000110000000111000000000000
000000110001000111000000000000
000000010011111111100000000000
000000000011111111111000000000
000000000001111111111110000000
000000000000000000011111000000
000000000000000000000111100000
000000000011000000000011100000
000000000011100000000001110000
000000000001100000000001110000
000000000001111000000111110000
000000000000111111111111100000
000000000000001111111110000000
000000000000000001000000000000
000000000000000000000000000000
000000000000000000000000000000
000000000000000000000000000000
000000000000000000000000000000
000000000000000000000000000000
Prediction:
0: 0.000009
1: 0.000000
2: 0.000262
3: 0.055401
4: 0.000011
5: 0.000766
6: 0.000001
7: 0.000001
8: 0.941121
9: 0.002427

Run time: 46179 ms
Total predictions: 10000
Correct predictions: 99.60 %
Average latency: 4.562060 (ms)
INFO [HLS SIM]: The maximum depth reached by any hls::stream() instance in the design is 784
INFO: [SIM 1] CSim done with 0 errors.
INFO: [SIM 3] *************** CSIM finish ***************
